"C:/Users/076271/Documents/Unreal Projects/Jump/Jump.uproject" 1
"../../../Engine/Plugins/2D/Paper2D/Paper2D.uplugin" 2
"../../../Engine/Plugins/Developer/BlankPlugin/BlankPlugin.uplugin" 3
"../../../Engine/Plugins/Developer/GitSourceControl/GitSourceControl.uplugin" 4
"../../../Engine/Plugins/Developer/KDevelopSourceCodeAccess/KDevelopSourceCodeAccess.uplugin" 5
"../../../Engine/Plugins/Developer/PerforceSourceControl/PerforceSourceControl.uplugin" 6
"../../../Engine/Plugins/Developer/SubversionSourceControl/SubversionSourceControl.uplugin" 7
"../../../Engine/Plugins/Developer/UObjectPlugin/UObjectPlugin.uplugin" 8
"../../../Engine/Plugins/Developer/VisualStudioSourceCodeAccess/VisualStudioSourceCodeAccess.uplugin" 9
"../../../Engine/Plugins/Developer/XCodeSourceCodeAccess/XCodeSourceCodeAccess.uplugin" 10
"../../../Engine/Plugins/Editor/EpicSurvey/EpicSurvey.uplugin" 11
"../../../Engine/Plugins/Editor/MacGraphicsSwitching/MacGraphicsSwitching.uplugin" 12
"../../../Engine/Plugins/Editor/PluginsEditor/PluginsEditor.uplugin" 13
"../../../Engine/Plugins/Editor/SpeedTreeImporter/SpeedTreeImporter.uplugin" 14
"../../../Engine/Plugins/Experimental/BlueprintStats/BlueprintStats.uplugin" 15
"../../../Engine/Plugins/Experimental/CharacterAI/CharacterAI.uplugin" 16
"../../../Engine/Plugins/Experimental/CodeView/CodeView.uplugin" 17
"../../../Engine/Plugins/Experimental/LiveEditor/LiveEditor.uplugin" 18
"../../../Engine/Plugins/Experimental/Phya/Phya.uplugin" 19
"../../../Engine/Plugins/Experimental/SimpleHMD/SimpleHMD.uplugin" 20
"../../../Engine/Plugins/Experimental/SteamVR/SteamVR.uplugin" 21
"../../../Engine/Plugins/Media/AndroidMedia/AndroidMedia.uplugin" 22
"../../../Engine/Plugins/Media/AvfMedia/AvfMedia.uplugin" 23
"../../../Engine/Plugins/Media/MediaPlayerEditor/MediaPlayerEditor.uplugin" 24
"../../../Engine/Plugins/Media/WmfMedia/WmfMedia.uplugin" 25
"../../../Engine/Plugins/Messaging/MessagingDebugger/MessagingDebugger.uplugin" 26
"../../../Engine/Plugins/Messaging/ShmMessaging/ShmMessaging.uplugin" 27
"../../../Engine/Plugins/Messaging/UdpMessaging/UdpMessaging.uplugin" 28
"../../../Engine/Plugins/Runtime/Advertising/IOSTapJoy/IOSTapJoy.uplugin" 29
"../../../Engine/Plugins/Runtime/Analytics/AnalyticsBlueprintLibrary/AnalyticsBlueprintLibrary.uplugin" 30
"../../../Engine/Plugins/Runtime/Analytics/Apsalar/IOSApsalar/IOSApsalar.uplugin" 31
"../../../Engine/Plugins/Runtime/Analytics/FileLogging/FileLogging.uplugin" 32
"../../../Engine/Plugins/Runtime/AndroidDeviceProfileSelector/AndroidDeviceProfileSelector.uplugin" 33
"../../../Engine/Plugins/Runtime/AndroidMoviePlayer/AndroidMoviePlayer.uplugin" 34
"../../../Engine/Plugins/Runtime/AppleMoviePlayer/AppleMoviePlayer.uplugin" 35
"../../../Engine/Plugins/Runtime/CableComponent/CableComponent.uplugin" 36
"../../../Engine/Plugins/Runtime/CustomMeshComponent/CustomMeshComponent.uplugin" 37
"../../../Engine/Plugins/Runtime/ExampleDeviceProfileSelector/ExampleDeviceProfileSelector.uplugin" 38
"../../../Engine/Plugins/Runtime/GearVR/GearVR.uplugin" 39
"../../../Engine/Plugins/Runtime/IOSDeviceProfileSelector/IOSDeviceProfileSelector.uplugin" 40
"../../../Engine/Plugins/Runtime/LiveEditorListenServer/LiveEditorListenServer.uplugin" 41
"../../../Engine/Plugins/Runtime/OculusRift/OculusRift.uplugin" 42
"../../../Engine/Plugins/Runtime/SoundMod/SoundMod.uplugin" 43
"../../../Engine/Plugins/Runtime/SoundVisualizations/SoundVisualizations.uplugin" 44
"../../../Engine/Plugins/Runtime/TwitchLiveStreaming/TwitchLiveStreaming.uplugin" 45
"../../../Engine/Plugins/Runtime/WindowsDeviceProfileSelector/WindowsDeviceProfileSelector.uplugin" 46
"../../../Engine/Plugins/Runtime/WindowsMoviePlayer/WindowsMoviePlayer.uplugin" 47
"../../../Engine/Plugins/ScriptGeneratorPlugin/ScriptGeneratorPlugin.uplugin" 48
"../../../Engine/Plugins/ScriptPlugin/ScriptPlugin.uplugin" 49
"../../../Engine/Plugins/Slate/SlateRemote/SlateRemote.uplugin" 50
"..\..\..\Engine\Content\Internationalization\icudt53l\cnvalias.icu" 51
"..\..\..\Engine\Content\Internationalization\icudt53l\en_US_POSIX.res" 52
"..\..\..\Engine\Content\Internationalization\icudt53l\pool.res" 53
"..\..\..\Engine\Content\Internationalization\icudt53l\en_US.res" 54
"..\..\..\Engine\Content\Internationalization\icudt53l\en.res" 55
"..\..\..\Engine\Content\Internationalization\icudt53l\root.res" 56
"..\..\..\Engine\Content\Internationalization\icudt53l\coll\ucadata.icu" 57
"..\..\..\Engine\Content\Internationalization\icudt53l\nfc.nrm" 58
"..\..\..\Engine\Content\Internationalization\icudt53l\coll\en_US_POSIX.res" 59
"..\..\..\Engine\Content\Internationalization\icudt53l\coll\en_US.res" 60
"..\..\..\Engine\Content\Internationalization\icudt53l\coll\en.res" 61
"..\..\..\Engine\Content\Internationalization\icudt53l\coll\root.res" 62
"..\..\..\Engine\Content\Internationalization\icudt53l\numberingSystems.res" 63
"..\..\..\Engine\Content\Internationalization\icudt53l\curr\supplementalData.res" 64
"..\..\..\Engine\Content\Internationalization\icudt53l\curr\pool.res" 65
"..\..\..\Engine\Content\Internationalization\icudt53l\curr\en.res" 66
"..\..\..\Engine\Content\Internationalization\icudt53l\curr\root.res" 67
"..\..\..\Engine\Content\Internationalization\icudt53l\en_AU.res" 68
"..\..\..\Engine\Content\Internationalization\icudt53l\en_GB.res" 69
"..\..\..\Engine\Content\Internationalization\icudt53l\en_001.res" 70
"..\..\..\Engine\Content\Internationalization\icudt53l\plurals.res" 71
"..\..\..\Engine\Content\Internationalization\icudt53l\windowsZones.res" 72
"..\..\..\Engine\Content\Internationalization\icudt53l\zoneinfo64.res" 73
"..\..\..\Engine\Content\Internationalization\icudt53l\keyTypeData.res" 74
"..\..\..\Engine\Content\Internationalization\icudt53l\timezoneTypes.res" 75
"..\..\..\Engine\Content\Internationalization\icudt53l\supplementalData.res" 76
"..\..\..\Engine\Content\Internationalization\icudt53l\likelySubtags.res" 77
"..\..\..\Engine\Content\Internationalization\icudt53l\curr\en_AU.res" 78
"..\..\..\Engine\Content\Internationalization\icudt53l\curr\en_GB.res" 79
"..\..\..\Engine\Content\Internationalization\icudt53l\curr\en_001.res" 80
"../../../Engine/Config/Base.ini" 81
"../../../Engine/Config/BaseEngine.ini" 82
"../../../../../../Users/076271/Documents/Unreal Projects/Jump/Config/DefaultEngine.ini" 83
"../../../Engine/Config/Windows/WindowsEngine.ini" 84
"C:/Users/076271/Documents/Unreal Projects/Jump/Saved/Config/Windows/Engine.ini" 85
"../../../../../../Users/076271/Documents/Unreal Projects/Jump/Intermediate/Config/CoalescedSourceConfigs/Engine.ini" 86
"../../../Engine/Config/BaseGame.ini" 87
"../../../../../../Users/076271/Documents/Unreal Projects/Jump/Config/DefaultGame.ini" 88
"C:/Users/076271/Documents/Unreal Projects/Jump/Saved/Config/Windows/Game.ini" 89
"../../../../../../Users/076271/Documents/Unreal Projects/Jump/Intermediate/Config/CoalescedSourceConfigs/Game.ini" 90
"../../../Engine/Config/BaseInput.ini" 91
"../../../../../../Users/076271/Documents/Unreal Projects/Jump/Config/DefaultInput.ini" 92
"C:/Users/076271/Documents/Unreal Projects/Jump/Saved/Config/Windows/Input.ini" 93
"../../../../../../Users/076271/Documents/Unreal Projects/Jump/Intermediate/Config/CoalescedSourceConfigs/Input.ini" 94
"../../../Engine/Config/BaseEditor.ini" 95
"../../../../../../Users/076271/Documents/Unreal Projects/Jump/Config/DefaultEditor.ini" 96
"C:/Users/076271/Documents/Unreal Projects/Jump/Saved/Config/Windows/Editor.ini" 97
"../../../../../../Users/076271/Documents/Unreal Projects/Jump/Intermediate/Config/CoalescedSourceConfigs/Editor.ini" 98
"../../../Engine/Config/BaseEditorLayout.ini" 99
"C:/Users/076271/Documents/Unreal Projects/Jump/Saved/Config/Windows/EditorLayout.ini" 100
"../../../../../../Users/076271/Documents/Unreal Projects/Jump/Intermediate/Config/CoalescedSourceConfigs/EditorLayout.ini" 101
"../../../Engine/Config/BaseEditorUserSettings.ini" 102
"../../../../../../Users/076271/Documents/Unreal Projects/Jump/Config/DefaultEditorUserSettings.ini" 103
"C:/Users/076271/Documents/Unreal Projects/Jump/Saved/Config/Windows/EditorUserSettings.ini" 104
"../../../../../../Users/076271/Documents/Unreal Projects/Jump/Intermediate/Config/CoalescedSourceConfigs/EditorUserSettings.ini" 105
"../../../Engine/Config/BaseEditorKeyBindings.ini" 106
"C:/Users/076271/Documents/Unreal Projects/Jump/Saved/Config/Windows/EditorKeyBindings.ini" 107
"../../../../../../Users/076271/Documents/Unreal Projects/Jump/Intermediate/Config/CoalescedSourceConfigs/EditorKeyBindings.ini" 108
"../../../Engine/Config/BaseCompat.ini" 109
"C:/Users/076271/Documents/Unreal Projects/Jump/Saved/Config/Windows/Compat.ini" 110
"../../../../../../Users/076271/Documents/Unreal Projects/Jump/Intermediate/Config/CoalescedSourceConfigs/Compat.ini" 111
"../../../Engine/Config/BaseLightmass.ini" 112
"C:/Users/076271/Documents/Unreal Projects/Jump/Saved/Config/Windows/Lightmass.ini" 113
"../../../../../../Users/076271/Documents/Unreal Projects/Jump/Intermediate/Config/CoalescedSourceConfigs/Lightmass.ini" 114
"../../../Engine/Config/BaseScalability.ini" 115
"C:/Users/076271/Documents/Unreal Projects/Jump/Saved/Config/Windows/Scalability.ini" 116
"../../../../../../Users/076271/Documents/Unreal Projects/Jump/Intermediate/Config/CoalescedSourceConfigs/Scalability.ini" 117
"C:/Users/076271/Documents/Unreal Projects/Jump/Saved/Config/Windows/GameUserSettings.ini" 118
"../../../../../../Users/076271/Documents/Unreal Projects/Jump/Intermediate/Config/CoalescedSourceConfigs/GameUserSettings.ini" 119
"../../../Engine/Config/BaseDeviceProfiles.ini" 120
"C:/Users/076271/Documents/Unreal Projects/Jump/Saved/Config/Windows/DeviceProfiles.ini" 121
"../../../../../../Users/076271/Documents/Unreal Projects/Jump/Intermediate/Config/CoalescedSourceConfigs/DeviceProfiles.ini" 122
"../../../Engine/Config/ConsoleVariables.ini" 123
"..\..\..\Engine\Content\Internationalization\icudt53l\es.res" 124
"..\..\..\Engine\Content\Internationalization\icudt53l\coll\es.res" 125
"..\..\..\Engine\Content\Internationalization\icudt53l\curr\es.res" 126
"..\..\..\Engine\Content\Internationalization\icudt53l\es_ES.res" 127
"..\..\..\Engine\Content\Internationalization\icudt53l\ja.res" 128
"..\..\..\Engine\Content\Internationalization\icudt53l\coll\ja.res" 129
"..\..\..\Engine\Content\Internationalization\icudt53l\curr\ja.res" 130
"..\..\..\Engine\Content\Internationalization\icudt53l\ja_JP.res" 131
"..\..\..\Engine\Content\Internationalization\icudt53l\ko.res" 132
"..\..\..\Engine\Content\Internationalization\icudt53l\coll\ko.res" 133
"..\..\..\Engine\Content\Internationalization\icudt53l\curr\ko.res" 134
"..\..\..\Engine\Content\Internationalization\icudt53l\ko_KR.res" 135
"..\..\..\Engine\Content\Internationalization\icudt53l\pt_BR.res" 136
"..\..\..\Engine\Content\Internationalization\icudt53l\pt.res" 137
"..\..\..\Engine\Content\Internationalization\icudt53l\coll\pt.res" 138
"..\..\..\Engine\Content\Internationalization\icudt53l\curr\pt.res" 139
"..\..\..\Engine\Content\Internationalization\icudt53l\zh_CN.res" 140
"..\..\..\Engine\Content\Internationalization\icudt53l\zh_Hans_CN.res" 141
"..\..\..\Engine\Content\Internationalization\icudt53l\zh_Hans.res" 142
"..\..\..\Engine\Content\Internationalization\icudt53l\zh.res" 143
"..\..\..\Engine\Content\Internationalization\icudt53l\coll\zh_CN.res" 144
"..\..\..\Engine\Content\Internationalization\icudt53l\coll\zh_Hans_CN.res" 145
"..\..\..\Engine\Content\Internationalization\icudt53l\coll\zh_Hans.res" 146
"..\..\..\Engine\Content\Internationalization\icudt53l\coll\zh.res" 147
"..\..\..\Engine\Content\Internationalization\icudt53l\curr\zh_CN.res" 148
"..\..\..\Engine\Content\Internationalization\icudt53l\curr\zh_Hans_CN.res" 149
"..\..\..\Engine\Content\Internationalization\icudt53l\curr\zh_Hans.res" 150
"..\..\..\Engine\Content\Internationalization\icudt53l\curr\zh.res" 151
"C:/Program Files/Epic Games/4.7/Engine/Content/Localization/Editor/en/Editor.locres" 152
"C:/Program Files/Epic Games/4.7/Engine/Content/Localization/EditorTutorials/en/EditorTutorials.locres" 153
"C:/Program Files/Epic Games/4.7/Engine/Content/Localization/Engine/en/Engine.locres" 154
"../../../Engine/Content/Slate/Fonts/Roboto-Regular.ttf" 155
"../../../Engine/Content/Slate/Fonts/DroidSansMono.ttf" 156
"../../../Engine/Content/Slate/Fonts/Roboto-Bold.ttf" 157
"../../../Engine/Content/Slate/Fonts/Roboto-Light.ttf" 158
"C:/Program Files/Epic Games/4.7/Engine/Binaries/Win64/../../../Engine/Shaders/ParticleSpriteVertexFactory.usf" 159
"C:/Program Files/Epic Games/4.7/Engine/Binaries/Win64/../../../Engine/Shaders/VertexFactoryCommon.usf" 160
"C:/Program Files/Epic Games/4.7/Engine/Binaries/Win64/../../../Engine/Shaders/Common.usf" 161
"C:/Program Files/Epic Games/4.7/Engine/Binaries/Win64/../../../Engine/Shaders/MetalCommon.usf" 162
"C:/Program Files/Epic Games/4.7/Engine/Binaries/Win64/../../../Engine/Shaders/ShaderVersion.usf" 163
"C:/Program Files/Epic Games/4.7/Engine/Binaries/Win64/../../../Engine/Shaders/Definitions.usf" 164
"C:/Program Files/Epic Games/4.7/Engine/Binaries/Win64/../../../Engine/Shaders/Random.usf" 165
"C:/Program Files/Epic Games/4.7/Engine/Binaries/Win64/../../../Engine/Shaders/ParticleVertexFactoryCommon.usf" 166
"C:/Program Files/Epic Games/4.7/Engine/Binaries/Win64/../../../Engine/Shaders/ParticleGPUSpriteVertexFactory.usf" 167
"C:/Program Files/Epic Games/4.7/Engine/Binaries/Win64/../../../Engine/Shaders/ParticleBeamTrailVertexFactory.usf" 168
"C:/Program Files/Epic Games/4.7/Engine/Binaries/Win64/../../../Engine/Shaders/VectorFieldVisualizationVertexFactory.usf" 169
"C:/Program Files/Epic Games/4.7/Engine/Binaries/Win64/../../../Engine/Shaders/LocalVertexFactory.usf" 170
"C:/Program Files/Epic Games/4.7/Engine/Binaries/Win64/../../../Engine/Shaders/LocalVertexFactoryCommon.usf" 171
"C:/Program Files/Epic Games/4.7/Engine/Binaries/Win64/../../../Engine/Shaders/MeshParticleVertexFactory.usf" 172
"C:/Program Files/Epic Games/4.7/Engine/Binaries/Win64/../../../Engine/Shaders/GpuSkinVertexFactory.usf" 173
"C:/Program Files/Epic Games/4.7/Engine/Binaries/Win64/../../../Engine/Shaders/GpuSkinCacheCommon.usf" 174
"C:/Program Files/Epic Games/4.7/Engine/Binaries/Win64/../../../Engine/Shaders/LandscapeVertexFactory.usf" 175
"C:/Program Files/Epic Games/4.7/Engine/Binaries/Win64/../../../Engine/Shaders/SlateElementPixelShader.usf" 176
"C:/Program Files/Epic Games/4.7/Engine/Binaries/Win64/../../../Engine/Shaders/MaterialTemplate.usf" 177
"C:/Program Files/Epic Games/4.7/Engine/Binaries/Win64/../../../Engine/Shaders/DepthOfFieldCommon.usf" 178
"C:/Program Files/Epic Games/4.7/Engine/Binaries/Win64/../../../Engine/Shaders/SpeedTreeCommon.usf" 179
"C:/Program Files/Epic Games/4.7/Engine/Binaries/Win64/../../../Engine/Shaders/AtmosphereCommon.usf" 180
"C:/Program Files/Epic Games/4.7/Engine/Binaries/Win64/../../../Engine/Shaders/PostProcessCommon.usf" 181
"C:/Program Files/Epic Games/4.7/Engine/Binaries/Win64/../../../Engine/Shaders/DeferredShadingCommon.usf" 182
"C:/Program Files/Epic Games/4.7/Engine/Binaries/Win64/../../../Engine/Shaders/LightAccumulator.usf" 183
"C:/Program Files/Epic Games/4.7/Engine/Binaries/Win64/../../../Engine/Shaders/SlateVertexShader.usf" 184
"C:/Program Files/Epic Games/4.7/Engine/Binaries/Win64/../../../Engine/Shaders/OneColorShader.usf" 185
"C:/Program Files/Epic Games/4.7/Engine/Binaries/Win64/../../../Engine/Shaders/ResolveVertexShader.usf" 186
"C:/Program Files/Epic Games/4.7/Engine/Binaries/Win64/../../../Engine/Shaders/ResolvePixelShader.usf" 187
"C:/Program Files/Epic Games/4.7/Engine/Binaries/Win64/../../../Engine/Shaders/VisualizeTexture.usf" 188
"C:/Program Files/Epic Games/4.7/Engine/Binaries/Win64/../../../Engine/Shaders/ScreenSpaceReflections.usf" 189
"C:/Program Files/Epic Games/4.7/Engine/Binaries/Win64/../../../Engine/Shaders/BRDF.usf" 190
"C:/Program Files/Epic Games/4.7/Engine/Binaries/Win64/../../../Engine/Shaders/MonteCarlo.usf" 191
"C:/Program Files/Epic Games/4.7/Engine/Binaries/Win64/../../../Engine/Shaders/FilterVertexShader.usf" 192
"C:/Program Files/Epic Games/4.7/Engine/Binaries/Win64/../../../Engine/Shaders/FilterPixelShader.usf" 193
"C:/Program Files/Epic Games/4.7/Engine/Binaries/Win64/../../../Engine/Shaders/PostProcessVisualizeHDR.usf" 194
"C:/Program Files/Epic Games/4.7/Engine/Binaries/Win64/../../../Engine/Shaders/PostProcessHistogramCommon.usf" 195
"C:/Program Files/Epic Games/4.7/Engine/Binaries/Win64/../../../Engine/Shaders/TonemapCommon.usf" 196
"C:/Program Files/Epic Games/4.7/Engine/Binaries/Win64/../../../Engine/Shaders/MiniFontCommon.usf" 197
"C:/Program Files/Epic Games/4.7/Engine/Binaries/Win64/../../../Engine/Shaders/PostProcessVisualizeBuffer.usf" 198
"C:/Program Files/Epic Games/4.7/Engine/Binaries/Win64/../../../Engine/Shaders/PostProcessUpscale.usf" 199
"C:/Program Files/Epic Games/4.7/Engine/Binaries/Win64/../../../Engine/Shaders/PostProcessTonemap.usf" 200
"C:/Program Files/Epic Games/4.7/Engine/Binaries/Win64/../../../Engine/Shaders/PostProcessTestImage.usf" 201
"C:/Program Files/Epic Games/4.7/Engine/Binaries/Win64/../../../Engine/Shaders/PostProcessTemporalAA.usf" 202
"C:/Program Files/Epic Games/4.7/Engine/Binaries/Win64/../../../Engine/Shaders/PostProcessTemporalCommon.usf" 203
"C:/Program Files/Epic Games/4.7/Engine/Binaries/Win64/../../../Engine/Shaders/PostProcessSubsurface.usf" 204
"C:/Program Files/Epic Games/4.7/Engine/Binaries/Win64/../../../Engine/Shaders/SeparableSSS.usf" 205
"C:/Program Files/Epic Games/4.7/Engine/Binaries/Win64/../../../Engine/Shaders/PostProcessSelectionOutline.usf" 206
"C:/Program Files/Epic Games/4.7/Engine/Binaries/Win64/../../../Engine/Shaders/PostProcessSceneColorFringe.usf" 207
"C:/Program Files/Epic Games/4.7/Engine/Binaries/Win64/../../../Engine/Shaders/PostProcessNoiseBlur.usf" 208
"C:/Program Files/Epic Games/4.7/Engine/Binaries/Win64/../../../Engine/Shaders/PostProcessMotionBlur.usf" 209
"C:/Program Files/Epic Games/4.7/Engine/Binaries/Win64/../../../Engine/Shaders/PostProcessMobile.usf" 210
"C:/Program Files/Epic Games/4.7/Engine/Binaries/Win64/../../../Engine/Shaders/PostProcessMaterialShaders.usf" 211
"C:/Program Files/Epic Games/4.7/Engine/Binaries/Win64/../../../Engine/Shaders/PostProcessLensFlares.usf" 212
"C:/Program Files/Epic Games/4.7/Engine/Binaries/Win64/../../../Engine/Shaders/PostProcessLensBlur.usf" 213
"C:/Program Files/Epic Games/4.7/Engine/Binaries/Win64/../../../Engine/Shaders/PostProcessBloom.usf" 214
"C:/Program Files/Epic Games/4.7/Engine/Binaries/Win64/../../../Engine/Shaders/PostProcessHMD.usf" 215
"C:/Program Files/Epic Games/4.7/Engine/Binaries/Win64/../../../Engine/Shaders/PostProcessHistogramReduce.usf" 216
"C:/Program Files/Epic Games/4.7/Engine/Binaries/Win64/../../../Engine/Shaders/PostProcessHistogram.usf" 217
"C:/Program Files/Epic Games/4.7/Engine/Binaries/Win64/../../../Engine/Shaders/PostProcessGBufferHints.usf" 218
"C:/Program Files/Epic Games/4.7/Engine/Binaries/Win64/../../../Engine/Shaders/PostProcessEyeAdaptation.usf" 219
"C:/Program Files/Epic Games/4.7/Engine/Binaries/Win64/../../../Engine/Shaders/PostProcessDownsample.usf" 220
"C:/Program Files/Epic Games/4.7/Engine/Binaries/Win64/../../../Engine/Shaders/PostProcessDOF.usf" 221
"C:/Program Files/Epic Games/4.7/Engine/Binaries/Win64/../../../Engine/Shaders/PostProcessCompositeEditorPrimitives.usf" 222
"C:/Program Files/Epic Games/4.7/Engine/Binaries/Win64/../../../Engine/Shaders/PostProcessCombineLUTs.usf" 223
"C:/Program Files/Epic Games/4.7/Engine/Binaries/Win64/../../../Engine/Shaders/PostProcessBusyWait.usf" 224
"C:/Program Files/Epic Games/4.7/Engine/Binaries/Win64/../../../Engine/Shaders/PostProcessBokehDOF.usf" 225
"C:/Program Files/Epic Games/4.7/Engine/Binaries/Win64/../../../Engine/Shaders/FXAAShader.usf" 226
"C:/Program Files/Epic Games/4.7/Engine/Binaries/Win64/../../../Engine/Shaders/Fxaa3_11.usf" 227
"C:/Program Files/Epic Games/4.7/Engine/Binaries/Win64/../../../Engine/Shaders/PostProcessPassThrough.usf" 228
"C:/Program Files/Epic Games/4.7/Engine/Binaries/Win64/../../../Engine/Shaders/PostProcessLpvIndirect.usf" 229
"C:/Program Files/Epic Games/4.7/Engine/Binaries/Win64/../../../Engine/Shaders/DeferredLightingCommon.usf" 230
"C:/Program Files/Epic Games/4.7/Engine/Binaries/Win64/../../../Engine/Shaders/DynamicLightingCommon.usf" 231
"C:/Program Files/Epic Games/4.7/Engine/Binaries/Win64/../../../Engine/Shaders/IESLightProfilesCommon.usf" 232
"C:/Program Files/Epic Games/4.7/Engine/Binaries/Win64/../../../Engine/Shaders/LPVFinalPass.usf" 233
"C:/Program Files/Epic Games/4.7/Engine/Binaries/Win64/../../../Engine/Shaders/LPVCommon.usf" 234
"C:/Program Files/Epic Games/4.7/Engine/Binaries/Win64/../../../Engine/Shaders/DeferredDecal.usf" 235
"C:/Program Files/Epic Games/4.7/Engine/Binaries/Win64/../../../Engine/Shaders/PostProcessAmbientOcclusion.usf" 236
"C:/Program Files/Epic Games/4.7/Engine/Binaries/Win64/../../../Engine/Shaders/PostProcessAmbient.usf" 237
"C:/Program Files/Epic Games/4.7/Engine/Binaries/Win64/../../../Engine/Shaders/CubemapCommon.usf" 238
"C:/Program Files/Epic Games/4.7/Engine/Binaries/Win64/../../../Engine/Shaders/VelocityShader.usf" 239
"C:/Program Files/Epic Games/4.7/Engine/Binaries/Win64/../../../Engine/Shaders/Tessellation.usf" 240
"C:/Program Files/Epic Games/4.7/Engine/Binaries/Win64/../../../Engine/Shaders/FlatTessellation.usf" 241
"C:/Program Files/Epic Games/4.7/Engine/Binaries/Win64/../../../Engine/Shaders/PNTriangles.usf" 242
"C:/Program Files/Epic Games/4.7/Engine/Binaries/Win64/../../../Engine/Shaders/TranslucentLightingShaders.usf" 243
"C:/Program Files/Epic Games/4.7/Engine/Binaries/Win64/../../../Engine/Shaders/SHCommon.usf" 244
"C:/Program Files/Epic Games/4.7/Engine/Binaries/Win64/../../../Engine/Shaders/ShadowProjectionCommon.usf" 245
"C:/Program Files/Epic Games/4.7/Engine/Binaries/Win64/../../../Engine/Shaders/TranslucentLightInjectionShaders.usf" 246
"C:/Program Files/Epic Games/4.7/Engine/Binaries/Win64/../../../Engine/Shaders/LightFunctionCommon.usf" 247
"C:/Program Files/Epic Games/4.7/Engine/Binaries/Win64/../../../Engine/Shaders/TranslucentShadowDepthShaders.usf" 248
"C:/Program Files/Epic Games/4.7/Engine/Binaries/Win64/../../../Engine/Shaders/ShadowDepthCommon.usf" 249
"C:/Program Files/Epic Games/4.7/Engine/Binaries/Win64/../../../Engine/Shaders/TiledDeferredLightShaders.usf" 250
"C:/Program Files/Epic Games/4.7/Engine/Binaries/Win64/../../../Engine/Shaders/ShadowProjectionPixelShader.usf" 251
"C:/Program Files/Epic Games/4.7/Engine/Binaries/Win64/../../../Engine/Shaders/ShadowFilteringCommon.usf" 252
"C:/Program Files/Epic Games/4.7/Engine/Binaries/Win64/../../../Engine/Shaders/ShadowProjectionVertexShader.usf" 253
"C:/Program Files/Epic Games/4.7/Engine/Binaries/Win64/../../../Engine/Shaders/ShadowDepthPixelShader.usf" 254
"C:/Program Files/Epic Games/4.7/Engine/Binaries/Win64/../../../Engine/Shaders/LPVWriteVplCommon.usf" 255
"C:/Program Files/Epic Games/4.7/Engine/Binaries/Win64/../../../Engine/Shaders/LPVWriteCommon.usf" 256
"C:/Program Files/Epic Games/4.7/Engine/Binaries/Win64/../../../Engine/Shaders/ShadowDepthVertexShader.usf" 257
"C:/Program Files/Epic Games/4.7/Engine/Binaries/Win64/../../../Engine/Shaders/ShaderComplexityApplyPixelShader.usf" 258
"C:/Program Files/Epic Games/4.7/Engine/Binaries/Win64/../../../Engine/Shaders/ShaderComplexityApplyVertexShader.usf" 259
"C:/Program Files/Epic Games/4.7/Engine/Binaries/Win64/../../../Engine/Shaders/ShaderComplexityAccumulatePixelShader.usf" 260
"C:/Program Files/Epic Games/4.7/Engine/Binaries/Win64/../../../Engine/Shaders/HZBOcclusion.usf" 261
"C:/Program Files/Epic Games/4.7/Engine/Binaries/Win64/../../../Engine/Shaders/OcclusionQueryVertexShader.usf" 262
"C:/Program Files/Epic Games/4.7/Engine/Binaries/Win64/../../../Engine/Shaders/HitProxyPixelShader.usf" 263
"C:/Program Files/Epic Games/4.7/Engine/Binaries/Win64/../../../Engine/Shaders/HitProxyVertexShader.usf" 264
"C:/Program Files/Epic Games/4.7/Engine/Binaries/Win64/../../../Engine/Shaders/ReflectionEnvironmentShaders.usf" 265
"C:/Program Files/Epic Games/4.7/Engine/Binaries/Win64/../../../Engine/Shaders/ReflectionEnvironmentShared.usf" 266
"C:/Program Files/Epic Games/4.7/Engine/Binaries/Win64/../../../Engine/Shaders/SkyLightingShared.usf" 267
"C:/Program Files/Epic Games/4.7/Engine/Binaries/Win64/../../../Engine/Shaders/ReflectionEnvironmentComputeShaders.usf" 268
"C:/Program Files/Epic Games/4.7/Engine/Binaries/Win64/../../../Engine/Shaders/LightShaftShader.usf" 269
"C:/Program Files/Epic Games/4.7/Engine/Binaries/Win64/../../../Engine/Shaders/StationaryLightOverlapShaders.usf" 270
"C:/Program Files/Epic Games/4.7/Engine/Binaries/Win64/../../../Engine/Shaders/DeferredLightPixelShaders.usf" 271
"C:/Program Files/Epic Games/4.7/Engine/Binaries/Win64/../../../Engine/Shaders/DeferredLightVertexShaders.usf" 272
"C:/Program Files/Epic Games/4.7/Engine/Binaries/Win64/../../../Engine/Shaders/LPVVisualise.usf" 273
"C:/Program Files/Epic Games/4.7/Engine/Binaries/Win64/../../../Engine/Shaders/LPVGeometryVolumeCommon.usf" 274
"C:/Program Files/Epic Games/4.7/Engine/Binaries/Win64/../../../Engine/Shaders/LPVDirectLightInject.usf" 275
"C:/Program Files/Epic Games/4.7/Engine/Binaries/Win64/../../../Engine/Shaders/LPVPropagate.usf" 276
"C:/Program Files/Epic Games/4.7/Engine/Binaries/Win64/../../../Engine/Shaders/LPVBuildGeometryVolume.usf" 277
"C:/Program Files/Epic Games/4.7/Engine/Binaries/Win64/../../../Engine/Shaders/LPVInject_AccumulateVplLists.usf" 278
"C:/Program Files/Epic Games/4.7/Engine/Binaries/Win64/../../../Engine/Shaders/LPVInject_GenerateVplLists.usf" 279
"C:/Program Files/Epic Games/4.7/Engine/Binaries/Win64/../../../Engine/Shaders/LPVClearLists.usf" 280
"C:/Program Files/Epic Games/4.7/Engine/Binaries/Win64/../../../Engine/Shaders/LPVClear.usf" 281
"C:/Program Files/Epic Games/4.7/Engine/Binaries/Win64/../../../Engine/Shaders/LightMapDensityShader.usf" 282
"C:/Program Files/Epic Games/4.7/Engine/Binaries/Win64/../../../Engine/Shaders/LightFunctionPixelShader.usf" 283
"C:/Program Files/Epic Games/4.7/Engine/Binaries/Win64/../../../Engine/Shaders/LightFunctionVertexShader.usf" 284
"C:/Program Files/Epic Games/4.7/Engine/Binaries/Win64/../../../Engine/Shaders/HdrCustomResolveShaders.usf" 285
"C:/Program Files/Epic Games/4.7/Engine/Binaries/Win64/../../../Engine/Shaders/GPUBenchmark.usf" 286
"C:/Program Files/Epic Games/4.7/Engine/Binaries/Win64/../../../Engine/Shaders/GammaCorrection.usf" 287
"C:/Program Files/Epic Games/4.7/Engine/Binaries/Win64/../../../Engine/Shaders/BasePassForForwardShadingPixelShader.usf" 288
"C:/Program Files/Epic Games/4.7/Engine/Binaries/Win64/../../../Engine/Shaders/BasePassForForwardShadingCommon.usf" 289
"C:/Program Files/Epic Games/4.7/Engine/Binaries/Win64/../../../Engine/Shaders/LightmapCommon.usf" 290
"C:/Program Files/Epic Games/4.7/Engine/Binaries/Win64/../../../Engine/Shaders/BasePassForForwardShadingVertexShader.usf" 291
"C:/Program Files/Epic Games/4.7/Engine/Binaries/Win64/../../../Engine/Shaders/HeightFogCommon.usf" 292
"C:/Program Files/Epic Games/4.7/Engine/Binaries/Win64/../../../Engine/Shaders/HeightFogPixelShader.usf" 293
"C:/Program Files/Epic Games/4.7/Engine/Binaries/Win64/../../../Engine/Shaders/HeightFogVertexShader.usf" 294
"C:/Program Files/Epic Games/4.7/Engine/Binaries/Win64/../../../Engine/Shaders/DistortAccumulatePS.usf" 295
"C:/Program Files/Epic Games/4.7/Engine/Binaries/Win64/../../../Engine/Shaders/DistortAccumulateVS.usf" 296
"C:/Program Files/Epic Games/4.7/Engine/Binaries/Win64/../../../Engine/Shaders/DistortApplyScreenPS.usf" 297
"C:/Program Files/Epic Games/4.7/Engine/Binaries/Win64/../../../Engine/Shaders/DistanceFieldSurfaceCacheLighting.usf" 298
"C:/Program Files/Epic Games/4.7/Engine/Binaries/Win64/../../../Engine/Shaders/DistanceFieldLightingShared.usf" 299
"C:/Program Files/Epic Games/4.7/Engine/Binaries/Win64/../../../Engine/Shaders/DistanceFieldAOShared.usf" 300
"C:/Program Files/Epic Games/4.7/Engine/Binaries/Win64/../../../Engine/Shaders/SkyLighting.usf" 301
"C:/Program Files/Epic Games/4.7/Engine/Binaries/Win64/../../../Engine/Shaders/DistanceFieldSurfaceCacheLightingCompute.usf" 302
"C:/Program Files/Epic Games/4.7/Engine/Binaries/Win64/../../../Engine/Shaders/DistanceFieldShadowing.usf" 303
"C:/Program Files/Epic Games/4.7/Engine/Binaries/Win64/../../../Engine/Shaders/DepthOnlyPixelShader.usf" 304
"C:/Program Files/Epic Games/4.7/Engine/Binaries/Win64/../../../Engine/Shaders/DepthOnlyVertexShader.usf" 305
"C:/Program Files/Epic Games/4.7/Engine/Binaries/Win64/../../../Engine/Shaders/PositionOnlyDepthVertexShader.usf" 306
"C:/Program Files/Epic Games/4.7/Engine/Binaries/Win64/../../../Engine/Shaders/DownsampleDepthPixelShader.usf" 307
"C:/Program Files/Epic Games/4.7/Engine/Binaries/Win64/../../../Engine/Shaders/BasePassPixelShader.usf" 308
"C:/Program Files/Epic Games/4.7/Engine/Binaries/Win64/../../../Engine/Shaders/BasePassCommon.usf" 309
"C:/Program Files/Epic Games/4.7/Engine/Binaries/Win64/../../../Engine/Shaders/BasePassVertexShader.usf" 310
"C:/Program Files/Epic Games/4.7/Engine/Binaries/Win64/../../../Engine/Shaders/BasePassVertexCommon.usf" 311
"C:/Program Files/Epic Games/4.7/Engine/Binaries/Win64/../../../Engine/Shaders/BasePassTessellationShaders.usf" 312
"C:/Program Files/Epic Games/4.7/Engine/Binaries/Win64/../../../Engine/Shaders/AtmospherePrecompute.usf" 313
"C:/Program Files/Epic Games/4.7/Engine/Binaries/Win64/../../../Engine/Shaders/AtmospherePrecomputeCommon.usf" 314
"C:/Program Files/Epic Games/4.7/Engine/Binaries/Win64/../../../Engine/Shaders/AtmospherePrecomputeInscatter.usf" 315
"C:/Program Files/Epic Games/4.7/Engine/Binaries/Win64/../../../Engine/Shaders/AtmosphericFogShader.usf" 316
"C:/Program Files/Epic Games/4.7/Engine/Binaries/Win64/../../../Engine/Shaders/ParticleSortKeyGen.usf" 317
"C:/Program Files/Epic Games/4.7/Engine/Binaries/Win64/../../../Engine/Shaders/ParticleBoundsShader.usf" 318
"C:/Program Files/Epic Games/4.7/Engine/Binaries/Win64/../../../Engine/Shaders/ParticleSimVisualizeShader.usf" 319
"C:/Program Files/Epic Games/4.7/Engine/Binaries/Win64/../../../Engine/Shaders/ParticleInjectionShader.usf" 320
"C:/Program Files/Epic Games/4.7/Engine/Binaries/Win64/../../../Engine/Shaders/ParticleSimulationShader.usf" 321
"C:/Program Files/Epic Games/4.7/Engine/Binaries/Win64/../../../Engine/Shaders/ParticleCurveInjectionShader.usf" 322
"C:/Program Files/Epic Games/4.7/Engine/Binaries/Win64/../../../Engine/Shaders/VectorFieldCompositeShaders.usf" 323
"C:/Program Files/Epic Games/4.7/Engine/Binaries/Win64/../../../Engine/Shaders/UpdateTextureShaders.usf" 324
"C:/Program Files/Epic Games/4.7/Engine/Binaries/Win64/../../../Engine/Shaders/SimpleElementColorChannelMaskPixelShader.usf" 325
"C:/Program Files/Epic Games/4.7/Engine/Binaries/Win64/../../../Engine/Shaders/SimpleElementHitProxyPixelShader.usf" 326
"C:/Program Files/Epic Games/4.7/Engine/Binaries/Win64/../../../Engine/Shaders/SimpleElementPixelShader.usf" 327
"C:/Program Files/Epic Games/4.7/Engine/Binaries/Win64/../../../Engine/Shaders/ColorUtils.usf" 328
"C:/Program Files/Epic Games/4.7/Engine/Binaries/Win64/../../../Engine/Shaders/SimpleElementVertexShader.usf" 329
"C:/Program Files/Epic Games/4.7/Engine/Binaries/Win64/../../../Engine/Shaders/ScreenVertexShader.usf" 330
"C:/Program Files/Epic Games/4.7/Engine/Binaries/Win64/../../../Engine/Shaders/ScreenPixelShader.usf" 331
"C:/Program Files/Epic Games/4.7/Engine/Binaries/Win64/../../../Engine/Shaders/RadixSortShaders.usf" 332
"C:/Program Files/Epic Games/4.7/Engine/Binaries/Win64/../../../Engine/Shaders/GpuSkinCacheComputeShader.usf" 333
"C:/Program Files/Epic Games/4.7/Engine/Binaries/Win64/../../../Engine/Shaders/NullPixelShader.usf" 334
"C:/Program Files/Epic Games/4.7/Engine/Binaries/Win64/../../../Engine/Shaders/ClearReplacementShaders.usf" 335
"C:/Program Files/Epic Games/4.7/Engine/Binaries/Win64/../../../Engine/Shaders/SimpleElementTexture2DPreviewPixelShader.usf" 336
"C:/Program Files/Epic Games/4.7/Engine/Binaries/Win64/../../../Engine/Shaders/SimpleElementNormalMapPixelShader.usf" 337
"C:/Program Files/Epic Games/4.7/Engine/Binaries/Win64/../../../Engine/Shaders/meshpaintdilatepixelshader.usf" 338
"C:/Program Files/Epic Games/4.7/Engine/Binaries/Win64/../../../Engine/Shaders/meshpaintdilatevertexshader.usf" 339
"C:/Program Files/Epic Games/4.7/Engine/Binaries/Win64/../../../Engine/Shaders/MeshPaintPixelShader.usf" 340
"C:/Program Files/Epic Games/4.7/Engine/Binaries/Win64/../../../Engine/Shaders/MeshPaintVertexShader.usf" 341
"../../../Engine/Config/Android/AndroidEngine.ini" 342
"../../../Engine/Config/HTML5/HTML5Engine.ini" 343
"../../../Engine/Config/IOS/IOSEngine.ini" 344
"../../../Engine/Config/Linux/LinuxEngine.ini" 345
"C:/Users/076271/AppData/Local/UnrealEngine/4.7/DerivedDataCache/Boot.ddc" 346
"../../../Engine/DerivedDataCache/Compressed.ddp" 347
"../../../Engine/Content/EditorResources/S_Actor.uasset" 348
"../../../Engine/Content/EditorLandscapeResources/DataLayer.uasset" 349
"../../../Engine/Content/Maps/Templates/Thumbnails/2DDefault.uasset" 350
"../../../Engine/Content/EditorMaterials/ParticleSystems/PSysThumbnail_NoImage.uasset" 351
"../../../Engine/Content/EditorMaterials/ParticleSystems/PSysThumbnail_OOD.uasset" 352
"../../../Engine/Content/EngineFonts/Roboto.uasset" 353
"../../../Engine/Content/EngineMaterials/Widget3DPassThrough_Translucent.uasset" 354
"../../../Engine/Content/EngineMaterials/Widget3DPassThrough.uasset" 355
"../../../Engine/Content/EngineResources/WhiteSquareTexture.uasset" 356
"../../../Engine/Content/Functions/Engine_MaterialFunctions01/Shading/PowerToRoughness.uasset" 357
"../../../Engine/Content/Functions/Engine_MaterialFunctions01/Shading/ConvertFromDiffSpec.uasset" 358
"../../../Engine/Content/EngineMaterials/WorldGridMaterial.uasset" 359
"../../../Engine/Content/Functions/Engine_MaterialFunctions01/Opacity/CameraDepthFade.uasset" 360
"../../../Engine/Content/EngineMaterials/T_Default_Material_Grid_M.uasset" 361
"../../../Engine/Content/EngineMaterials/T_Default_Material_Grid_N.uasset" 362
"../../../Engine/Content/EngineMaterials/DefaultDeferredDecalMaterial.uasset" 363
"../../../Engine/Content/EngineMaterials/DefaultDiffuse.uasset" 364
"../../../Engine/Content/EngineMaterials/DefaultLightFunctionMaterial.uasset" 365
"../../../Engine/Content/EngineMaterials/DefaultPostProcessMaterial.uasset" 366
"../../../Engine/Content/Functions/Engine_MaterialFunctions02/Utility/BreakOutFloat2Components.uasset" 367
"../../../Engine/Content/EngineResources/DefaultTexture.uasset" 368
"../../../Engine/Content/EngineMaterials/Widget3DPassThrough_Translucent_OneSided.uasset" 369
"../../../Engine/Content/EngineMaterials/Widget3DPassThrough_Opaque.uasset" 370
"../../../Engine/Content/EngineMaterials/Widget3DPassThrough_Opaque_OneSided.uasset" 371
"../../../Engine/Content/EngineDamageTypes/DmgTypeBP_Environmental.uasset" 372
"../../../Engine/Content/EngineMeshes/Sphere.uasset" 373
"../../../Engine/Content/EngineFonts/RobotoDistanceField.uasset" 374
"../../../Engine/Content/EngineMaterials/DefaultTextMaterialOpaque.uasset" 375
"../../../Engine/Content/EditorResources/S_Trigger.uasset" 376
"../../../Engine/Content/EngineResources/GradientTexture0.uasset" 377
"../../../Engine/Content/EngineResources/Black.uasset" 378
"../../../Engine/Content/EditorMaterials/MatineeGroups/MAT_Groups_Float.uasset" 379
"../../../Engine/Content/EditorMaterials/MatineeGroups/MAT_Groups_Director.uasset" 380
"../../../Engine/Content/EditorMaterials/MatineeGroups/MAT_Groups_Event.uasset" 381
"../../../Engine/Content/EditorMaterials/MatineeGroups/MAT_Groups_Anim.uasset" 382
"../../../Engine/Content/EditorMaterials/MatineeGroups/MAT_Groups_Fade.uasset" 383
"../../../Engine/Content/EditorMaterials/MatineeGroups/MAT_Groups_Move.uasset" 384
"../../../Engine/Content/EditorMaterials/MatineeGroups/MAT_Groups_Slomo.uasset" 385
"../../../Engine/Content/EditorMaterials/MatineeGroups/MAT_ColorTrack.uasset" 386
"../../../Engine/Content/EditorMaterials/MAT_Groups_Toggle.uasset" 387
"../../../Engine/Content/EditorMaterials/MatineeGroups/MAT_Groups_AudioMaster.uasset" 388
"../../../Engine/Content/EditorMaterials/MatineeGroups/MAT_Groups_Sound.uasset" 389
"../../../Engine/Content/EditorMaterials/MatineeGroups/MAT_Groups_Vector.uasset" 390
"../../../Engine/Content/EditorMaterials/MAT_Groups_Visibility.uasset" 391
"../../../Engine/Content/EngineResources/DefaultTextureCube.uasset" 392
"../../../Engine/Content/EngineSounds/Master.uasset" 393
"../../../Engine/Content/EngineSounds/Music.uasset" 394
"../../../Engine/Content/EngineSounds/SFX.uasset" 395
"../../../Engine/Content/EngineSounds/Normal_Attack.uasset" 396
"../../../Engine/Content/EngineSounds/Special_Attack_PSM.uasset" 397
"../../../Engine/Content/EngineSounds/Duck_Normal_Attack_MixMod.uasset" 398
"../../../Engine/Content/EngineSounds/Voice.uasset" 399
"../../../Engine/Content/EngineMeshes/Cylinder.uasset" 400
"../../../Engine/Content/EngineMaterials/DefaultMaterial.uasset" 401
"../../../Engine/Content/EngineTireTypes/DefaultTireType.uasset" 402
"../../../Engine/Content/Editor/Slate/Fonts/FontAwesome.ttf" 403
"../../../Engine/Content/Editor/Slate/Fonts/DroidSansMono.ttf" 404
"../../../Engine/Content/Editor/Slate/Fonts/Roboto-BoldCondensed.ttf" 405
"../../../Engine/Content/Editor/Slate/Fonts/Roboto-Black.ttf" 406
"../../../Engine/Content/Editor/Slate/Fonts/Roboto-Italic.ttf" 407
"../../../Engine/Content/Editor/Slate/Fonts/Roboto-BoldCondensedItalic.ttf" 408
"../../../Engine/Plugins/2D/Paper2D/Content/MaskedUnlitSpriteMaterial.uasset" 409
"../../../Engine/Plugins/2D/Paper2D/Content/DefaultSpriteMaterial.uasset" 410
"../../../Engine/Plugins/2D/Paper2D/Content/DummySpriteTexture.uasset" 411
"../../../Engine/Plugins/2D/Paper2D/Content/OpaqueUnlitSpriteMaterial.uasset" 412
"../../../Engine/Plugins/2D/Paper2D/Content/DefaultPaperTerrainMaterial.uasset" 413
"../../../Engine/Plugins/2D/Paper2D/Content/DummySprite.uasset" 414
"C:/Users/076271/AppData/Local/UnrealEngine/4.7/Saved/Config/Windows/SourceControlSettings.ini" 415
"../../../../../../Users/076271/Documents/Unreal Projects/Jump/Intermediate/Config/CoalescedSourceConfigs/SourceControlSettings.ini" 416
"C:/Users/076271/Documents/Unreal Projects/Jump/Saved/Config/Windows/SourceControlSettings.ini" 417
"../../../Engine/Content/EngineMaterials/RemoveSurfaceMaterial.uasset" 418
"../../../Engine/Content/EngineDebugMaterials/DebugMeshMaterial.uasset" 419
"../../../Engine/Content/EngineMaterials/M_InvalidLightmapSettings.uasset" 420
"../../../Engine/Content/EngineMaterials/InvalidLightmapSettings.uasset" 421
"../../../Engine/Content/EditorMaterials/GizmoMaterial.uasset" 422
"../../../Engine/Content/EngineMaterials/Good64x64TilingNoiseHighFreq.uasset" 423
"../../../Engine/Content/EngineMaterials/DefaultBokeh.uasset" 424
"../../../Engine/Content/EngineMaterials/PreintegratedSkinBRDF.uasset" 425
"../../../Engine/Content/EngineMaterials/MiniFont.uasset" 426
"../../../Engine/Content/EngineMaterials/WeightMapPlaceholderTexture.uasset" 427
"../../../Engine/Content/EngineMaterials/DefaultWhiteGrid.uasset" 428
"../../../Engine/Content/EngineMaterials/DefaultPhysicalMaterial.uasset" 429
"../../../Engine/Content/EngineFonts/RobotoTiny.uasset" 430
"../../../../../../Users/076271/Documents/Unreal Projects/Jump/Intermediate/CachedAssetRegistry.bin" 431
"../../../../../../Users/076271/Documents/Unreal Projects/Jump/Content/2DSideScrollerBP/Blueprints/JumpGameMode.uasset" 432
"../../../../../../Users/076271/Documents/Unreal Projects/Jump/Content/2DSideScrollerBP/HUDUI/Entry.uasset" 433
"../../../Engine/Content/MobileResources/HUD/VirtualJoystick_Thumb.uasset" 434
"../../../Engine/Content/MobileResources/HUD/VirtualJoystick_Background.uasset" 435
"../../../Engine/Content/MobileResources/HUD/T_Castle_ThumbstickOutter.uasset" 436
"../../../Engine/Content/MobileResources/HUD/T_Castle_ThumbstickInner.uasset" 437
"../../../Engine/Content/MobileResources/HUD/MobileHUDDirectionStick.uasset" 438
"../../../Engine/Content/MobileResources/HUD/MobileHUDDirectionPad3.uasset" 439
"../../../Engine/Content/MobileResources/HUD/MobileHUDDirectionPad2.uasset" 440
"../../../Engine/Content/MobileResources/HUD/MobileHUDDirectionPad.uasset" 441
"../../../Engine/Content/MobileResources/HUD/MobileHUDButtonFire.uasset" 442
"../../../Engine/Content/MobileResources/HUD/MobileHUDButton3.uasset" 443
"../../../Engine/Content/MobileResources/HUD/MobileHUDButton2_on.uasset" 444
"../../../Engine/Content/MobileResources/HUD/MobileHUDButton2_off.uasset" 445
"../../../Engine/Content/MobileResources/HUD/MobileHUDButton1_on.uasset" 446
"../../../Engine/Content/MobileResources/HUD/MobileHUDButton1_off.uasset" 447
"../../../Engine/Content/MobileResources/HUD/LeftVirtualJoystickOnly.uasset" 448
"../../../Engine/Content/MobileResources/HUD/DefaultVirtualJoysticks.uasset" 449
"../../../Engine/Content/MobileResources/HUD/AnalogHat.uasset" 450
"../../../Engine/Content/MobileResources/T_MobileMenu2.uasset" 451
"../../../Engine/Content/MobileResources/T_MobileControls_texture.uasset" 452
"../../../../../../Users/076271/Documents/Unreal Projects/Jump/Content/2DSideScrollerBP/Blueprints/JumpCharacter.uasset" 453
"../../../Engine/Content/EditorBlueprintResources/StandardMacros.uasset" 454
"../../../../../../Users/076271/Documents/Unreal Projects/Jump/Content/2DSideScrollerBP/Sounds/CoinCollectMulti_Cue.uasset" 455
"../../../../../../Users/076271/Documents/Unreal Projects/Jump/Content/2DSideScrollerBP/Sounds/CoinCollectMulti.uasset" 456
"../../../../../../Users/076271/Documents/Unreal Projects/Jump/Content/2DSideScrollerBP/Sounds/JumpSFXs/SFX_Jump_08_Cue.uasset" 457
"../../../../../../Users/076271/Documents/Unreal Projects/Jump/Content/2DSideScrollerBP/Sounds/JumpSFXs/SFX_Jump_08.uasset" 458
"../../../../../../Users/076271/Documents/Unreal Projects/Jump/Content/2DSideScrollerBP/Sprites/IdleAnimation.uasset" 459
"../../../../../../Users/076271/Documents/Unreal Projects/Jump/Content/2DSideScrollerBP/Sprites/IdleFrames/IdleCycle1.uasset" 460
"../../../../../../Users/076271/Documents/Unreal Projects/Jump/Content/2DSideScrollerBP/Textures/2DCharacter_IdleAnimAtlas.uasset" 461
"../../../../../../Users/076271/Documents/Unreal Projects/Jump/Content/2DSideScrollerBP/Sprites/IdleFrames/IdleCycle2.uasset" 462
"../../../../../../Users/076271/Documents/Unreal Projects/Jump/Content/2DSideScrollerBP/Sprites/IdleFrames/IdleCycle3.uasset" 463
"../../../../../../Users/076271/Documents/Unreal Projects/Jump/Content/2DSideScrollerBP/Sprites/IdleFrames/IdleCycle4.uasset" 464
"../../../../../../Users/076271/Documents/Unreal Projects/Jump/Content/2DSideScrollerBP/Sprites/IdleFrames/IdleCycle5.uasset" 465
"../../../../../../Users/076271/Documents/Unreal Projects/Jump/Content/2DSideScrollerBP/Sprites/IdleFrames/IdleCycle6.uasset" 466
"../../../../../../Users/076271/Documents/Unreal Projects/Jump/Content/2DSideScrollerBP/Sprites/IdleFrames/IdleCycle7.uasset" 467
"../../../../../../Users/076271/Documents/Unreal Projects/Jump/Content/2DSideScrollerBP/Sprites/IdleFrames/IdleCycle8.uasset" 468
"../../../../../../Users/076271/Documents/Unreal Projects/Jump/Content/2DSideScrollerBP/Sprites/RunningAnimation.uasset" 469
"../../../../../../Users/076271/Documents/Unreal Projects/Jump/Content/2DSideScrollerBP/Sprites/RunFrames/RunCycle_1.uasset" 470
"../../../../../../Users/076271/Documents/Unreal Projects/Jump/Content/2DSideScrollerBP/Textures/2DCharacter_RunAnimAtlas.uasset" 471
"../../../../../../Users/076271/Documents/Unreal Projects/Jump/Content/2DSideScrollerBP/Sprites/RunFrames/RunCycle_10.uasset" 472
"../../../../../../Users/076271/Documents/Unreal Projects/Jump/Content/2DSideScrollerBP/Sprites/RunFrames/RunCycle_11.uasset" 473
"../../../../../../Users/076271/Documents/Unreal Projects/Jump/Content/2DSideScrollerBP/Sprites/RunFrames/RunCycle_12.uasset" 474
"../../../../../../Users/076271/Documents/Unreal Projects/Jump/Content/2DSideScrollerBP/Sprites/RunFrames/RunCycle_13.uasset" 475
"../../../../../../Users/076271/Documents/Unreal Projects/Jump/Content/2DSideScrollerBP/Sprites/RunFrames/RunCycle_14.uasset" 476
"../../../../../../Users/076271/Documents/Unreal Projects/Jump/Content/2DSideScrollerBP/Sprites/RunFrames/RunCycle_15.uasset" 477
"../../../../../../Users/076271/Documents/Unreal Projects/Jump/Content/2DSideScrollerBP/Sprites/RunFrames/RunCycle_16.uasset" 478
"../../../../../../Users/076271/Documents/Unreal Projects/Jump/Content/2DSideScrollerBP/Sprites/RunFrames/RunCycle_2.uasset" 479
"../../../../../../Users/076271/Documents/Unreal Projects/Jump/Content/2DSideScrollerBP/Sprites/RunFrames/RunCycle_3.uasset" 480
"../../../../../../Users/076271/Documents/Unreal Projects/Jump/Content/2DSideScrollerBP/Sprites/RunFrames/RunCycle_4.uasset" 481
"../../../../../../Users/076271/Documents/Unreal Projects/Jump/Content/2DSideScrollerBP/Sprites/RunFrames/RunCycle_5.uasset" 482
"../../../../../../Users/076271/Documents/Unreal Projects/Jump/Content/2DSideScrollerBP/Sprites/RunFrames/RunCycle_6.uasset" 483
"../../../../../../Users/076271/Documents/Unreal Projects/Jump/Content/2DSideScrollerBP/Sprites/RunFrames/RunCycle_7.uasset" 484
"../../../../../../Users/076271/Documents/Unreal Projects/Jump/Content/2DSideScrollerBP/Sprites/RunFrames/RunCycle_8.uasset" 485
"../../../../../../Users/076271/Documents/Unreal Projects/Jump/Content/2DSideScrollerBP/Sprites/RunFrames/RunCycle_9.uasset" 486
"../../../../../../Users/076271/Documents/Unreal Projects/Jump/Content/2DSideScrollerBP/HUDUI/Coins.uasset" 487
"../../../../../../Users/076271/Documents/Unreal Projects/Jump/Content/2DSideScrollerBP/Fonts/OnScreenFont.uasset" 488
"../../../../../../Users/076271/Documents/Unreal Projects/Jump/Content/2DSideScrollerBP/Textures/Coin1.uasset" 489
"C:/Users/076271/AppData/Local/UnrealEngine/Common/DerivedDataCache/5/7/8/TEXTURE_75F87CE100B546AAB8A1C4132AF9DB17_BGRA8_150605AA4FEE2302C97C9899A1B1708__D244B77963D1C63148732D02B91757E990B089BA.udd" 490
"C:/Users/076271/AppData/Local/UnrealEngine/Common/DerivedDataCache/1/8/4/AUDIO_0002_0000_OGG_0001_BF06135440A01D7D73F56C9A96D106B6.udd" 491
"C:/Users/076271/AppData/Local/UnrealEngine/Common/DerivedDataCache/8/0/7/AUDIO_0002_0000_OGG_0001_BEC6425043F178AA8DEF8B8830533AC0.udd" 492
"../../../../../../Users/076271/Documents/Unreal Projects/Jump/Content/2DSideScrollerBP/Maps/Entry.umap" 493
"../../../../../../Users/076271/Documents/Unreal Projects/Jump/Content/2DSideScrollerBP/HUDUI/Pause.uasset" 494
"../../../../../../Users/076271/Documents/Unreal Projects/Jump/Content/2DSideScrollerBP/Sounds/WaterflameBlastProcessing_Cue.uasset" 495
"../../../../../../Users/076271/Documents/Unreal Projects/Jump/Content/2DSideScrollerBP/Sounds/WaterflameBlastProcessing.uasset" 496
"../../../../../../Users/076271/Documents/Unreal Projects/Jump/Content/2DSideScrollerBP/Sprites/Background_Sprite.uasset" 497
"../../../../../../Users/076271/Documents/Unreal Projects/Jump/Content/2DSideScrollerBP/Textures/2DBackground.uasset" 498
"C:/Users/076271/AppData/Local/UnrealEngine/Common/DerivedDataCache/4/3/1/PHYSX_$7B1F0627AE$2DABEB$2D4206$2D8D78$2DE16BEB5DDC7E$7D_PHYSXPC_77D3381143E2DFB101B259A0B0902E6F__1_0_13075_0.udd" 499
"C:/Users/076271/AppData/Local/UnrealEngine/Common/DerivedDataCache/9/3/7/AUDIO_0002_0000_OGG_0001_37AD021D43BFD9E5AB4F4F90CA1B75D0.udd" 500
"../../../../../../Users/076271/Documents/Unreal Projects/Jump/Content/2DSideScrollerBP/Maps/Transition.umap" 501
"../../../../../../Users/076271/Documents/Unreal Projects/Jump/Content/2DSideScrollerBP/Loading3D/Loading3DActor.uasset" 502
"../../../../../../Users/076271/Documents/Unreal Projects/Jump/Content/2DSideScrollerBP/Loading3D/Loading3D.uasset" 503
"C:/Users/076271/AppData/Local/UnrealEngine/Common/DerivedDataCache/5/9/3/PHYSX_$7B1F0627AE$2DABEB$2D4206$2D8D78$2DE16BEB5DDC7E$7D_PHYSXPC_637F2F604CD703940EF7CC858AA4E37F__1_0_13075_0.udd" 504
"../../../../../../Users/076271/Documents/Unreal Projects/Jump/Content/2DSideScrollerBP/Maps/JumpTestMap.umap" 505
"../../../../../../Users/076271/Documents/Unreal Projects/Jump/Content/2DSideScrollerBP/Blueprints/Pickups/BigCoinPickup.uasset" 506
"../../../../../../Users/076271/Documents/Unreal Projects/Jump/Content/2DSideScrollerBP/Sprites/Pickups/BigCoin.uasset" 507
"../../../../../../Users/076271/Documents/Unreal Projects/Jump/Content/2DSideScrollerBP/Textures/BigCoin1.uasset" 508
"../../../../../../Users/076271/Documents/Unreal Projects/Jump/Content/2DSideScrollerBP/Blueprints/Pickups/CoinPickup.uasset" 509
"../../../../../../Users/076271/Documents/Unreal Projects/Jump/Content/2DSideScrollerBP/Sounds/CoinCollect_Cue.uasset" 510
"../../../../../../Users/076271/Documents/Unreal Projects/Jump/Content/2DSideScrollerBP/Sounds/CoinCollect.uasset" 511
"../../../../../../Users/076271/Documents/Unreal Projects/Jump/Content/2DSideScrollerBP/Sprites/Pickups/Coin.uasset" 512
"../../../../../../Users/076271/Documents/Unreal Projects/Jump/Content/2DSideScrollerBP/Sprites/Pickups/Coin1_Sprite.uasset" 513
"../../../Engine/Plugins/2D/Paper2D/Content/TranslucentUnlitSpriteMaterial.uasset" 514
"../../../../../../Users/076271/Documents/Unreal Projects/Jump/Content/2DSideScrollerBP/Sprites/Pickups/Coin2_Sprite.uasset" 515
"../../../../../../Users/076271/Documents/Unreal Projects/Jump/Content/2DSideScrollerBP/Textures/Coin2.uasset" 516
"../../../../../../Users/076271/Documents/Unreal Projects/Jump/Content/2DSideScrollerBP/Sprites/Pickups/Coin3_Sprite.uasset" 517
"../../../../../../Users/076271/Documents/Unreal Projects/Jump/Content/2DSideScrollerBP/Textures/Coin3.uasset" 518
"../../../../../../Users/076271/Documents/Unreal Projects/Jump/Content/2DSideScrollerBP/Sprites/Pickups/Coin4_Sprite.uasset" 519
"../../../../../../Users/076271/Documents/Unreal Projects/Jump/Content/2DSideScrollerBP/Textures/Coin4.uasset" 520
"../../../../../../Users/076271/Documents/Unreal Projects/Jump/Content/2DSideScrollerBP/Sprites/Pickups/Coin5_Sprite.uasset" 521
"../../../../../../Users/076271/Documents/Unreal Projects/Jump/Content/2DSideScrollerBP/Textures/Coin5.uasset" 522
"../../../../../../Users/076271/Documents/Unreal Projects/Jump/Content/2DSideScrollerBP/Sprites/Pickups/Coin6_Sprite.uasset" 523
"../../../../../../Users/076271/Documents/Unreal Projects/Jump/Content/2DSideScrollerBP/Textures/Coin6.uasset" 524
"../../../Engine/Content/MapTemplates/Bokeh_5Sides.uasset" 525
"../../../Engine/Content/MapTemplates/T_ScreenDirt02_w.uasset" 526
"../../../../../../Users/076271/Documents/Unreal Projects/Jump/Content/2DSideScrollerBP/Sprites/Ledge.uasset" 527
"../../../../../../Users/076271/Documents/Unreal Projects/Jump/Content/2DSideScrollerBP/Textures/2DBackgroundBlockAtlas.uasset" 528
"C:/Users/076271/AppData/Local/UnrealEngine/Common/DerivedDataCache/9/1/9/TEXTURE_75F87CE100B546AAB8A1C4132AF9DB17_BGRA8_37A7A99748E8320E0A5993AF377AEA0__A97890AFA016C9377F88CB9FA94927938259693B.udd" 529
"C:/Users/076271/AppData/Local/UnrealEngine/Common/DerivedDataCache/2/4/7/TEXTURE_75F87CE100B546AAB8A1C4132AF9DB17_AUTODXT_3B1CF54E4B32D1BE549925B48F7C5__B18FAE000184967249F06F57BB9CBE5B65D9B364.udd" 530
"C:/Users/076271/AppData/Local/UnrealEngine/Common/DerivedDataCache/0/5/2/TEXTURE_75F87CE100B546AAB8A1C4132AF9DB17_BGRA8_8AE254E0479DA58F2CB1DAB592C3C18__0FC9C978DE4F2B144D509D8FD3599788B8E25C3B.udd" 531
"C:/Users/076271/AppData/Local/UnrealEngine/Common/DerivedDataCache/7/1/1/TEXTURE_75F87CE100B546AAB8A1C4132AF9DB17_BGRA8_B9A20F6B44226B0C29440AA0BD7853A__DD35BD9C52C28EC882117D0FE1E0A2269CAEE0F0.udd" 532
"C:/Users/076271/AppData/Local/UnrealEngine/Common/DerivedDataCache/4/8/1/TEXTURE_75F87CE100B546AAB8A1C4132AF9DB17_BGRA8_C448AFC848AD49C51AD69DB95F78582__ABB66C378BCCE1636DEF54BF2EFDBB2FA4A7A2D3.udd" 533
"C:/Users/076271/AppData/Local/UnrealEngine/Common/DerivedDataCache/4/0/5/TEXTURE_75F87CE100B546AAB8A1C4132AF9DB17_BGRA8_758AD8CF4E8A46CD507D9A99DC8EFEC__68121A66E5CC23F3C2324036CFF9ACF5594F315A.udd" 534
"C:/Users/076271/AppData/Local/UnrealEngine/Common/DerivedDataCache/4/2/4/PHYSX_$7B1F0627AE$2DABEB$2D4206$2D8D78$2DE16BEB5DDC7E$7D_PHYSXPC_4F97EE5C46D8F944EABB32A8376B3235__1_1_13075_0.udd" 535
"C:/Users/076271/AppData/Local/UnrealEngine/Common/DerivedDataCache/3/3/8/AUDIO_0002_0000_OGG_0001_037B18F5420BF870E3A9DDA830ABC19B.udd" 536
"C:/Users/076271/AppData/Local/UnrealEngine/Common/DerivedDataCache/5/9/5/PHYSX_$7B1F0627AE$2DABEB$2D4206$2D8D78$2DE16BEB5DDC7E$7D_PHYSXPC_B483BCD94ECE8C5ABD67559C92B5C90C__1_0_13075_0.udd" 537
"C:/Users/076271/AppData/Local/UnrealEngine/Common/DerivedDataCache/1/3/8/PHYSX_$7B1F0627AE$2DABEB$2D4206$2D8D78$2DE16BEB5DDC7E$7D_PHYSXPC_D54089C04E323A72D90472B878C061CB__1_0_13075_0.udd" 538
"../../../../../../Users/076271/Documents/Unreal Projects/Jump/Content/2DSideScrollerBP/Textures/white2.uasset" 539
"C:/Users/076271/AppData/Local/UnrealEngine/Common/DerivedDataCache/1/2/2/TEXTURE_75F87CE100B546AAB8A1C4132AF9DB17_BGRA8_3F3959B7467593AA1C0DBC9DEA5A529__203E49C8074E6DB32A5EBFEF1D00376C0A3ECACE.udd" 540
"../../../../../../Users/076271/Documents/Unreal Projects/Jump/Content/2DSideScrollerBP/Textures/white.uasset" 541
"C:/Users/076271/AppData/Local/UnrealEngine/Common/DerivedDataCache/7/4/8/TEXTURE_75F87CE100B546AAB8A1C4132AF9DB17_AUTODXT_46BC4ADD44ECDE8E702A77A43DCB3__F558B1816B027085BEABEB7CCE75608352D3914F.udd" 542
"../../../../../../Users/076271/Documents/Unreal Projects/Jump/Content/2DSideScrollerBP/Textures/PixelMan21_Sprite.uasset" 543
"../../../../../../Users/076271/Documents/Unreal Projects/Jump/Content/2DSideScrollerBP/Textures/PixelMan11_Sprite.uasset" 544
"../../../../../../Users/076271/Documents/Unreal Projects/Jump/Content/2DSideScrollerBP/Textures/pause.uasset" 545
"C:/Users/076271/AppData/Local/UnrealEngine/Common/DerivedDataCache/0/8/1/TEXTURE_75F87CE100B546AAB8A1C4132AF9DB17_AUTODXT_46F2CCE7479123F7133EF99955D9B__BFC3B1F92C3DBF2F6A44E1E2F2721D6043A298AB.udd" 546
"../../../../../../Users/076271/Documents/Unreal Projects/Jump/Content/2DSideScrollerBP/Textures/Button-Pause-icon.uasset" 547
"C:/Users/076271/AppData/Local/UnrealEngine/Common/DerivedDataCache/8/1/1/TEXTURE_75F87CE100B546AAB8A1C4132AF9DB17_AUTODXT_EF49B4AE4A56FCC1E2818B82B3984__A1C6BAC9AF63A20D47769EDA008F53D4D1ED7A92.udd" 548
"C:/Users/076271/AppData/Local/UnrealEngine/Common/DerivedDataCache/1/3/8/TEXTURE_75F87CE100B546AAB8A1C4132AF9DB17_AUTODXT_EF49B4AE4A56FCC1E2818B82B3984__0BD28271C39F9AAF051DF7D0ACA9CCB6295E607C.udd" 549
"../../../../../../Users/076271/Documents/Unreal Projects/Jump/Content/2DSideScrollerBP/Textures/2DBackgroundTile.uasset" 550
"C:/Users/076271/AppData/Local/UnrealEngine/Common/DerivedDataCache/9/4/7/TEXTURE_75F87CE100B546AAB8A1C4132AF9DB17_AUTODXT_EF49B4AE4A56FCC1E2818B82B3984__74E08AF3112F7A9B4AAAA5BF4F5A8AF51C616DD7.udd" 551
"../../../../../../Users/076271/Documents/Unreal Projects/Jump/Content/2DSideScrollerBP/Sprites/PrototypingSprite.uasset" 552
"../../../../../../Users/076271/Documents/Unreal Projects/Jump/Content/2DSideScrollerBP/Materials/PrototypingSpriteMaterial.uasset" 553
"C:/Users/076271/AppData/Local/UnrealEngine/Common/DerivedDataCache/7/7/3/MATSM_85DD00DAF10D45C79D4ED0306AF2628B_PCD3D_SM5_2__BC5N_DEV_SL_NODBUF836278D1__703FF3DB8669183D5AB083EA109728477F74FA9E.udd" 554
"C:/Users/076271/AppData/Local/UnrealEngine/Common/DerivedDataCache/8/8/8/MATSM_85DD00DAF10D45C79D4ED0306AF2628B_PCD3D_SM4_2__BC5N_DEV_SL_NODBUF836278D1__E3A6061440AA2C3A7E69D242690E3649D165D903.udd" 555
"../../../../../../Users/076271/Documents/Unreal Projects/Jump/Content/2DSideScrollerBP/Sprites/CoinSprite.uasset" 556
"../../../../../../Users/076271/Documents/Unreal Projects/Jump/Content/2DSideScrollerBP/Sprites/Coin1_Sprite.uasset" 557
"../../../../../../Users/076271/Documents/Unreal Projects/Jump/Content/2DSideScrollerBP/Sounds/JumpSFXs/SFX_Jump_50.uasset" 558
"C:/Users/076271/AppData/Local/UnrealEngine/Common/DerivedDataCache/4/1/2/AUDIO_0002_0000_OGG_0001_DE8756034DF1F444AF40A696BB594116.udd" 559
"../../../../../../Users/076271/Documents/Unreal Projects/Jump/Content/2DSideScrollerBP/Sounds/JumpSFXs/SFX_Jump_49.uasset" 560
"C:/Users/076271/AppData/Local/UnrealEngine/Common/DerivedDataCache/1/4/0/AUDIO_0002_0000_OGG_0001_23DC90BB4A15ED4F46DC65A1A55A027A.udd" 561
"../../../../../../Users/076271/Documents/Unreal Projects/Jump/Content/2DSideScrollerBP/Sounds/JumpSFXs/SFX_Jump_48.uasset" 562
"C:/Users/076271/AppData/Local/UnrealEngine/Common/DerivedDataCache/9/6/8/AUDIO_0002_0000_OGG_0001_9CB61D8348D25AC4F9134FB44E73CA85.udd" 563
"../../../../../../Users/076271/Documents/Unreal Projects/Jump/Content/2DSideScrollerBP/Sounds/JumpSFXs/SFX_Jump_47.uasset" 564
"C:/Users/076271/AppData/Local/UnrealEngine/Common/DerivedDataCache/8/4/3/AUDIO_0002_0000_OGG_0001_F62A6B2A4CC077EF617475BB9F80861D.udd" 565
"../../../../../../Users/076271/Documents/Unreal Projects/Jump/Content/2DSideScrollerBP/Sounds/JumpSFXs/SFX_Jump_46.uasset" 566
"C:/Users/076271/AppData/Local/UnrealEngine/Common/DerivedDataCache/9/0/1/AUDIO_0002_0000_OGG_0001_CEEEBBB44FC7A5D36CEABEB5370FB89C.udd" 567
"../../../../../../Users/076271/Documents/Unreal Projects/Jump/Content/2DSideScrollerBP/Sounds/JumpSFXs/SFX_Jump_45.uasset" 568
"C:/Users/076271/AppData/Local/UnrealEngine/Common/DerivedDataCache/1/8/0/AUDIO_0002_0000_OGG_0001_705BD42C4107B94AE15B37A52DEC4C54.udd" 569
"../../../../../../Users/076271/Documents/Unreal Projects/Jump/Content/2DSideScrollerBP/Sounds/JumpSFXs/SFX_Jump_44.uasset" 570
"C:/Users/076271/AppData/Local/UnrealEngine/Common/DerivedDataCache/6/4/3/AUDIO_0002_0000_OGG_0001_847E172C45224C6ED8C8CFB9AD749C10.udd" 571
"../../../../../../Users/076271/Documents/Unreal Projects/Jump/Content/2DSideScrollerBP/Sounds/JumpSFXs/SFX_Jump_43.uasset" 572
"C:/Users/076271/AppData/Local/UnrealEngine/Common/DerivedDataCache/5/1/9/AUDIO_0002_0000_OGG_0001_8E885460435CB085F87FA3B7D7FEA2BF.udd" 573
"../../../../../../Users/076271/Documents/Unreal Projects/Jump/Content/2DSideScrollerBP/Sounds/JumpSFXs/SFX_Jump_42.uasset" 574
"C:/Users/076271/AppData/Local/UnrealEngine/Common/DerivedDataCache/8/4/7/AUDIO_0002_0000_OGG_0001_425CE56A474FA67FA868FCB1681FA270.udd" 575
"../../../../../../Users/076271/Documents/Unreal Projects/Jump/Content/2DSideScrollerBP/Sounds/JumpSFXs/SFX_Jump_41.uasset" 576
"C:/Users/076271/AppData/Local/UnrealEngine/Common/DerivedDataCache/8/5/0/AUDIO_0002_0000_OGG_0001_C54A61164A1E7BF9F9A0569EC9A279F8.udd" 577
"../../../../../../Users/076271/Documents/Unreal Projects/Jump/Content/2DSideScrollerBP/Sounds/JumpSFXs/SFX_Jump_40.uasset" 578
"C:/Users/076271/AppData/Local/UnrealEngine/Common/DerivedDataCache/0/3/3/AUDIO_0002_0000_OGG_0001_375AE4484F7B3F644FBACFB03F166A80.udd" 579
"../../../../../../Users/076271/Documents/Unreal Projects/Jump/Content/2DSideScrollerBP/Sounds/JumpSFXs/SFX_Jump_39.uasset" 580
"C:/Users/076271/AppData/Local/UnrealEngine/Common/DerivedDataCache/0/5/8/AUDIO_0002_0000_OGG_0001_91E4C82B45C560180719848EDB1666BC.udd" 581
"../../../../../../Users/076271/Documents/Unreal Projects/Jump/Content/2DSideScrollerBP/Sounds/JumpSFXs/SFX_Jump_38.uasset" 582
"C:/Users/076271/AppData/Local/UnrealEngine/Common/DerivedDataCache/6/2/9/AUDIO_0002_0000_OGG_0001_8959A48344DAD7701E5F43910072A658.udd" 583
"../../../../../../Users/076271/Documents/Unreal Projects/Jump/Content/2DSideScrollerBP/Sounds/JumpSFXs/SFX_Jump_37.uasset" 584
"C:/Users/076271/AppData/Local/UnrealEngine/Common/DerivedDataCache/4/8/3/AUDIO_0002_0000_OGG_0001_DBBB4EB542BC10DC2B12E5914823BF51.udd" 585
"../../../../../../Users/076271/Documents/Unreal Projects/Jump/Content/2DSideScrollerBP/Sounds/JumpSFXs/SFX_Jump_36.uasset" 586
"C:/Users/076271/AppData/Local/UnrealEngine/Common/DerivedDataCache/2/8/4/AUDIO_0002_0000_OGG_0001_2E8EA67A4D600D68C8CACC864ACD1AFA.udd" 587
"../../../../../../Users/076271/Documents/Unreal Projects/Jump/Content/2DSideScrollerBP/Sounds/JumpSFXs/SFX_Jump_35.uasset" 588
"C:/Users/076271/AppData/Local/UnrealEngine/Common/DerivedDataCache/5/9/6/AUDIO_0002_0000_OGG_0001_DD2AD4B94E371EDF551A72801E4BE0F7.udd" 589
"../../../../../../Users/076271/Documents/Unreal Projects/Jump/Content/2DSideScrollerBP/Sounds/JumpSFXs/SFX_Jump_34.uasset" 590
"C:/Users/076271/AppData/Local/UnrealEngine/Common/DerivedDataCache/7/5/8/AUDIO_0002_0000_OGG_0001_D64721AE4924A1F2C634068697F8E78F.udd" 591
"../../../../../../Users/076271/Documents/Unreal Projects/Jump/Content/2DSideScrollerBP/Sounds/JumpSFXs/SFX_Jump_33.uasset" 592
"C:/Users/076271/AppData/Local/UnrealEngine/Common/DerivedDataCache/2/5/9/AUDIO_0002_0000_OGG_0001_3254F87642398AEBF56E0DB7EDAF296C.udd" 593
"../../../../../../Users/076271/Documents/Unreal Projects/Jump/Content/2DSideScrollerBP/Sounds/JumpSFXs/SFX_Jump_32.uasset" 594
"C:/Users/076271/AppData/Local/UnrealEngine/Common/DerivedDataCache/6/5/2/AUDIO_0002_0000_OGG_0001_D04E24B0449339264C5FBF89CBEC4063.udd" 595
"../../../../../../Users/076271/Documents/Unreal Projects/Jump/Content/2DSideScrollerBP/Sounds/JumpSFXs/SFX_Jump_31.uasset" 596
"C:/Users/076271/AppData/Local/UnrealEngine/Common/DerivedDataCache/4/8/5/AUDIO_0002_0000_OGG_0001_FB15ED3E4794DF3E556EB480812EA87A.udd" 597
"../../../../../../Users/076271/Documents/Unreal Projects/Jump/Content/2DSideScrollerBP/Sounds/JumpSFXs/SFX_Jump_30.uasset" 598
"C:/Users/076271/AppData/Local/UnrealEngine/Common/DerivedDataCache/7/5/0/AUDIO_0002_0000_OGG_0001_366A3F83413D7DD9047436A0549FE4DB.udd" 599
"../../../../../../Users/076271/Documents/Unreal Projects/Jump/Content/2DSideScrollerBP/Sounds/JumpSFXs/SFX_Jump_28.uasset" 600
"C:/Users/076271/AppData/Local/UnrealEngine/Common/DerivedDataCache/2/1/1/AUDIO_0002_0000_OGG_0001_405366F949F2CF55B41FED8397CDBED6.udd" 601
"../../../../../../Users/076271/Documents/Unreal Projects/Jump/Content/2DSideScrollerBP/Sounds/JumpSFXs/SFX_Jump_27.uasset" 602
"C:/Users/076271/AppData/Local/UnrealEngine/Common/DerivedDataCache/6/0/3/AUDIO_0002_0000_OGG_0001_347E72D94569A4F3A64EAA98CB428AA3.udd" 603
"../../../../../../Users/076271/Documents/Unreal Projects/Jump/Content/2DSideScrollerBP/Sounds/JumpSFXs/SFX_Jump_26.uasset" 604
"C:/Users/076271/AppData/Local/UnrealEngine/Common/DerivedDataCache/0/4/6/AUDIO_0002_0000_OGG_0001_B9D839AB47B49D002C2378AADA688216.udd" 605
"../../../../../../Users/076271/Documents/Unreal Projects/Jump/Content/2DSideScrollerBP/Sounds/JumpSFXs/SFX_Jump_25.uasset" 606
"C:/Users/076271/AppData/Local/UnrealEngine/Common/DerivedDataCache/9/7/1/AUDIO_0002_0000_OGG_0001_CF0B5D30445BE6E923A36EA6A7387B4F.udd" 607
"../../../../../../Users/076271/Documents/Unreal Projects/Jump/Content/2DSideScrollerBP/Sounds/JumpSFXs/SFX_Jump_24.uasset" 608
"C:/Users/076271/AppData/Local/UnrealEngine/Common/DerivedDataCache/9/5/9/AUDIO_0002_0000_OGG_0001_F13C32FE44845DF8D7807D8B4F742F1F.udd" 609
"../../../../../../Users/076271/Documents/Unreal Projects/Jump/Content/2DSideScrollerBP/Sounds/JumpSFXs/SFX_Jump_23.uasset" 610
"C:/Users/076271/AppData/Local/UnrealEngine/Common/DerivedDataCache/6/9/4/AUDIO_0002_0000_OGG_0001_22DD9C29483F8EE1855DCBBBC11B1C46.udd" 611
"../../../../../../Users/076271/Documents/Unreal Projects/Jump/Content/2DSideScrollerBP/Sounds/JumpSFXs/SFX_Jump_22.uasset" 612
"C:/Users/076271/AppData/Local/UnrealEngine/Common/DerivedDataCache/8/7/1/AUDIO_0002_0000_OGG_0001_38744B8A4E2DDEB5696E3383DA8CCB27.udd" 613
"../../../../../../Users/076271/Documents/Unreal Projects/Jump/Content/2DSideScrollerBP/Sounds/JumpSFXs/SFX_Jump_21.uasset" 614
"C:/Users/076271/AppData/Local/UnrealEngine/Common/DerivedDataCache/9/4/7/AUDIO_0002_0000_OGG_0001_658FB0014E5ECAFBB78FA898FCF12FE0.udd" 615
"../../../../../../Users/076271/Documents/Unreal Projects/Jump/Content/2DSideScrollerBP/Sounds/JumpSFXs/SFX_Jump_20.uasset" 616
"C:/Users/076271/AppData/Local/UnrealEngine/Common/DerivedDataCache/3/5/8/AUDIO_0002_0000_OGG_0001_DE96F1E44C2BB9BA0AA903A42389743C.udd" 617
"../../../../../../Users/076271/Documents/Unreal Projects/Jump/Content/2DSideScrollerBP/Sounds/JumpSFXs/SFX_Jump_19.uasset" 618
"C:/Users/076271/AppData/Local/UnrealEngine/Common/DerivedDataCache/6/0/8/AUDIO_0002_0000_OGG_0001_2D010E4242A94C97A56017BA6E73DD96.udd" 619
"../../../../../../Users/076271/Documents/Unreal Projects/Jump/Content/2DSideScrollerBP/Sounds/JumpSFXs/SFX_Jump_18.uasset" 620
"C:/Users/076271/AppData/Local/UnrealEngine/Common/DerivedDataCache/3/3/8/AUDIO_0002_0000_OGG_0001_1FB879AB426A21BBA6476DA4C194BC7F.udd" 621
"../../../../../../Users/076271/Documents/Unreal Projects/Jump/Content/2DSideScrollerBP/Sounds/JumpSFXs/SFX_Jump_17.uasset" 622
"C:/Users/076271/AppData/Local/UnrealEngine/Common/DerivedDataCache/7/2/7/AUDIO_0002_0000_OGG_0001_B40500084478718C14C72495E30CC4FF.udd" 623
"../../../../../../Users/076271/Documents/Unreal Projects/Jump/Content/2DSideScrollerBP/Sounds/JumpSFXs/SFX_Jump_16.uasset" 624
"C:/Users/076271/AppData/Local/UnrealEngine/Common/DerivedDataCache/6/6/6/AUDIO_0002_0000_OGG_0001_2D5D870047626A7F5B73A896FB7671F0.udd" 625
"../../../../../../Users/076271/Documents/Unreal Projects/Jump/Content/2DSideScrollerBP/Sounds/JumpSFXs/SFX_Jump_15.uasset" 626
"C:/Users/076271/AppData/Local/UnrealEngine/Common/DerivedDataCache/2/1/0/AUDIO_0002_0000_OGG_0001_F0E8537F433EAB1725AA4388C6D750E8.udd" 627
"../../../../../../Users/076271/Documents/Unreal Projects/Jump/Content/2DSideScrollerBP/Sounds/JumpSFXs/SFX_Jump_14.uasset" 628
"C:/Users/076271/AppData/Local/UnrealEngine/Common/DerivedDataCache/1/3/5/AUDIO_0002_0000_OGG_0001_EEB05AF44B927F2BDA5B98B09B534D6B.udd" 629
"../../../../../../Users/076271/Documents/Unreal Projects/Jump/Content/2DSideScrollerBP/Sounds/JumpSFXs/SFX_Jump_13.uasset" 630
"C:/Users/076271/AppData/Local/UnrealEngine/Common/DerivedDataCache/3/2/1/AUDIO_0002_0000_OGG_0001_BDCF6BCD4A71D8460986D9BBBE244409.udd" 631
"../../../../../../Users/076271/Documents/Unreal Projects/Jump/Content/2DSideScrollerBP/Sounds/JumpSFXs/SFX_Jump_12.uasset" 632
"C:/Users/076271/AppData/Local/UnrealEngine/Common/DerivedDataCache/2/8/5/AUDIO_0002_0000_OGG_0001_0B82DF2846765A4E27849182E189EDAE.udd" 633
"../../../../../../Users/076271/Documents/Unreal Projects/Jump/Content/2DSideScrollerBP/Sounds/JumpSFXs/SFX_Jump_11.uasset" 634
"C:/Users/076271/AppData/Local/UnrealEngine/Common/DerivedDataCache/4/2/6/AUDIO_0002_0000_OGG_0001_EEB982D0450B1196BC07879435E12238.udd" 635
"../../../../../../Users/076271/Documents/Unreal Projects/Jump/Content/2DSideScrollerBP/Sounds/JumpSFXs/SFX_Jump_10.uasset" 636
"C:/Users/076271/AppData/Local/UnrealEngine/Common/DerivedDataCache/1/0/0/AUDIO_0002_0000_OGG_0001_039B4D71424E76D7B2D1D6A2BC9E3BF6.udd" 637
"../../../../../../Users/076271/Documents/Unreal Projects/Jump/Content/2DSideScrollerBP/Sounds/JumpSFXs/SFX_Jump_09.uasset" 638
"C:/Users/076271/AppData/Local/UnrealEngine/Common/DerivedDataCache/9/8/1/AUDIO_0002_0000_OGG_0001_0B06700146C391000CA2F0803AC1252C.udd" 639
"../../../../../../Users/076271/Documents/Unreal Projects/Jump/Content/2DSideScrollerBP/Sounds/JumpSFXs/SFX_Jump_07.uasset" 640
"C:/Users/076271/AppData/Local/UnrealEngine/Common/DerivedDataCache/4/5/7/AUDIO_0002_0000_OGG_0001_CA0EA96D43EA775D915C7FB3D9966497.udd" 641
"../../../../../../Users/076271/Documents/Unreal Projects/Jump/Content/2DSideScrollerBP/Sounds/JumpSFXs/SFX_Jump_06.uasset" 642
"C:/Users/076271/AppData/Local/UnrealEngine/Common/DerivedDataCache/3/5/5/AUDIO_0002_0000_OGG_0001_44E8FBCF45B912DB531D57A1498579E9.udd" 643
"../../../../../../Users/076271/Documents/Unreal Projects/Jump/Content/2DSideScrollerBP/Sounds/JumpSFXs/SFX_Jump_05.uasset" 644
"C:/Users/076271/AppData/Local/UnrealEngine/Common/DerivedDataCache/9/8/7/AUDIO_0002_0000_OGG_0001_94E1B84A4AFB4294B765669253CA6E2A.udd" 645
"../../../../../../Users/076271/Documents/Unreal Projects/Jump/Content/2DSideScrollerBP/Sounds/JumpSFXs/SFX_Jump_04.uasset" 646
"C:/Users/076271/AppData/Local/UnrealEngine/Common/DerivedDataCache/8/9/7/AUDIO_0002_0000_OGG_0001_A6991D87457F68236EF59FA487140641.udd" 647
"../../../../../../Users/076271/Documents/Unreal Projects/Jump/Content/2DSideScrollerBP/Sounds/JumpSFXs/SFX_Jump_03.uasset" 648
"C:/Users/076271/AppData/Local/UnrealEngine/Common/DerivedDataCache/1/2/1/AUDIO_0002_0000_OGG_0001_D643A89C4984952B1D290485E5C0197D.udd" 649
"../../../../../../Users/076271/Documents/Unreal Projects/Jump/Content/2DSideScrollerBP/Sounds/JumpSFXs/SFX_Jump_02.uasset" 650
"C:/Users/076271/AppData/Local/UnrealEngine/Common/DerivedDataCache/2/8/2/AUDIO_0002_0000_OGG_0001_FDDE9DB243627E7B7DD62C95E1397B3F.udd" 651
"../../../../../../Users/076271/Documents/Unreal Projects/Jump/Content/2DSideScrollerBP/Sounds/JumpSFXs/SFX_Jump_01.uasset" 652
"C:/Users/076271/AppData/Local/UnrealEngine/Common/DerivedDataCache/0/2/2/AUDIO_0002_0000_OGG_0001_190696E9462C4CD7BE7403AC1CB35411.udd" 653
"../../../../../../Users/076271/Documents/Unreal Projects/Jump/Content/2DSideScrollerBP/Blueprints/Jump.uasset" 654
"../../../../../../Users/076271/Documents/Unreal Projects/Jump/Content/2DSideScrollerBP/Blueprints/2DSideScrollerGameMode.uasset" 655
