[2015.07.29-09.25.16:384][  0]Log file open, 07/29/15 19:25:16
[2015.07.29-09.25.16:385][  0]LogInit:Display: Running engine for game: TheEnding
[2015.07.29-09.25.16:385][  0]LogInit:Display: RandInit(92952744) SRandInit(92952744).
[2015.07.29-09.25.16:385][  0]LogTaskGraph: Started task graph with 4 named threads and 5 total threads.
[2015.07.29-09.25.16:385][  0]LogStats: Stats thread started
[2015.07.29-09.25.16:385][  0]LogInit: Version: 4.8.2-2614606+++depot+UE4-Releases+4.8
[2015.07.29-09.25.16:385][  0]LogInit: API Version: 2579680
[2015.07.29-09.25.16:385][  0]LogInit: Compiled (64-bit): Jul  8 2015 23:43:41
[2015.07.29-09.25.16:385][  0]LogInit: Compiled with Visual C++: 18.00.21005.01
[2015.07.29-09.25.16:385][  0]LogInit: Build Configuration: Development
[2015.07.29-09.25.16:385][  0]LogInit: Branch Name: ++depot+UE4-Releases+4.8
[2015.07.29-09.25.16:385][  0]LogInit: Command line:  /Temp/Autosaves/Game/FirstPersonBP/Maps/UEDPCLevelTest_Test01 -game -PIEVIACONSOLE -ResX=1280 -ResY=720  -Multiprocess 
[2015.07.29-09.25.16:385][  0]LogInit: Base directory: C:/Program Files/Epic Games/4.8/Engine/Binaries/Win64/
[2015.07.29-09.25.16:385][  0]LogInit: Rocket: 1
[2015.07.29-09.25.16:408][  0]LogInit: Using libcurl 7.41.0
[2015.07.29-09.25.16:408][  0]LogInit:  - built for x86_64-pc-win32
[2015.07.29-09.25.16:408][  0]LogInit:  - supports SSL with WinSSL
[2015.07.29-09.25.16:408][  0]LogInit:  - other features:
[2015.07.29-09.25.16:408][  0]LogInit:      CURL_VERSION_SSL
[2015.07.29-09.25.16:408][  0]LogInit:      CURL_VERSION_IPV6
[2015.07.29-09.25.16:408][  0]LogInit:      CURL_VERSION_ASYNCHDNS
[2015.07.29-09.25.16:408][  0]LogInit:      CURL_VERSION_LARGEFILE
[2015.07.29-09.25.16:408][  0]LogInit:      CURL_VERSION_IDN
[2015.07.29-09.25.16:408][  0]LogInit:  CurlRequestOptions (configurable via config and command line):
[2015.07.29-09.25.16:408][  0]LogInit:  - bVerifyPeer = true  - Libcurl will verify peer certificate
[2015.07.29-09.25.16:408][  0]LogInit:  - bUseHttpProxy = false  - Libcurl will NOT use HTTP proxy
[2015.07.29-09.25.16:408][  0]LogInit:  - bDontReuseConnections = false  - Libcurl will reuse connections
[2015.07.29-09.25.16:408][  0]LogInit:  - CertBundlePath = nullptr  - Libcurl will use whatever was configured at build time.
[2015.07.29-09.25.16:424][  0]LogOnline:Warning: No default platform service specified for OnlineSubsystem
[2015.07.29-09.25.16:443][  0]LogInit: Presizing for 0 objects not considered by GC, pre-allocating 0 bytes.
[2015.07.29-09.25.16:456][  0]LogInit: Object subsystem initialized
[2015.07.29-09.25.16:458][  0]LogConsoleResponse:Warning: Skipping Unknown console variable: 'TranslucentSortAxis = (X=0.000000,Y=-1.000000,Z=0.000000)'
[2015.07.29-09.25.16:458][  0]LogConsoleResponse:Warning:   Found in ini file 'C:/Users/076271/Desktop/Apps+Games+PixelArt/Games/The Ending/TheEnding/Saved/Config/Windows/Engine.ini', in section '[/Script/Engine.RendererSettings]'
[2015.07.29-09.25.16:458][  0]LogConsoleResponse:Warning: Skipping Unknown console variable: 'UIScaleRule = ShortestSide'
[2015.07.29-09.25.16:458][  0]LogConsoleResponse:Warning:   Found in ini file 'C:/Users/076271/Desktop/Apps+Games+PixelArt/Games/The Ending/TheEnding/Saved/Config/Windows/Engine.ini', in section '[/Script/Engine.RendererSettings]'
[2015.07.29-09.25.16:458][  0]LogConsoleResponse:Warning: Skipping Unknown console variable: 'UIScaleCurve = (EditorCurveData=(Keys=),ExternalCurve=None)'
[2015.07.29-09.25.16:458][  0]LogConsoleResponse:Warning:   Found in ini file 'C:/Users/076271/Desktop/Apps+Games+PixelArt/Games/The Ending/TheEnding/Saved/Config/Windows/Engine.ini', in section '[/Script/Engine.RendererSettings]'
[2015.07.29-09.25.16:459][  0]LogInit: Selected Device Profile: [Windows]
[2015.07.29-09.25.16:459][  0]LogInit: Applying CVar settings loaded from the selected device profile: [Windows]
[2015.07.29-09.25.16:464][  0]LogInit: Computer: TAB-1090
[2015.07.29-09.25.16:464][  0]LogInit: User: 076271
[2015.07.29-09.25.16:464][  0]LogInit: CPU Page size=4096, Cores=2
[2015.07.29-09.25.16:464][  0]LogInit: High frequency timer resolution =1.558894 MHz
[2015.07.29-09.25.16:464][  0]LogMemory: Memory total: Physical=7.9GB (8GB approx)
[2015.07.29-09.25.16:464][  0]LogMemory: Platform Memory Stats for Windows
[2015.07.29-09.25.16:464][  0]LogMemory: Process Physical Memory: 49.30 MB used, 49.30 MB peak
[2015.07.29-09.25.16:464][  0]LogMemory: Process Virtual Memory: 22.17 MB used, 22.17 MB peak
[2015.07.29-09.25.16:464][  0]LogMemory: Physical Memory: 3921.75 MB used, 8097.05 MB total
[2015.07.29-09.25.16:464][  0]LogMemory: Virtual Memory: 290.65 MB used, 134217728.00 MB total
[2015.07.29-09.25.16:504][  0]LogTextLocalizationManager: The requested culture ('en_AU') has no localization data; parent culture's ('en') localization data will be used.
[2015.07.29-09.25.16:946][  0]LogTextLocalizationManager:Warning: Loaded localization resources contain conflicting entries for (Namespace:ContentBrowser, Key:ImportAssetToolTip):
Localization Resource: (C:/Program Files/Epic Games/4.8/Engine/Content/Localization/Editor/en/Editor.locres) Source String Hash: (-630476809) Localized String: (Import to {0}...)
Localization Resource: (C:/Program Files/Epic Games/4.8/Engine/Content/Localization/Editor/en/Editor.locres) Source String Hash: (1271782899) Localized String: (Imports an asset from file to this folder.)
[2015.07.29-09.25.17:693][  0]LogD3D11RHI: Found D3D11 adapter 0: Intel(R) HD Graphics Family (Feature Level 11_0)
[2015.07.29-09.25.17:693][  0]LogD3D11RHI: Adapter has 0MB of dedicated video memory, 0MB of dedicated system memory, and 1792MB of shared system memory, 1 output[s]
[2015.07.29-09.25.17:694][  0]LogD3D11RHI: Found D3D11 adapter 1: Microsoft Basic Render Driver (Feature Level 11_0)
[2015.07.29-09.25.17:694][  0]LogD3D11RHI: Adapter has 0MB of dedicated video memory, 0MB of dedicated system memory, and 256MB of shared system memory, 0 output[s]
[2015.07.29-09.25.17:694][  0]LogD3D11RHI: Chosen D3D11 Adapter Id = 0
[2015.07.29-09.25.17:701][  0]LogD3D11RHI: InitD3DDevice
[2015.07.29-09.25.17:701][  0]LogD3D11RHI: !Direct3DDevice
[2015.07.29-09.25.17:701][  0]LogRHI: Texture pool is 627 MB (70% of 896 MB)
[2015.07.29-09.25.17:710][  0]LogD3D11RHI: Async texture creation enabled
[2015.07.29-09.25.17:717][  0]LogShaderCompilers:Display: Using Local Shader Compiler.
[2015.07.29-09.25.19:873][  0]LogTemp:Display: Loaded TP DesktopTargetPlatform
[2015.07.29-09.25.19:900][  0]LogTemp:Display: Loaded TP WindowsClientTargetPlatform
[2015.07.29-09.25.19:921][  0]LogTemp:Display: Loaded TP WindowsNoEditorTargetPlatform
[2015.07.29-09.25.19:940][  0]LogTemp:Display: Loaded TP WindowsServerTargetPlatform
[2015.07.29-09.25.19:958][  0]LogTemp:Display: Loaded TP WindowsTargetPlatform
[2015.07.29-09.25.19:973][  0]LogTemp:Display: Loaded TP AndroidTargetPlatform
[2015.07.29-09.25.19:987][  0]LogTemp:Display: Loaded TP Android_ASTCTargetPlatform
[2015.07.29-09.25.20:001][  0]LogTemp:Display: Loaded TP Android_ATCTargetPlatform
[2015.07.29-09.25.20:015][  0]LogTemp:Display: Loaded TP Android_DXTTargetPlatform
[2015.07.29-09.25.20:029][  0]LogTemp:Display: Loaded TP Android_ETC1TargetPlatform
[2015.07.29-09.25.20:043][  0]LogTemp:Display: Loaded TP Android_ETC2TargetPlatform
[2015.07.29-09.25.20:057][  0]LogTemp:Display: Loaded TP Android_PVRTCTargetPlatform
[2015.07.29-09.25.20:072][  0]LogTemp:Display: Loaded TP HTML5TargetPlatform
[2015.07.29-09.25.20:109][  0]LogTemp:Display: Loaded TP IOSTargetPlatform
[2015.07.29-09.25.20:123][  0]LogTemp:Display: Loaded TP LinuxNoEditorTargetPlatform
[2015.07.29-09.25.20:137][  0]LogTemp:Display: Loaded TP LinuxServerTargetPlatform
[2015.07.29-09.25.20:152][  0]LogTemp:Display: Loaded TP LinuxTargetPlatform
[2015.07.29-09.25.20:152][  0]LogTargetPlatformManager:Display: Building Assets For Windows
[2015.07.29-09.25.20:373][  0]LogDerivedDataCache:Display: Max Cache Size: 512 MB
[2015.07.29-09.25.20:556][  0]LogDerivedDataCache: Loaded boot cache 0.18s 53MB C:/Users/076271/AppData/Local/UnrealEngine/4.8/DerivedDataCache/Boot.ddc.
[2015.07.29-09.25.20:556][  0]LogDerivedDataCache:Display: Loaded Boot cache: C:/Users/076271/AppData/Local/UnrealEngine/4.8/DerivedDataCache/Boot.ddc
[2015.07.29-09.25.20:556][  0]LogDerivedDataCache: FDerivedDataBackendGraph:  Pak pak cache file ../../../../../../Users/076271/Desktop/Apps+Games+PixelArt/Games/The Ending/TheEnding/DerivedDataCache/DDC.ddp not found, will not use a pak cache.
[2015.07.29-09.25.20:556][  0]LogDerivedDataCache: Unable to find inner node Pak for hierarchical cache Hierarchy.
[2015.07.29-09.25.20:556][  0]LogDerivedDataCache: FDerivedDataBackendGraph:  CompressedPak pak cache file ../../../../../../Users/076271/Desktop/Apps+Games+PixelArt/Games/The Ending/TheEnding/DerivedDataCache/Compressed.ddp not found, will not use a pak cache.
[2015.07.29-09.25.20:556][  0]LogDerivedDataCache: Unable to find inner node CompressedPak for hierarchical cache Hierarchy.
[2015.07.29-09.25.20:789][  0]LogDerivedDataCache:Display: Pak cache opened for reading ../../../Engine/DerivedDataCache/Compressed.ddp.
[2015.07.29-09.25.20:801][  0]LogDerivedDataCache: Using Local data cache path C:/Users/076271/AppData/Local/UnrealEngine/Common/DerivedDataCache: Writable
[2015.07.29-09.25.21:236][  0]LogInit: Selected Device Profile: [Windows]
[2015.07.29-09.25.21:479][  0]ImportText (ComponentSweepMultiTests): Missing closing parenthesis: (RootShapeAsset="/Engine/BasicShapes/Cube.Cube",ShapeType="TriggerCapsule",HitResult=(Time=0.50,Location=(X=-100.000015,Y=0.0,Z=100.000015),ImpactPoint=(X=-50.0,Y=0.0,Z=50.0),Normal=(X=-1.0,Y=-0.0,Z=0.0),ImpactNormal=(X=0.0,Y=0.0,Z=1.0),TraceStart=(X=-200.0,Y=0.0,Z=200.0),TraceEnd=(X=0.0,Y=0.0,Z=0.0))
[2015.07.29-09.25.21:483][  0]ImportText (LineTraceSingleByChannelTests): Missing closing parenthesis: (RootShapeAsset="/Engine/BasicShapes/Cube.Cube",HitResult=(Time=0.50,Location=(X=-100.000015,Y=0.0,Z=100.000015),ImpactPoint=(X=-50.0,Y=0.0,Z=50.0),Normal=(X=-1.0,Y=-0.0,Z=0.0),ImpactNormal=(X=0.0,Y=0.0,Z=1.0),TraceStart=(X=-200.0,Y=0.0,Z=200.0),TraceEnd=(X=0.0,Y=0.0,Z=0.0))
[2015.07.29-09.25.21:551][  0]LogMeshUtilities: No automatic mesh reduction module available
[2015.07.29-09.25.21:551][  0]LogMeshUtilities: No automatic mesh merging module available
[2015.07.29-09.25.22:215][  0]LogInit: WinSock: version 1.1 (2.2), MaxSocks=32767, MaxUdp=65467
[2015.07.29-09.25.22:988][  0]LogD3D11RHI: InitD3DDevice
[2015.07.29-09.25.22:995][  0]LogWindowsMoviePlayer: Unable to load movie: ../../../../../../Users/076271/Desktop/Apps+Games+PixelArt/Games/The Ending/TheEnding/Content/Movies/Default_Startup.mp4
[2015.07.29-09.25.23:165][  0]SourceControl: Info Source control is disabled
[2015.07.29-09.25.23:165][  0]SourceControl: Info Source control is disabled
[2015.07.29-09.25.23:176][  0]SourceControl: Info Source control is disabled
[2015.07.29-09.25.23:562][  0]LogObj: 25781 objects as part of root set at end of initial load.
[2015.07.29-09.25.23:562][  0]LogUObjectAllocator: 5195968 out of 0 bytes used by permanent object pool.
[2015.07.29-09.25.23:645][  0]LogAutomationTest:Warning: ERR: Transient text cannot be serialized "Testing Transient serialization detection".
[2015.07.29-09.25.23:645][  0]LogEngine: Initializing Engine...
[2015.07.29-09.25.23:649][  0]LogHMD: Can't find Oculus library dev build: is proper Runtime installed? Version: 0.6.0.0
[2015.07.29-09.25.23:651][  0]LogHMD:Warning: SteamVR failed to initialize.  Error: 100
[2015.07.29-09.25.23:764][  0]LogInit: XAudio2 using 'Speakers / Headphones (Realtek High Definition Audio)' : 2 channels at 48 kHz using 16 bits per sample (channel mask 0x3)
[2015.07.29-09.25.23:778][  0]LogInit: FAudioDevice initialized.
[2015.07.29-09.25.23:797][  0]LogInit: Texture streaming: Disabled
[2015.07.29-09.25.24:088][  0]LogNet: Browse: /Temp/Autosaves/Game/FirstPersonBP/Maps/UEDPCLevelTest_Test01?Name=Player
[2015.07.29-09.25.24:088][  0]LogLoad: LoadMap: /Temp/Autosaves/Game/FirstPersonBP/Maps/UEDPCLevelTest_Test01?Name=Player
[2015.07.29-09.25.24:110][  0]LogParticles: Destroying 0 GPU particle simulations for FXSystem 0x00000054B1573560
[2015.07.29-09.25.24:129][  0]LogMemory: Platform Memory Stats for Windows
[2015.07.29-09.25.24:129][  0]LogMemory: Process Physical Memory: 364.97 MB used, 364.98 MB peak
[2015.07.29-09.25.24:129][  0]LogMemory: Process Virtual Memory: 313.04 MB used, 316.34 MB peak
[2015.07.29-09.25.24:129][  0]LogMemory: Physical Memory: 4232.99 MB used, 8097.05 MB total
[2015.07.29-09.25.24:129][  0]LogMemory: Virtual Memory: 810.68 MB used, 134217728.00 MB total
[2015.07.29-09.25.24:129][  0]LogMemory: 
[2015.07.29-09.25.24:129][  0]Allocator Stats for TBB: (not implemented)
[2015.07.29-09.25.24:592][  0]LogProperty:Error: UStructProperty::Serialize Loading: Property 'StructProperty /Game/FirstPersonBP/Blueprints/BPA_MasterItem.BPA_MasterItem_C:ItemData'. Unknown structure.
[2015.07.29-09.25.24:594][  0]LogClass:Warning: Property ItemData of BPA_MasterItem_C struct type mismatch STRUCT_REINST_BPS_ItemData_26/FallbackStruct for package:  ../../../../../../Users/076271/Desktop/Apps+Games+PixelArt/Games/The Ending/TheEnding/Content/FirstPersonBP/Blueprints/BPA_MasterItem.uasset. If that property got renamed, add an ActiveStructRedirect.
[2015.07.29-09.25.24:638][  0]LogClass:Warning: Property ItemData of BPA_MasterItem_C struct type mismatch FallbackStruct/BPS_ItemData for package:  FObjectReader. If that property got renamed, add an ActiveStructRedirect.
[2015.07.29-09.25.26:810][  0]LogAIModule: Creating AISystem for world LevelTest_Test01
[2015.07.29-09.25.28:179][  0]LogWorld: Game class is 'BPG_TheEnding_C'
[2015.07.29-09.25.32:036][  0]LogWorld: Bringing World /Temp/Autosaves/Game/FirstPersonBP/Maps/UEDPCLevelTest_Test01.LevelTest_Test01 up for play (max tick rate 0) at 2015.07.29-19.25.32
[2015.07.29-09.25.32:037][  0]LogWorld: Bringing up level for play took: 0.212630
[2015.07.29-09.25.32:047][  0]LogInit:Display: Game Engine Initialized.
[2015.07.29-09.25.32:289][  0]LogAssetRegistry: FAssetRegistry took 0.0002 seconds to start up
[2015.07.29-09.25.32:289][  0]LogLoad: Full Startup: 18.11 seconds (BP compile: 1.07 seconds)
[2015.07.29-09.25.32:307][  0]LogWindowsTextInputMethodSystem:Display: IME system now deactivated.
[2015.07.29-09.25.32:307][  0]LogWindowsTextInputMethodSystem:Display: IME system now deactivated.
[2015.07.29-09.25.32:388][  0]LogRenderer: Reallocating scene render targets to support 128x128 (Frame:1).
[2015.07.29-09.25.32:761][  0]LogContentStreaming: Texture pool size is 200.000000MB
[2015.07.29-09.25.32:947][  1]LogRenderer: Reallocating scene render targets to support 640x360 (Frame:2).
[2015.07.29-09.25.40:078][272]LogArray:Warning: Attempted to get an item from array Inventory out of bounds [-1/0]!
[2015.07.29-09.25.40:079][272]LogArray:Warning: Attempted to get an item from array Inventory out of bounds [-1/0]!
[2015.07.29-09.25.40:085][273]LogArray:Warning: Attempted to get an item from array Inventory out of bounds [-1/0]!
[2015.07.29-09.25.40:085][273]LogArray:Warning: Attempted to get an item from array Inventory out of bounds [-1/0]!
[2015.07.29-09.25.40:131][274]LogArray:Warning: Attempted to get an item from array Inventory out of bounds [-1/0]!
[2015.07.29-09.25.40:131][274]LogArray:Warning: Attempted to get an item from array Inventory out of bounds [-1/0]!
[2015.07.29-09.25.40:176][275]LogArray:Warning: Attempted to get an item from array Inventory out of bounds [-1/0]!
[2015.07.29-09.25.40:176][275]LogArray:Warning: Attempted to get an item from array Inventory out of bounds [-1/0]!
[2015.07.29-09.25.40:193][276]LogArray:Warning: Attempted to get an item from array Inventory out of bounds [-1/0]!
[2015.07.29-09.25.40:193][276]LogArray:Warning: Attempted to get an item from array Inventory out of bounds [-1/0]!
[2015.07.29-09.25.40:211][277]LogArray:Warning: Attempted to get an item from array Inventory out of bounds [-1/0]!
[2015.07.29-09.25.40:211][277]LogArray:Warning: Attempted to get an item from array Inventory out of bounds [-1/0]!
[2015.07.29-09.25.40:227][278]LogArray:Warning: Attempted to get an item from array Inventory out of bounds [-1/0]!
[2015.07.29-09.25.40:227][278]LogArray:Warning: Attempted to get an item from array Inventory out of bounds [-1/0]!
[2015.07.29-09.25.40:243][279]LogArray:Warning: Attempted to get an item from array Inventory out of bounds [-1/0]!
[2015.07.29-09.25.40:243][279]LogArray:Warning: Attempted to get an item from array Inventory out of bounds [-1/0]!
[2015.07.29-09.25.40:265][280]LogArray:Warning: Attempted to get an item from array Inventory out of bounds [-1/0]!
[2015.07.29-09.25.40:265][280]LogArray:Warning: Attempted to get an item from array Inventory out of bounds [-1/0]!
[2015.07.29-09.25.40:303][281]LogArray:Warning: Attempted to get an item from array Inventory out of bounds [-1/0]!
[2015.07.29-09.25.40:304][281]LogArray:Warning: Attempted to get an item from array Inventory out of bounds [-1/0]!
[2015.07.29-09.25.40:317][282]LogArray:Warning: Attempted to get an item from array Inventory out of bounds [-1/0]!
[2015.07.29-09.25.40:317][282]LogArray:Warning: Attempted to get an item from array Inventory out of bounds [-1/0]!
[2015.07.29-09.25.40:341][283]LogArray:Warning: Attempted to get an item from array Inventory out of bounds [-1/0]!
[2015.07.29-09.25.40:341][283]LogArray:Warning: Attempted to get an item from array Inventory out of bounds [-1/0]!
[2015.07.29-09.25.40:357][284]LogArray:Warning: Attempted to get an item from array Inventory out of bounds [-1/0]!
[2015.07.29-09.25.40:357][284]LogArray:Warning: Attempted to get an item from array Inventory out of bounds [-1/0]!
[2015.07.29-09.25.40:373][285]LogArray:Warning: Attempted to get an item from array Inventory out of bounds [-1/0]!
[2015.07.29-09.25.40:373][285]LogArray:Warning: Attempted to get an item from array Inventory out of bounds [-1/0]!
[2015.07.29-09.25.40:390][286]LogArray:Warning: Attempted to get an item from array Inventory out of bounds [-1/0]!
[2015.07.29-09.25.40:390][286]LogArray:Warning: Attempted to get an item from array Inventory out of bounds [-1/0]!
[2015.07.29-09.25.40:430][287]LogArray:Warning: Attempted to get an item from array Inventory out of bounds [-1/0]!
[2015.07.29-09.25.40:431][287]LogArray:Warning: Attempted to get an item from array Inventory out of bounds [-1/0]!
[2015.07.29-09.25.40:483][288]LogArray:Warning: Attempted to get an item from array Inventory out of bounds [-1/0]!
[2015.07.29-09.25.40:485][288]LogArray:Warning: Attempted to get an item from array Inventory out of bounds [-1/0]!
[2015.07.29-09.25.40:510][289]LogArray:Warning: Attempted to get an item from array Inventory out of bounds [-1/0]!
[2015.07.29-09.25.40:510][289]LogArray:Warning: Attempted to get an item from array Inventory out of bounds [-1/0]!
[2015.07.29-09.25.40:528][290]LogArray:Warning: Attempted to get an item from array Inventory out of bounds [-1/0]!
[2015.07.29-09.25.40:528][290]LogArray:Warning: Attempted to get an item from array Inventory out of bounds [-1/0]!
[2015.07.29-09.25.40:543][291]LogArray:Warning: Attempted to get an item from array Inventory out of bounds [-1/0]!
[2015.07.29-09.25.40:543][291]LogArray:Warning: Attempted to get an item from array Inventory out of bounds [-1/0]!
[2015.07.29-09.25.40:560][292]LogArray:Warning: Attempted to get an item from array Inventory out of bounds [-1/0]!
[2015.07.29-09.25.40:560][292]LogArray:Warning: Attempted to get an item from array Inventory out of bounds [-1/0]!
[2015.07.29-09.25.40:614][293]LogArray:Warning: Attempted to get an item from array Inventory out of bounds [-1/0]!
[2015.07.29-09.25.40:615][293]LogArray:Warning: Attempted to get an item from array Inventory out of bounds [-1/0]!
[2015.07.29-09.25.40:645][294]LogArray:Warning: Attempted to get an item from array Inventory out of bounds [-1/0]!
[2015.07.29-09.25.40:645][294]LogArray:Warning: Attempted to get an item from array Inventory out of bounds [-1/0]!
[2015.07.29-09.25.40:660][295]LogArray:Warning: Attempted to get an item from array Inventory out of bounds [-1/0]!
[2015.07.29-09.25.40:660][295]LogArray:Warning: Attempted to get an item from array Inventory out of bounds [-1/0]!
[2015.07.29-09.25.40:682][296]LogArray:Warning: Attempted to get an item from array Inventory out of bounds [-1/0]!
[2015.07.29-09.25.40:683][296]LogArray:Warning: Attempted to get an item from array Inventory out of bounds [-1/0]!
[2015.07.29-09.25.40:770][297]LogArray:Warning: Attempted to get an item from array Inventory out of bounds [-1/0]!
[2015.07.29-09.25.40:771][297]LogArray:Warning: Attempted to get an item from array Inventory out of bounds [-1/0]!
[2015.07.29-09.25.40:813][298]LogArray:Warning: Attempted to get an item from array Inventory out of bounds [-1/0]!
[2015.07.29-09.25.40:813][298]LogArray:Warning: Attempted to get an item from array Inventory out of bounds [-1/0]!
[2015.07.29-09.25.40:835][299]LogArray:Warning: Attempted to get an item from array Inventory out of bounds [-1/0]!
[2015.07.29-09.25.40:835][299]LogArray:Warning: Attempted to get an item from array Inventory out of bounds [-1/0]!
[2015.07.29-09.25.40:863][300]LogArray:Warning: Attempted to get an item from array Inventory out of bounds [-1/0]!
[2015.07.29-09.25.40:863][300]LogArray:Warning: Attempted to get an item from array Inventory out of bounds [-1/0]!
[2015.07.29-09.25.40:879][301]LogArray:Warning: Attempted to get an item from array Inventory out of bounds [-1/0]!
[2015.07.29-09.25.40:879][301]LogArray:Warning: Attempted to get an item from array Inventory out of bounds [-1/0]!
[2015.07.29-09.25.40:896][302]LogArray:Warning: Attempted to get an item from array Inventory out of bounds [-1/0]!
[2015.07.29-09.25.40:896][302]LogArray:Warning: Attempted to get an item from array Inventory out of bounds [-1/0]!
[2015.07.29-09.25.40:912][303]LogArray:Warning: Attempted to get an item from array Inventory out of bounds [-1/0]!
[2015.07.29-09.25.40:912][303]LogArray:Warning: Attempted to get an item from array Inventory out of bounds [-1/0]!
[2015.07.29-09.25.40:929][304]LogArray:Warning: Attempted to get an item from array Inventory out of bounds [-1/0]!
[2015.07.29-09.25.40:929][304]LogArray:Warning: Attempted to get an item from array Inventory out of bounds [-1/0]!
[2015.07.29-09.25.40:946][305]LogArray:Warning: Attempted to get an item from array Inventory out of bounds [-1/0]!
[2015.07.29-09.25.40:946][305]LogArray:Warning: Attempted to get an item from array Inventory out of bounds [-1/0]!
[2015.07.29-09.25.40:992][306]LogArray:Warning: Attempted to get an item from array Inventory out of bounds [-1/0]!
[2015.07.29-09.25.40:993][306]LogArray:Warning: Attempted to get an item from array Inventory out of bounds [-1/0]!
[2015.07.29-09.25.41:022][307]LogArray:Warning: Attempted to get an item from array Inventory out of bounds [-1/0]!
[2015.07.29-09.25.41:022][307]LogArray:Warning: Attempted to get an item from array Inventory out of bounds [-1/0]!
[2015.07.29-09.25.41:037][308]LogArray:Warning: Attempted to get an item from array Inventory out of bounds [-1/0]!
[2015.07.29-09.25.41:037][308]LogArray:Warning: Attempted to get an item from array Inventory out of bounds [-1/0]!
[2015.07.29-09.25.41:051][309]LogArray:Warning: Attempted to get an item from array Inventory out of bounds [-1/0]!
[2015.07.29-09.25.41:052][309]LogArray:Warning: Attempted to get an item from array Inventory out of bounds [-1/0]!
[2015.07.29-09.25.41:067][310]LogArray:Warning: Attempted to get an item from array Inventory out of bounds [-1/0]!
[2015.07.29-09.25.41:067][310]LogArray:Warning: Attempted to get an item from array Inventory out of bounds [-1/0]!
[2015.07.29-09.25.41:083][311]LogArray:Warning: Attempted to get an item from array Inventory out of bounds [-1/0]!
[2015.07.29-09.25.41:083][311]LogArray:Warning: Attempted to get an item from array Inventory out of bounds [-1/0]!
[2015.07.29-09.25.41:104][312]LogArray:Warning: Attempted to get an item from array Inventory out of bounds [-1/0]!
[2015.07.29-09.25.41:104][312]LogArray:Warning: Attempted to get an item from array Inventory out of bounds [-1/0]!
[2015.07.29-09.25.41:121][313]LogArray:Warning: Attempted to get an item from array Inventory out of bounds [-1/0]!
[2015.07.29-09.25.41:121][313]LogArray:Warning: Attempted to get an item from array Inventory out of bounds [-1/0]!
[2015.07.29-09.25.41:155][314]LogArray:Warning: Attempted to get an item from array Inventory out of bounds [-1/0]!
[2015.07.29-09.25.41:157][314]LogArray:Warning: Attempted to get an item from array Inventory out of bounds [-1/0]!
[2015.07.29-09.25.41:204][315]LogArray:Warning: Attempted to get an item from array Inventory out of bounds [-1/0]!
[2015.07.29-09.25.41:204][315]LogArray:Warning: Attempted to get an item from array Inventory out of bounds [-1/0]!
[2015.07.29-09.25.41:216][316]LogArray:Warning: Attempted to get an item from array Inventory out of bounds [-1/0]!
[2015.07.29-09.25.41:216][316]LogArray:Warning: Attempted to get an item from array Inventory out of bounds [-1/0]!
[2015.07.29-09.25.41:235][317]LogArray:Warning: Attempted to get an item from array Inventory out of bounds [-1/0]!
[2015.07.29-09.25.41:235][317]LogArray:Warning: Attempted to get an item from array Inventory out of bounds [-1/0]!
[2015.07.29-09.25.41:253][318]LogArray:Warning: Attempted to get an item from array Inventory out of bounds [-1/0]!
[2015.07.29-09.25.41:253][318]LogArray:Warning: Attempted to get an item from array Inventory out of bounds [-1/0]!
[2015.07.29-09.25.41:269][319]LogArray:Warning: Attempted to get an item from array Inventory out of bounds [-1/0]!
[2015.07.29-09.25.41:269][319]LogArray:Warning: Attempted to get an item from array Inventory out of bounds [-1/0]!
[2015.07.29-09.25.41:285][320]LogArray:Warning: Attempted to get an item from array Inventory out of bounds [-1/0]!
[2015.07.29-09.25.41:285][320]LogArray:Warning: Attempted to get an item from array Inventory out of bounds [-1/0]!
[2015.07.29-09.25.41:302][321]LogArray:Warning: Attempted to get an item from array Inventory out of bounds [-1/0]!
[2015.07.29-09.25.41:302][321]LogArray:Warning: Attempted to get an item from array Inventory out of bounds [-1/0]!
[2015.07.29-09.25.41:319][322]LogArray:Warning: Attempted to get an item from array Inventory out of bounds [-1/0]!
[2015.07.29-09.25.41:319][322]LogArray:Warning: Attempted to get an item from array Inventory out of bounds [-1/0]!
[2015.07.29-09.25.41:335][323]LogArray:Warning: Attempted to get an item from array Inventory out of bounds [-1/0]!
[2015.07.29-09.25.41:335][323]LogArray:Warning: Attempted to get an item from array Inventory out of bounds [-1/0]!
[2015.07.29-09.25.41:364][324]LogArray:Warning: Attempted to get an item from array Inventory out of bounds [-1/0]!
[2015.07.29-09.25.41:365][324]LogArray:Warning: Attempted to get an item from array Inventory out of bounds [-1/0]!
[2015.07.29-09.25.41:411][325]LogArray:Warning: Attempted to get an item from array Inventory out of bounds [-1/0]!
[2015.07.29-09.25.41:412][325]LogArray:Warning: Attempted to get an item from array Inventory out of bounds [-1/0]!
[2015.07.29-09.25.41:433][326]LogArray:Warning: Attempted to get an item from array Inventory out of bounds [-1/0]!
[2015.07.29-09.25.41:433][326]LogArray:Warning: Attempted to get an item from array Inventory out of bounds [-1/0]!
[2015.07.29-09.25.41:448][327]LogArray:Warning: Attempted to get an item from array Inventory out of bounds [-1/0]!
[2015.07.29-09.25.41:448][327]LogArray:Warning: Attempted to get an item from array Inventory out of bounds [-1/0]!
[2015.07.29-09.25.41:468][328]LogArray:Warning: Attempted to get an item from array Inventory out of bounds [-1/0]!
[2015.07.29-09.25.41:469][328]LogArray:Warning: Attempted to get an item from array Inventory out of bounds [-1/0]!
[2015.07.29-09.25.42:723][378]LogArray:Warning: Attempted to get an item from array Inventory out of bounds [-1/0]!
[2015.07.29-09.25.42:723][378]LogArray:Warning: Attempted to remove an item from an invalid index from array Inventory [-1/0]!
[2015.07.29-09.25.42:723][378]LogArray:Warning: Attempted to get an item from array Inventory out of bounds [-1/0]!
[2015.07.29-09.25.42:723][378]LogArray:Warning: Attempted to remove an item from an invalid index from array Inventory [-1/0]!
[2015.07.29-09.25.42:725][378]LogArray:Warning: Attempted to get an item from array Inventory out of bounds [-1/0]!
[2015.07.29-09.25.42:726][378]LogArray:Warning: Attempted to get an item from array Inventory out of bounds [-1/0]!
[2015.07.29-09.25.42:742][379]LogArray:Warning: Attempted to get an item from array Inventory out of bounds [-1/0]!
[2015.07.29-09.25.42:742][379]LogArray:Warning: Attempted to get an item from array Inventory out of bounds [-1/0]!
[2015.07.29-09.25.42:758][380]LogArray:Warning: Attempted to get an item from array Inventory out of bounds [-1/0]!
[2015.07.29-09.25.42:758][380]LogArray:Warning: Attempted to get an item from array Inventory out of bounds [-1/0]!
[2015.07.29-09.25.42:775][381]LogArray:Warning: Attempted to get an item from array Inventory out of bounds [-1/0]!
[2015.07.29-09.25.42:776][381]LogArray:Warning: Attempted to get an item from array Inventory out of bounds [-1/0]!
[2015.07.29-09.25.42:795][382]LogArray:Warning: Attempted to get an item from array Inventory out of bounds [-1/0]!
[2015.07.29-09.25.42:795][382]LogArray:Warning: Attempted to get an item from array Inventory out of bounds [-1/0]!
[2015.07.29-09.25.42:829][383]LogArray:Warning: Attempted to get an item from array Inventory out of bounds [-1/0]!
[2015.07.29-09.25.42:834][383]LogArray:Warning: Attempted to get an item from array Inventory out of bounds [-1/0]!
[2015.07.29-09.25.42:868][384]LogArray:Warning: Attempted to get an item from array Inventory out of bounds [-1/0]!
[2015.07.29-09.25.42:868][384]LogArray:Warning: Attempted to get an item from array Inventory out of bounds [-1/0]!
[2015.07.29-09.25.42:884][385]LogArray:Warning: Attempted to get an item from array Inventory out of bounds [-1/0]!
[2015.07.29-09.25.42:884][385]LogArray:Warning: Attempted to get an item from array Inventory out of bounds [-1/0]!
[2015.07.29-09.25.42:902][386]LogArray:Warning: Attempted to get an item from array Inventory out of bounds [-1/0]!
[2015.07.29-09.25.42:903][386]LogArray:Warning: Attempted to get an item from array Inventory out of bounds [-1/0]!
[2015.07.29-09.25.43:485][405]LogArray:Warning: Attempted to get an item from array Inventory out of bounds [-1/0]!
[2015.07.29-09.25.43:486][405]LogArray:Warning: Attempted to get an item from array Inventory out of bounds [-1/0]!
[2015.07.29-09.25.43:514][406]LogArray:Warning: Attempted to get an item from array Inventory out of bounds [-1/0]!
[2015.07.29-09.25.43:515][406]LogArray:Warning: Attempted to get an item from array Inventory out of bounds [-1/0]!
[2015.07.29-09.25.43:547][407]LogArray:Warning: Attempted to get an item from array Inventory out of bounds [-1/0]!
[2015.07.29-09.25.43:547][407]LogArray:Warning: Attempted to get an item from array Inventory out of bounds [-1/0]!
[2015.07.29-09.25.43:568][408]LogArray:Warning: Attempted to get an item from array Inventory out of bounds [-1/0]!
[2015.07.29-09.25.43:568][408]LogArray:Warning: Attempted to get an item from array Inventory out of bounds [-1/0]!
[2015.07.29-09.25.43:585][409]LogArray:Warning: Attempted to get an item from array Inventory out of bounds [-1/0]!
[2015.07.29-09.25.43:586][409]LogArray:Warning: Attempted to get an item from array Inventory out of bounds [-1/0]!
[2015.07.29-09.25.43:603][410]LogArray:Warning: Attempted to get an item from array Inventory out of bounds [-1/0]!
[2015.07.29-09.25.43:603][410]LogArray:Warning: Attempted to get an item from array Inventory out of bounds [-1/0]!
[2015.07.29-09.25.43:622][411]LogArray:Warning: Attempted to get an item from array Inventory out of bounds [-1/0]!
[2015.07.29-09.25.43:623][411]LogArray:Warning: Attempted to get an item from array Inventory out of bounds [-1/0]!
[2015.07.29-09.25.43:662][412]LogArray:Warning: Attempted to get an item from array Inventory out of bounds [-1/0]!
[2015.07.29-09.25.43:663][412]LogArray:Warning: Attempted to get an item from array Inventory out of bounds [-1/0]!
[2015.07.29-09.25.43:678][413]LogArray:Warning: Attempted to get an item from array Inventory out of bounds [-1/0]!
[2015.07.29-09.25.43:679][413]LogArray:Warning: Attempted to get an item from array Inventory out of bounds [-1/0]!
[2015.07.29-09.25.43:693][414]LogArray:Warning: Attempted to get an item from array Inventory out of bounds [-1/0]!
[2015.07.29-09.25.43:694][414]LogArray:Warning: Attempted to get an item from array Inventory out of bounds [-1/0]!
[2015.07.29-09.25.43:714][415]LogArray:Warning: Attempted to get an item from array Inventory out of bounds [-1/0]!
[2015.07.29-09.25.43:714][415]LogArray:Warning: Attempted to get an item from array Inventory out of bounds [-1/0]!
[2015.07.29-09.25.43:732][416]LogArray:Warning: Attempted to get an item from array Inventory out of bounds [-1/0]!
[2015.07.29-09.25.43:732][416]LogArray:Warning: Attempted to get an item from array Inventory out of bounds [-1/0]!
[2015.07.29-09.25.43:749][417]LogArray:Warning: Attempted to get an item from array Inventory out of bounds [-1/0]!
[2015.07.29-09.25.43:749][417]LogArray:Warning: Attempted to get an item from array Inventory out of bounds [-1/0]!
[2015.07.29-09.25.43:768][418]LogArray:Warning: Attempted to get an item from array Inventory out of bounds [-1/0]!
[2015.07.29-09.25.43:768][418]LogArray:Warning: Attempted to get an item from array Inventory out of bounds [-1/0]!
[2015.07.29-09.25.43:832][419]LogArray:Warning: Attempted to get an item from array Inventory out of bounds [-1/0]!
[2015.07.29-09.25.43:833][419]LogArray:Warning: Attempted to get an item from array Inventory out of bounds [-1/0]!
[2015.07.29-09.25.43:854][420]LogArray:Warning: Attempted to get an item from array Inventory out of bounds [-1/0]!
[2015.07.29-09.25.43:854][420]LogArray:Warning: Attempted to get an item from array Inventory out of bounds [-1/0]!
[2015.07.29-09.25.43:863][421]LogArray:Warning: Attempted to get an item from array Inventory out of bounds [-1/0]!
[2015.07.29-09.25.43:863][421]LogArray:Warning: Attempted to get an item from array Inventory out of bounds [-1/0]!
[2015.07.29-09.25.43:883][422]LogArray:Warning: Attempted to get an item from array Inventory out of bounds [-1/0]!
[2015.07.29-09.25.43:883][422]LogArray:Warning: Attempted to get an item from array Inventory out of bounds [-1/0]!
[2015.07.29-09.25.43:901][423]LogArray:Warning: Attempted to get an item from array Inventory out of bounds [-1/0]!
[2015.07.29-09.25.43:901][423]LogArray:Warning: Attempted to get an item from array Inventory out of bounds [-1/0]!
[2015.07.29-09.25.43:919][424]LogArray:Warning: Attempted to get an item from array Inventory out of bounds [-1/0]!
[2015.07.29-09.25.43:919][424]LogArray:Warning: Attempted to get an item from array Inventory out of bounds [-1/0]!
[2015.07.29-09.25.43:939][425]LogArray:Warning: Attempted to get an item from array Inventory out of bounds [-1/0]!
[2015.07.29-09.25.43:939][425]LogArray:Warning: Attempted to get an item from array Inventory out of bounds [-1/0]!
[2015.07.29-09.25.43:975][426]LogArray:Warning: Attempted to get an item from array Inventory out of bounds [-1/0]!
[2015.07.29-09.25.43:978][426]LogArray:Warning: Attempted to get an item from array Inventory out of bounds [-1/0]!
[2015.07.29-09.25.44:024][427]LogArray:Warning: Attempted to get an item from array Inventory out of bounds [-1/0]!
[2015.07.29-09.25.44:024][427]LogArray:Warning: Attempted to get an item from array Inventory out of bounds [-1/0]!
[2015.07.29-09.25.44:051][428]LogArray:Warning: Attempted to get an item from array Inventory out of bounds [-1/0]!
[2015.07.29-09.25.44:051][428]LogArray:Warning: Attempted to get an item from array Inventory out of bounds [-1/0]!
[2015.07.29-09.25.44:071][429]LogArray:Warning: Attempted to get an item from array Inventory out of bounds [-1/0]!
[2015.07.29-09.25.44:072][429]LogArray:Warning: Attempted to get an item from array Inventory out of bounds [-1/0]!
[2015.07.29-09.25.44:089][430]LogArray:Warning: Attempted to get an item from array Inventory out of bounds [-1/0]!
[2015.07.29-09.25.44:089][430]LogArray:Warning: Attempted to get an item from array Inventory out of bounds [-1/0]!
[2015.07.29-09.25.44:106][431]LogArray:Warning: Attempted to get an item from array Inventory out of bounds [-1/0]!
[2015.07.29-09.25.44:106][431]LogArray:Warning: Attempted to get an item from array Inventory out of bounds [-1/0]!
[2015.07.29-09.25.44:126][432]LogArray:Warning: Attempted to get an item from array Inventory out of bounds [-1/0]!
[2015.07.29-09.25.44:126][432]LogArray:Warning: Attempted to get an item from array Inventory out of bounds [-1/0]!
[2015.07.29-09.25.44:143][433]LogArray:Warning: Attempted to get an item from array Inventory out of bounds [-1/0]!
[2015.07.29-09.25.44:144][433]LogArray:Warning: Attempted to get an item from array Inventory out of bounds [-1/0]!
[2015.07.29-09.25.44:160][434]LogArray:Warning: Attempted to get an item from array Inventory out of bounds [-1/0]!
[2015.07.29-09.25.44:160][434]LogArray:Warning: Attempted to get an item from array Inventory out of bounds [-1/0]!
[2015.07.29-09.25.44:191][435]LogArray:Warning: Attempted to get an item from array Inventory out of bounds [-1/0]!
[2015.07.29-09.25.44:192][435]LogArray:Warning: Attempted to get an item from array Inventory out of bounds [-1/0]!
[2015.07.29-09.25.44:235][436]LogArray:Warning: Attempted to get an item from array Inventory out of bounds [-1/0]!
[2015.07.29-09.25.44:235][436]LogArray:Warning: Attempted to get an item from array Inventory out of bounds [-1/0]!
[2015.07.29-09.25.44:249][437]LogArray:Warning: Attempted to get an item from array Inventory out of bounds [-1/0]!
[2015.07.29-09.25.44:249][437]LogArray:Warning: Attempted to get an item from array Inventory out of bounds [-1/0]!
[2015.07.29-09.25.44:266][438]LogArray:Warning: Attempted to get an item from array Inventory out of bounds [-1/0]!
[2015.07.29-09.25.44:266][438]LogArray:Warning: Attempted to get an item from array Inventory out of bounds [-1/0]!
[2015.07.29-09.25.44:282][439]LogArray:Warning: Attempted to get an item from array Inventory out of bounds [-1/0]!
[2015.07.29-09.25.44:282][439]LogArray:Warning: Attempted to get an item from array Inventory out of bounds [-1/0]!
[2015.07.29-09.25.44:300][440]LogArray:Warning: Attempted to get an item from array Inventory out of bounds [-1/0]!
[2015.07.29-09.25.44:300][440]LogArray:Warning: Attempted to get an item from array Inventory out of bounds [-1/0]!
[2015.07.29-09.25.44:318][441]LogArray:Warning: Attempted to get an item from array Inventory out of bounds [-1/0]!
[2015.07.29-09.25.44:318][441]LogArray:Warning: Attempted to get an item from array Inventory out of bounds [-1/0]!
[2015.07.29-09.25.44:336][442]LogArray:Warning: Attempted to get an item from array Inventory out of bounds [-1/0]!
[2015.07.29-09.25.44:336][442]LogArray:Warning: Attempted to get an item from array Inventory out of bounds [-1/0]!
[2015.07.29-09.25.44:353][443]LogArray:Warning: Attempted to get an item from array Inventory out of bounds [-1/0]!
[2015.07.29-09.25.44:353][443]LogArray:Warning: Attempted to get an item from array Inventory out of bounds [-1/0]!
[2015.07.29-09.25.44:371][444]LogArray:Warning: Attempted to get an item from array Inventory out of bounds [-1/0]!
[2015.07.29-09.25.44:371][444]LogArray:Warning: Attempted to get an item from array Inventory out of bounds [-1/0]!
[2015.07.29-09.25.46:701][539]LogArray:Warning: Attempted to get an item from array Inventory out of bounds [-1/2]!
[2015.07.29-09.25.46:702][539]LogArray:Warning: Attempted to get an item from array Inventory out of bounds [-1/2]!
[2015.07.29-09.25.46:708][540]LogArray:Warning: Attempted to get an item from array Inventory out of bounds [-1/2]!
[2015.07.29-09.25.46:708][540]LogArray:Warning: Attempted to get an item from array Inventory out of bounds [-1/2]!
[2015.07.29-09.25.46:729][541]LogArray:Warning: Attempted to get an item from array Inventory out of bounds [-1/2]!
[2015.07.29-09.25.46:729][541]LogArray:Warning: Attempted to get an item from array Inventory out of bounds [-1/2]!
[2015.07.29-09.25.46:747][542]LogArray:Warning: Attempted to get an item from array Inventory out of bounds [-1/2]!
[2015.07.29-09.25.46:747][542]LogArray:Warning: Attempted to get an item from array Inventory out of bounds [-1/2]!
[2015.07.29-09.25.46:764][543]LogArray:Warning: Attempted to get an item from array Inventory out of bounds [-1/2]!
[2015.07.29-09.25.46:764][543]LogArray:Warning: Attempted to get an item from array Inventory out of bounds [-1/2]!
[2015.07.29-09.25.46:783][544]LogArray:Warning: Attempted to get an item from array Inventory out of bounds [-1/2]!
[2015.07.29-09.25.46:783][544]LogArray:Warning: Attempted to get an item from array Inventory out of bounds [-1/2]!
[2015.07.29-09.25.46:801][545]LogArray:Warning: Attempted to get an item from array Inventory out of bounds [-1/2]!
[2015.07.29-09.25.46:801][545]LogArray:Warning: Attempted to get an item from array Inventory out of bounds [-1/2]!
[2015.07.29-09.25.46:838][546]LogArray:Warning: Attempted to get an item from array Inventory out of bounds [-1/2]!
[2015.07.29-09.25.46:844][546]LogArray:Warning: Attempted to get an item from array Inventory out of bounds [-1/2]!
[2015.07.29-09.25.46:888][547]LogArray:Warning: Attempted to get an item from array Inventory out of bounds [-1/2]!
[2015.07.29-09.25.46:888][547]LogArray:Warning: Attempted to get an item from array Inventory out of bounds [-1/2]!
[2015.07.29-09.25.46:899][548]LogArray:Warning: Attempted to get an item from array Inventory out of bounds [-1/2]!
[2015.07.29-09.25.46:900][548]LogArray:Warning: Attempted to get an item from array Inventory out of bounds [-1/2]!
[2015.07.29-09.25.46:916][549]LogArray:Warning: Attempted to get an item from array Inventory out of bounds [-1/2]!
[2015.07.29-09.25.46:916][549]LogArray:Warning: Attempted to get an item from array Inventory out of bounds [-1/2]!
[2015.07.29-09.25.46:934][550]LogArray:Warning: Attempted to get an item from array Inventory out of bounds [-1/2]!
[2015.07.29-09.25.46:934][550]LogArray:Warning: Attempted to get an item from array Inventory out of bounds [-1/2]!
[2015.07.29-09.25.46:952][551]LogArray:Warning: Attempted to get an item from array Inventory out of bounds [-1/2]!
[2015.07.29-09.25.46:952][551]LogArray:Warning: Attempted to get an item from array Inventory out of bounds [-1/2]!
[2015.07.29-09.25.46:971][552]LogArray:Warning: Attempted to get an item from array Inventory out of bounds [-1/2]!
[2015.07.29-09.25.46:971][552]LogArray:Warning: Attempted to get an item from array Inventory out of bounds [-1/2]!
[2015.07.29-09.25.47:008][553]LogArray:Warning: Attempted to get an item from array Inventory out of bounds [-1/2]!
[2015.07.29-09.25.47:009][553]LogArray:Warning: Attempted to get an item from array Inventory out of bounds [-1/2]!
[2015.07.29-09.25.47:043][554]LogArray:Warning: Attempted to get an item from array Inventory out of bounds [-1/2]!
[2015.07.29-09.25.47:043][554]LogArray:Warning: Attempted to get an item from array Inventory out of bounds [-1/2]!
[2015.07.29-09.25.47:103][555]LogArray:Warning: Attempted to get an item from array Inventory out of bounds [-1/2]!
[2015.07.29-09.25.47:103][555]LogArray:Warning: Attempted to get an item from array Inventory out of bounds [-1/2]!
[2015.07.29-09.25.47:130][556]LogArray:Warning: Attempted to get an item from array Inventory out of bounds [-1/2]!
[2015.07.29-09.25.47:130][556]LogArray:Warning: Attempted to get an item from array Inventory out of bounds [-1/2]!
[2015.07.29-09.25.47:148][557]LogArray:Warning: Attempted to get an item from array Inventory out of bounds [-1/2]!
[2015.07.29-09.25.47:149][557]LogArray:Warning: Attempted to get an item from array Inventory out of bounds [-1/2]!
[2015.07.29-09.25.47:166][558]LogArray:Warning: Attempted to get an item from array Inventory out of bounds [-1/2]!
[2015.07.29-09.25.47:166][558]LogArray:Warning: Attempted to get an item from array Inventory out of bounds [-1/2]!
[2015.07.29-09.25.47:185][559]LogArray:Warning: Attempted to get an item from array Inventory out of bounds [-1/2]!
[2015.07.29-09.25.47:185][559]LogArray:Warning: Attempted to get an item from array Inventory out of bounds [-1/2]!
[2015.07.29-09.25.47:203][560]LogArray:Warning: Attempted to get an item from array Inventory out of bounds [-1/2]!
[2015.07.29-09.25.47:204][560]LogArray:Warning: Attempted to get an item from array Inventory out of bounds [-1/2]!
[2015.07.29-09.25.47:221][561]LogArray:Warning: Attempted to get an item from array Inventory out of bounds [-1/2]!
[2015.07.29-09.25.47:221][561]LogArray:Warning: Attempted to get an item from array Inventory out of bounds [-1/2]!
[2015.07.29-09.25.47:248][562]LogArray:Warning: Attempted to get an item from array Inventory out of bounds [-1/2]!
[2015.07.29-09.25.47:249][562]LogArray:Warning: Attempted to get an item from array Inventory out of bounds [-1/2]!
[2015.07.29-09.25.47:291][563]LogArray:Warning: Attempted to get an item from array Inventory out of bounds [-1/2]!
[2015.07.29-09.25.47:291][563]LogArray:Warning: Attempted to get an item from array Inventory out of bounds [-1/2]!
[2015.07.29-09.25.47:326][564]LogArray:Warning: Attempted to get an item from array Inventory out of bounds [-1/2]!
[2015.07.29-09.25.47:327][564]LogArray:Warning: Attempted to get an item from array Inventory out of bounds [-1/2]!
[2015.07.29-09.25.47:360][565]LogArray:Warning: Attempted to get an item from array Inventory out of bounds [-1/2]!
[2015.07.29-09.25.47:360][565]LogArray:Warning: Attempted to get an item from array Inventory out of bounds [-1/2]!
[2015.07.29-09.25.47:377][566]LogArray:Warning: Attempted to get an item from array Inventory out of bounds [-1/2]!
[2015.07.29-09.25.47:377][566]LogArray:Warning: Attempted to get an item from array Inventory out of bounds [-1/2]!
[2015.07.29-09.25.47:395][567]LogArray:Warning: Attempted to get an item from array Inventory out of bounds [-1/2]!
[2015.07.29-09.25.47:396][567]LogArray:Warning: Attempted to get an item from array Inventory out of bounds [-1/2]!
[2015.07.29-09.25.47:414][568]LogArray:Warning: Attempted to get an item from array Inventory out of bounds [-1/2]!
[2015.07.29-09.25.47:414][568]LogArray:Warning: Attempted to get an item from array Inventory out of bounds [-1/2]!
[2015.07.29-09.25.47:432][569]LogArray:Warning: Attempted to get an item from array Inventory out of bounds [-1/2]!
[2015.07.29-09.25.47:432][569]LogArray:Warning: Attempted to get an item from array Inventory out of bounds [-1/2]!
[2015.07.29-09.25.47:451][570]LogArray:Warning: Attempted to get an item from array Inventory out of bounds [-1/2]!
[2015.07.29-09.25.47:451][570]LogArray:Warning: Attempted to get an item from array Inventory out of bounds [-1/2]!
[2015.07.29-09.25.47:468][571]LogArray:Warning: Attempted to get an item from array Inventory out of bounds [-1/2]!
[2015.07.29-09.25.47:468][571]LogArray:Warning: Attempted to get an item from array Inventory out of bounds [-1/2]!
[2015.07.29-09.25.47:487][572]LogArray:Warning: Attempted to get an item from array Inventory out of bounds [-1/2]!
[2015.07.29-09.25.47:487][572]LogArray:Warning: Attempted to get an item from array Inventory out of bounds [-1/2]!
[2015.07.29-09.25.47:529][573]LogArray:Warning: Attempted to get an item from array Inventory out of bounds [-1/2]!
[2015.07.29-09.25.47:530][573]LogArray:Warning: Attempted to get an item from array Inventory out of bounds [-1/2]!
[2015.07.29-09.25.47:582][574]LogArray:Warning: Attempted to get an item from array Inventory out of bounds [-1/2]!
[2015.07.29-09.25.47:583][574]LogArray:Warning: Attempted to get an item from array Inventory out of bounds [-1/2]!
[2015.07.29-09.25.47:639][575]LogArray:Warning: Attempted to get an item from array Inventory out of bounds [-1/2]!
[2015.07.29-09.25.47:640][575]LogArray:Warning: Attempted to get an item from array Inventory out of bounds [-1/2]!
[2015.07.29-09.25.47:705][576]LogArray:Warning: Attempted to get an item from array Inventory out of bounds [-1/2]!
[2015.07.29-09.25.47:706][576]LogArray:Warning: Attempted to get an item from array Inventory out of bounds [-1/2]!
[2015.07.29-09.25.47:737][577]LogArray:Warning: Attempted to get an item from array Inventory out of bounds [-1/2]!
[2015.07.29-09.25.47:737][577]LogArray:Warning: Attempted to get an item from array Inventory out of bounds [-1/2]!
[2015.07.29-09.25.47:758][578]LogArray:Warning: Attempted to get an item from array Inventory out of bounds [-1/2]!
[2015.07.29-09.25.47:758][578]LogArray:Warning: Attempted to get an item from array Inventory out of bounds [-1/2]!
[2015.07.29-09.25.47:776][579]LogArray:Warning: Attempted to get an item from array Inventory out of bounds [-1/2]!
[2015.07.29-09.25.47:776][579]LogArray:Warning: Attempted to get an item from array Inventory out of bounds [-1/2]!
[2015.07.29-09.25.47:794][580]LogArray:Warning: Attempted to get an item from array Inventory out of bounds [-1/2]!
[2015.07.29-09.25.47:794][580]LogArray:Warning: Attempted to get an item from array Inventory out of bounds [-1/2]!
[2015.07.29-09.25.47:813][581]LogArray:Warning: Attempted to get an item from array Inventory out of bounds [-1/2]!
[2015.07.29-09.25.47:813][581]LogArray:Warning: Attempted to get an item from array Inventory out of bounds [-1/2]!
[2015.07.29-09.25.47:831][582]LogArray:Warning: Attempted to get an item from array Inventory out of bounds [-1/2]!
[2015.07.29-09.25.47:831][582]LogArray:Warning: Attempted to get an item from array Inventory out of bounds [-1/2]!
[2015.07.29-09.25.48:996][626]LogArray:Warning: Attempted to get an item from array Inventory out of bounds [-1/1]!
[2015.07.29-09.25.48:996][626]LogArray:Warning: Attempted to remove an item from an invalid index from array Inventory [-1/1]!
[2015.07.29-09.25.48:997][626]LogArray:Warning: Attempted to get an item from array Inventory out of bounds [-1/1]!
[2015.07.29-09.25.48:997][626]LogArray:Warning: Attempted to remove an item from an invalid index from array Inventory [-1/1]!
[2015.07.29-09.25.49:022][626]LogArray:Warning: Attempted to get an item from array Inventory out of bounds [-1/1]!
[2015.07.29-09.25.49:022][626]LogArray:Warning: Attempted to get an item from array Inventory out of bounds [-1/1]!
[2015.07.29-09.25.49:055][627]LogArray:Warning: Attempted to get an item from array Inventory out of bounds [-1/1]!
[2015.07.29-09.25.49:055][627]LogArray:Warning: Attempted to get an item from array Inventory out of bounds [-1/1]!
[2015.07.29-09.25.49:075][628]LogArray:Warning: Attempted to get an item from array Inventory out of bounds [-1/1]!
[2015.07.29-09.25.49:075][628]LogArray:Warning: Attempted to get an item from array Inventory out of bounds [-1/1]!
[2015.07.29-09.25.49:097][629]LogArray:Warning: Attempted to get an item from array Inventory out of bounds [-1/1]!
[2015.07.29-09.25.49:097][629]LogArray:Warning: Attempted to get an item from array Inventory out of bounds [-1/1]!
[2015.07.29-09.25.49:120][630]LogArray:Warning: Attempted to get an item from array Inventory out of bounds [-1/1]!
[2015.07.29-09.25.49:120][630]LogArray:Warning: Attempted to get an item from array Inventory out of bounds [-1/1]!
[2015.07.29-09.25.49:138][631]LogArray:Warning: Attempted to get an item from array Inventory out of bounds [-1/1]!
[2015.07.29-09.25.49:138][631]LogArray:Warning: Attempted to get an item from array Inventory out of bounds [-1/1]!
[2015.07.29-09.25.49:157][632]LogArray:Warning: Attempted to get an item from array Inventory out of bounds [-1/1]!
[2015.07.29-09.25.49:157][632]LogArray:Warning: Attempted to get an item from array Inventory out of bounds [-1/1]!
[2015.07.29-09.25.49:178][633]LogArray:Warning: Attempted to get an item from array Inventory out of bounds [-1/1]!
[2015.07.29-09.25.49:178][633]LogArray:Warning: Attempted to get an item from array Inventory out of bounds [-1/1]!
[2015.07.29-09.25.49:546][646]LogArray:Warning: Attempted to get an item from array Inventory out of bounds [-1/1]!
[2015.07.29-09.25.49:546][646]LogArray:Warning: Attempted to get an item from array Inventory out of bounds [-1/1]!
[2015.07.29-09.25.49:553][647]LogArray:Warning: Attempted to get an item from array Inventory out of bounds [-1/1]!
[2015.07.29-09.25.49:553][647]LogArray:Warning: Attempted to get an item from array Inventory out of bounds [-1/1]!
[2015.07.29-09.25.49:570][648]LogArray:Warning: Attempted to get an item from array Inventory out of bounds [-1/1]!
[2015.07.29-09.25.49:570][648]LogArray:Warning: Attempted to get an item from array Inventory out of bounds [-1/1]!
[2015.07.29-09.25.49:588][649]LogArray:Warning: Attempted to get an item from array Inventory out of bounds [-1/1]!
[2015.07.29-09.25.49:588][649]LogArray:Warning: Attempted to get an item from array Inventory out of bounds [-1/1]!
[2015.07.29-09.25.49:607][650]LogArray:Warning: Attempted to get an item from array Inventory out of bounds [-1/1]!
[2015.07.29-09.25.49:607][650]LogArray:Warning: Attempted to get an item from array Inventory out of bounds [-1/1]!
[2015.07.29-09.25.49:626][651]LogArray:Warning: Attempted to get an item from array Inventory out of bounds [-1/1]!
[2015.07.29-09.25.49:626][651]LogArray:Warning: Attempted to get an item from array Inventory out of bounds [-1/1]!
[2015.07.29-09.25.49:644][652]LogArray:Warning: Attempted to get an item from array Inventory out of bounds [-1/1]!
[2015.07.29-09.25.49:644][652]LogArray:Warning: Attempted to get an item from array Inventory out of bounds [-1/1]!
[2015.07.29-09.25.49:663][653]LogArray:Warning: Attempted to get an item from array Inventory out of bounds [-1/1]!
[2015.07.29-09.25.49:663][653]LogArray:Warning: Attempted to get an item from array Inventory out of bounds [-1/1]!
[2015.07.29-09.25.49:681][654]LogArray:Warning: Attempted to get an item from array Inventory out of bounds [-1/1]!
[2015.07.29-09.25.49:682][654]LogArray:Warning: Attempted to get an item from array Inventory out of bounds [-1/1]!
[2015.07.29-09.25.49:700][655]LogArray:Warning: Attempted to get an item from array Inventory out of bounds [-1/1]!
[2015.07.29-09.25.49:700][655]LogArray:Warning: Attempted to get an item from array Inventory out of bounds [-1/1]!
[2015.07.29-09.25.49:745][656]LogArray:Warning: Attempted to get an item from array Inventory out of bounds [-1/1]!
[2015.07.29-09.25.49:746][656]LogArray:Warning: Attempted to get an item from array Inventory out of bounds [-1/1]!
[2015.07.29-09.25.49:783][657]LogArray:Warning: Attempted to get an item from array Inventory out of bounds [-1/1]!
[2015.07.29-09.25.49:784][657]LogArray:Warning: Attempted to get an item from array Inventory out of bounds [-1/1]!
[2015.07.29-09.25.49:827][658]LogArray:Warning: Attempted to get an item from array Inventory out of bounds [-1/1]!
[2015.07.29-09.25.49:827][658]LogArray:Warning: Attempted to get an item from array Inventory out of bounds [-1/1]!
[2015.07.29-09.25.49:851][659]LogArray:Warning: Attempted to get an item from array Inventory out of bounds [-1/1]!
[2015.07.29-09.25.49:851][659]LogArray:Warning: Attempted to get an item from array Inventory out of bounds [-1/1]!
[2015.07.29-09.25.49:876][660]LogArray:Warning: Attempted to get an item from array Inventory out of bounds [-1/1]!
[2015.07.29-09.25.49:876][660]LogArray:Warning: Attempted to get an item from array Inventory out of bounds [-1/1]!
[2015.07.29-09.25.49:894][661]LogArray:Warning: Attempted to get an item from array Inventory out of bounds [-1/1]!
[2015.07.29-09.25.49:894][661]LogArray:Warning: Attempted to get an item from array Inventory out of bounds [-1/1]!
[2015.07.29-09.25.49:914][662]LogArray:Warning: Attempted to get an item from array Inventory out of bounds [-1/1]!
[2015.07.29-09.25.49:914][662]LogArray:Warning: Attempted to get an item from array Inventory out of bounds [-1/1]!
[2015.07.29-09.25.49:972][663]LogArray:Warning: Attempted to get an item from array Inventory out of bounds [-1/1]!
[2015.07.29-09.25.49:973][663]LogArray:Warning: Attempted to get an item from array Inventory out of bounds [-1/1]!
[2015.07.29-09.25.49:999][664]LogArray:Warning: Attempted to get an item from array Inventory out of bounds [-1/1]!
[2015.07.29-09.25.50:000][664]LogArray:Warning: Attempted to get an item from array Inventory out of bounds [-1/1]!
[2015.07.29-09.25.50:028][665]LogArray:Warning: Attempted to get an item from array Inventory out of bounds [-1/1]!
[2015.07.29-09.25.50:028][665]LogArray:Warning: Attempted to get an item from array Inventory out of bounds [-1/1]!
[2015.07.29-09.25.50:048][666]LogArray:Warning: Attempted to get an item from array Inventory out of bounds [-1/1]!
[2015.07.29-09.25.50:048][666]LogArray:Warning: Attempted to get an item from array Inventory out of bounds [-1/1]!
[2015.07.29-09.25.50:067][667]LogArray:Warning: Attempted to get an item from array Inventory out of bounds [-1/1]!
[2015.07.29-09.25.50:067][667]LogArray:Warning: Attempted to get an item from array Inventory out of bounds [-1/1]!
[2015.07.29-09.25.50:127][668]LogArray:Warning: Attempted to get an item from array Inventory out of bounds [-1/1]!
[2015.07.29-09.25.50:128][668]LogArray:Warning: Attempted to get an item from array Inventory out of bounds [-1/1]!
[2015.07.29-09.25.50:143][669]LogArray:Warning: Attempted to get an item from array Inventory out of bounds [-1/1]!
[2015.07.29-09.25.50:143][669]LogArray:Warning: Attempted to get an item from array Inventory out of bounds [-1/1]!
[2015.07.29-09.25.50:164][670]LogArray:Warning: Attempted to get an item from array Inventory out of bounds [-1/1]!
[2015.07.29-09.25.50:164][670]LogArray:Warning: Attempted to get an item from array Inventory out of bounds [-1/1]!
[2015.07.29-09.25.50:182][671]LogArray:Warning: Attempted to get an item from array Inventory out of bounds [-1/1]!
[2015.07.29-09.25.50:182][671]LogArray:Warning: Attempted to get an item from array Inventory out of bounds [-1/1]!
[2015.07.29-09.25.50:204][672]LogArray:Warning: Attempted to get an item from array Inventory out of bounds [-1/1]!
[2015.07.29-09.25.50:204][672]LogArray:Warning: Attempted to get an item from array Inventory out of bounds [-1/1]!
[2015.07.29-09.25.50:229][673]LogArray:Warning: Attempted to get an item from array Inventory out of bounds [-1/1]!
[2015.07.29-09.25.50:230][673]LogArray:Warning: Attempted to get an item from array Inventory out of bounds [-1/1]!
[2015.07.29-09.25.50:268][674]LogArray:Warning: Attempted to get an item from array Inventory out of bounds [-1/1]!
[2015.07.29-09.25.50:268][674]LogArray:Warning: Attempted to get an item from array Inventory out of bounds [-1/1]!
[2015.07.29-09.25.50:310][675]LogArray:Warning: Attempted to get an item from array Inventory out of bounds [-1/1]!
[2015.07.29-09.25.50:311][675]LogArray:Warning: Attempted to get an item from array Inventory out of bounds [-1/1]!
[2015.07.29-09.25.50:324][676]LogArray:Warning: Attempted to get an item from array Inventory out of bounds [-1/1]!
[2015.07.29-09.25.50:325][676]LogArray:Warning: Attempted to get an item from array Inventory out of bounds [-1/1]!
[2015.07.29-09.25.50:345][677]LogArray:Warning: Attempted to get an item from array Inventory out of bounds [-1/1]!
[2015.07.29-09.25.50:345][677]LogArray:Warning: Attempted to get an item from array Inventory out of bounds [-1/1]!
[2015.07.29-09.25.50:362][678]LogArray:Warning: Attempted to get an item from array Inventory out of bounds [-1/1]!
[2015.07.29-09.25.50:362][678]LogArray:Warning: Attempted to get an item from array Inventory out of bounds [-1/1]!
[2015.07.29-09.25.50:418][679]LogArray:Warning: Attempted to get an item from array Inventory out of bounds [-1/1]!
[2015.07.29-09.25.50:420][679]LogArray:Warning: Attempted to get an item from array Inventory out of bounds [-1/1]!
[2015.07.29-09.25.50:465][680]LogArray:Warning: Attempted to get an item from array Inventory out of bounds [-1/1]!
[2015.07.29-09.25.50:465][680]LogArray:Warning: Attempted to get an item from array Inventory out of bounds [-1/1]!
[2015.07.29-09.25.50:517][681]LogArray:Warning: Attempted to get an item from array Inventory out of bounds [-1/1]!
[2015.07.29-09.25.50:518][681]LogArray:Warning: Attempted to get an item from array Inventory out of bounds [-1/1]!
[2015.07.29-09.25.50:542][682]LogArray:Warning: Attempted to get an item from array Inventory out of bounds [-1/1]!
[2015.07.29-09.25.50:542][682]LogArray:Warning: Attempted to get an item from array Inventory out of bounds [-1/1]!
[2015.07.29-09.25.50:559][683]LogArray:Warning: Attempted to get an item from array Inventory out of bounds [-1/1]!
[2015.07.29-09.25.50:559][683]LogArray:Warning: Attempted to get an item from array Inventory out of bounds [-1/1]!
[2015.07.29-09.25.50:578][684]LogArray:Warning: Attempted to get an item from array Inventory out of bounds [-1/1]!
[2015.07.29-09.25.50:579][684]LogArray:Warning: Attempted to get an item from array Inventory out of bounds [-1/1]!
[2015.07.29-09.25.50:599][685]LogArray:Warning: Attempted to get an item from array Inventory out of bounds [-1/1]!
[2015.07.29-09.25.50:599][685]LogArray:Warning: Attempted to get an item from array Inventory out of bounds [-1/1]!
[2015.07.29-09.25.50:627][686]LogArray:Warning: Attempted to get an item from array Inventory out of bounds [-1/1]!
[2015.07.29-09.25.50:629][686]LogArray:Warning: Attempted to get an item from array Inventory out of bounds [-1/1]!
[2015.07.29-09.25.50:677][687]LogArray:Warning: Attempted to get an item from array Inventory out of bounds [-1/1]!
[2015.07.29-09.25.50:679][687]LogArray:Warning: Attempted to get an item from array Inventory out of bounds [-1/1]!
[2015.07.29-09.25.51:877][728]LogArray:Warning: Attempted to get an item from array Inventory out of bounds [-1/0]!
[2015.07.29-09.25.51:877][728]LogArray:Warning: Attempted to remove an item from an invalid index from array Inventory [-1/0]!
[2015.07.29-09.25.51:877][728]LogArray:Warning: Attempted to get an item from array Inventory out of bounds [-1/0]!
[2015.07.29-09.25.51:877][728]LogArray:Warning: Attempted to remove an item from an invalid index from array Inventory [-1/0]!
[2015.07.29-09.25.51:879][728]LogArray:Warning: Attempted to get an item from array Inventory out of bounds [-1/0]!
[2015.07.29-09.25.51:879][728]LogArray:Warning: Attempted to get an item from array Inventory out of bounds [-1/0]!
[2015.07.29-09.25.51:915][729]LogArray:Warning: Attempted to get an item from array Inventory out of bounds [-1/0]!
[2015.07.29-09.25.51:915][729]LogArray:Warning: Attempted to get an item from array Inventory out of bounds [-1/0]!
[2015.07.29-09.25.51:945][730]LogArray:Warning: Attempted to get an item from array Inventory out of bounds [-1/0]!
[2015.07.29-09.25.51:945][730]LogArray:Warning: Attempted to get an item from array Inventory out of bounds [-1/0]!
[2015.07.29-09.25.51:962][731]LogArray:Warning: Attempted to get an item from array Inventory out of bounds [-1/0]!
[2015.07.29-09.25.51:962][731]LogArray:Warning: Attempted to get an item from array Inventory out of bounds [-1/0]!
[2015.07.29-09.25.51:977][732]LogArray:Warning: Attempted to get an item from array Inventory out of bounds [-1/0]!
[2015.07.29-09.25.51:977][732]LogArray:Warning: Attempted to get an item from array Inventory out of bounds [-1/0]!
[2015.07.29-09.25.52:032][733]LogArray:Warning: Attempted to get an item from array Inventory out of bounds [-1/0]!
[2015.07.29-09.25.52:032][733]LogArray:Warning: Attempted to get an item from array Inventory out of bounds [-1/0]!
[2015.07.29-09.25.52:058][734]LogArray:Warning: Attempted to get an item from array Inventory out of bounds [-1/0]!
[2015.07.29-09.25.52:058][734]LogArray:Warning: Attempted to get an item from array Inventory out of bounds [-1/0]!
[2015.07.29-09.25.52:077][735]LogArray:Warning: Attempted to get an item from array Inventory out of bounds [-1/0]!
[2015.07.29-09.25.52:077][735]LogArray:Warning: Attempted to get an item from array Inventory out of bounds [-1/0]!
[2015.07.29-09.25.52:386][748]LogArray:Warning: Attempted to get an item from array Inventory out of bounds [-1/0]!
[2015.07.29-09.25.52:387][748]LogArray:Warning: Attempted to get an item from array Inventory out of bounds [-1/0]!
[2015.07.29-09.25.52:401][749]LogArray:Warning: Attempted to get an item from array Inventory out of bounds [-1/0]!
[2015.07.29-09.25.52:401][749]LogArray:Warning: Attempted to get an item from array Inventory out of bounds [-1/0]!
[2015.07.29-09.25.52:420][750]LogArray:Warning: Attempted to get an item from array Inventory out of bounds [-1/0]!
[2015.07.29-09.25.52:420][750]LogArray:Warning: Attempted to get an item from array Inventory out of bounds [-1/0]!
[2015.07.29-09.25.52:439][751]LogArray:Warning: Attempted to get an item from array Inventory out of bounds [-1/0]!
[2015.07.29-09.25.52:439][751]LogArray:Warning: Attempted to get an item from array Inventory out of bounds [-1/0]!
[2015.07.29-09.25.52:459][752]LogArray:Warning: Attempted to get an item from array Inventory out of bounds [-1/0]!
[2015.07.29-09.25.52:459][752]LogArray:Warning: Attempted to get an item from array Inventory out of bounds [-1/0]!
[2015.07.29-09.25.52:478][753]LogArray:Warning: Attempted to get an item from array Inventory out of bounds [-1/0]!
[2015.07.29-09.25.52:478][753]LogArray:Warning: Attempted to get an item from array Inventory out of bounds [-1/0]!
[2015.07.29-09.25.52:518][754]LogArray:Warning: Attempted to get an item from array Inventory out of bounds [-1/0]!
[2015.07.29-09.25.52:518][754]LogArray:Warning: Attempted to get an item from array Inventory out of bounds [-1/0]!
[2015.07.29-09.25.52:540][755]LogArray:Warning: Attempted to get an item from array Inventory out of bounds [-1/0]!
[2015.07.29-09.25.52:541][755]LogArray:Warning: Attempted to get an item from array Inventory out of bounds [-1/0]!
[2015.07.29-09.25.52:580][756]LogArray:Warning: Attempted to get an item from array Inventory out of bounds [-1/0]!
[2015.07.29-09.25.52:580][756]LogArray:Warning: Attempted to get an item from array Inventory out of bounds [-1/0]!
[2015.07.29-09.25.52:616][757]LogArray:Warning: Attempted to get an item from array Inventory out of bounds [-1/0]!
[2015.07.29-09.25.52:616][757]LogArray:Warning: Attempted to get an item from array Inventory out of bounds [-1/0]!
[2015.07.29-09.25.52:641][758]LogArray:Warning: Attempted to get an item from array Inventory out of bounds [-1/0]!
[2015.07.29-09.25.52:641][758]LogArray:Warning: Attempted to get an item from array Inventory out of bounds [-1/0]!
[2015.07.29-09.25.52:660][759]LogArray:Warning: Attempted to get an item from array Inventory out of bounds [-1/0]!
[2015.07.29-09.25.52:660][759]LogArray:Warning: Attempted to get an item from array Inventory out of bounds [-1/0]!
[2015.07.29-09.25.52:678][760]LogArray:Warning: Attempted to get an item from array Inventory out of bounds [-1/0]!
[2015.07.29-09.25.52:679][760]LogArray:Warning: Attempted to get an item from array Inventory out of bounds [-1/0]!
[2015.07.29-09.25.52:699][761]LogArray:Warning: Attempted to get an item from array Inventory out of bounds [-1/0]!
[2015.07.29-09.25.52:699][761]LogArray:Warning: Attempted to get an item from array Inventory out of bounds [-1/0]!
[2015.07.29-09.25.52:717][762]LogArray:Warning: Attempted to get an item from array Inventory out of bounds [-1/0]!
[2015.07.29-09.25.52:717][762]LogArray:Warning: Attempted to get an item from array Inventory out of bounds [-1/0]!
[2015.07.29-09.25.52:757][763]LogArray:Warning: Attempted to get an item from array Inventory out of bounds [-1/0]!
[2015.07.29-09.25.52:758][763]LogArray:Warning: Attempted to get an item from array Inventory out of bounds [-1/0]!
[2015.07.29-09.25.52:784][764]LogArray:Warning: Attempted to get an item from array Inventory out of bounds [-1/0]!
[2015.07.29-09.25.52:785][764]LogArray:Warning: Attempted to get an item from array Inventory out of bounds [-1/0]!
[2015.07.29-09.25.52:814][765]LogArray:Warning: Attempted to get an item from array Inventory out of bounds [-1/0]!
[2015.07.29-09.25.52:814][765]LogArray:Warning: Attempted to get an item from array Inventory out of bounds [-1/0]!
[2015.07.29-09.25.52:832][766]LogArray:Warning: Attempted to get an item from array Inventory out of bounds [-1/0]!
[2015.07.29-09.25.52:832][766]LogArray:Warning: Attempted to get an item from array Inventory out of bounds [-1/0]!
[2015.07.29-09.25.52:851][767]LogArray:Warning: Attempted to get an item from array Inventory out of bounds [-1/0]!
[2015.07.29-09.25.52:851][767]LogArray:Warning: Attempted to get an item from array Inventory out of bounds [-1/0]!
[2015.07.29-09.25.52:871][768]LogArray:Warning: Attempted to get an item from array Inventory out of bounds [-1/0]!
[2015.07.29-09.25.52:871][768]LogArray:Warning: Attempted to get an item from array Inventory out of bounds [-1/0]!
[2015.07.29-09.25.52:903][769]LogArray:Warning: Attempted to get an item from array Inventory out of bounds [-1/0]!
[2015.07.29-09.25.52:904][769]LogArray:Warning: Attempted to get an item from array Inventory out of bounds [-1/0]!
[2015.07.29-09.25.52:972][770]LogArray:Warning: Attempted to get an item from array Inventory out of bounds [-1/0]!
[2015.07.29-09.25.52:972][770]LogArray:Warning: Attempted to get an item from array Inventory out of bounds [-1/0]!
[2015.07.29-09.25.52:996][771]LogArray:Warning: Attempted to get an item from array Inventory out of bounds [-1/0]!
[2015.07.29-09.25.52:996][771]LogArray:Warning: Attempted to get an item from array Inventory out of bounds [-1/0]!
[2015.07.29-09.25.53:013][772]LogArray:Warning: Attempted to get an item from array Inventory out of bounds [-1/0]!
[2015.07.29-09.25.53:013][772]LogArray:Warning: Attempted to get an item from array Inventory out of bounds [-1/0]!
[2015.07.29-09.25.53:033][773]LogArray:Warning: Attempted to get an item from array Inventory out of bounds [-1/0]!
[2015.07.29-09.25.53:033][773]LogArray:Warning: Attempted to get an item from array Inventory out of bounds [-1/0]!
[2015.07.29-09.25.53:052][774]LogArray:Warning: Attempted to get an item from array Inventory out of bounds [-1/0]!
[2015.07.29-09.25.53:052][774]LogArray:Warning: Attempted to get an item from array Inventory out of bounds [-1/0]!
[2015.07.29-09.25.53:072][775]LogArray:Warning: Attempted to get an item from array Inventory out of bounds [-1/0]!
[2015.07.29-09.25.53:072][775]LogArray:Warning: Attempted to get an item from array Inventory out of bounds [-1/0]!
[2015.07.29-09.25.53:114][776]LogArray:Warning: Attempted to get an item from array Inventory out of bounds [-1/0]!
[2015.07.29-09.25.53:115][776]LogArray:Warning: Attempted to get an item from array Inventory out of bounds [-1/0]!
[2015.07.29-09.25.53:137][777]LogArray:Warning: Attempted to get an item from array Inventory out of bounds [-1/0]!
[2015.07.29-09.25.53:137][777]LogArray:Warning: Attempted to get an item from array Inventory out of bounds [-1/0]!
[2015.07.29-09.25.53:154][778]LogArray:Warning: Attempted to get an item from array Inventory out of bounds [-1/0]!
[2015.07.29-09.25.53:155][778]LogArray:Warning: Attempted to get an item from array Inventory out of bounds [-1/0]!
[2015.07.29-09.25.53:173][779]LogArray:Warning: Attempted to get an item from array Inventory out of bounds [-1/0]!
[2015.07.29-09.25.53:173][779]LogArray:Warning: Attempted to get an item from array Inventory out of bounds [-1/0]!
[2015.07.29-09.25.53:193][780]LogArray:Warning: Attempted to get an item from array Inventory out of bounds [-1/0]!
[2015.07.29-09.25.53:193][780]LogArray:Warning: Attempted to get an item from array Inventory out of bounds [-1/0]!
[2015.07.29-09.25.53:212][781]LogArray:Warning: Attempted to get an item from array Inventory out of bounds [-1/0]!
[2015.07.29-09.25.53:212][781]LogArray:Warning: Attempted to get an item from array Inventory out of bounds [-1/0]!
[2015.07.29-09.25.53:233][782]LogArray:Warning: Attempted to get an item from array Inventory out of bounds [-1/0]!
[2015.07.29-09.25.53:233][782]LogArray:Warning: Attempted to get an item from array Inventory out of bounds [-1/0]!
[2015.07.29-09.25.53:300][783]LogArray:Warning: Attempted to get an item from array Inventory out of bounds [-1/0]!
[2015.07.29-09.25.53:300][783]LogArray:Warning: Attempted to get an item from array Inventory out of bounds [-1/0]!
[2015.07.29-09.25.53:318][784]LogArray:Warning: Attempted to get an item from array Inventory out of bounds [-1/0]!
[2015.07.29-09.25.53:318][784]LogArray:Warning: Attempted to get an item from array Inventory out of bounds [-1/0]!
[2015.07.29-09.25.53:328][785]LogArray:Warning: Attempted to get an item from array Inventory out of bounds [-1/0]!
[2015.07.29-09.25.53:329][785]LogArray:Warning: Attempted to get an item from array Inventory out of bounds [-1/0]!
[2015.07.29-09.25.53:350][786]LogArray:Warning: Attempted to get an item from array Inventory out of bounds [-1/0]!
[2015.07.29-09.25.53:350][786]LogArray:Warning: Attempted to get an item from array Inventory out of bounds [-1/0]!
[2015.07.29-09.25.53:410][787]LogArray:Warning: Attempted to get an item from array Inventory out of bounds [-1/0]!
[2015.07.29-09.25.53:410][787]LogArray:Warning: Attempted to get an item from array Inventory out of bounds [-1/0]!
[2015.07.29-09.25.53:437][788]LogArray:Warning: Attempted to get an item from array Inventory out of bounds [-1/0]!
[2015.07.29-09.25.53:438][788]LogArray:Warning: Attempted to get an item from array Inventory out of bounds [-1/0]!
[2015.07.29-09.25.54:547][827]LogArray:Warning: Attempted to get an item from array Inventory out of bounds [-1/0]!
[2015.07.29-09.25.54:547][827]LogArray:Warning: Attempted to remove an item from an invalid index from array Inventory [-1/0]!
[2015.07.29-09.25.54:547][827]LogArray:Warning: Attempted to get an item from array Inventory out of bounds [-1/0]!
[2015.07.29-09.25.54:547][827]LogArray:Warning: Attempted to remove an item from an invalid index from array Inventory [-1/0]!
[2015.07.29-09.25.54:550][827]LogArray:Warning: Attempted to get an item from array Inventory out of bounds [-1/0]!
[2015.07.29-09.25.54:550][827]LogArray:Warning: Attempted to get an item from array Inventory out of bounds [-1/0]!
[2015.07.29-09.25.54:568][828]LogArray:Warning: Attempted to get an item from array Inventory out of bounds [-1/0]!
[2015.07.29-09.25.54:568][828]LogArray:Warning: Attempted to get an item from array Inventory out of bounds [-1/0]!
[2015.07.29-09.25.54:604][829]LogArray:Warning: Attempted to get an item from array Inventory out of bounds [-1/0]!
[2015.07.29-09.25.54:605][829]LogArray:Warning: Attempted to get an item from array Inventory out of bounds [-1/0]!
[2015.07.29-09.25.54:618][830]LogArray:Warning: Attempted to get an item from array Inventory out of bounds [-1/0]!
[2015.07.29-09.25.54:618][830]LogArray:Warning: Attempted to get an item from array Inventory out of bounds [-1/0]!
[2015.07.29-09.25.54:653][831]LogArray:Warning: Attempted to get an item from array Inventory out of bounds [-1/0]!
[2015.07.29-09.25.54:653][831]LogArray:Warning: Attempted to get an item from array Inventory out of bounds [-1/0]!
[2015.07.29-09.25.54:677][832]LogArray:Warning: Attempted to get an item from array Inventory out of bounds [-1/0]!
[2015.07.29-09.25.54:677][832]LogArray:Warning: Attempted to get an item from array Inventory out of bounds [-1/0]!
[2015.07.29-09.25.54:699][833]LogArray:Warning: Attempted to get an item from array Inventory out of bounds [-1/0]!
[2015.07.29-09.25.54:699][833]LogArray:Warning: Attempted to get an item from array Inventory out of bounds [-1/0]!
[2015.07.29-09.25.54:719][834]LogArray:Warning: Attempted to get an item from array Inventory out of bounds [-1/0]!
[2015.07.29-09.25.54:719][834]LogArray:Warning: Attempted to get an item from array Inventory out of bounds [-1/0]!
[2015.07.29-09.25.54:739][835]LogArray:Warning: Attempted to get an item from array Inventory out of bounds [-1/0]!
[2015.07.29-09.25.54:739][835]LogArray:Warning: Attempted to get an item from array Inventory out of bounds [-1/0]!
[2015.07.29-09.26.03:636][142]LogWindowsTextInputMethodSystem:Display: IME system now deactivated.
[2015.07.29-09.26.03:637][142]LogWindowsTextInputMethodSystem:Display: IME system now deactivated.
[2015.07.29-09.26.03:643][142]LogEngine: All Windows Closed
[2015.07.29-09.26.03:643][142]LogWindows: FPlatformMisc::RequestExit(0)
[2015.07.29-09.26.03:704][143]LogExit: Preparing to exit.
[2015.07.29-09.26.03:785][143]LogExit: Game engine shut down
[2015.07.29-09.26.03:785][143]LogParticles: Destroying 0 GPU particle simulations for FXSystem 0x00000054B41689A0
[2015.07.29-09.26.04:574][143]LogExit: Object subsystem successfully closed.
[2015.07.29-09.26.04:600][143]LogD3D11RHI: Shutdown
[2015.07.29-09.26.04:600][143]LogD3D11RHI: CleanupD3DDevice
[2015.07.29-09.26.04:722][143]LogD3D11RHI: ~FD3D11DynamicRHI
[2015.07.29-09.26.04:743][143]LogModuleManager: Shutting down and abandoning module AndroidDeviceDetection (108)
[2015.07.29-09.26.05:453][143]LogModuleManager: Shutting down and abandoning module AssetRegistry (107)
[2015.07.29-09.26.05:454][143]LogModuleManager: Shutting down and abandoning module AutomationWorker (106)
[2015.07.29-09.26.05:455][143]LogModuleManager: Shutting down and abandoning module CharacterAI (105)
[2015.07.29-09.26.05:455][143]LogModuleManager: Shutting down and abandoning module AITestSuite (104)
[2015.07.29-09.26.05:455][143]LogModuleManager: Shutting down and abandoning module GameplayDebugger (103)
[2015.07.29-09.26.05:455][143]LogModuleManager: Shutting down and abandoning module AIModule (102)
[2015.07.29-09.26.05:455][143]LogModuleManager: Shutting down and abandoning module GameLiveStreaming (101)
[2015.07.29-09.26.05:455][143]LogModuleManager: Shutting down and abandoning module StreamingPauseRendering (100)
[2015.07.29-09.26.05:455][143]LogModuleManager: Shutting down and abandoning module ProfilerService (99)
[2015.07.29-09.26.05:491][143]LogModuleManager: Shutting down and abandoning module TaskGraph (98)
[2015.07.29-09.26.05:491][143]LogModuleManager: Shutting down and abandoning module SlateRemote (97)
[2015.07.29-09.26.05:492][143]LogModuleManager: Shutting down and abandoning module SteamVRController (96)
[2015.07.29-09.26.05:492][143]LogModuleManager: Shutting down and abandoning module SteamVR (95)
[2015.07.29-09.26.05:492][143]LogModuleManager: Shutting down and abandoning module ProceduralMeshComponent (94)
[2015.07.29-09.26.05:492][143]LogModuleManager: Shutting down and abandoning module OculusRift (93)
[2015.07.29-09.26.05:492][143]LogModuleManager: Shutting down and abandoning module LeapMotionController (92)
[2015.07.29-09.26.05:532][143]LogModuleManager: Shutting down and abandoning module CustomMeshComponent (91)
[2015.07.29-09.26.05:532][143]LogModuleManager: Shutting down and abandoning module CableComponent (90)
[2015.07.29-09.26.05:532][143]LogModuleManager: Shutting down and abandoning module DesktopPlatform (89)
[2015.07.29-09.26.05:532][143]LogModuleManager: Shutting down and abandoning module DirectoryWatcher (88)
[2015.07.29-09.26.05:532][143]LogModuleManager: Shutting down and abandoning module HotReload (87)
[2015.07.29-09.26.05:532][143]LogModuleManager: Shutting down and abandoning module VisualStudioSourceCodeAccess (86)
[2015.07.29-09.26.05:533][143]LogModuleManager: Shutting down and abandoning module UObjectPlugin (85)
[2015.07.29-09.26.05:533][143]LogModuleManager: Shutting down and abandoning module SubversionSourceControl (84)
[2015.07.29-09.26.05:533][143]LogModuleManager: Shutting down and abandoning module SourceControl (83)
[2015.07.29-09.26.05:533][143]LogModuleManager: Shutting down and abandoning module PerforceSourceControl (82)
[2015.07.29-09.26.05:533][143]LogModuleManager: Shutting down and abandoning module BlankPlugin (81)
[2015.07.29-09.26.05:533][143]LogModuleManager: Shutting down and abandoning module UdpMessaging (80)
[2015.07.29-09.26.05:533][143]LogModuleManager: Shutting down and abandoning module Paper2D (79)
[2015.07.29-09.26.05:533][143]LogModuleManager: Shutting down and abandoning module WindowsMoviePlayer (78)
[2015.07.29-09.26.05:542][143]LogModuleManager: Shutting down and abandoning module Media (77)
[2015.07.29-09.26.05:542][143]LogModuleManager: Shutting down and abandoning module WmfMedia (76)
[2015.07.29-09.26.05:542][143]LogModuleManager: Shutting down and abandoning module OnlineBlueprintSupport (75)
[2015.07.29-09.26.05:542][143]LogModuleManager: Shutting down and abandoning module PropertyEditor (74)
[2015.07.29-09.26.05:542][143]LogModuleManager: Shutting down and abandoning module BehaviorTreeEditor (73)
[2015.07.29-09.26.05:542][143]LogModuleManager: Shutting down and abandoning module FunctionalTesting (72)
[2015.07.29-09.26.05:542][143]LogModuleManager: Shutting down and abandoning module CollisionAnalyzer (71)
[2015.07.29-09.26.05:542][143]LogModuleManager: Shutting down and abandoning module WorkspaceMenuStructure (70)
[2015.07.29-09.26.05:542][143]LogModuleManager: Shutting down and abandoning module MessageLog (69)
[2015.07.29-09.26.05:542][143]LogModuleManager: Shutting down and abandoning module Sequencer (68)
[2015.07.29-09.26.05:542][143]LogModuleManager: Shutting down and abandoning module AssetTools (67)
[2015.07.29-09.26.05:542][143]LogModuleManager: Shutting down and abandoning module UMGEditor (66)
[2015.07.29-09.26.05:543][143]LogModuleManager: Shutting down and abandoning module UMG (65)
[2015.07.29-09.26.05:543][143]LogModuleManager: Shutting down and abandoning module Slate (64)
[2015.07.29-09.26.05:543][143]LogModuleManager: Shutting down and abandoning module EditorStyle (63)
[2015.07.29-09.26.05:548][143]LogModuleManager: Shutting down and abandoning module SessionServices (62)
[2015.07.29-09.26.05:548][143]LogModuleManager: Shutting down and abandoning module SourceCodeAccess (61)
[2015.07.29-09.26.05:548][143]LogModuleManager: Shutting down and abandoning module HeadMountedDisplay (60)
[2015.07.29-09.26.05:548][143]LogModuleManager: Shutting down and abandoning module XAudio2 (59)
[2015.07.29-09.26.05:548][143]LogModuleManager: Shutting down and abandoning module Networking (57)
[2015.07.29-09.26.05:548][143]LogModuleManager: Shutting down and abandoning module Core (56)
[2015.07.29-09.26.05:548][143]LogModuleManager: Shutting down and abandoning module KismetCompiler (55)
[2015.07.29-09.26.05:548][143]LogModuleManager: Shutting down and abandoning module PhysXFormats (54)
[2015.07.29-09.26.05:548][143]LogModuleManager: Shutting down and abandoning module MeshUtilities (53)
[2015.07.29-09.26.05:548][143]LogModuleManager: Shutting down and abandoning module DerivedDataCache (52)
[2015.07.29-09.26.05:855][143]LogDerivedDataCache: Shutdown
[2015.07.29-09.26.05:855][143]LogModuleManager: Shutting down and abandoning module ShaderFormatOpenGL (51)
[2015.07.29-09.26.05:855][143]LogModuleManager: Shutting down and abandoning module ShaderFormatD3D (50)
[2015.07.29-09.26.05:856][143]LogModuleManager: Shutting down and abandoning module MetalShaderFormat (49)
[2015.07.29-09.26.05:856][143]LogModuleManager: Shutting down and abandoning module TextureFormatUncompressed (48)
[2015.07.29-09.26.05:856][143]LogModuleManager: Shutting down and abandoning module TextureFormatPVR (47)
[2015.07.29-09.26.05:856][143]LogModuleManager: Shutting down and abandoning module TextureFormatIntelISPCTexComp (46)
[2015.07.29-09.26.05:856][143]LogModuleManager: Shutting down and abandoning module TextureFormatDXT (45)
[2015.07.29-09.26.05:856][143]LogModuleManager: Shutting down and abandoning module ImageWrapper (44)
[2015.07.29-09.26.05:856][143]LogModuleManager: Shutting down and abandoning module TextureFormatASTC (43)
[2015.07.29-09.26.05:856][143]LogModuleManager: Shutting down and abandoning module TextureFormatAndroid (42)
[2015.07.29-09.26.05:856][143]LogModuleManager: Shutting down and abandoning module AudioFormatOpus (41)
[2015.07.29-09.26.05:856][143]LogModuleManager: Shutting down and abandoning module AudioFormatOgg (40)
[2015.07.29-09.26.05:856][143]LogModuleManager: Shutting down and abandoning module AudioFormatADPCM (39)
[2015.07.29-09.26.05:856][143]LogModuleManager: Shutting down and abandoning module LinuxTargetPlatform (38)
[2015.07.29-09.26.05:856][143]LogModuleManager: Shutting down and abandoning module LinuxServerTargetPlatform (37)
[2015.07.29-09.26.05:856][143]LogModuleManager: Shutting down and abandoning module LinuxNoEditorTargetPlatform (36)
[2015.07.29-09.26.05:856][143]LogModuleManager: Shutting down and abandoning module Messaging (35)
[2015.07.29-09.26.05:856][143]LogModuleManager: Shutting down and abandoning module IOSTargetPlatform (34)
[2015.07.29-09.26.05:856][143]LogModuleManager: Shutting down and abandoning module HTML5TargetPlatform (33)
[2015.07.29-09.26.05:856][143]LogModuleManager: Shutting down and abandoning module Android_PVRTCTargetPlatform (32)
[2015.07.29-09.26.05:856][143]LogModuleManager: Shutting down and abandoning module Android_ETC2TargetPlatform (31)
[2015.07.29-09.26.05:856][143]LogModuleManager: Shutting down and abandoning module Android_ETC1TargetPlatform (30)
[2015.07.29-09.26.05:856][143]LogModuleManager: Shutting down and abandoning module Android_DXTTargetPlatform (29)
[2015.07.29-09.26.05:856][143]LogModuleManager: Shutting down and abandoning module Android_ATCTargetPlatform (28)
[2015.07.29-09.26.05:856][143]LogModuleManager: Shutting down and abandoning module Android_ASTCTargetPlatform (27)
[2015.07.29-09.26.05:856][143]LogModuleManager: Shutting down and abandoning module AndroidTargetPlatform (26)
[2015.07.29-09.26.05:856][143]LogModuleManager: Shutting down and abandoning module WindowsTargetPlatform (25)
[2015.07.29-09.26.05:856][143]LogModuleManager: Shutting down and abandoning module WindowsServerTargetPlatform (24)
[2015.07.29-09.26.05:856][143]LogModuleManager: Shutting down and abandoning module WindowsNoEditorTargetPlatform (23)
[2015.07.29-09.26.05:856][143]LogModuleManager: Shutting down and abandoning module WindowsClientTargetPlatform (22)
[2015.07.29-09.26.05:856][143]LogModuleManager: Shutting down and abandoning module DesktopTargetPlatform (21)
[2015.07.29-09.26.05:856][143]LogModuleManager: Shutting down and abandoning module TargetPlatform (20)
[2015.07.29-09.26.05:856][143]LogModuleManager: Shutting down and abandoning module InputCore (19)
[2015.07.29-09.26.05:857][143]LogModuleManager: Shutting down and abandoning module Settings (18)
[2015.07.29-09.26.05:857][143]LogModuleManager: Shutting down and abandoning module OnlineSubsystem (16)
[2015.07.29-09.26.05:857][143]LogModuleManager: Shutting down and abandoning module HTTP (15)
[2015.07.29-09.26.05:857][143]LogModuleManager: Shutting down and abandoning module ExampleDeviceProfileSelector (14)
[2015.07.29-09.26.05:857][143]LogModuleManager: Shutting down and abandoning module TextureCompressor (13)
[2015.07.29-09.26.05:857][143]LogModuleManager: Shutting down and abandoning module ShaderCore (12)
[2015.07.29-09.26.05:857][143]LogModuleManager: Shutting down and abandoning module Landscape (11)
[2015.07.29-09.26.05:857][143]LogModuleManager: Shutting down and abandoning module SlateRHIRenderer (10)
[2015.07.29-09.26.05:858][143]LogModuleManager: Shutting down and abandoning module OpenGLDrv (9)
[2015.07.29-09.26.05:858][143]LogModuleManager: Shutting down and abandoning module D3D11RHI (8)
[2015.07.29-09.26.05:858][143]LogModuleManager: Shutting down and abandoning module Renderer (7)
[2015.07.29-09.26.05:858][143]LogModuleManager: Shutting down and abandoning module Engine (6)
[2015.07.29-09.26.05:858][143]LogModuleManager: Shutting down and abandoning module CoreUObject (5)
[2015.07.29-09.26.05:858][143]LogModuleManager: Shutting down and abandoning module NetworkFile (4)
[2015.07.29-09.26.05:858][143]LogModuleManager: Shutting down and abandoning module StreamingFile (3)
[2015.07.29-09.26.05:858][143]LogModuleManager: Shutting down and abandoning module SandboxFile (2)
[2015.07.29-09.26.05:858][143]LogModuleManager: Shutting down and abandoning module PakFile (1)
[2015.07.29-09.26.05:859][143]LogExit: Exiting.
[2015.07.29-09.26.05:864][143]Log file closed, 07/29/15 19:26:05
