[2015.08.01-03.52.26:927][  0]Log file open, 08/01/15 13:52:26
[2015.08.01-03.52.26:927][  0]LogInit:Display: Running engine for game: TheEnding
[2015.08.01-03.52.26:927][  0]LogInit:Display: RandInit(-1016557010) SRandInit(-1016557009).
[2015.08.01-03.52.26:927][  0]LogTaskGraph: Started task graph with 4 named threads and 5 total threads.
[2015.08.01-03.52.26:927][  0]LogStats: Stats thread started
[2015.08.01-03.52.26:927][  0]LogInit: Version: 4.8.3-2634408+++depot+UE4-Releases+4.8
[2015.08.01-03.52.26:927][  0]LogInit: API Version: 2579680
[2015.08.01-03.52.26:927][  0]LogInit: Compiled (64-bit): Jul 27 2015 16:24:33
[2015.08.01-03.52.26:927][  0]LogInit: Compiled with Visual C++: 18.00.21005.01
[2015.08.01-03.52.26:927][  0]LogInit: Build Configuration: Development
[2015.08.01-03.52.26:927][  0]LogInit: Branch Name: ++depot+UE4-Releases+4.8
[2015.08.01-03.52.26:927][  0]LogInit: Command line:  
[2015.08.01-03.52.26:927][  0]LogInit: Base directory: C:/Program Files/Epic Games/4.8/Engine/Binaries/Win64/
[2015.08.01-03.52.26:927][  0]LogInit: Rocket: 1
[2015.08.01-03.52.26:944][  0]LogInit: Using libcurl 7.41.0
[2015.08.01-03.52.26:944][  0]LogInit:  - built for x86_64-pc-win32
[2015.08.01-03.52.26:944][  0]LogInit:  - supports SSL with WinSSL
[2015.08.01-03.52.26:944][  0]LogInit:  - other features:
[2015.08.01-03.52.26:944][  0]LogInit:      CURL_VERSION_SSL
[2015.08.01-03.52.26:944][  0]LogInit:      CURL_VERSION_IPV6
[2015.08.01-03.52.26:944][  0]LogInit:      CURL_VERSION_ASYNCHDNS
[2015.08.01-03.52.26:944][  0]LogInit:      CURL_VERSION_LARGEFILE
[2015.08.01-03.52.26:944][  0]LogInit:      CURL_VERSION_IDN
[2015.08.01-03.52.26:945][  0]LogInit:  CurlRequestOptions (configurable via config and command line):
[2015.08.01-03.52.26:945][  0]LogInit:  - bVerifyPeer = true  - Libcurl will verify peer certificate
[2015.08.01-03.52.26:945][  0]LogInit:  - bUseHttpProxy = false  - Libcurl will NOT use HTTP proxy
[2015.08.01-03.52.26:945][  0]LogInit:  - bDontReuseConnections = false  - Libcurl will reuse connections
[2015.08.01-03.52.26:945][  0]LogInit:  - CertBundlePath = nullptr  - Libcurl will use whatever was configured at build time.
[2015.08.01-03.52.26:956][  0]LogOnline:Warning: No default platform service specified for OnlineSubsystem
[2015.08.01-03.52.26:972][  0]LogInit: Presizing for 0 objects not considered by GC, pre-allocating 0 bytes.
[2015.08.01-03.52.26:984][  0]LogInit: Object subsystem initialized
[2015.08.01-03.52.26:985][  0]LogConsoleResponse:Warning: Skipping Unknown console variable: 'TranslucentSortAxis = (X=0.000000,Y=-1.000000,Z=0.000000)'
[2015.08.01-03.52.26:985][  0]LogConsoleResponse:Warning:   Found in ini file 'C:/Users/076271/Desktop/Apps+Games+PixelArt/Games/The Ending/TheEnding/Saved/Config/Windows/Engine.ini', in section '[/Script/Engine.RendererSettings]'
[2015.08.01-03.52.26:986][  0]LogConsoleResponse:Warning: Skipping Unknown console variable: 'UIScaleRule = ShortestSide'
[2015.08.01-03.52.26:986][  0]LogConsoleResponse:Warning:   Found in ini file 'C:/Users/076271/Desktop/Apps+Games+PixelArt/Games/The Ending/TheEnding/Saved/Config/Windows/Engine.ini', in section '[/Script/Engine.RendererSettings]'
[2015.08.01-03.52.26:986][  0]LogConsoleResponse:Warning: Skipping Unknown console variable: 'UIScaleCurve = (EditorCurveData=(Keys=),ExternalCurve=None)'
[2015.08.01-03.52.26:986][  0]LogConsoleResponse:Warning:   Found in ini file 'C:/Users/076271/Desktop/Apps+Games+PixelArt/Games/The Ending/TheEnding/Saved/Config/Windows/Engine.ini', in section '[/Script/Engine.RendererSettings]'
[2015.08.01-03.52.26:987][  0]LogInit: Selected Device Profile: [Windows]
[2015.08.01-03.52.26:987][  0]LogInit: Applying CVar settings loaded from the selected device profile: [Windows]
[2015.08.01-03.52.27:005][  0]LogInit: Computer: TAB-1090
[2015.08.01-03.52.27:005][  0]LogInit: User: 076271
[2015.08.01-03.52.27:005][  0]LogInit: CPU Page size=4096, Cores=2
[2015.08.01-03.52.27:005][  0]LogInit: High frequency timer resolution =1.558889 MHz
[2015.08.01-03.52.27:005][  0]LogMemory: Memory total: Physical=7.9GB (8GB approx)
[2015.08.01-03.52.27:005][  0]LogMemory: Platform Memory Stats for Windows
[2015.08.01-03.52.27:005][  0]LogMemory: Process Physical Memory: 52.86 MB used, 52.86 MB peak
[2015.08.01-03.52.27:006][  0]LogMemory: Process Virtual Memory: 26.33 MB used, 26.33 MB peak
[2015.08.01-03.52.27:006][  0]LogMemory: Physical Memory: 3345.39 MB used, 8097.05 MB total
[2015.08.01-03.52.27:006][  0]LogMemory: Virtual Memory: 298.66 MB used, 134217728.00 MB total
[2015.08.01-03.52.27:121][  0]LogTextLocalizationManager: The requested culture ('en_AU') has no localization data; parent culture's ('en') localization data will be used.
[2015.08.01-03.52.28:665][  0]LogTextLocalizationManager:Warning: Loaded localization resources contain conflicting entries for (Namespace:ContentBrowser, Key:ImportAssetToolTip):
Localization Resource: (C:/Program Files/Epic Games/4.8/Engine/Content/Localization/Editor/en/Editor.locres) Source String Hash: (-630476809) Localized String: (Import to {0}...)
Localization Resource: (C:/Program Files/Epic Games/4.8/Engine/Content/Localization/Editor/en/Editor.locres) Source String Hash: (1271782899) Localized String: (Imports an asset from file to this folder.)
[2015.08.01-03.52.29:889][  0]LogD3D11RHI: Found D3D11 adapter 0: Intel(R) HD Graphics Family (Feature Level 11_0)
[2015.08.01-03.52.29:889][  0]LogD3D11RHI: Adapter has 0MB of dedicated video memory, 0MB of dedicated system memory, and 1792MB of shared system memory, 1 output[s]
[2015.08.01-03.52.29:890][  0]LogD3D11RHI: Found D3D11 adapter 1: Microsoft Basic Render Driver (Feature Level 11_0)
[2015.08.01-03.52.29:890][  0]LogD3D11RHI: Adapter has 0MB of dedicated video memory, 0MB of dedicated system memory, and 256MB of shared system memory, 0 output[s]
[2015.08.01-03.52.29:890][  0]LogD3D11RHI: Chosen D3D11 Adapter Id = 0
[2015.08.01-03.52.29:895][  0]LogD3D11RHI: InitD3DDevice
[2015.08.01-03.52.29:895][  0]LogD3D11RHI: !Direct3DDevice
[2015.08.01-03.52.29:896][  0]LogRHI: Texture pool is 627 MB (70% of 896 MB)
[2015.08.01-03.52.29:904][  0]LogD3D11RHI: Async texture creation enabled
[2015.08.01-03.52.29:913][  0]LogShaderCompilers:Display: Using Local Shader Compiler.
[2015.08.01-03.52.33:384][  0]LogTemp:Display: Loaded TP DesktopTargetPlatform
[2015.08.01-03.52.33:412][  0]LogTemp:Display: Loaded TP WindowsClientTargetPlatform
[2015.08.01-03.52.33:582][  0]LogTemp:Display: Loaded TP WindowsNoEditorTargetPlatform
[2015.08.01-03.52.33:686][  0]LogTemp:Display: Loaded TP WindowsServerTargetPlatform
[2015.08.01-03.52.33:727][  0]LogTemp:Display: Loaded TP WindowsTargetPlatform
[2015.08.01-03.52.33:754][  0]LogTemp:Display: Loaded TP AndroidTargetPlatform
[2015.08.01-03.52.33:781][  0]LogTemp:Display: Loaded TP Android_ASTCTargetPlatform
[2015.08.01-03.52.33:800][  0]LogTemp:Display: Loaded TP Android_ATCTargetPlatform
[2015.08.01-03.52.33:818][  0]LogTemp:Display: Loaded TP Android_DXTTargetPlatform
[2015.08.01-03.52.33:945][  0]LogTemp:Display: Loaded TP Android_ETC1TargetPlatform
[2015.08.01-03.52.33:987][  0]LogTemp:Display: Loaded TP Android_ETC2TargetPlatform
[2015.08.01-03.52.34:015][  0]LogTemp:Display: Loaded TP Android_PVRTCTargetPlatform
[2015.08.01-03.52.34:093][  0]LogTemp:Display: Loaded TP HTML5TargetPlatform
[2015.08.01-03.52.34:212][  0]LogTemp:Display: Loaded TP IOSTargetPlatform
[2015.08.01-03.52.34:237][  0]LogTemp:Display: Loaded TP LinuxNoEditorTargetPlatform
[2015.08.01-03.52.34:254][  0]LogTemp:Display: Loaded TP LinuxServerTargetPlatform
[2015.08.01-03.52.34:271][  0]LogTemp:Display: Loaded TP LinuxTargetPlatform
[2015.08.01-03.52.34:271][  0]LogTargetPlatformManager:Display: Building Assets For Windows
[2015.08.01-03.52.34:838][  0]LogDerivedDataCache:Display: Max Cache Size: 512 MB
[2015.08.01-03.52.35:101][  0]LogDerivedDataCache: Loaded boot cache 0.26s 53MB C:/Users/076271/AppData/Local/UnrealEngine/4.8/DerivedDataCache/Boot.ddc.
[2015.08.01-03.52.35:101][  0]LogDerivedDataCache:Display: Loaded Boot cache: C:/Users/076271/AppData/Local/UnrealEngine/4.8/DerivedDataCache/Boot.ddc
[2015.08.01-03.52.35:102][  0]LogDerivedDataCache: FDerivedDataBackendGraph:  Pak pak cache file ../../../../../../Users/076271/Desktop/Apps+Games+PixelArt/Games/The Ending/TheEnding/DerivedDataCache/DDC.ddp not found, will not use a pak cache.
[2015.08.01-03.52.35:102][  0]LogDerivedDataCache: Unable to find inner node Pak for hierarchical cache Hierarchy.
[2015.08.01-03.52.35:102][  0]LogDerivedDataCache: FDerivedDataBackendGraph:  CompressedPak pak cache file ../../../../../../Users/076271/Desktop/Apps+Games+PixelArt/Games/The Ending/TheEnding/DerivedDataCache/Compressed.ddp not found, will not use a pak cache.
[2015.08.01-03.52.35:102][  0]LogDerivedDataCache: Unable to find inner node CompressedPak for hierarchical cache Hierarchy.
[2015.08.01-03.52.35:592][  0]LogDerivedDataCache:Display: Pak cache opened for reading ../../../Engine/DerivedDataCache/Compressed.ddp.
[2015.08.01-03.52.35:605][  0]LogDerivedDataCache: Using Local data cache path C:/Users/076271/AppData/Local/UnrealEngine/Common/DerivedDataCache: Writable
[2015.08.01-03.52.35:869][  0]LogInit: Selected Device Profile: [Windows]
[2015.08.01-03.52.36:070][  0]ImportText (ComponentSweepMultiTests): Missing closing parenthesis: (RootShapeAsset="/Engine/BasicShapes/Cube.Cube",ShapeType="TriggerCapsule",HitResult=(Time=0.50,Location=(X=-100.000015,Y=0.0,Z=100.000015),ImpactPoint=(X=-50.0,Y=0.0,Z=50.0),Normal=(X=-1.0,Y=-0.0,Z=0.0),ImpactNormal=(X=0.0,Y=0.0,Z=1.0),TraceStart=(X=-200.0,Y=0.0,Z=200.0),TraceEnd=(X=0.0,Y=0.0,Z=0.0))
[2015.08.01-03.52.36:071][  0]ImportText (LineTraceSingleByChannelTests): Missing closing parenthesis: (RootShapeAsset="/Engine/BasicShapes/Cube.Cube",HitResult=(Time=0.50,Location=(X=-100.000015,Y=0.0,Z=100.000015),ImpactPoint=(X=-50.0,Y=0.0,Z=50.0),Normal=(X=-1.0,Y=-0.0,Z=0.0),ImpactNormal=(X=0.0,Y=0.0,Z=1.0),TraceStart=(X=-200.0,Y=0.0,Z=200.0),TraceEnd=(X=0.0,Y=0.0,Z=0.0))
[2015.08.01-03.52.36:130][  0]LogMeshUtilities: No automatic mesh reduction module available
[2015.08.01-03.52.36:130][  0]LogMeshUtilities: No automatic mesh merging module available
[2015.08.01-03.52.37:008][  0]LogInit: WinSock: version 1.1 (2.2), MaxSocks=32767, MaxUdp=65467
[2015.08.01-03.52.39:027][  0]UdpMessaging: Initializing bridge on interface 0.0.0.0:0 to multicast group 230.0.0.1:6666.
[2015.08.01-03.52.39:382][  0]SourceControl: Info Source control is disabled
[2015.08.01-03.52.39:395][  0]SourceControl: Info Source control is disabled
[2015.08.01-03.52.39:405][  0]SourceControl: Info Source control is disabled
[2015.08.01-03.52.39:417][  0]SourceControl: Info Source control is disabled
[2015.08.01-03.52.39:831][  0]LogObj: 26273 objects as part of root set at end of initial load.
[2015.08.01-03.52.39:831][  0]LogUObjectAllocator: 5409256 out of 0 bytes used by permanent object pool.
[2015.08.01-03.52.39:915][  0]LogEngine: Initializing Engine...
[2015.08.01-03.52.39:918][  0]LogHMD: Can't find Oculus library dev build: is proper Runtime installed? Version: 0.6.0.0
[2015.08.01-03.52.39:920][  0]LogHMD:Warning: SteamVR failed to initialize.  Error: 100
[2015.08.01-03.52.40:302][  0]LogAIModule: Creating AISystem for world NewWorld
[2015.08.01-03.52.40:307][  0]LogInit: XAudio2 using 'Speakers / Headphones (Realtek High Definition Audio)' : 2 channels at 48 kHz using 16 bits per sample (channel mask 0x3)
[2015.08.01-03.52.40:687][  0]LogInit: FAudioDevice initialized.
[2015.08.01-03.52.40:744][  0]LogDerivedDataCache: Saved boot cache 0.06s 53MB C:/Users/076271/AppData/Local/UnrealEngine/4.8/DerivedDataCache/Boot.ddc.
[2015.08.01-03.52.40:754][  0]LogInit: Texture streaming: Disabled
[2015.08.01-03.52.40:785][  0]LogAnalytics: Creating configured Analytics provider AnalyticsET
[2015.08.01-03.52.40:785][  0]LogAnalytics: [UEEditor.Rocket.Release] APIServer = http://et2.epicgames.com/ET2/. AppVersion = 4.8.3-2634408+++depot+UE4-Releases+4.8
[2015.08.01-03.52.40:785][  0]LogAnalytics: [UEEditor.Rocket.Release] SetUserId 76c04c81496839754ea32aa1f64fd1dc|0cceb55ada7a48d4a2aa42507710ea50|1bc6e7bf-6992-4f6c-b1ed-24e2f407b47a
[2015.08.01-03.52.40:785][  0]LogAnalytics: [UEEditor.Rocket.Release] AnalyticsET::StartSession
[2015.08.01-03.52.40:869][  0]LogInit: Transaction tracking system initialized
[2015.08.01-03.52.41:189][  0]BlueprintLog: New page: Editor Load
[2015.08.01-03.52.41:256][  0]LogAssetRegistry: FAssetRegistry took 0.0113 seconds to start up
[2015.08.01-03.52.41:256][  0]LogDirectoryWatcher:Warning: Failed to begin reading directory changes for ../../../Engine/Plugins/Experimental/CharacterAI/Content/. Error: 0
[2015.08.01-03.52.45:054][  0]LogConsoleManager:Warning: Console variable 'r.VSync' wasn't set ('GameSetting' has a lower priority than 'SystemSettingsIni')
[2015.08.01-03.52.45:055][  0]LogConsoleResponse:Display: 
[2015.08.01-03.52.45:686][  0]LogCook:Display: Done creating registry. It took  0.00s.
[2015.08.01-03.52.46:220][  0]SourceControl: Info Source control is disabled
[2015.08.01-03.52.46:221][  0]Cmd: MAP LOAD FILE="../../../../../../Users/076271/Desktop/Apps+Games+PixelArt/Games/The Ending/TheEnding/Content/FirstPersonBP/Maps/LevelTest_Test01.umap" TEMPLATE=0 SHOWPROGRESS=1 FEATURELEVEL=3
[2015.08.01-03.52.46:230][  0]LightingResults: New page: Lighting Build
[2015.08.01-03.52.46:417][  0]MapCheck: New page: Map Check
[2015.08.01-03.52.46:417][  0]LightingResults: New page: Lighting Build
[2015.08.01-03.52.46:479][  0]LogParticles: Destroying 0 GPU particle simulations for FXSystem 0x000000B38B35CF40
[2015.08.01-03.52.52:015][  0]LogAIModule: Creating AISystem for world LevelTest_Test01
[2015.08.01-03.52.52:114][  0]LogEditorServer: Finished looking for orphan Actors (0.002 secs)
[2015.08.01-03.52.58:501][  0]Cmd: MAP CHECKDEP NOCLEARLOG
[2015.08.01-03.52.58:571][  0]MapCheck: Info Map check complete: 0 Error(s), 0 Warning(s), took 70.328ms to complete.
[2015.08.01-03.52.58:571][  0]LogFileHelpers: Loading map 'LevelTest_Test01' took 12.350
[2015.08.01-03.52.58:765][  0]LogCollectionManager: Loaded 0 collections in 0.001941 seconds
[2015.08.01-03.52.58:775][  0]LogContentBrowser: Native class hierarchy populated in 0.0099 seconds. Added 1792 classes and 301 folders.
[2015.08.01-03.52.58:822][  0]LogContentBrowser: Native class hierarchy updated for 'WidgetCarousel' in 0.0009 seconds. Added 0 classes and 0 folders.
[2015.08.01-03.52.58:853][  0]LogContentBrowser: Native class hierarchy updated for 'AddContentDialog' in 0.0007 seconds. Added 0 classes and 0 folders.
[2015.08.01-03.52.58:871][  0]LogContentBrowser: Native class hierarchy updated for 'SceneOutliner' in 0.0011 seconds. Added 1 classes and 2 folders.
[2015.08.01-03.52.59:078][  0]LogCrashTracker: Crashtracker disabled due to settings.
[2015.08.01-03.52.59:080][  0]LogD3D11RHI: InitD3DDevice
[2015.08.01-03.52.59:087][  0]LogUObjectGlobals:Warning: Failed to find object 'Class None.'
[2015.08.01-03.52.59:113][  0]LogLoad: Full Startup: 35.87 seconds (BP compile: 1.80 seconds)
[2015.08.01-03.52.59:547][  0]LogContentStreaming: Texture pool size is 0.000000MB
[2015.08.01-03.52.59:618][  0]LogContentStreaming: Texture pool size now 200 MB
[2015.08.01-03.53.00:403][  0]LogRenderer: Reallocating scene render targets to support 688x400 (Frame:2).
[2015.08.01-03.53.03:677][  8]LogAssetRegistry: Asset discovery search completed in 22.4313 seconds
[2015.08.01-03.53.19:389][137]LogD3D11RHI: InitD3DDevice
[2015.08.01-03.53.19:794][139]LogPlayLevel: PIE:  No blueprints needed recompiling
[2015.08.01-03.53.19:799][139]PIE: New page: PIE session: LevelTest_Test01 (1 Aug 2015 11:53:19 pm)
[2015.08.01-03.53.19:800][139]LogPlayLevel: Creating play world package: /Game/FirstPersonBP/Maps/UEDPIE_0_LevelTest_Test01
[2015.08.01-03.53.20:021][139]LogPlayLevel: PIE: StaticDuplicateObject took: (0.221052s)
[2015.08.01-03.53.20:024][139]LogAIModule: Creating AISystem for world LevelTest_Test01
[2015.08.01-03.53.20:026][139]LogPlayLevel: PIE: World Init took: (0.004437s)
[2015.08.01-03.53.20:026][139]LogPlayLevel: PIE: Created PIE world by copying editor world from /Game/FirstPersonBP/Maps/LevelTest_Test01.LevelTest_Test01 to /Game/FirstPersonBP/Maps/UEDPIE_0_LevelTest_Test01.LevelTest_Test01 (0.226198s)
[2015.08.01-03.53.20:471][139]LogInit: XAudio2 using 'Speakers / Headphones (Realtek High Definition Audio)' : 2 channels at 48 kHz using 16 bits per sample (channel mask 0x3)
[2015.08.01-03.53.20:487][139]LogInit: FAudioDevice initialized.
[2015.08.01-03.53.20:554][139]LogD3D11RHI: InitD3DDevice
[2015.08.01-03.53.26:887][139]LogWorld: Game class is 'BPG_TheEnding_C'
[2015.08.01-03.53.26:971][139]LogWorld: Bringing World /Game/FirstPersonBP/Maps/UEDPIE_0_LevelTest_Test01.LevelTest_Test01 up for play (max tick rate 0) at 2015.08.01-13.53.26
[2015.08.01-03.53.26:971][139]LogActor:Warning: GameSession /Game/FirstPersonBP/Maps/UEDPIE_0_LevelTest_Test01.LevelTest_Test01:PersistentLevel.GameSession_0 has natively added scene component(s), but none of them were set as the actor's RootComponent - picking one arbitrarily
[2015.08.01-03.53.26:972][139]LogActor:Warning: GameNetworkManager /Game/FirstPersonBP/Maps/UEDPIE_0_LevelTest_Test01.LevelTest_Test01:PersistentLevel.GameNetworkManager_0 has natively added scene component(s), but none of them were set as the actor's RootComponent - picking one arbitrarily
[2015.08.01-03.53.26:975][139]LogWorld: Bringing up level for play took: 0.056784
[2015.08.01-03.53.27:130][139]PIE: Info Play in editor start time for /Game/FirstPersonBP/Maps/UEDPIE_0_LevelTest_Test01 6.551
[2015.08.01-03.53.38:812][257]LogParticles: Destroying 0 GPU particle simulations for FXSystem 0x000000B3955C8860
[2015.08.01-03.53.46:682][324]LogD3D11RHI: InitD3DDevice
[2015.08.01-03.55.12:860][895]LogPlayLevel: PIE:  No blueprints needed recompiling
[2015.08.01-03.55.12:860][895]PIE: New page: PIE session: LevelTest_Test01 (1 Aug 2015 11:55:12 pm)
[2015.08.01-03.55.12:861][895]LogPlayLevel: Creating play world package: /Game/FirstPersonBP/Maps/UEDPIE_0_LevelTest_Test01
[2015.08.01-03.55.12:910][895]LogPlayLevel: PIE: StaticDuplicateObject took: (0.048603s)
[2015.08.01-03.55.12:917][895]LogAIModule: Creating AISystem for world LevelTest_Test01
[2015.08.01-03.55.12:919][895]LogPlayLevel: PIE: World Init took: (0.009184s)
[2015.08.01-03.55.12:919][895]LogPlayLevel: PIE: Created PIE world by copying editor world from /Game/FirstPersonBP/Maps/LevelTest_Test01.LevelTest_Test01 to /Game/FirstPersonBP/Maps/UEDPIE_0_LevelTest_Test01.LevelTest_Test01 (0.058325s)
[2015.08.01-03.55.13:155][895]LogInit: XAudio2 using 'Speakers / Headphones (Realtek High Definition Audio)' : 2 channels at 48 kHz using 16 bits per sample (channel mask 0x3)
[2015.08.01-03.55.13:226][895]LogInit: FAudioDevice initialized.
[2015.08.01-03.55.13:236][895]LogD3D11RHI: InitD3DDevice
[2015.08.01-03.55.13:278][895]LogWorld: Game class is 'BPG_TheEnding_C'
[2015.08.01-03.55.13:300][895]LogWorld: Bringing World /Game/FirstPersonBP/Maps/UEDPIE_0_LevelTest_Test01.LevelTest_Test01 up for play (max tick rate 0) at 2015.08.01-13.55.13
[2015.08.01-03.55.13:300][895]LogActor:Warning: GameSession /Game/FirstPersonBP/Maps/UEDPIE_0_LevelTest_Test01.LevelTest_Test01:PersistentLevel.GameSession_1 has natively added scene component(s), but none of them were set as the actor's RootComponent - picking one arbitrarily
[2015.08.01-03.55.13:301][895]LogActor:Warning: GameNetworkManager /Game/FirstPersonBP/Maps/UEDPIE_0_LevelTest_Test01.LevelTest_Test01:PersistentLevel.GameNetworkManager_1 has natively added scene component(s), but none of them were set as the actor's RootComponent - picking one arbitrarily
[2015.08.01-03.55.13:301][895]LogWorld: Bringing up level for play took: 0.021077
[2015.08.01-03.55.13:337][895]PIE: Info Play in editor start time for /Game/FirstPersonBP/Maps/UEDPIE_0_LevelTest_Test01 0.758
[2015.08.01-03.55.16:611][927]LogParticles: Destroying 0 GPU particle simulations for FXSystem 0x000000B3927D5DA0
[2015.08.01-03.56.25:766][442]LogD3D11RHI: InitD3DDevice
[2015.08.01-03.56.25:903][442]LogD3D11RHI: InitD3DDevice
[2015.08.01-03.56.25:969][442]LogD3D11RHI: InitD3DDevice
[2015.08.01-03.56.26:041][442]LogSavePackage: Save=13.945188ms
[2015.08.01-03.56.26:041][442]LogSavePackage: Moving '../../../../../../Users/076271/Desktop/Apps+Games+PixelArt/Games/The Ending/TheEnding/Saved/T_Log4D3F72904B47672133B8899F233BC180.tmp' to '../../../../../../Users/076271/Desktop/Apps+Games+PixelArt/Games/The Ending/TheEnding/Content/FirstPersonBP/Textures/Items/T_Log.uasset'
[2015.08.01-03.56.26:054][442]LogD3D11RHI: InitD3DDevice
[2015.08.01-03.56.26:306][442]LogD3D11RHI: InitD3DDevice
[2015.08.01-03.56.26:763][442]LogD3D11RHI: InitD3DDevice
[2015.08.01-03.56.27:148][442]LogSavePackage: Save=25.158943ms
[2015.08.01-03.56.27:148][442]LogSavePackage: Moving '../../../../../../Users/076271/Desktop/Apps+Games+PixelArt/Games/The Ending/TheEnding/Saved/M_Log5DB493DC42F3BD5F53034CBB9BE358D5.tmp' to '../../../../../../Users/076271/Desktop/Apps+Games+PixelArt/Games/The Ending/TheEnding/Content/FirstPersonBP/Materials/Items/M_Log.uasset'
[2015.08.01-03.56.39:977][602]LogEditorViewport: Clicking on Actor (LMB): BPA_Log_C (BPA_Log)
[2015.08.01-04.20.48:506][120]LogD3D11RHI: InitD3DDevice
[2015.08.01-04.20.48:735][120]LogLinker:Warning: Asset '../../../Engine/Content/ArtTools/RenderToTexture/Macros/RenderToTextureMacros.uasset' has been saved with empty engine version. The asset will be loaded but may be incompatible.
[2015.08.01-04.20.49:060][120]LogLinker:Warning: Asset '../../../Engine/Content/ArtTools/RenderToTexture/Enums/RenderToTexture_Enum.uasset' has been saved with empty engine version. The asset will be loaded but may be incompatible.
[2015.08.01-04.22.27:693][548]LogD3D11RHI: InitD3DDevice
[2015.08.01-04.22.27:772][548]LogD3D11RHI: InitD3DDevice
[2015.08.01-04.22.57:620][444]LogD3D11RHI: InitD3DDevice
[2015.08.01-04.23.08:692][772]LogD3D11RHI: InitD3DDevice
[2015.08.01-04.23.26:461][572]LogClass: UUserDefinedStruct.Serialize 'STRUCT_REINST_BPS_ItemData_1' validation: Struct 'UserDefinedStruct /Engine/Transient.STRUCT_REINST_BPS_ItemData_1' is empty
[2015.08.01-04.23.36:402][ 59]LogD3D11RHI: InitD3DDevice
[2015.08.01-04.23.36:453][ 59]LogSavePackage: Save=6.568781ms
[2015.08.01-04.23.36:454][ 59]LogSavePackage: Moving '../../../../../../Users/076271/Desktop/Apps+Games+PixelArt/Games/The Ending/TheEnding/Saved/BPS_ItemCrafting17544B0E4CA825268D7C22A75792E3F8.tmp' to '../../../../../../Users/076271/Desktop/Apps+Games+PixelArt/Games/The Ending/TheEnding/Content/FirstPersonBP/Blueprints/ItemStructs/BPS_ItemCrafting.uasset'
[2015.08.01-04.23.37:820][118]BlueprintLog: New page: Compile BPA_Log
[2015.08.01-04.23.38:209][118]BlueprintEditorCompileResults: Info [1875.00] Compile of BPA_Log successful! [in 388 ms]
[2015.08.01-04.23.40:819][228]BlueprintLog: New page: Pre-PIE auto-recompile
[2015.08.01-04.23.40:833][228]LogPlayLevel: [PIE] Compiling BPA_MasterItem before PIE...
[2015.08.01-04.23.43:035][228]LogPlayLevel: [PIE] Compiling BPC_Char before PIE...
[2015.08.01-04.23.44:180][228]LogPlayLevel: [PIE] Compiling BPW_Inventory before PIE...
[2015.08.01-04.23.44:565][228]LogPlayLevel: [PIE] Compiling BPW_InventoryItemButton before PIE...
[2015.08.01-04.23.44:678][228]LogPlayLevel: [PIE] Compiling BPA_Apple before PIE...
[2015.08.01-04.23.44:777][228]LogPlayLevel: [PIE] Compiling BPA_Cola before PIE...
[2015.08.01-04.23.44:871][228]LogPlayLevel: [PIE] Compiling BPA_Log before PIE...
[2015.08.01-04.23.45:106][228]LogPlayLevel: [PIE] Compiling BPW_OnScreen before PIE...
[2015.08.01-04.23.45:325][228]LogPlayLevel: PIE:  Blueprint regeneration took 4504 ms (8 blueprints)
[2015.08.01-04.23.45:325][228]PIE: New page: PIE session: LevelTest_Test01 (2 Aug 2015 12:23:45 am)
[2015.08.01-04.23.45:326][228]LogPlayLevel: Creating play world package: /Game/FirstPersonBP/Maps/UEDPIE_0_LevelTest_Test01
[2015.08.01-04.23.45:424][228]LogPlayLevel: PIE: StaticDuplicateObject took: (0.098298s)
[2015.08.01-04.23.45:441][228]LogAIModule: Creating AISystem for world LevelTest_Test01
[2015.08.01-04.23.45:443][228]LogPlayLevel: PIE: World Init took: (0.018713s)
[2015.08.01-04.23.45:443][228]LogPlayLevel: PIE: Created PIE world by copying editor world from /Game/FirstPersonBP/Maps/LevelTest_Test01.LevelTest_Test01 to /Game/FirstPersonBP/Maps/UEDPIE_0_LevelTest_Test01.LevelTest_Test01 (0.117527s)
[2015.08.01-04.23.45:634][228]LogInit: XAudio2 using 'Speakers / Headphones (Realtek High Definition Audio)' : 2 channels at 48 kHz using 16 bits per sample (channel mask 0x3)
[2015.08.01-04.23.45:650][228]LogInit: FAudioDevice initialized.
[2015.08.01-04.23.45:656][228]LogD3D11RHI: InitD3DDevice
[2015.08.01-04.23.45:691][228]LogWorld: Game class is 'BPG_TheEnding_C'
[2015.08.01-04.23.45:709][228]LogWorld: Bringing World /Game/FirstPersonBP/Maps/UEDPIE_0_LevelTest_Test01.LevelTest_Test01 up for play (max tick rate 0) at 2015.08.01-14.23.45
[2015.08.01-04.23.45:709][228]LogActor:Warning: GameSession /Game/FirstPersonBP/Maps/UEDPIE_0_LevelTest_Test01.LevelTest_Test01:PersistentLevel.GameSession_2 has natively added scene component(s), but none of them were set as the actor's RootComponent - picking one arbitrarily
[2015.08.01-04.23.45:710][228]LogActor:Warning: GameNetworkManager /Game/FirstPersonBP/Maps/UEDPIE_0_LevelTest_Test01.LevelTest_Test01:PersistentLevel.GameNetworkManager_2 has natively added scene component(s), but none of them were set as the actor's RootComponent - picking one arbitrarily
[2015.08.01-04.23.45:710][228]LogWorld: Bringing up level for play took: 0.017323
[2015.08.01-04.23.45:732][228]PIE: Info Play in editor start time for /Game/FirstPersonBP/Maps/UEDPIE_0_LevelTest_Test01 5.196
[2015.08.01-04.23.52:634][314]LogParticles: Destroying 0 GPU particle simulations for FXSystem 0x000000B3C2793A60
[2015.08.01-04.24.06:661][140]LogD3D11RHI: InitD3DDevice
[2015.08.01-04.24.06:681][140]LogSlate:Warning: Prevented a slow task dialog from being summoned while a context menu was open
[2015.08.01-04.24.18:625][534]LogClass: UUserDefinedStruct.Serialize 'STRUCT_REINST_BPS_ItemData_5' validation: Struct 'UserDefinedStruct /Engine/Transient.STRUCT_REINST_BPS_ItemData_5' is empty
[2015.08.01-04.24.19:539][589]LogClass: UUserDefinedStruct.Serialize 'STRUCT_REINST_BPS_ItemData_9' validation: Struct 'UserDefinedStruct /Engine/Transient.STRUCT_REINST_BPS_ItemData_9' is empty
[2015.08.01-04.24.19:999][608]LogClass: UUserDefinedStruct.Serialize 'STRUCT_REINST_BPS_ItemData_13' validation: Struct 'UserDefinedStruct /Engine/Transient.STRUCT_REINST_BPS_ItemData_13' is empty
[2015.08.01-04.24.29:318][ 77]LogClass: UUserDefinedStruct.Serialize 'STRUCT_REINST_BPS_ItemData_17' validation: Struct 'UserDefinedStruct /Engine/Transient.STRUCT_REINST_BPS_ItemData_17' is empty
[2015.08.01-04.24.31:042][137]LogClass: UUserDefinedStruct.Serialize 'STRUCT_REINST_BPS_ItemData_21' validation: Struct 'UserDefinedStruct /Engine/Transient.STRUCT_REINST_BPS_ItemData_21' is empty
[2015.08.01-04.24.36:602][438]LogClass: UUserDefinedStruct.Serialize 'STRUCT_REINST_BPS_ItemData_25' validation: Struct 'UserDefinedStruct /Engine/Transient.STRUCT_REINST_BPS_ItemData_25' is empty
[2015.08.01-04.24.40:700][718]Cmd: TRANSACTION UNDO
[2015.08.01-04.24.40:700][718]LogEditorTransaction: Undo Rename Variable
[2015.08.01-04.24.40:770][718]LogBlueprint:Warning: Loaded invalid component bound event in node /Engine/Transient.EdGraph_694:K2Node_ComponentBoundEvent_6.
[2015.08.01-04.24.40:823][718]LogBlueprint:Warning: Loaded invalid component bound event in node /Engine/Transient.EdGraph_683:K2Node_ComponentBoundEvent_15.
[2015.08.01-04.24.40:824][718]LogBlueprint:Warning: Loaded invalid component bound event in node /Engine/Transient.EdGraph_683:K2Node_ComponentBoundEvent_23.
[2015.08.01-04.24.40:876][718]LogUObjectHash:Warning: Ambiguous search, could be CapsuleComponent /Engine/Transient.TRASH_Default__SKEL_BPC_Char_C_6:CollisionCylinder or CapsuleComponent /Engine/Transient.TRASH_Default__SKEL_BPC_Char_C_6:CollisionCylinder
[2015.08.01-04.24.40:876][718]LogUObjectHash:Warning: Ambiguous search, could be CapsuleComponent /Engine/Transient.TRASH_Default__SKEL_BPC_Char_C_6:CollisionCylinder or CapsuleComponent /Engine/Transient.TRASH_Default__SKEL_BPC_Char_C_6:CollisionCylinder
[2015.08.01-04.24.40:876][718]LogUObjectHash:Warning: Ambiguous search, could be CapsuleComponent /Engine/Transient.TRASH_Default__SKEL_BPC_Char_C_6:CollisionCylinder or CapsuleComponent /Engine/Transient.TRASH_Default__SKEL_BPC_Char_C_6:CollisionCylinder
[2015.08.01-04.24.40:880][718]LogClass: UUserDefinedStruct.Serialize 'STRUCT_REINST_BPS_ItemData_29' validation: Struct 'UserDefinedStruct /Engine/Transient.STRUCT_REINST_BPS_ItemData_29' is empty
[2015.08.01-04.24.41:367][718]LogD3D11RHI: InitD3DDevice
[2015.08.01-04.24.41:369][718]Cmd: TRANSACTION UNDO
[2015.08.01-04.24.41:369][718]LogEditorTransaction: Undo Remove Variable
[2015.08.01-04.24.41:440][718]LogBlueprint:Warning: Loaded invalid component bound event in node /Engine/Transient.EdGraph_649:K2Node_ComponentBoundEvent_6.
[2015.08.01-04.24.41:492][718]LogBlueprint:Warning: Loaded invalid component bound event in node /Engine/Transient.EdGraph_638:K2Node_ComponentBoundEvent_15.
[2015.08.01-04.24.41:493][718]LogBlueprint:Warning: Loaded invalid component bound event in node /Engine/Transient.EdGraph_638:K2Node_ComponentBoundEvent_23.
[2015.08.01-04.24.41:560][718]LogUObjectHash:Warning: Ambiguous search, could be CapsuleComponent /Engine/Transient.TRASH_Default__SKEL_BPC_Char_C_5:CollisionCylinder or CapsuleComponent /Engine/Transient.TRASH_Default__SKEL_BPC_Char_C_5:CollisionCylinder
[2015.08.01-04.24.41:561][718]LogUObjectHash:Warning: Ambiguous search, could be CapsuleComponent /Engine/Transient.TRASH_Default__SKEL_BPC_Char_C_5:CollisionCylinder or CapsuleComponent /Engine/Transient.TRASH_Default__SKEL_BPC_Char_C_5:CollisionCylinder
[2015.08.01-04.24.41:561][718]LogUObjectHash:Warning: Ambiguous search, could be CapsuleComponent /Engine/Transient.TRASH_Default__SKEL_BPC_Char_C_5:CollisionCylinder or CapsuleComponent /Engine/Transient.TRASH_Default__SKEL_BPC_Char_C_5:CollisionCylinder
[2015.08.01-04.24.41:641][718]LogClass: UUserDefinedStruct.Serialize 'STRUCT_REINST_BPS_ItemData_33' validation: Struct 'UserDefinedStruct /Engine/Transient.STRUCT_REINST_BPS_ItemData_33' is empty
[2015.08.01-04.24.44:039][777]Cmd: TRANSACTION UNDO
[2015.08.01-04.24.44:040][777]LogEditorTransaction: Undo Add Variable
[2015.08.01-04.24.44:237][777]LogBlueprint:Warning: Loaded invalid component bound event in node /Engine/Transient.EdGraph_604:K2Node_ComponentBoundEvent_6.
[2015.08.01-04.24.44:298][777]LogBlueprint:Warning: Loaded invalid component bound event in node /Engine/Transient.EdGraph_593:K2Node_ComponentBoundEvent_15.
[2015.08.01-04.24.44:300][777]LogBlueprint:Warning: Loaded invalid component bound event in node /Engine/Transient.EdGraph_593:K2Node_ComponentBoundEvent_23.
[2015.08.01-04.24.44:540][777]LogUObjectHash:Warning: Ambiguous search, could be CapsuleComponent /Engine/Transient.TRASH_Default__SKEL_BPC_Char_C_4:CollisionCylinder or CapsuleComponent /Engine/Transient.TRASH_Default__SKEL_BPC_Char_C_4:CollisionCylinder
[2015.08.01-04.24.44:541][777]LogUObjectHash:Warning: Ambiguous search, could be CapsuleComponent /Engine/Transient.TRASH_Default__SKEL_BPC_Char_C_4:CollisionCylinder or CapsuleComponent /Engine/Transient.TRASH_Default__SKEL_BPC_Char_C_4:CollisionCylinder
[2015.08.01-04.24.44:542][777]LogUObjectHash:Warning: Ambiguous search, could be CapsuleComponent /Engine/Transient.TRASH_Default__SKEL_BPC_Char_C_4:CollisionCylinder or CapsuleComponent /Engine/Transient.TRASH_Default__SKEL_BPC_Char_C_4:CollisionCylinder
[2015.08.01-04.24.44:557][777]LogClass: UUserDefinedStruct.Serialize 'STRUCT_REINST_BPS_ItemData_37' validation: Struct 'UserDefinedStruct /Engine/Transient.STRUCT_REINST_BPS_ItemData_37' is empty
[2015.08.01-04.24.44:832][777]LogD3D11RHI: InitD3DDevice
[2015.08.01-04.24.44:834][777]Cmd: TRANSACTION UNDO
[2015.08.01-04.24.44:834][777]LogEditorTransaction: Undo Remove Variable
[2015.08.01-04.24.44:941][777]LogBlueprint:Warning: Loaded invalid component bound event in node /Engine/Transient.EdGraph_559:K2Node_ComponentBoundEvent_6.
[2015.08.01-04.24.45:149][777]LogBlueprint:Warning: Loaded invalid component bound event in node /Engine/Transient.EdGraph_548:K2Node_ComponentBoundEvent_15.
[2015.08.01-04.24.45:151][777]LogBlueprint:Warning: Loaded invalid component bound event in node /Engine/Transient.EdGraph_548:K2Node_ComponentBoundEvent_23.
[2015.08.01-04.24.45:220][777]LogUObjectHash:Warning: Ambiguous search, could be CapsuleComponent /Engine/Transient.TRASH_Default__SKEL_BPC_Char_C_3:CollisionCylinder or CapsuleComponent /Engine/Transient.TRASH_Default__SKEL_BPC_Char_C_3:CollisionCylinder
[2015.08.01-04.24.45:220][777]LogUObjectHash:Warning: Ambiguous search, could be CapsuleComponent /Engine/Transient.TRASH_Default__SKEL_BPC_Char_C_3:CollisionCylinder or CapsuleComponent /Engine/Transient.TRASH_Default__SKEL_BPC_Char_C_3:CollisionCylinder
[2015.08.01-04.24.45:220][777]LogUObjectHash:Warning: Ambiguous search, could be CapsuleComponent /Engine/Transient.TRASH_Default__SKEL_BPC_Char_C_3:CollisionCylinder or CapsuleComponent /Engine/Transient.TRASH_Default__SKEL_BPC_Char_C_3:CollisionCylinder
[2015.08.01-04.24.45:229][777]LogClass: UUserDefinedStruct.Serialize 'STRUCT_REINST_BPS_ItemData_41' validation: Struct 'UserDefinedStruct /Engine/Transient.STRUCT_REINST_BPS_ItemData_41' is empty
[2015.08.01-04.24.45:919][787]Cmd: TRANSACTION UNDO
[2015.08.01-04.24.45:919][787]LogEditorTransaction: Undo Remove Variable
[2015.08.01-04.24.45:936][787]LogClass: UUserDefinedStruct.Serialize 'STRUCT_REINST_BPS_ItemData_45' validation: Struct 'UserDefinedStruct /Engine/Transient.STRUCT_REINST_BPS_ItemData_45' is empty
[2015.08.01-04.24.47:119][806]Cmd: TRANSACTION UNDO
[2015.08.01-04.24.47:119][806]LogEditorTransaction: Undo Remove Variable
[2015.08.01-04.24.47:232][806]LogBlueprint:Warning: Loaded invalid component bound event in node /Engine/Transient.EdGraph_514:K2Node_ComponentBoundEvent_6.
[2015.08.01-04.24.47:296][806]LogBlueprint:Warning: Loaded invalid component bound event in node /Engine/Transient.EdGraph_503:K2Node_ComponentBoundEvent_15.
[2015.08.01-04.24.47:298][806]LogBlueprint:Warning: Loaded invalid component bound event in node /Engine/Transient.EdGraph_503:K2Node_ComponentBoundEvent_23.
[2015.08.01-04.24.47:526][806]LogUObjectHash:Warning: Ambiguous search, could be CapsuleComponent /Engine/Transient.TRASH_Default__SKEL_BPC_Char_C_2:CollisionCylinder or CapsuleComponent /Engine/Transient.TRASH_Default__SKEL_BPC_Char_C_2:CollisionCylinder
[2015.08.01-04.24.47:526][806]LogUObjectHash:Warning: Ambiguous search, could be CapsuleComponent /Engine/Transient.TRASH_Default__SKEL_BPC_Char_C_2:CollisionCylinder or CapsuleComponent /Engine/Transient.TRASH_Default__SKEL_BPC_Char_C_2:CollisionCylinder
[2015.08.01-04.24.47:527][806]LogUObjectHash:Warning: Ambiguous search, could be CapsuleComponent /Engine/Transient.TRASH_Default__SKEL_BPC_Char_C_2:CollisionCylinder or CapsuleComponent /Engine/Transient.TRASH_Default__SKEL_BPC_Char_C_2:CollisionCylinder
[2015.08.01-04.24.47:540][806]LogClass: UUserDefinedStruct.Serialize 'STRUCT_REINST_BPS_ItemData_49' validation: Struct 'UserDefinedStruct /Engine/Transient.STRUCT_REINST_BPS_ItemData_49' is empty
[2015.08.01-04.24.49:413][850]Cmd: TRANSACTION UNDO
[2015.08.01-04.24.49:413][850]LogEditorTransaction: Undo Remove Variable
[2015.08.01-04.24.49:428][850]LogClass: UUserDefinedStruct.Serialize 'STRUCT_REINST_BPS_ItemData_53' validation: Struct 'UserDefinedStruct /Engine/Transient.STRUCT_REINST_BPS_ItemData_53' is empty
[2015.08.01-04.24.51:434][916]Cmd: TRANSACTION UNDO
[2015.08.01-04.24.51:435][916]LogEditorTransaction: Undo Remove Variable
[2015.08.01-04.24.51:589][916]LogBlueprint:Warning: Loaded invalid component bound event in node /Engine/Transient.EdGraph_469:K2Node_ComponentBoundEvent_6.
[2015.08.01-04.24.51:926][916]LogBlueprint:Warning: Loaded invalid component bound event in node /Engine/Transient.EdGraph_458:K2Node_ComponentBoundEvent_15.
[2015.08.01-04.24.51:928][916]LogBlueprint:Warning: Loaded invalid component bound event in node /Engine/Transient.EdGraph_458:K2Node_ComponentBoundEvent_23.
[2015.08.01-04.24.52:072][916]LogUObjectHash:Warning: Ambiguous search, could be CapsuleComponent /Engine/Transient.TRASH_Default__SKEL_BPC_Char_C_1:CollisionCylinder or CapsuleComponent /Engine/Transient.TRASH_Default__SKEL_BPC_Char_C_1:CollisionCylinder
[2015.08.01-04.24.52:077][916]LogUObjectHash:Warning: Ambiguous search, could be CapsuleComponent /Engine/Transient.TRASH_Default__SKEL_BPC_Char_C_1:CollisionCylinder or CapsuleComponent /Engine/Transient.TRASH_Default__SKEL_BPC_Char_C_1:CollisionCylinder
[2015.08.01-04.24.52:081][916]LogUObjectHash:Warning: Ambiguous search, could be CapsuleComponent /Engine/Transient.TRASH_Default__SKEL_BPC_Char_C_1:CollisionCylinder or CapsuleComponent /Engine/Transient.TRASH_Default__SKEL_BPC_Char_C_1:CollisionCylinder
[2015.08.01-04.24.52:115][916]LogClass: UUserDefinedStruct.Serialize 'STRUCT_REINST_BPS_ItemData_57' validation: Struct 'UserDefinedStruct /Engine/Transient.STRUCT_REINST_BPS_ItemData_57' is empty
[2015.08.01-04.24.54:958][ 12]Cmd: TRANSACTION UNDO
[2015.08.01-04.24.54:958][ 12]LogEditorTransaction: Undo Edit ItemClass_SelfReference
[2015.08.01-04.24.55:035][ 12]LogD3D11RHI: InitD3DDevice
[2015.08.01-04.24.57:037][102]Cmd: TRANSACTION REDO
[2015.08.01-04.24.57:037][102]LogEditorTransaction: Redo Edit ItemClass_SelfReference
[2015.08.01-04.25.00:792][260]LogD3D11RHI: InitD3DDevice
[2015.08.01-04.25.00:905][260]LogSavePackage: Save=9.866001ms
[2015.08.01-04.25.00:905][260]LogSavePackage: Moving '../../../../../../Users/076271/Desktop/Apps+Games+PixelArt/Games/The Ending/TheEnding/Saved/BPS_ItemCraftingD81FF23943D58A4961E70DA2CE623416.tmp' to '../../../../../../Users/076271/Desktop/Apps+Games+PixelArt/Games/The Ending/TheEnding/Content/FirstPersonBP/Blueprints/ItemStructs/BPS_ItemCrafting.uasset'
[2015.08.01-04.25.17:543][ 11]LogD3D11RHI: InitD3DDevice
[2015.08.01-04.25.20:570][ 91]LogD3D11RHI: InitD3DDevice
[2015.08.01-04.25.56:989][178]LogD3D11RHI: InitD3DDevice
[2015.08.01-04.26.03:969][472]LogUObjectHash:Warning: Ambiguous search, could be K2Node_Event /Game/FirstPersonBP/Items/BPA_Log.BPA_Log:EventGraph.K2Node_Event_3133 or K2Node_Event /Engine/Transient.EdGraph_276:K2Node_Event_3133
[2015.08.01-04.26.03:969][472]LogUObjectHash:Warning: Ambiguous search, could be K2Node_Event /Game/FirstPersonBP/Items/BPA_Log.BPA_Log:EventGraph.K2Node_Event_3133 or K2Node_Event /Engine/Transient.EdGraph_481:K2Node_Event_3133
[2015.08.01-04.26.03:970][472]LogUObjectHash:Warning: Ambiguous search, could be K2Node_Event /Game/FirstPersonBP/Items/BPA_Log.BPA_Log:EventGraph.K2Node_Event_3133 or K2Node_Event /Engine/Transient.EdGraph_984:K2Node_Event_3133
[2015.08.01-04.26.03:970][472]LogUObjectHash:Warning: Ambiguous search, could be K2Node_Event /Game/FirstPersonBP/Items/BPA_Log.BPA_Log:EventGraph.K2Node_Event_3133 or K2Node_Event /Engine/Transient.EdGraph_526:K2Node_Event_3133
[2015.08.01-04.26.03:970][472]LogUObjectHash:Warning: Ambiguous search, could be K2Node_Event /Game/FirstPersonBP/Items/BPA_Log.BPA_Log:EventGraph.K2Node_Event_3133 or K2Node_Event /Engine/Transient.EdGraph_571:K2Node_Event_3133
[2015.08.01-04.26.03:970][472]LogUObjectHash:Warning: Ambiguous search, could be K2Node_Event /Game/FirstPersonBP/Items/BPA_Log.BPA_Log:EventGraph.K2Node_Event_3133 or K2Node_Event /Engine/Transient.EdGraph_616:K2Node_Event_3133
[2015.08.01-04.26.03:970][472]LogUObjectHash:Warning: Ambiguous search, could be K2Node_Event /Game/FirstPersonBP/Items/BPA_Log.BPA_Log:EventGraph.K2Node_Event_3133 or K2Node_Event /Engine/Transient.EdGraph_661:K2Node_Event_3133
[2015.08.01-04.26.03:970][472]LogUObjectHash:Warning: Ambiguous search, could be K2Node_Event /Game/FirstPersonBP/Items/BPA_Log.BPA_Log:EventGraph.K2Node_Event_3133 or K2Node_Event /Engine/Transient.EdGraph_706:K2Node_Event_3133
[2015.08.01-04.26.03:970][472]LogUObjectHash:Warning: Ambiguous search, could be K2Node_Event /Game/FirstPersonBP/Items/BPA_Log.BPA_Log:EventGraph.K2Node_Event_3133 or K2Node_Event /Engine/Transient.EdGraph_751:K2Node_Event_3133
[2015.08.01-04.26.03:970][472]LogUObjectHash:Warning: Ambiguous search, could be K2Node_Event /Game/FirstPersonBP/Items/BPA_Log.BPA_Log:EventGraph.K2Node_Event_3133 or K2Node_Event /Engine/Transient.EdGraph_753:K2Node_Event_3133
[2015.08.01-04.26.03:970][472]LogUObjectHash:Warning: Ambiguous search, could be K2Node_Event /Game/FirstPersonBP/Items/BPA_Log.BPA_Log:EventGraph.K2Node_Event_3133 or K2Node_Event /Engine/Transient.EdGraph_798:K2Node_Event_3133
[2015.08.01-04.26.03:970][472]LogUObjectHash:Warning: Ambiguous search, could be K2Node_Event /Game/FirstPersonBP/Items/BPA_Log.BPA_Log:EventGraph.K2Node_Event_3133 or K2Node_Event /Engine/Transient.EdGraph_800:K2Node_Event_3133
[2015.08.01-04.26.03:970][472]LogUObjectHash:Warning: Ambiguous search, could be K2Node_Event /Game/FirstPersonBP/Items/BPA_Log.BPA_Log:EventGraph.K2Node_Event_3133 or K2Node_Event /Engine/Transient.EdGraph_845:K2Node_Event_3133
[2015.08.01-04.26.03:970][472]LogUObjectHash:Warning: Ambiguous search, could be K2Node_Event /Game/FirstPersonBP/Items/BPA_Log.BPA_Log:EventGraph.K2Node_Event_3133 or K2Node_Event /Engine/Transient.EdGraph_847:K2Node_Event_3133
[2015.08.01-04.26.03:970][472]LogUObjectHash:Warning: Ambiguous search, could be K2Node_Event /Game/FirstPersonBP/Items/BPA_Log.BPA_Log:EventGraph.K2Node_Event_3133 or K2Node_Event /Engine/Transient.EdGraph_892:K2Node_Event_3133
[2015.08.01-04.26.03:970][472]LogUObjectHash:Warning: Ambiguous search, could be K2Node_Event /Game/FirstPersonBP/Items/BPA_Log.BPA_Log:EventGraph.K2Node_Event_3133 or K2Node_Event /Engine/Transient.EdGraph_894:K2Node_Event_3133
[2015.08.01-04.26.03:970][472]LogUObjectHash:Warning: Ambiguous search, could be K2Node_Event /Game/FirstPersonBP/Items/BPA_Log.BPA_Log:EventGraph.K2Node_Event_3133 or K2Node_Event /Engine/Transient.EdGraph_939:K2Node_Event_3133
[2015.08.01-04.26.03:970][472]LogUObjectHash:Warning: Ambiguous search, could be K2Node_Event /Game/FirstPersonBP/Items/BPA_Log.BPA_Log:EventGraph.K2Node_Event_3133 or K2Node_Event /Engine/Transient.EdGraph_986:K2Node_Event_3133
[2015.08.01-04.26.03:970][472]LogUObjectHash:Warning: Ambiguous search, could be K2Node_Event /Game/FirstPersonBP/Items/BPA_Log.BPA_Log:EventGraph.K2Node_Event_3133 or K2Node_Event /Engine/Transient.EdGraph_1031:K2Node_Event_3133
[2015.08.01-04.26.03:970][472]LogUObjectHash:Warning: Ambiguous search, could be K2Node_Event /Game/FirstPersonBP/Items/BPA_Log.BPA_Log:EventGraph.K2Node_Event_3133 or K2Node_Event /Engine/Transient.EdGraph_1076:K2Node_Event_3133
[2015.08.01-04.26.03:970][472]LogUObjectHash:Warning: Ambiguous search, could be K2Node_Event /Game/FirstPersonBP/Items/BPA_Log.BPA_Log:EventGraph.K2Node_Event_3133 or K2Node_Event /Engine/Transient.EdGraph_1078:K2Node_Event_3133
[2015.08.01-04.26.03:970][472]LogUObjectHash:Warning: Ambiguous search, could be K2Node_Event /Game/FirstPersonBP/Items/BPA_Log.BPA_Log:EventGraph.K2Node_Event_3133 or K2Node_Event /Engine/Transient.EdGraph_1080:K2Node_Event_3133
[2015.08.01-04.26.03:970][472]LogUObjectHash:Warning: Ambiguous search, could be K2Node_Event /Game/FirstPersonBP/Items/BPA_Log.BPA_Log:EventGraph.K2Node_Event_3133 or K2Node_Event /Engine/Transient.EdGraph_1082:K2Node_Event_3133
[2015.08.01-04.26.03:970][472]LogProperty:Warning: Illegal TEXT reference to a private object in external package (EdGraphPin /Game/FirstPersonBP/Items/BPA_Log.BPA_Log:EventGraph.K2Node_Event_3133.EdGraphPin_4324) from referencer (EdGraphPin /Game/FirstPersonBP/Items/BPA_Cola.BPA_Cola:EventGraph.K2Node_CallParentFunction_1.EdGraphPin_27458).  Import failed...
[2015.08.01-04.26.03:970][472]LogProperty:Warning: ObjectProperty /Script/Engine.EdGraphPin:LinkedTo.LinkedTo: unresolved reference to 'EdGraphPin'K2Node_Event_3133.EdGraphPin_4324''
[2015.08.01-04.26.05:614][594]LogD3D11RHI: InitD3DDevice
[2015.08.01-04.26.07:598][748]LogEditorTransaction: Undo Comment Bubble Visibilty
[2015.08.01-04.26.07:701][748]LogD3D11RHI: InitD3DDevice
[2015.08.01-04.26.15:924][ 91]LogUObjectHash:Warning: Ambiguous search, could be K2Node_CallParentFunction /Game/FirstPersonBP/Items/BPA_Log.BPA_Log:EventGraph.K2Node_CallParentFunction_1 or K2Node_CallParentFunction /Engine/Transient.EdGraph_1076:K2Node_CallParentFunction_1
[2015.08.01-04.26.15:924][ 91]LogUObjectHash:Warning: Ambiguous search, could be K2Node_CallParentFunction /Game/FirstPersonBP/Items/BPA_Log.BPA_Log:EventGraph.K2Node_CallParentFunction_1 or K2Node_CallParentFunction /Engine/Transient.EdGraph_276:K2Node_CallParentFunction_1
[2015.08.01-04.26.15:924][ 91]LogUObjectHash:Warning: Ambiguous search, could be K2Node_CallParentFunction /Game/FirstPersonBP/Items/BPA_Log.BPA_Log:EventGraph.K2Node_CallParentFunction_1 or K2Node_CallParentFunction /Engine/Transient.EdGraph_1078:K2Node_CallParentFunction_1
[2015.08.01-04.26.15:924][ 91]LogUObjectHash:Warning: Ambiguous search, could be K2Node_CallParentFunction /Game/FirstPersonBP/Items/BPA_Log.BPA_Log:EventGraph.K2Node_CallParentFunction_1 or K2Node_CallParentFunction /Engine/Transient.EdGraph_481:K2Node_CallParentFunction_1
[2015.08.01-04.26.15:924][ 91]LogUObjectHash:Warning: Ambiguous search, could be K2Node_CallParentFunction /Game/FirstPersonBP/Items/BPA_Log.BPA_Log:EventGraph.K2Node_CallParentFunction_1 or K2Node_CallParentFunction /Engine/Transient.EdGraph_526:K2Node_CallParentFunction_1
[2015.08.01-04.26.15:924][ 91]LogUObjectHash:Warning: Ambiguous search, could be K2Node_CallParentFunction /Game/FirstPersonBP/Items/BPA_Log.BPA_Log:EventGraph.K2Node_CallParentFunction_1 or K2Node_CallParentFunction /Engine/Transient.EdGraph_571:K2Node_CallParentFunction_1
[2015.08.01-04.26.15:924][ 91]LogUObjectHash:Warning: Ambiguous search, could be K2Node_CallParentFunction /Game/FirstPersonBP/Items/BPA_Log.BPA_Log:EventGraph.K2Node_CallParentFunction_1 or K2Node_CallParentFunction /Engine/Transient.EdGraph_616:K2Node_CallParentFunction_1
[2015.08.01-04.26.15:924][ 91]LogUObjectHash:Warning: Ambiguous search, could be K2Node_CallParentFunction /Game/FirstPersonBP/Items/BPA_Log.BPA_Log:EventGraph.K2Node_CallParentFunction_1 or K2Node_CallParentFunction /Engine/Transient.EdGraph_798:K2Node_CallParentFunction_1
[2015.08.01-04.26.15:924][ 91]LogUObjectHash:Warning: Ambiguous search, could be K2Node_CallParentFunction /Game/FirstPersonBP/Items/BPA_Log.BPA_Log:EventGraph.K2Node_CallParentFunction_1 or K2Node_CallParentFunction /Engine/Transient.EdGraph_800:K2Node_CallParentFunction_1
[2015.08.01-04.26.15:924][ 91]LogUObjectHash:Warning: Ambiguous search, could be K2Node_CallParentFunction /Game/FirstPersonBP/Items/BPA_Log.BPA_Log:EventGraph.K2Node_CallParentFunction_1 or K2Node_CallParentFunction /Engine/Transient.EdGraph_661:K2Node_CallParentFunction_1
[2015.08.01-04.26.15:924][ 91]LogUObjectHash:Warning: Ambiguous search, could be K2Node_CallParentFunction /Game/FirstPersonBP/Items/BPA_Log.BPA_Log:EventGraph.K2Node_CallParentFunction_1 or K2Node_CallParentFunction /Engine/Transient.EdGraph_706:K2Node_CallParentFunction_1
[2015.08.01-04.26.15:925][ 91]LogUObjectHash:Warning: Ambiguous search, could be K2Node_CallParentFunction /Game/FirstPersonBP/Items/BPA_Log.BPA_Log:EventGraph.K2Node_CallParentFunction_1 or K2Node_CallParentFunction /Engine/Transient.EdGraph_751:K2Node_CallParentFunction_1
[2015.08.01-04.26.15:925][ 91]LogUObjectHash:Warning: Ambiguous search, could be K2Node_CallParentFunction /Game/FirstPersonBP/Items/BPA_Log.BPA_Log:EventGraph.K2Node_CallParentFunction_1 or K2Node_CallParentFunction /Engine/Transient.EdGraph_753:K2Node_CallParentFunction_1
[2015.08.01-04.26.15:925][ 91]LogUObjectHash:Warning: Ambiguous search, could be K2Node_CallParentFunction /Game/FirstPersonBP/Items/BPA_Log.BPA_Log:EventGraph.K2Node_CallParentFunction_1 or K2Node_CallParentFunction /Engine/Transient.EdGraph_845:K2Node_CallParentFunction_1
[2015.08.01-04.26.15:925][ 91]LogUObjectHash:Warning: Ambiguous search, could be K2Node_CallParentFunction /Game/FirstPersonBP/Items/BPA_Log.BPA_Log:EventGraph.K2Node_CallParentFunction_1 or K2Node_CallParentFunction /Engine/Transient.EdGraph_847:K2Node_CallParentFunction_1
[2015.08.01-04.26.15:925][ 91]LogUObjectHash:Warning: Ambiguous search, could be K2Node_CallParentFunction /Game/FirstPersonBP/Items/BPA_Log.BPA_Log:EventGraph.K2Node_CallParentFunction_1 or K2Node_CallParentFunction /Engine/Transient.EdGraph_892:K2Node_CallParentFunction_1
[2015.08.01-04.26.15:925][ 91]LogUObjectHash:Warning: Ambiguous search, could be K2Node_CallParentFunction /Game/FirstPersonBP/Items/BPA_Log.BPA_Log:EventGraph.K2Node_CallParentFunction_1 or K2Node_CallParentFunction /Engine/Transient.EdGraph_894:K2Node_CallParentFunction_1
[2015.08.01-04.26.15:925][ 91]LogUObjectHash:Warning: Ambiguous search, could be K2Node_CallParentFunction /Game/FirstPersonBP/Items/BPA_Log.BPA_Log:EventGraph.K2Node_CallParentFunction_1 or K2Node_CallParentFunction /Engine/Transient.EdGraph_939:K2Node_CallParentFunction_1
[2015.08.01-04.26.15:925][ 91]LogUObjectHash:Warning: Ambiguous search, could be K2Node_CallParentFunction /Game/FirstPersonBP/Items/BPA_Log.BPA_Log:EventGraph.K2Node_CallParentFunction_1 or K2Node_CallParentFunction /Engine/Transient.EdGraph_984:K2Node_CallParentFunction_1
[2015.08.01-04.26.15:925][ 91]LogUObjectHash:Warning: Ambiguous search, could be K2Node_CallParentFunction /Game/FirstPersonBP/Items/BPA_Log.BPA_Log:EventGraph.K2Node_CallParentFunction_1 or K2Node_CallParentFunction /Engine/Transient.EdGraph_986:K2Node_CallParentFunction_1
[2015.08.01-04.26.15:925][ 91]LogUObjectHash:Warning: Ambiguous search, could be K2Node_CallParentFunction /Game/FirstPersonBP/Items/BPA_Log.BPA_Log:EventGraph.K2Node_CallParentFunction_1 or K2Node_CallParentFunction /Engine/Transient.EdGraph_1031:K2Node_CallParentFunction_1
[2015.08.01-04.26.15:925][ 91]LogUObjectHash:Warning: Ambiguous search, could be K2Node_CallParentFunction /Game/FirstPersonBP/Items/BPA_Log.BPA_Log:EventGraph.K2Node_CallParentFunction_1 or K2Node_CallParentFunction /Engine/Transient.EdGraph_1080:K2Node_CallParentFunction_1
[2015.08.01-04.26.15:925][ 91]LogUObjectHash:Warning: Ambiguous search, could be K2Node_CallParentFunction /Game/FirstPersonBP/Items/BPA_Log.BPA_Log:EventGraph.K2Node_CallParentFunction_1 or K2Node_CallParentFunction /Engine/Transient.EdGraph_1082:K2Node_CallParentFunction_1
[2015.08.01-04.26.15:925][ 91]LogUObjectHash:Warning: Ambiguous search, could be K2Node_CallParentFunction /Game/FirstPersonBP/Items/BPA_Log.BPA_Log:EventGraph.K2Node_CallParentFunction_1 or K2Node_CallParentFunction /Game/FirstPersonBP/Items/BPA_Cola.BPA_Cola:EventGraph.K2Node_CallParentFunction_1
[2015.08.01-04.26.15:925][ 91]LogProperty:Warning: Illegal TEXT reference to a private object in external package (EdGraphPin /Game/FirstPersonBP/Items/BPA_Log.BPA_Log:EventGraph.K2Node_CallParentFunction_1.EdGraphPin_27458) from referencer (EdGraphPin /Game/FirstPersonBP/Items/BPA_Cola.BPA_Cola:EventGraph.K2Node_Event_3133.EdGraphPin_4324).  Import failed...
[2015.08.01-04.26.15:925][ 91]LogProperty:Warning: ObjectProperty /Script/Engine.EdGraphPin:LinkedTo.LinkedTo: unresolved reference to 'EdGraphPin'K2Node_CallParentFunction_1.EdGraphPin_27458''
[2015.08.01-04.26.22:976][665]BlueprintLog: New page: Compile BPA_Cola
[2015.08.01-04.26.23:725][665]BlueprintEditorCompileResults: Info [2040.52] Compile of BPA_Cola successful! [in 748 ms]
[2015.08.01-04.26.26:553][747]LogD3D11RHI: InitD3DDevice
[2015.08.01-04.26.29:560][840]LogUObjectHash:Warning: Ambiguous search, could be K2Node_CallParentFunction /Game/FirstPersonBP/Items/BPA_Log.BPA_Log:EventGraph.K2Node_CallParentFunction_1 or K2Node_CallParentFunction /Engine/Transient.EdGraph_276:K2Node_CallParentFunction_1
[2015.08.01-04.26.29:562][840]LogUObjectHash:Warning: Ambiguous search, could be K2Node_CallParentFunction /Game/FirstPersonBP/Items/BPA_Log.BPA_Log:EventGraph.K2Node_CallParentFunction_1 or K2Node_CallParentFunction /Game/FirstPersonBP/Items/BPA_Cola.BPA_Cola:EventGraph.K2Node_CallParentFunction_1
[2015.08.01-04.26.29:563][840]LogUObjectHash:Warning: Ambiguous search, could be K2Node_CallParentFunction /Game/FirstPersonBP/Items/BPA_Log.BPA_Log:EventGraph.K2Node_CallParentFunction_1 or K2Node_CallParentFunction /Engine/Transient.EdGraph_1088:K2Node_CallParentFunction_1
[2015.08.01-04.26.29:563][840]LogUObjectHash:Warning: Ambiguous search, could be K2Node_CallParentFunction /Game/FirstPersonBP/Items/BPA_Log.BPA_Log:EventGraph.K2Node_CallParentFunction_1 or K2Node_CallParentFunction /Game/FirstPersonBP/Items/BPA_Apple.BPA_Apple:EventGraph.K2Node_CallParentFunction_1
[2015.08.01-04.26.29:564][840]LogProperty:Warning: Illegal TEXT reference to a private object in external package (EdGraphPin /Game/FirstPersonBP/Items/BPA_Log.BPA_Log:EventGraph.K2Node_CallParentFunction_1.EdGraphPin_27458) from referencer (EdGraphPin /Game/FirstPersonBP/Items/BPA_Apple.BPA_Apple:EventGraph.K2Node_Event_3133.EdGraphPin_4324).  Import failed...
[2015.08.01-04.26.29:564][840]LogProperty:Warning: ObjectProperty /Script/Engine.EdGraphPin:LinkedTo.LinkedTo: unresolved reference to 'EdGraphPin'K2Node_CallParentFunction_1.EdGraphPin_27458''
[2015.08.01-04.26.32:371][985]BlueprintLog: New page: Compile BPA_Apple
[2015.08.01-04.26.32:880][985]BlueprintEditorCompileResults: Info [2049.68] Compile of BPA_Apple successful! [in 507 ms]
[2015.08.01-04.26.34:375][ 91]LogD3D11RHI: InitD3DDevice
[2015.08.01-04.26.45:703][ 91]LogSavePackage: Save=10786.977539ms
[2015.08.01-04.26.45:703][ 91]LogSavePackage: Moving '../../../../../../Users/076271/Desktop/Apps+Games+PixelArt/Games/The Ending/TheEnding/Saved/LevelTest_Test01F4FF5DAE4A0D7A68654F7A898B044BD8.tmp' to '../../../../../../Users/076271/Desktop/Apps+Games+PixelArt/Games/The Ending/TheEnding/Content/FirstPersonBP/Maps/LevelTest_Test01.umap'
[2015.08.01-04.26.45:786][ 91]LogFileHelpers: Saving map 'LevelTest_Test01' took 11.339
[2015.08.01-04.26.45:954][ 91]LogSavePackage: Save=142.234634ms
[2015.08.01-04.26.45:955][ 91]LogSavePackage: Moving '../../../../../../Users/076271/Desktop/Apps+Games+PixelArt/Games/The Ending/TheEnding/Saved/BPA_MasterItemD644565D4F49239EAC234692F46D239E.tmp' to '../../../../../../Users/076271/Desktop/Apps+Games+PixelArt/Games/The Ending/TheEnding/Content/FirstPersonBP/Blueprints/BPA_MasterItem.uasset'
[2015.08.01-04.26.46:032][ 91]LogSavePackage: Save=14.039486ms
[2015.08.01-04.26.46:033][ 91]LogSavePackage: Moving '../../../../../../Users/076271/Desktop/Apps+Games+PixelArt/Games/The Ending/TheEnding/Saved/BPS_ItemData02A033444DF4DA6EC950A1AC1DD8A220.tmp' to '../../../../../../Users/076271/Desktop/Apps+Games+PixelArt/Games/The Ending/TheEnding/Content/FirstPersonBP/Blueprints/ItemStructs/BPS_ItemData.uasset'
[2015.08.01-04.26.46:221][ 91]LogSavePackage: Save=39.551243ms
[2015.08.01-04.26.46:221][ 91]LogSavePackage: Moving '../../../../../../Users/076271/Desktop/Apps+Games+PixelArt/Games/The Ending/TheEnding/Saved/BPA_AppleED0A872E4126B4A9F2A902B18F1A9531.tmp' to '../../../../../../Users/076271/Desktop/Apps+Games+PixelArt/Games/The Ending/TheEnding/Content/FirstPersonBP/Items/BPA_Apple.uasset'
[2015.08.01-04.26.46:278][ 91]LogSavePackage: Save=20.467781ms
[2015.08.01-04.26.46:278][ 91]LogSavePackage: Moving '../../../../../../Users/076271/Desktop/Apps+Games+PixelArt/Games/The Ending/TheEnding/Saved/BPA_ColaEFFFFF054310164B7AE07C9B77A374D2.tmp' to '../../../../../../Users/076271/Desktop/Apps+Games+PixelArt/Games/The Ending/TheEnding/Content/FirstPersonBP/Items/BPA_Cola.uasset'
[2015.08.01-04.26.46:317][ 91]LogSavePackage: Save=16.559870ms
[2015.08.01-04.26.46:317][ 91]LogSavePackage: Moving '../../../../../../Users/076271/Desktop/Apps+Games+PixelArt/Games/The Ending/TheEnding/Saved/BPA_Log5543EE394C1085C9AFCE0180A66717E6.tmp' to '../../../../../../Users/076271/Desktop/Apps+Games+PixelArt/Games/The Ending/TheEnding/Content/FirstPersonBP/Items/BPA_Log.uasset'
[2015.08.01-04.26.46:709][ 91]LogSavePackage: Save=368.083282ms
[2015.08.01-04.26.46:709][ 91]LogSavePackage: Moving '../../../../../../Users/076271/Desktop/Apps+Games+PixelArt/Games/The Ending/TheEnding/Saved/BPC_Char99AEC0714DC9256CBDBB7EA087A79B25.tmp' to '../../../../../../Users/076271/Desktop/Apps+Games+PixelArt/Games/The Ending/TheEnding/Content/FirstPersonBP/Blueprints/BPC_Char.uasset'
[2015.08.01-04.26.47:087][ 91]LogSavePackage: Save=348.902313ms
[2015.08.01-04.26.47:087][ 91]LogSavePackage: Moving '../../../../../../Users/076271/Desktop/Apps+Games+PixelArt/Games/The Ending/TheEnding/Saved/BPW_Inventory27AE552A48AB301967C068B9A124410A.tmp' to '../../../../../../Users/076271/Desktop/Apps+Games+PixelArt/Games/The Ending/TheEnding/Content/FirstPersonBP/Widgets/BPW_Inventory.uasset'
[2015.08.01-04.26.47:400][ 91]LogSavePackage: Save=173.788513ms
[2015.08.01-04.26.47:400][ 91]LogSavePackage: Moving '../../../../../../Users/076271/Desktop/Apps+Games+PixelArt/Games/The Ending/TheEnding/Saved/BPW_InventoryItemButton2F98F77E4D18ABBC8EB39D8A8A67C2B6.tmp' to '../../../../../../Users/076271/Desktop/Apps+Games+PixelArt/Games/The Ending/TheEnding/Content/FirstPersonBP/Widgets/BPW_InventoryItemButton.uasset'
[2015.08.01-04.26.49:910][229]BlueprintLog: New page: Pre-PIE auto-recompile
[2015.08.01-04.26.49:924][229]LogPlayLevel: [PIE] Compiling BPA_MasterItem before PIE...
[2015.08.01-04.26.50:212][229]LogParticles: Destroying 0 GPU particle simulations for FXSystem 0x000000B3C4AB3420
[2015.08.01-04.26.50:303][229]LogParticles: Destroying 0 GPU particle simulations for FXSystem 0x000000B3C2583EC0
[2015.08.01-04.26.52:048][229]LogPlayLevel: [PIE] Compiling BPA_Log before PIE...
[2015.08.01-04.26.52:279][229]LogPlayLevel: [PIE] Compiling BPC_Char before PIE...
[2015.08.01-04.26.53:545][229]LogPlayLevel: [PIE] Compiling BPW_Inventory before PIE...
[2015.08.01-04.26.53:968][229]LogPlayLevel: [PIE] Compiling BPW_InventoryItemButton before PIE...
[2015.08.01-04.26.54:091][229]LogPlayLevel: [PIE] Compiling BPA_Apple before PIE...
[2015.08.01-04.26.54:317][229]LogPlayLevel: [PIE] Compiling BPA_Cola before PIE...
[2015.08.01-04.26.54:461][229]LogPlayLevel: [PIE] Compiling BPW_OnScreen before PIE...
[2015.08.01-04.26.54:858][229]LogPlayLevel: PIE:  Blueprint regeneration took 4949 ms (8 blueprints)
[2015.08.01-04.26.54:859][229]PIE: New page: PIE session: LevelTest_Test01 (2 Aug 2015 12:26:54 am)
[2015.08.01-04.26.54:859][229]LogPlayLevel: Creating play world package: /Game/FirstPersonBP/Maps/UEDPIE_0_LevelTest_Test01
[2015.08.01-04.26.54:903][229]LogPlayLevel: PIE: StaticDuplicateObject took: (0.044162s)
[2015.08.01-04.26.54:923][229]LogAIModule: Creating AISystem for world LevelTest_Test01
[2015.08.01-04.26.54:946][229]LogPlayLevel: PIE: World Init took: (0.041153s)
[2015.08.01-04.26.54:948][229]LogPlayLevel: PIE: Created PIE world by copying editor world from /Game/FirstPersonBP/Maps/LevelTest_Test01.LevelTest_Test01 to /Game/FirstPersonBP/Maps/UEDPIE_0_LevelTest_Test01.LevelTest_Test01 (0.088496s)
[2015.08.01-04.26.55:157][229]LogInit: XAudio2 using 'Speakers / Headphones (Realtek High Definition Audio)' : 2 channels at 48 kHz using 16 bits per sample (channel mask 0x3)
[2015.08.01-04.26.55:168][229]LogInit: FAudioDevice initialized.
[2015.08.01-04.26.55:174][229]LogD3D11RHI: InitD3DDevice
[2015.08.01-04.26.55:233][229]LogWorld: Game class is 'BPG_TheEnding_C'
[2015.08.01-04.26.55:311][229]LogWorld: Bringing World /Game/FirstPersonBP/Maps/UEDPIE_0_LevelTest_Test01.LevelTest_Test01 up for play (max tick rate 0) at 2015.08.01-14.26.55
[2015.08.01-04.26.55:311][229]LogActor:Warning: GameSession /Game/FirstPersonBP/Maps/UEDPIE_0_LevelTest_Test01.LevelTest_Test01:PersistentLevel.GameSession_3 has natively added scene component(s), but none of them were set as the actor's RootComponent - picking one arbitrarily
[2015.08.01-04.26.55:313][229]LogActor:Warning: GameNetworkManager /Game/FirstPersonBP/Maps/UEDPIE_0_LevelTest_Test01.LevelTest_Test01:PersistentLevel.GameNetworkManager_3 has natively added scene component(s), but none of them were set as the actor's RootComponent - picking one arbitrarily
[2015.08.01-04.26.55:314][229]LogWorld: Bringing up level for play took: 0.060270
[2015.08.01-04.26.55:341][229]PIE: Info Play in editor start time for /Game/FirstPersonBP/Maps/UEDPIE_0_LevelTest_Test01 4.809
[2015.08.01-04.27.05:567][373]LogArray:Warning: Attempted to get an item from array Inventory out of bounds [-1/0]!
[2015.08.01-04.27.05:568][373]LogArray:Warning: Attempted to get an item from array Inventory out of bounds [-1/0]!
[2015.08.01-04.27.05:717][374]LogArray:Warning: Attempted to get an item from array Inventory out of bounds [-1/0]!
[2015.08.01-04.27.05:721][374]LogArray:Warning: Attempted to get an item from array Inventory out of bounds [-1/0]!
[2015.08.01-04.27.05:757][375]LogArray:Warning: Attempted to get an item from array Inventory out of bounds [-1/0]!
[2015.08.01-04.27.05:757][375]LogArray:Warning: Attempted to get an item from array Inventory out of bounds [-1/0]!
[2015.08.01-04.27.05:786][376]LogArray:Warning: Attempted to get an item from array Inventory out of bounds [-1/0]!
[2015.08.01-04.27.05:786][376]LogArray:Warning: Attempted to get an item from array Inventory out of bounds [-1/0]!
[2015.08.01-04.27.05:867][377]LogArray:Warning: Attempted to get an item from array Inventory out of bounds [-1/0]!
[2015.08.01-04.27.05:868][377]LogArray:Warning: Attempted to get an item from array Inventory out of bounds [-1/0]!
[2015.08.01-04.27.05:922][378]LogArray:Warning: Attempted to get an item from array Inventory out of bounds [-1/0]!
[2015.08.01-04.27.05:922][378]LogArray:Warning: Attempted to get an item from array Inventory out of bounds [-1/0]!
[2015.08.01-04.27.05:955][379]LogArray:Warning: Attempted to get an item from array Inventory out of bounds [-1/0]!
[2015.08.01-04.27.05:955][379]LogArray:Warning: Attempted to get an item from array Inventory out of bounds [-1/0]!
[2015.08.01-04.27.06:047][380]LogArray:Warning: Attempted to get an item from array Inventory out of bounds [-1/0]!
[2015.08.01-04.27.06:047][380]LogArray:Warning: Attempted to get an item from array Inventory out of bounds [-1/0]!
[2015.08.01-04.27.06:079][381]LogArray:Warning: Attempted to get an item from array Inventory out of bounds [-1/0]!
[2015.08.01-04.27.06:079][381]LogArray:Warning: Attempted to get an item from array Inventory out of bounds [-1/0]!
[2015.08.01-04.27.06:106][382]LogArray:Warning: Attempted to get an item from array Inventory out of bounds [-1/0]!
[2015.08.01-04.27.06:106][382]LogArray:Warning: Attempted to get an item from array Inventory out of bounds [-1/0]!
[2015.08.01-04.27.06:197][383]LogArray:Warning: Attempted to get an item from array Inventory out of bounds [-1/0]!
[2015.08.01-04.27.06:198][383]LogArray:Warning: Attempted to get an item from array Inventory out of bounds [-1/0]!
[2015.08.01-04.27.06:305][384]LogArray:Warning: Attempted to get an item from array Inventory out of bounds [-1/0]!
[2015.08.01-04.27.06:305][384]LogArray:Warning: Attempted to get an item from array Inventory out of bounds [-1/0]!
[2015.08.01-04.27.06:340][385]LogArray:Warning: Attempted to get an item from array Inventory out of bounds [-1/0]!
[2015.08.01-04.27.06:340][385]LogArray:Warning: Attempted to get an item from array Inventory out of bounds [-1/0]!
[2015.08.01-04.27.06:367][386]LogArray:Warning: Attempted to get an item from array Inventory out of bounds [-1/0]!
[2015.08.01-04.27.06:368][386]LogArray:Warning: Attempted to get an item from array Inventory out of bounds [-1/0]!
[2015.08.01-04.27.06:440][387]LogArray:Warning: Attempted to get an item from array Inventory out of bounds [-1/0]!
[2015.08.01-04.27.06:441][387]LogArray:Warning: Attempted to get an item from array Inventory out of bounds [-1/0]!
[2015.08.01-04.27.06:505][388]LogArray:Warning: Attempted to get an item from array Inventory out of bounds [-1/0]!
[2015.08.01-04.27.06:505][388]LogArray:Warning: Attempted to get an item from array Inventory out of bounds [-1/0]!
[2015.08.01-04.27.06:538][389]LogArray:Warning: Attempted to get an item from array Inventory out of bounds [-1/0]!
[2015.08.01-04.27.06:538][389]LogArray:Warning: Attempted to get an item from array Inventory out of bounds [-1/0]!
[2015.08.01-04.27.06:563][390]LogArray:Warning: Attempted to get an item from array Inventory out of bounds [-1/0]!
[2015.08.01-04.27.06:563][390]LogArray:Warning: Attempted to get an item from array Inventory out of bounds [-1/0]!
[2015.08.01-04.27.06:696][391]LogArray:Warning: Attempted to get an item from array Inventory out of bounds [-1/0]!
[2015.08.01-04.27.06:696][391]LogArray:Warning: Attempted to get an item from array Inventory out of bounds [-1/0]!
[2015.08.01-04.27.06:729][392]LogArray:Warning: Attempted to get an item from array Inventory out of bounds [-1/0]!
[2015.08.01-04.27.06:729][392]LogArray:Warning: Attempted to get an item from array Inventory out of bounds [-1/0]!
[2015.08.01-04.27.06:758][393]LogArray:Warning: Attempted to get an item from array Inventory out of bounds [-1/0]!
[2015.08.01-04.27.06:758][393]LogArray:Warning: Attempted to get an item from array Inventory out of bounds [-1/0]!
[2015.08.01-04.27.06:854][394]LogArray:Warning: Attempted to get an item from array Inventory out of bounds [-1/0]!
[2015.08.01-04.27.06:855][394]LogArray:Warning: Attempted to get an item from array Inventory out of bounds [-1/0]!
[2015.08.01-04.27.08:829][418]LogParticles: Destroying 0 GPU particle simulations for FXSystem 0x000000B39B707060
[2015.08.01-04.27.10:528][486]LogRenderer: Reallocating scene render targets to support 760x464 (Frame:2468).
[2015.08.01-04.27.40:526][ 50]LogD3D11RHI: InitD3DDevice
[2015.08.01-04.27.42:724][112]LogD3D11RHI: InitD3DDevice
[2015.08.01-04.28.35:639][830]LogD3D11RHI: InitD3DDevice
[2015.08.01-04.28.40:336][943]LogD3D11RHI: InitD3DDevice
[2015.08.01-04.28.49:470][288]LogD3D11RHI: InitD3DDevice
[2015.08.01-04.28.57:181][759]LogEditorTransaction: Undo Move Actors
[2015.08.01-04.28.57:187][759]LogD3D11RHI: InitD3DDevice
[2015.08.01-04.28.59:831][829]LogD3D11RHI: InitD3DDevice
[2015.08.01-04.29.09:804][324]LogD3D11RHI: InitD3DDevice
[2015.08.01-04.29.15:950][739]LogD3D11RHI: InitD3DDevice
[2015.08.01-04.29.21:303][975]LogD3D11RHI: InitD3DDevice
[2015.08.01-04.30.34:416][667]LogD3D11RHI: InitD3DDevice
[2015.08.01-04.30.35:263][711]LogD3D11RHI: InitD3DDevice
[2015.08.01-04.30.35:696][733]LogD3D11RHI: InitD3DDevice
[2015.08.01-04.30.37:381][786]LogD3D11RHI: InitD3DDevice
[2015.08.01-04.30.53:306][649]LogD3D11RHI: InitD3DDevice
[2015.08.01-04.30.58:259][900]LogD3D11RHI: InitD3DDevice
[2015.08.01-04.30.59:561][938]LogD3D11RHI: InitD3DDevice
[2015.08.01-04.31.02:344][ 55]LogD3D11RHI: InitD3DDevice
[2015.08.01-04.31.03:891][125]LogD3D11RHI: InitD3DDevice
[2015.08.01-04.31.30:561][663]LogD3D11RHI: InitD3DDevice
[2015.08.01-04.32.51:521][832]LogD3D11RHI: InitD3DDevice
[2015.08.01-04.32.58:723][118]LogD3D11RHI: InitD3DDevice
[2015.08.01-04.32.59:199][124]LogD3D11RHI: InitD3DDevice
[2015.08.01-04.33.07:883][491]LogD3D11RHI: InitD3DDevice
[2015.08.01-04.33.23:607][161]LogD3D11RHI: InitD3DDevice
[2015.08.01-04.33.28:657][236]LogD3D11RHI: InitD3DDevice
[2015.08.01-04.33.31:235][334]LogD3D11RHI: InitD3DDevice
[2015.08.01-04.33.31:796][345]LogD3D11RHI: InitD3DDevice
[2015.08.01-04.33.41:067][696]LogD3D11RHI: InitD3DDevice
[2015.08.01-04.33.41:585][714]LogD3D11RHI: InitD3DDevice
[2015.08.01-04.33.47:769][920]LogD3D11RHI: InitD3DDevice
[2015.08.01-04.34.16:847][132]BlueprintLog: New page: Compile BPW_Inventory
[2015.08.01-04.34.18:122][132]BlueprintEditorCompileResults: Info [2514.93] Compile of BPW_Inventory successful! [in 1,274 ms]
[2015.08.01-04.34.18:711][144]LogD3D11RHI: InitD3DDevice
[2015.08.01-04.34.19:368][144]LogSavePackage: Save=446.942657ms
[2015.08.01-04.34.19:369][144]LogSavePackage: Moving '../../../../../../Users/076271/Desktop/Apps+Games+PixelArt/Games/The Ending/TheEnding/Saved/BPW_Inventory5367E5734CFE04AEF11762B91B9A6CEF.tmp' to '../../../../../../Users/076271/Desktop/Apps+Games+PixelArt/Games/The Ending/TheEnding/Content/FirstPersonBP/Widgets/BPW_Inventory.uasset'
[2015.08.01-04.34.21:524][166]LogPlayLevel: PIE:  No blueprints needed recompiling
[2015.08.01-04.34.21:524][166]PIE: New page: PIE session: LevelTest_Test01 (2 Aug 2015 12:34:21 am)
[2015.08.01-04.34.21:525][166]LogPlayLevel: Creating play world package: /Game/FirstPersonBP/Maps/UEDPIE_0_LevelTest_Test01
[2015.08.01-04.34.21:770][166]LogPlayLevel: PIE: StaticDuplicateObject took: (0.245798s)
[2015.08.01-04.34.21:784][166]LogAIModule: Creating AISystem for world LevelTest_Test01
[2015.08.01-04.34.21:787][166]LogPlayLevel: PIE: World Init took: (0.016607s)
[2015.08.01-04.34.21:788][166]LogPlayLevel: PIE: Created PIE world by copying editor world from /Game/FirstPersonBP/Maps/LevelTest_Test01.LevelTest_Test01 to /Game/FirstPersonBP/Maps/UEDPIE_0_LevelTest_Test01.LevelTest_Test01 (0.263085s)
[2015.08.01-04.34.21:882][166]LogInit: XAudio2 using 'Speakers / Headphones (Realtek High Definition Audio)' : 2 channels at 48 kHz using 16 bits per sample (channel mask 0x3)
[2015.08.01-04.34.21:897][166]LogInit: FAudioDevice initialized.
[2015.08.01-04.34.21:926][166]LogD3D11RHI: InitD3DDevice
[2015.08.01-04.34.22:029][166]LogWorld: Game class is 'BPG_TheEnding_C'
[2015.08.01-04.34.22:067][166]LogWorld: Bringing World /Game/FirstPersonBP/Maps/UEDPIE_0_LevelTest_Test01.LevelTest_Test01 up for play (max tick rate 0) at 2015.08.01-14.34.22
[2015.08.01-04.34.22:067][166]LogActor:Warning: GameSession /Game/FirstPersonBP/Maps/UEDPIE_0_LevelTest_Test01.LevelTest_Test01:PersistentLevel.GameSession_4 has natively added scene component(s), but none of them were set as the actor's RootComponent - picking one arbitrarily
[2015.08.01-04.34.22:068][166]LogActor:Warning: GameNetworkManager /Game/FirstPersonBP/Maps/UEDPIE_0_LevelTest_Test01.LevelTest_Test01:PersistentLevel.GameNetworkManager_4 has natively added scene component(s), but none of them were set as the actor's RootComponent - picking one arbitrarily
[2015.08.01-04.34.22:069][166]LogWorld: Bringing up level for play took: 0.033808
[2015.08.01-04.34.22:109][166]PIE: Info Play in editor start time for /Game/FirstPersonBP/Maps/UEDPIE_0_LevelTest_Test01 1.584
[2015.08.01-04.34.23:202][174]LogArray:Warning: Attempted to get an item from array Inventory out of bounds [-1/0]!
[2015.08.01-04.34.23:202][174]LogArray:Warning: Attempted to get an item from array Inventory out of bounds [-1/0]!
[2015.08.01-04.34.23:227][175]LogArray:Warning: Attempted to get an item from array Inventory out of bounds [-1/0]!
[2015.08.01-04.34.23:227][175]LogArray:Warning: Attempted to get an item from array Inventory out of bounds [-1/0]!
[2015.08.01-04.34.23:337][176]LogArray:Warning: Attempted to get an item from array Inventory out of bounds [-1/0]!
[2015.08.01-04.34.23:338][176]LogArray:Warning: Attempted to get an item from array Inventory out of bounds [-1/0]!
[2015.08.01-04.34.23:376][177]LogArray:Warning: Attempted to get an item from array Inventory out of bounds [-1/0]!
[2015.08.01-04.34.23:376][177]LogArray:Warning: Attempted to get an item from array Inventory out of bounds [-1/0]!
[2015.08.01-04.34.23:562][178]LogArray:Warning: Attempted to get an item from array Inventory out of bounds [-1/0]!
[2015.08.01-04.34.23:562][178]LogArray:Warning: Attempted to get an item from array Inventory out of bounds [-1/0]!
[2015.08.01-04.34.23:600][179]LogArray:Warning: Attempted to get an item from array Inventory out of bounds [-1/0]!
[2015.08.01-04.34.23:600][179]LogArray:Warning: Attempted to get an item from array Inventory out of bounds [-1/0]!
[2015.08.01-04.34.23:622][180]LogArray:Warning: Attempted to get an item from array Inventory out of bounds [-1/0]!
[2015.08.01-04.34.23:622][180]LogArray:Warning: Attempted to get an item from array Inventory out of bounds [-1/0]!
[2015.08.01-04.34.23:670][181]LogArray:Warning: Attempted to get an item from array Inventory out of bounds [-1/0]!
[2015.08.01-04.34.23:670][181]LogArray:Warning: Attempted to get an item from array Inventory out of bounds [-1/0]!
[2015.08.01-04.34.23:756][182]LogArray:Warning: Attempted to get an item from array Inventory out of bounds [-1/0]!
[2015.08.01-04.34.23:756][182]LogArray:Warning: Attempted to get an item from array Inventory out of bounds [-1/0]!
[2015.08.01-04.34.23:791][183]LogArray:Warning: Attempted to get an item from array Inventory out of bounds [-1/0]!
[2015.08.01-04.34.23:791][183]LogArray:Warning: Attempted to get an item from array Inventory out of bounds [-1/0]!
[2015.08.01-04.34.23:860][184]LogArray:Warning: Attempted to get an item from array Inventory out of bounds [-1/0]!
[2015.08.01-04.34.23:860][184]LogArray:Warning: Attempted to get an item from array Inventory out of bounds [-1/0]!
[2015.08.01-04.34.23:905][185]LogArray:Warning: Attempted to get an item from array Inventory out of bounds [-1/0]!
[2015.08.01-04.34.23:906][185]LogArray:Warning: Attempted to get an item from array Inventory out of bounds [-1/0]!
[2015.08.01-04.34.23:971][186]LogArray:Warning: Attempted to get an item from array Inventory out of bounds [-1/0]!
[2015.08.01-04.34.23:972][186]LogArray:Warning: Attempted to get an item from array Inventory out of bounds [-1/0]!
[2015.08.01-04.34.24:004][187]LogArray:Warning: Attempted to get an item from array Inventory out of bounds [-1/0]!
[2015.08.01-04.34.24:004][187]LogArray:Warning: Attempted to get an item from array Inventory out of bounds [-1/0]!
[2015.08.01-04.34.24:206][188]LogArray:Warning: Attempted to get an item from array Inventory out of bounds [-1/0]!
[2015.08.01-04.34.24:207][188]LogArray:Warning: Attempted to get an item from array Inventory out of bounds [-1/0]!
[2015.08.01-04.34.24:253][189]LogArray:Warning: Attempted to get an item from array Inventory out of bounds [-1/0]!
[2015.08.01-04.34.24:253][189]LogArray:Warning: Attempted to get an item from array Inventory out of bounds [-1/0]!
[2015.08.01-04.34.24:281][190]LogArray:Warning: Attempted to get an item from array Inventory out of bounds [-1/0]!
[2015.08.01-04.34.24:281][190]LogArray:Warning: Attempted to get an item from array Inventory out of bounds [-1/0]!
[2015.08.01-04.34.24:449][191]LogArray:Warning: Attempted to get an item from array Inventory out of bounds [-1/0]!
[2015.08.01-04.34.24:449][191]LogArray:Warning: Attempted to get an item from array Inventory out of bounds [-1/0]!
[2015.08.01-04.34.24:478][192]LogArray:Warning: Attempted to get an item from array Inventory out of bounds [-1/0]!
[2015.08.01-04.34.24:478][192]LogArray:Warning: Attempted to get an item from array Inventory out of bounds [-1/0]!
[2015.08.01-04.34.24:601][193]LogArray:Warning: Attempted to get an item from array Inventory out of bounds [-1/0]!
[2015.08.01-04.34.24:601][193]LogArray:Warning: Attempted to get an item from array Inventory out of bounds [-1/0]!
[2015.08.01-04.34.24:631][194]LogArray:Warning: Attempted to get an item from array Inventory out of bounds [-1/0]!
[2015.08.01-04.34.24:631][194]LogArray:Warning: Attempted to get an item from array Inventory out of bounds [-1/0]!
[2015.08.01-04.34.24:695][195]LogArray:Warning: Attempted to get an item from array Inventory out of bounds [-1/0]!
[2015.08.01-04.34.24:695][195]LogArray:Warning: Attempted to get an item from array Inventory out of bounds [-1/0]!
[2015.08.01-04.34.24:742][196]LogArray:Warning: Attempted to get an item from array Inventory out of bounds [-1/0]!
[2015.08.01-04.34.24:742][196]LogArray:Warning: Attempted to get an item from array Inventory out of bounds [-1/0]!
[2015.08.01-04.34.24:885][197]LogArray:Warning: Attempted to get an item from array Inventory out of bounds [-1/0]!
[2015.08.01-04.34.24:885][197]LogArray:Warning: Attempted to get an item from array Inventory out of bounds [-1/0]!
[2015.08.01-04.34.24:917][198]LogArray:Warning: Attempted to get an item from array Inventory out of bounds [-1/0]!
[2015.08.01-04.34.24:917][198]LogArray:Warning: Attempted to get an item from array Inventory out of bounds [-1/0]!
[2015.08.01-04.34.25:040][199]LogArray:Warning: Attempted to get an item from array Inventory out of bounds [-1/0]!
[2015.08.01-04.34.25:041][199]LogArray:Warning: Attempted to get an item from array Inventory out of bounds [-1/0]!
[2015.08.01-04.34.25:072][200]LogArray:Warning: Attempted to get an item from array Inventory out of bounds [-1/0]!
[2015.08.01-04.34.25:072][200]LogArray:Warning: Attempted to get an item from array Inventory out of bounds [-1/0]!
[2015.08.01-04.34.25:095][201]LogArray:Warning: Attempted to get an item from array Inventory out of bounds [-1/0]!
[2015.08.01-04.34.25:095][201]LogArray:Warning: Attempted to get an item from array Inventory out of bounds [-1/0]!
[2015.08.01-04.34.25:119][202]LogArray:Warning: Attempted to get an item from array Inventory out of bounds [-1/0]!
[2015.08.01-04.34.25:119][202]LogArray:Warning: Attempted to get an item from array Inventory out of bounds [-1/0]!
[2015.08.01-04.34.25:222][203]LogArray:Warning: Attempted to get an item from array Inventory out of bounds [-1/0]!
[2015.08.01-04.34.25:223][203]LogArray:Warning: Attempted to get an item from array Inventory out of bounds [-1/0]!
[2015.08.01-04.34.25:313][204]LogArray:Warning: Attempted to get an item from array Inventory out of bounds [-1/0]!
[2015.08.01-04.34.25:313][204]LogArray:Warning: Attempted to get an item from array Inventory out of bounds [-1/0]!
[2015.08.01-04.34.25:339][205]LogArray:Warning: Attempted to get an item from array Inventory out of bounds [-1/0]!
[2015.08.01-04.34.25:339][205]LogArray:Warning: Attempted to get an item from array Inventory out of bounds [-1/0]!
[2015.08.01-04.34.25:381][206]LogArray:Warning: Attempted to get an item from array Inventory out of bounds [-1/0]!
[2015.08.01-04.34.25:382][206]LogArray:Warning: Attempted to get an item from array Inventory out of bounds [-1/0]!
[2015.08.01-04.34.25:540][207]LogArray:Warning: Attempted to get an item from array Inventory out of bounds [-1/0]!
[2015.08.01-04.34.25:541][207]LogArray:Warning: Attempted to get an item from array Inventory out of bounds [-1/0]!
[2015.08.01-04.34.25:612][208]LogArray:Warning: Attempted to get an item from array Inventory out of bounds [-1/0]!
[2015.08.01-04.34.25:612][208]LogArray:Warning: Attempted to get an item from array Inventory out of bounds [-1/0]!
[2015.08.01-04.34.25:642][209]LogArray:Warning: Attempted to get an item from array Inventory out of bounds [-1/0]!
[2015.08.01-04.34.25:642][209]LogArray:Warning: Attempted to get an item from array Inventory out of bounds [-1/0]!
[2015.08.01-04.34.25:668][210]LogArray:Warning: Attempted to get an item from array Inventory out of bounds [-1/0]!
[2015.08.01-04.34.25:668][210]LogArray:Warning: Attempted to get an item from array Inventory out of bounds [-1/0]!
[2015.08.01-04.34.25:796][211]LogArray:Warning: Attempted to get an item from array Inventory out of bounds [-1/0]!
[2015.08.01-04.34.25:797][211]LogArray:Warning: Attempted to get an item from array Inventory out of bounds [-1/0]!
[2015.08.01-04.34.25:864][212]LogArray:Warning: Attempted to get an item from array Inventory out of bounds [-1/0]!
[2015.08.01-04.34.25:865][212]LogArray:Warning: Attempted to get an item from array Inventory out of bounds [-1/0]!
[2015.08.01-04.34.25:991][213]LogArray:Warning: Attempted to get an item from array Inventory out of bounds [-1/0]!
[2015.08.01-04.34.25:991][213]LogArray:Warning: Attempted to get an item from array Inventory out of bounds [-1/0]!
[2015.08.01-04.34.26:029][214]LogArray:Warning: Attempted to get an item from array Inventory out of bounds [-1/0]!
[2015.08.01-04.34.26:029][214]LogArray:Warning: Attempted to get an item from array Inventory out of bounds [-1/0]!
[2015.08.01-04.34.26:222][215]LogArray:Warning: Attempted to get an item from array Inventory out of bounds [-1/0]!
[2015.08.01-04.34.26:223][215]LogArray:Warning: Attempted to get an item from array Inventory out of bounds [-1/0]!
[2015.08.01-04.34.26:333][216]LogArray:Warning: Attempted to get an item from array Inventory out of bounds [-1/0]!
[2015.08.01-04.34.26:333][216]LogArray:Warning: Attempted to get an item from array Inventory out of bounds [-1/0]!
[2015.08.01-04.34.26:355][217]LogArray:Warning: Attempted to get an item from array Inventory out of bounds [-1/0]!
[2015.08.01-04.34.26:355][217]LogArray:Warning: Attempted to get an item from array Inventory out of bounds [-1/0]!
[2015.08.01-04.34.26:377][218]LogArray:Warning: Attempted to get an item from array Inventory out of bounds [-1/0]!
[2015.08.01-04.34.26:378][218]LogArray:Warning: Attempted to get an item from array Inventory out of bounds [-1/0]!
[2015.08.01-04.34.26:424][219]LogArray:Warning: Attempted to get an item from array Inventory out of bounds [-1/0]!
[2015.08.01-04.34.26:425][219]LogArray:Warning: Attempted to get an item from array Inventory out of bounds [-1/0]!
[2015.08.01-04.34.26:574][220]LogArray:Warning: Attempted to get an item from array Inventory out of bounds [-1/0]!
[2015.08.01-04.34.26:574][220]LogArray:Warning: Attempted to get an item from array Inventory out of bounds [-1/0]!
[2015.08.01-04.34.26:599][221]LogArray:Warning: Attempted to get an item from array Inventory out of bounds [-1/0]!
[2015.08.01-04.34.26:599][221]LogArray:Warning: Attempted to get an item from array Inventory out of bounds [-1/0]!
[2015.08.01-04.34.26:628][222]LogArray:Warning: Attempted to get an item from array Inventory out of bounds [-1/0]!
[2015.08.01-04.34.26:628][222]LogArray:Warning: Attempted to get an item from array Inventory out of bounds [-1/0]!
[2015.08.01-04.34.26:649][223]LogArray:Warning: Attempted to get an item from array Inventory out of bounds [-1/0]!
[2015.08.01-04.34.26:649][223]LogArray:Warning: Attempted to get an item from array Inventory out of bounds [-1/0]!
[2015.08.01-04.34.26:682][224]LogArray:Warning: Attempted to get an item from array Inventory out of bounds [-1/0]!
[2015.08.01-04.34.26:682][224]LogArray:Warning: Attempted to get an item from array Inventory out of bounds [-1/0]!
[2015.08.01-04.34.26:935][225]LogArray:Warning: Attempted to get an item from array Inventory out of bounds [-1/0]!
[2015.08.01-04.34.26:936][225]LogArray:Warning: Attempted to get an item from array Inventory out of bounds [-1/0]!
[2015.08.01-04.34.27:008][226]LogArray:Warning: Attempted to get an item from array Inventory out of bounds [-1/0]!
[2015.08.01-04.34.27:008][226]LogArray:Warning: Attempted to get an item from array Inventory out of bounds [-1/0]!
[2015.08.01-04.34.27:119][227]LogArray:Warning: Attempted to get an item from array Inventory out of bounds [-1/0]!
[2015.08.01-04.34.27:120][227]LogArray:Warning: Attempted to get an item from array Inventory out of bounds [-1/0]!
[2015.08.01-04.34.27:261][228]LogArray:Warning: Attempted to get an item from array Inventory out of bounds [-1/0]!
[2015.08.01-04.34.27:262][228]LogArray:Warning: Attempted to get an item from array Inventory out of bounds [-1/0]!
[2015.08.01-04.34.27:347][229]LogArray:Warning: Attempted to get an item from array Inventory out of bounds [-1/0]!
[2015.08.01-04.34.27:347][229]LogArray:Warning: Attempted to get an item from array Inventory out of bounds [-1/0]!
[2015.08.01-04.34.27:372][230]LogArray:Warning: Attempted to get an item from array Inventory out of bounds [-1/0]!
[2015.08.01-04.34.27:372][230]LogArray:Warning: Attempted to get an item from array Inventory out of bounds [-1/0]!
[2015.08.01-04.34.27:395][231]LogArray:Warning: Attempted to get an item from array Inventory out of bounds [-1/0]!
[2015.08.01-04.34.27:395][231]LogArray:Warning: Attempted to get an item from array Inventory out of bounds [-1/0]!
[2015.08.01-04.34.27:417][232]LogArray:Warning: Attempted to get an item from array Inventory out of bounds [-1/0]!
[2015.08.01-04.34.27:417][232]LogArray:Warning: Attempted to get an item from array Inventory out of bounds [-1/0]!
[2015.08.01-04.34.27:441][233]LogArray:Warning: Attempted to get an item from array Inventory out of bounds [-1/0]!
[2015.08.01-04.34.27:441][233]LogArray:Warning: Attempted to get an item from array Inventory out of bounds [-1/0]!
[2015.08.01-04.34.27:644][234]LogArray:Warning: Attempted to get an item from array Inventory out of bounds [-1/0]!
[2015.08.01-04.34.27:645][234]LogArray:Warning: Attempted to get an item from array Inventory out of bounds [-1/0]!
[2015.08.01-04.34.27:783][235]LogArray:Warning: Attempted to get an item from array Inventory out of bounds [-1/0]!
[2015.08.01-04.34.27:783][235]LogArray:Warning: Attempted to get an item from array Inventory out of bounds [-1/0]!
[2015.08.01-04.34.27:811][236]LogArray:Warning: Attempted to get an item from array Inventory out of bounds [-1/0]!
[2015.08.01-04.34.27:811][236]LogArray:Warning: Attempted to get an item from array Inventory out of bounds [-1/0]!
[2015.08.01-04.34.27:885][237]LogArray:Warning: Attempted to get an item from array Inventory out of bounds [-1/0]!
[2015.08.01-04.34.27:886][237]LogArray:Warning: Attempted to get an item from array Inventory out of bounds [-1/0]!
[2015.08.01-04.34.27:943][238]LogArray:Warning: Attempted to get an item from array Inventory out of bounds [-1/0]!
[2015.08.01-04.34.27:943][238]LogArray:Warning: Attempted to get an item from array Inventory out of bounds [-1/0]!
[2015.08.01-04.34.28:089][239]LogArray:Warning: Attempted to get an item from array Inventory out of bounds [-1/0]!
[2015.08.01-04.34.28:090][239]LogArray:Warning: Attempted to get an item from array Inventory out of bounds [-1/0]!
[2015.08.01-04.34.28:131][240]LogArray:Warning: Attempted to get an item from array Inventory out of bounds [-1/0]!
[2015.08.01-04.34.28:131][240]LogArray:Warning: Attempted to get an item from array Inventory out of bounds [-1/0]!
[2015.08.01-04.34.28:216][241]LogArray:Warning: Attempted to get an item from array Inventory out of bounds [-1/0]!
[2015.08.01-04.34.28:216][241]LogArray:Warning: Attempted to get an item from array Inventory out of bounds [-1/0]!
[2015.08.01-04.34.28:393][242]LogArray:Warning: Attempted to get an item from array Inventory out of bounds [-1/0]!
[2015.08.01-04.34.28:393][242]LogArray:Warning: Attempted to get an item from array Inventory out of bounds [-1/0]!
[2015.08.01-04.34.28:444][243]LogArray:Warning: Attempted to get an item from array Inventory out of bounds [-1/0]!
[2015.08.01-04.34.28:444][243]LogArray:Warning: Attempted to get an item from array Inventory out of bounds [-1/0]!
[2015.08.01-04.34.28:528][244]LogArray:Warning: Attempted to get an item from array Inventory out of bounds [-1/0]!
[2015.08.01-04.34.28:528][244]LogArray:Warning: Attempted to get an item from array Inventory out of bounds [-1/0]!
[2015.08.01-04.34.28:620][245]LogArray:Warning: Attempted to get an item from array Inventory out of bounds [-1/0]!
[2015.08.01-04.34.28:620][245]LogArray:Warning: Attempted to get an item from array Inventory out of bounds [-1/0]!
[2015.08.01-04.34.28:676][246]LogArray:Warning: Attempted to get an item from array Inventory out of bounds [-1/0]!
[2015.08.01-04.34.28:677][246]LogArray:Warning: Attempted to get an item from array Inventory out of bounds [-1/0]!
[2015.08.01-04.34.29:051][247]LogParticles: Destroying 0 GPU particle simulations for FXSystem 0x000000B3C545BB00
[2015.08.01-04.36.51:991][337]LogD3D11RHI: InitD3DDevice
[2015.08.01-04.37.00:993][364]LogD3D11RHI: InitD3DDevice
[2015.08.01-04.37.09:106][364]LogSavePackage: Save=7695.997559ms
[2015.08.01-04.37.09:106][364]LogSavePackage: Moving '../../../../../../Users/076271/Desktop/Apps+Games+PixelArt/Games/The Ending/TheEnding/Saved/LevelTest_Test01_Auto10579D5034CF0F6433CE6B4BF9D8BEBA9.tmp' to '../../../../../../Users/076271/Desktop/Apps+Games+PixelArt/Games/The Ending/TheEnding/Saved/Autosaves/Game/FirstPersonBP/Maps/LevelTest_Test01_Auto1.umap'
[2015.08.01-04.37.09:114][364]LogFileHelpers: Editor autosave (incl. sublevels) for '/Game/FirstPersonBP/Maps/LevelTest_Test01' took 7.856
[2015.08.01-04.37.09:114][364]LogFileHelpers: Editor autosave (incl. sublevels) for all levels took 7.856
[2015.08.01-04.45.09:427][409]LogD3D11RHI: InitD3DDevice
[2015.08.01-04.45.24:221][409]LogSavePackage: Save=14453.796875ms
[2015.08.01-04.45.24:221][409]LogSavePackage: Moving '../../../../../../Users/076271/Desktop/Apps+Games+PixelArt/Games/The Ending/TheEnding/Saved/LevelTest_Test010DEA051941577B62D2906CBEEE1776BB.tmp' to '../../../../../../Users/076271/Desktop/Apps+Games+PixelArt/Games/The Ending/TheEnding/Content/FirstPersonBP/Maps/LevelTest_Test01.umap'
[2015.08.01-04.46.10:336][622]LogD3D11RHI: InitD3DDevice
[2015.08.01-04.46.11:761][622]LogActor:Warning: GameNetworkManager /Engine/Transient.World_10:PersistentLevel.GameNetworkManager_5 has natively added scene component(s), but none of them were set as the actor's RootComponent - picking one arbitrarily
[2015.08.01-04.46.16:126][977]LogD3D11RHI: InitD3DDevice
[2015.08.01-04.46.16:658][977]LogActor:Warning: GameNetworkManager /Engine/Transient.World_11:PersistentLevel.GameNetworkManager_6 has natively added scene component(s), but none of them were set as the actor's RootComponent - picking one arbitrarily
[2015.08.01-04.46.20:462][224]LogD3D11RHI: InitD3DDevice
[2015.08.01-04.46.27:917][495]LogD3D11RHI: InitD3DDevice
[2015.08.01-04.46.28:641][540]LogD3D11RHI: InitD3DDevice
[2015.08.01-04.46.35:055][816]LogD3D11RHI: InitD3DDevice
[2015.08.01-04.46.35:505][834]LogD3D11RHI: InitD3DDevice
[2015.08.01-04.46.47:648][341]LogD3D11RHI: InitD3DDevice
[2015.08.01-04.46.48:308][375]LogD3D11RHI: InitD3DDevice
[2015.08.01-04.46.54:855][716]LogD3D11RHI: InitD3DDevice
[2015.08.01-04.47.01:813][305]LogD3D11RHI: InitD3DDevice
[2015.08.01-04.47.02:173][324]LogD3D11RHI: InitD3DDevice
[2015.08.01-04.47.23:348][463]LogD3D11RHI: InitD3DDevice
[2015.08.01-04.47.25:407][640]LogD3D11RHI: InitD3DDevice
[2015.08.01-04.47.35:413][155]LogD3D11RHI: InitD3DDevice
[2015.08.01-04.47.36:003][187]LogD3D11RHI: InitD3DDevice
[2015.08.01-04.47.42:570][533]LogD3D11RHI: InitD3DDevice
[2015.08.01-04.47.42:585][533]LogSlate:Warning: Prevented a slow task dialog from being summoned while a context menu was open
[2015.08.01-04.47.55:907][955]LogD3D11RHI: InitD3DDevice
[2015.08.01-04.47.56:389][974]LogD3D11RHI: InitD3DDevice
[2015.08.01-04.48.01:509][165]LogD3D11RHI: InitD3DDevice
[2015.08.01-04.48.08:790][464]LogD3D11RHI: InitD3DDevice
[2015.08.01-04.48.09:372][524]LogD3D11RHI: InitD3DDevice
[2015.08.01-04.48.27:017][495]LogD3D11RHI: InitD3DDevice
[2015.08.01-04.48.27:705][535]LogD3D11RHI: InitD3DDevice
[2015.08.01-04.48.36:892][ 35]LogD3D11RHI: InitD3DDevice
[2015.08.01-04.48.37:459][ 60]LogD3D11RHI: InitD3DDevice
[2015.08.01-04.49.01:696][770]LogD3D11RHI: InitD3DDevice
[2015.08.01-04.49.02:333][813]LogD3D11RHI: InitD3DDevice
[2015.08.01-04.49.09:528][239]LogD3D11RHI: InitD3DDevice
[2015.08.01-04.49.25:402][179]BlueprintLog: New page: Compile BPG_TheEnding
[2015.08.01-04.49.25:556][179]LogParticles: Destroying 0 GPU particle simulations for FXSystem 0x000000B38889F880
[2015.08.01-04.49.25:632][179]BlueprintEditorCompileResults: Info [3422.44] Compile of BPG_TheEnding successful! [in 228 ms]
[2015.08.01-04.49.28:254][322]LogD3D11RHI: InitD3DDevice
[2015.08.01-04.49.31:394][418]LogD3D11RHI: InitD3DDevice
[2015.08.01-04.49.31:409][418]LogD3D11RHI: InitD3DDevice
[2015.08.01-04.49.31:486][419]LogRenderer: Reallocating scene render targets to support 808x464 (Frame:9901).
[2015.08.01-04.49.33:106][445]LogD3D11RHI: InitD3DDevice
[2015.08.01-04.49.44:745][183]LogD3D11RHI: InitD3DDevice
[2015.08.01-04.49.52:477][664]LogD3D11RHI: InitD3DDevice
[2015.08.01-04.49.52:908][690]LogD3D11RHI: InitD3DDevice
[2015.08.01-04.50.01:094][172]LogD3D11RHI: InitD3DDevice
[2015.08.01-04.50.01:976][211]LogD3D11RHI: InitD3DDevice
[2015.08.01-04.50.15:120][794]LogD3D11RHI: InitD3DDevice
[2015.08.01-04.50.15:574][821]LogD3D11RHI: InitD3DDevice
[2015.08.01-04.50.23:247][114]LogD3D11RHI: InitD3DDevice
[2015.08.01-04.50.28:595][513]LogD3D11RHI: InitD3DDevice
[2015.08.01-04.50.43:047][786]LogD3D11RHI: InitD3DDevice
[2015.08.01-04.50.45:277][939]LogD3D11RHI: InitD3DDevice
[2015.08.01-04.50.56:692][416]LogD3D11RHI: InitD3DDevice
[2015.08.01-04.51.06:637][809]LogD3D11RHI: InitD3DDevice
[2015.08.01-04.51.07:106][836]LogD3D11RHI: InitD3DDevice
[2015.08.01-04.51.18:429][249]LogD3D11RHI: InitD3DDevice
[2015.08.01-04.51.21:353][459]BlueprintLog: New page: Compile BPC_Char
[2015.08.01-04.51.22:380][459]BlueprintEditorCompileResults: Info [3539.18] Compile of BPC_Char successful! [in 1,027 ms]
[2015.08.01-04.51.23:202][521]LogPlayLevel: PIE:  No blueprints needed recompiling
[2015.08.01-04.51.23:202][521]PIE: New page: PIE session: LevelTest_Test01 (2 Aug 2015 12:51:23 am)
[2015.08.01-04.51.23:202][521]LogPlayLevel: Creating play world package: /Game/FirstPersonBP/Maps/UEDPIE_0_LevelTest_Test01
[2015.08.01-04.51.23:256][521]LogPlayLevel: PIE: StaticDuplicateObject took: (0.053396s)
[2015.08.01-04.51.23:257][521]LogAIModule: Creating AISystem for world LevelTest_Test01
[2015.08.01-04.51.23:258][521]LogPlayLevel: PIE: World Init took: (0.001862s)
[2015.08.01-04.51.23:258][521]LogPlayLevel: PIE: Created PIE world by copying editor world from /Game/FirstPersonBP/Maps/LevelTest_Test01.LevelTest_Test01 to /Game/FirstPersonBP/Maps/UEDPIE_0_LevelTest_Test01.LevelTest_Test01 (0.055647s)
[2015.08.01-04.51.23:323][521]LogInit: XAudio2 using 'Speakers / Headphones (Realtek High Definition Audio)' : 2 channels at 48 kHz using 16 bits per sample (channel mask 0x3)
[2015.08.01-04.51.23:334][521]LogInit: FAudioDevice initialized.
[2015.08.01-04.51.23:340][521]LogD3D11RHI: InitD3DDevice
[2015.08.01-04.51.23:464][521]LogLinker:Warning: ArrayProperty_12 has an inappropriate outermost, it was probably saved with a deprecated outer (file: ../../../../../../Users/076271/Desktop/Apps+Games+PixelArt/Games/The Ending/TheEnding/Content/FirstPersonBP/Blueprints/BPC_Char.uasset)
[2015.08.01-04.51.23:478][521]LogLinker:Warning: BoolProperty_173 has an inappropriate outermost, it was probably saved with a deprecated outer (file: ../../../../../../Users/076271/Desktop/Apps+Games+PixelArt/Games/The Ending/TheEnding/Content/FirstPersonBP/Blueprints/BPC_Char.uasset)
[2015.08.01-04.51.23:478][521]LogLinker:Warning: BoolProperty_174 has an inappropriate outermost, it was probably saved with a deprecated outer (file: ../../../../../../Users/076271/Desktop/Apps+Games+PixelArt/Games/The Ending/TheEnding/Content/FirstPersonBP/Blueprints/BPC_Char.uasset)
[2015.08.01-04.51.23:478][521]LogLinker:Warning: BoolProperty_175 has an inappropriate outermost, it was probably saved with a deprecated outer (file: ../../../../../../Users/076271/Desktop/Apps+Games+PixelArt/Games/The Ending/TheEnding/Content/FirstPersonBP/Blueprints/BPC_Char.uasset)
[2015.08.01-04.51.23:478][521]LogLinker:Warning: BoolProperty_176 has an inappropriate outermost, it was probably saved with a deprecated outer (file: ../../../../../../Users/076271/Desktop/Apps+Games+PixelArt/Games/The Ending/TheEnding/Content/FirstPersonBP/Blueprints/BPC_Char.uasset)
[2015.08.01-04.51.23:486][521]LogLinker:Warning: ClassProperty_13 has an inappropriate outermost, it was probably saved with a deprecated outer (file: ../../../../../../Users/076271/Desktop/Apps+Games+PixelArt/Games/The Ending/TheEnding/Content/FirstPersonBP/Blueprints/BPC_Char.uasset)
[2015.08.01-04.51.23:487][521]LogLinker:Warning: ClassProperty_15 has an inappropriate outermost, it was probably saved with a deprecated outer (file: ../../../../../../Users/076271/Desktop/Apps+Games+PixelArt/Games/The Ending/TheEnding/Content/FirstPersonBP/Blueprints/BPC_Char.uasset)
[2015.08.01-04.51.23:487][521]LogLinker:Warning: FloatProperty_366 has an inappropriate outermost, it was probably saved with a deprecated outer (file: ../../../../../../Users/076271/Desktop/Apps+Games+PixelArt/Games/The Ending/TheEnding/Content/FirstPersonBP/Blueprints/BPC_Char.uasset)
[2015.08.01-04.51.23:487][521]LogLinker:Warning: FloatProperty_367 has an inappropriate outermost, it was probably saved with a deprecated outer (file: ../../../../../../Users/076271/Desktop/Apps+Games+PixelArt/Games/The Ending/TheEnding/Content/FirstPersonBP/Blueprints/BPC_Char.uasset)
[2015.08.01-04.51.23:487][521]LogLinker:Warning: FloatProperty_368 has an inappropriate outermost, it was probably saved with a deprecated outer (file: ../../../../../../Users/076271/Desktop/Apps+Games+PixelArt/Games/The Ending/TheEnding/Content/FirstPersonBP/Blueprints/BPC_Char.uasset)
[2015.08.01-04.51.23:491][521]LogLinker:Warning: IntProperty_138 has an inappropriate outermost, it was probably saved with a deprecated outer (file: ../../../../../../Users/076271/Desktop/Apps+Games+PixelArt/Games/The Ending/TheEnding/Content/FirstPersonBP/Blueprints/BPC_Char.uasset)
[2015.08.01-04.51.23:491][521]LogLinker:Warning: ObjectProperty_446 has an inappropriate outermost, it was probably saved with a deprecated outer (file: ../../../../../../Users/076271/Desktop/Apps+Games+PixelArt/Games/The Ending/TheEnding/Content/FirstPersonBP/Blueprints/BPC_Char.uasset)
[2015.08.01-04.51.23:524][521]LogLinker:Warning: ObjectProperty_446 has 