[2015.07.29-06.36.31:187][  0]Log file open, 07/29/15 16:36:31
[2015.07.29-06.36.31:188][  0]LogInit:Display: Running engine for game: TheEnding
[2015.07.29-06.36.31:188][  0]LogInit:Display: RandInit(1487236856) SRandInit(1487236856).
[2015.07.29-06.36.31:188][  0]LogTaskGraph: Started task graph with 4 named threads and 5 total threads.
[2015.07.29-06.36.31:188][  0]LogStats: Stats thread started
[2015.07.29-06.36.31:188][  0]LogInit: Version: 4.8.2-2614606+++depot+UE4-Releases+4.8
[2015.07.29-06.36.31:188][  0]LogInit: API Version: 2579680
[2015.07.29-06.36.31:188][  0]LogInit: Compiled (64-bit): Jul  8 2015 23:43:41
[2015.07.29-06.36.31:188][  0]LogInit: Compiled with Visual C++: 18.00.21005.01
[2015.07.29-06.36.31:188][  0]LogInit: Build Configuration: Development
[2015.07.29-06.36.31:188][  0]LogInit: Branch Name: ++depot+UE4-Releases+4.8
[2015.07.29-06.36.31:188][  0]LogInit: Command line:  /Temp/Autosaves/Game/FirstPersonBP/Maps/UEDPCLevelTest_Test01 -game -PIEVIACONSOLE -ResX=1280 -ResY=720  -Multiprocess 
[2015.07.29-06.36.31:188][  0]LogInit: Base directory: C:/Program Files/Epic Games/4.8/Engine/Binaries/Win64/
[2015.07.29-06.36.31:188][  0]LogInit: Rocket: 1
[2015.07.29-06.36.31:235][  0]LogInit: Using libcurl 7.41.0
[2015.07.29-06.36.31:235][  0]LogInit:  - built for x86_64-pc-win32
[2015.07.29-06.36.31:235][  0]LogInit:  - supports SSL with WinSSL
[2015.07.29-06.36.31:235][  0]LogInit:  - other features:
[2015.07.29-06.36.31:235][  0]LogInit:      CURL_VERSION_SSL
[2015.07.29-06.36.31:235][  0]LogInit:      CURL_VERSION_IPV6
[2015.07.29-06.36.31:235][  0]LogInit:      CURL_VERSION_ASYNCHDNS
[2015.07.29-06.36.31:235][  0]LogInit:      CURL_VERSION_LARGEFILE
[2015.07.29-06.36.31:235][  0]LogInit:      CURL_VERSION_IDN
[2015.07.29-06.36.31:236][  0]LogInit:  CurlRequestOptions (configurable via config and command line):
[2015.07.29-06.36.31:236][  0]LogInit:  - bVerifyPeer = true  - Libcurl will verify peer certificate
[2015.07.29-06.36.31:236][  0]LogInit:  - bUseHttpProxy = false  - Libcurl will NOT use HTTP proxy
[2015.07.29-06.36.31:236][  0]LogInit:  - bDontReuseConnections = false  - Libcurl will reuse connections
[2015.07.29-06.36.31:236][  0]LogInit:  - CertBundlePath = nullptr  - Libcurl will use whatever was configured at build time.
[2015.07.29-06.36.31:259][  0]LogOnline:Warning: No default platform service specified for OnlineSubsystem
[2015.07.29-06.36.31:281][  0]LogInit: Presizing for 0 objects not considered by GC, pre-allocating 0 bytes.
[2015.07.29-06.36.31:294][  0]LogInit: Object subsystem initialized
[2015.07.29-06.36.31:295][  0]LogConsoleResponse:Warning: Skipping Unknown console variable: 'TranslucentSortAxis = (X=0.000000,Y=-1.000000,Z=0.000000)'
[2015.07.29-06.36.31:295][  0]LogConsoleResponse:Warning:   Found in ini file 'C:/Users/076271/Desktop/Apps+Games+PixelArt/Games/The Ending/TheEnding/Saved/Config/Windows/Engine.ini', in section '[/Script/Engine.RendererSettings]'
[2015.07.29-06.36.31:295][  0]LogConsoleResponse:Warning: Skipping Unknown console variable: 'UIScaleRule = ShortestSide'
[2015.07.29-06.36.31:295][  0]LogConsoleResponse:Warning:   Found in ini file 'C:/Users/076271/Desktop/Apps+Games+PixelArt/Games/The Ending/TheEnding/Saved/Config/Windows/Engine.ini', in section '[/Script/Engine.RendererSettings]'
[2015.07.29-06.36.31:295][  0]LogConsoleResponse:Warning: Skipping Unknown console variable: 'UIScaleCurve = (EditorCurveData=(Keys=),ExternalCurve=None)'
[2015.07.29-06.36.31:295][  0]LogConsoleResponse:Warning:   Found in ini file 'C:/Users/076271/Desktop/Apps+Games+PixelArt/Games/The Ending/TheEnding/Saved/Config/Windows/Engine.ini', in section '[/Script/Engine.RendererSettings]'
[2015.07.29-06.36.31:296][  0]LogInit: Selected Device Profile: [Windows]
[2015.07.29-06.36.31:296][  0]LogInit: Applying CVar settings loaded from the selected device profile: [Windows]
[2015.07.29-06.36.31:301][  0]LogInit: Computer: TAB-1090
[2015.07.29-06.36.31:301][  0]LogInit: User: 076271
[2015.07.29-06.36.31:301][  0]LogInit: CPU Page size=4096, Cores=2
[2015.07.29-06.36.31:301][  0]LogInit: High frequency timer resolution =1.558894 MHz
[2015.07.29-06.36.31:301][  0]LogMemory: Memory total: Physical=7.9GB (8GB approx)
[2015.07.29-06.36.31:301][  0]LogMemory: Platform Memory Stats for Windows
[2015.07.29-06.36.31:301][  0]LogMemory: Process Physical Memory: 49.45 MB used, 49.45 MB peak
[2015.07.29-06.36.31:301][  0]LogMemory: Process Virtual Memory: 22.25 MB used, 22.25 MB peak
[2015.07.29-06.36.31:301][  0]LogMemory: Physical Memory: 3722.20 MB used, 8097.05 MB total
[2015.07.29-06.36.31:301][  0]LogMemory: Virtual Memory: 290.65 MB used, 134217728.00 MB total
[2015.07.29-06.36.31:419][  0]LogTextLocalizationManager: The requested culture ('en_AU') has no localization data; parent culture's ('en') localization data will be used.
[2015.07.29-06.36.31:992][  0]LogTextLocalizationManager:Warning: Loaded localization resources contain conflicting entries for (Namespace:ContentBrowser, Key:ImportAssetToolTip):
Localization Resource: (C:/Program Files/Epic Games/4.8/Engine/Content/Localization/Editor/en/Editor.locres) Source String Hash: (-630476809) Localized String: (Import to {0}...)
Localization Resource: (C:/Program Files/Epic Games/4.8/Engine/Content/Localization/Editor/en/Editor.locres) Source String Hash: (1271782899) Localized String: (Imports an asset from file to this folder.)
[2015.07.29-06.36.32:797][  0]LogD3D11RHI: Found D3D11 adapter 0: Intel(R) HD Graphics Family (Feature Level 11_0)
[2015.07.29-06.36.32:797][  0]LogD3D11RHI: Adapter has 0MB of dedicated video memory, 0MB of dedicated system memory, and 1792MB of shared system memory, 1 output[s]
[2015.07.29-06.36.32:799][  0]LogD3D11RHI: Found D3D11 adapter 1: Microsoft Basic Render Driver (Feature Level 11_0)
[2015.07.29-06.36.32:799][  0]LogD3D11RHI: Adapter has 0MB of dedicated video memory, 0MB of dedicated system memory, and 256MB of shared system memory, 0 output[s]
[2015.07.29-06.36.32:799][  0]LogD3D11RHI: Chosen D3D11 Adapter Id = 0
[2015.07.29-06.36.32:806][  0]LogD3D11RHI: InitD3DDevice
[2015.07.29-06.36.32:806][  0]LogD3D11RHI: !Direct3DDevice
[2015.07.29-06.36.32:806][  0]LogRHI: Texture pool is 627 MB (70% of 896 MB)
[2015.07.29-06.36.32:830][  0]LogD3D11RHI: Async texture creation enabled
[2015.07.29-06.36.32:916][  0]LogShaderCompilers:Display: Using Local Shader Compiler.
[2015.07.29-06.36.35:073][  0]LogTemp:Display: Loaded TP DesktopTargetPlatform
[2015.07.29-06.36.35:101][  0]LogTemp:Display: Loaded TP WindowsClientTargetPlatform
[2015.07.29-06.36.35:123][  0]LogTemp:Display: Loaded TP WindowsNoEditorTargetPlatform
[2015.07.29-06.36.35:141][  0]LogTemp:Display: Loaded TP WindowsServerTargetPlatform
[2015.07.29-06.36.35:158][  0]LogTemp:Display: Loaded TP WindowsTargetPlatform
[2015.07.29-06.36.35:171][  0]LogTemp:Display: Loaded TP AndroidTargetPlatform
[2015.07.29-06.36.35:184][  0]LogTemp:Display: Loaded TP Android_ASTCTargetPlatform
[2015.07.29-06.36.35:198][  0]LogTemp:Display: Loaded TP Android_ATCTargetPlatform
[2015.07.29-06.36.35:211][  0]LogTemp:Display: Loaded TP Android_DXTTargetPlatform
[2015.07.29-06.36.35:225][  0]LogTemp:Display: Loaded TP Android_ETC1TargetPlatform
[2015.07.29-06.36.35:240][  0]LogTemp:Display: Loaded TP Android_ETC2TargetPlatform
[2015.07.29-06.36.35:255][  0]LogTemp:Display: Loaded TP Android_PVRTCTargetPlatform
[2015.07.29-06.36.35:288][  0]LogTemp:Display: Loaded TP HTML5TargetPlatform
[2015.07.29-06.36.35:535][  0]LogTemp:Display: Loaded TP IOSTargetPlatform
[2015.07.29-06.36.35:565][  0]LogTemp:Display: Loaded TP LinuxNoEditorTargetPlatform
[2015.07.29-06.36.35:587][  0]LogTemp:Display: Loaded TP LinuxServerTargetPlatform
[2015.07.29-06.36.35:609][  0]LogTemp:Display: Loaded TP LinuxTargetPlatform
[2015.07.29-06.36.35:609][  0]LogTargetPlatformManager:Display: Building Assets For Windows
[2015.07.29-06.36.35:818][  0]LogDerivedDataCache:Display: Max Cache Size: 512 MB
[2015.07.29-06.36.35:910][  0]LogDerivedDataCache: Loaded boot cache 0.09s 53MB C:/Users/076271/AppData/Local/UnrealEngine/4.8/DerivedDataCache/Boot.ddc.
[2015.07.29-06.36.35:911][  0]LogDerivedDataCache:Display: Loaded Boot cache: C:/Users/076271/AppData/Local/UnrealEngine/4.8/DerivedDataCache/Boot.ddc
[2015.07.29-06.36.35:911][  0]LogDerivedDataCache: FDerivedDataBackendGraph:  Pak pak cache file ../../../../../../Users/076271/Desktop/Apps+Games+PixelArt/Games/The Ending/TheEnding/DerivedDataCache/DDC.ddp not found, will not use a pak cache.
[2015.07.29-06.36.35:911][  0]LogDerivedDataCache: Unable to find inner node Pak for hierarchical cache Hierarchy.
[2015.07.29-06.36.35:911][  0]LogDerivedDataCache: FDerivedDataBackendGraph:  CompressedPak pak cache file ../../../../../../Users/076271/Desktop/Apps+Games+PixelArt/Games/The Ending/TheEnding/DerivedDataCache/Compressed.ddp not found, will not use a pak cache.
[2015.07.29-06.36.35:911][  0]LogDerivedDataCache: Unable to find inner node CompressedPak for hierarchical cache Hierarchy.
[2015.07.29-06.36.36:507][  0]LogDerivedDataCache:Display: Pak cache opened for reading ../../../Engine/DerivedDataCache/Compressed.ddp.
[2015.07.29-06.36.36:520][  0]LogDerivedDataCache: Using Local data cache path C:/Users/076271/AppData/Local/UnrealEngine/Common/DerivedDataCache: Writable
[2015.07.29-06.36.36:873][  0]LogInit: Selected Device Profile: [Windows]
[2015.07.29-06.36.36:982][  0]ImportText (ComponentSweepMultiTests): Missing closing parenthesis: (RootShapeAsset="/Engine/BasicShapes/Cube.Cube",ShapeType="TriggerCapsule",HitResult=(Time=0.50,Location=(X=-100.000015,Y=0.0,Z=100.000015),ImpactPoint=(X=-50.0,Y=0.0,Z=50.0),Normal=(X=-1.0,Y=-0.0,Z=0.0),ImpactNormal=(X=0.0,Y=0.0,Z=1.0),TraceStart=(X=-200.0,Y=0.0,Z=200.0),TraceEnd=(X=0.0,Y=0.0,Z=0.0))
[2015.07.29-06.36.36:983][  0]ImportText (LineTraceSingleByChannelTests): Missing closing parenthesis: (RootShapeAsset="/Engine/BasicShapes/Cube.Cube",HitResult=(Time=0.50,Location=(X=-100.000015,Y=0.0,Z=100.000015),ImpactPoint=(X=-50.0,Y=0.0,Z=50.0),Normal=(X=-1.0,Y=-0.0,Z=0.0),ImpactNormal=(X=0.0,Y=0.0,Z=1.0),TraceStart=(X=-200.0,Y=0.0,Z=200.0),TraceEnd=(X=0.0,Y=0.0,Z=0.0))
[2015.07.29-06.36.37:010][  0]LogMeshUtilities: No automatic mesh reduction module available
[2015.07.29-06.36.37:010][  0]LogMeshUtilities: No automatic mesh merging module available
[2015.07.29-06.36.37:748][  0]LogInit: WinSock: version 1.1 (2.2), MaxSocks=32767, MaxUdp=65467
[2015.07.29-06.36.38:412][  0]LogD3D11RHI: InitD3DDevice
[2015.07.29-06.36.38:463][  0]LogWindowsMoviePlayer: Unable to load movie: ../../../../../../Users/076271/Desktop/Apps+Games+PixelArt/Games/The Ending/TheEnding/Content/Movies/Default_Startup.mp4
[2015.07.29-06.36.38:680][  0]SourceControl: Info Source control is disabled
[2015.07.29-06.36.38:681][  0]SourceControl: Info Source control is disabled
[2015.07.29-06.36.38:743][  0]SourceControl: Info Source control is disabled
[2015.07.29-06.36.38:957][  0]LogObj: 25781 objects as part of root set at end of initial load.
[2015.07.29-06.36.38:957][  0]LogUObjectAllocator: 5195968 out of 0 bytes used by permanent object pool.
[2015.07.29-06.36.39:045][  0]LogAutomationTest:Warning: ERR: Transient text cannot be serialized "Testing Transient serialization detection".
[2015.07.29-06.36.39:045][  0]LogEngine: Initializing Engine...
[2015.07.29-06.36.39:048][  0]LogHMD: Can't find Oculus library dev build: is proper Runtime installed? Version: 0.6.0.0
[2015.07.29-06.36.39:051][  0]LogHMD:Warning: SteamVR failed to initialize.  Error: 100
[2015.07.29-06.36.39:326][  0]LogInit: XAudio2 using 'Speakers / Headphones (Realtek High Definition Audio)' : 2 channels at 48 kHz using 16 bits per sample (channel mask 0x3)
[2015.07.29-06.36.39:377][  0]LogInit: FAudioDevice initialized.
[2015.07.29-06.36.39:391][  0]LogInit: Texture streaming: Disabled
[2015.07.29-06.36.39:574][  0]LogNet: Browse: /Temp/Autosaves/Game/FirstPersonBP/Maps/UEDPCLevelTest_Test01?Name=Player
[2015.07.29-06.36.39:574][  0]LogLoad: LoadMap: /Temp/Autosaves/Game/FirstPersonBP/Maps/UEDPCLevelTest_Test01?Name=Player
[2015.07.29-06.36.39:594][  0]LogParticles: Destroying 0 GPU particle simulations for FXSystem 0x00000087F012B560
[2015.07.29-06.36.39:612][  0]LogMemory: Platform Memory Stats for Windows
[2015.07.29-06.36.39:612][  0]LogMemory: Process Physical Memory: 363.02 MB used, 363.02 MB peak
[2015.07.29-06.36.39:612][  0]LogMemory: Process Virtual Memory: 310.95 MB used, 310.95 MB peak
[2015.07.29-06.36.39:612][  0]LogMemory: Physical Memory: 4027.57 MB used, 8097.05 MB total
[2015.07.29-06.36.39:613][  0]LogMemory: Virtual Memory: 808.38 MB used, 134217728.00 MB total
[2015.07.29-06.36.39:613][  0]LogMemory: 
[2015.07.29-06.36.39:613][  0]Allocator Stats for TBB: (not implemented)
[2015.07.29-06.36.40:088][  0]LogProperty:Error: UStructProperty::Serialize Loading: Property 'StructProperty /Game/FirstPersonBP/Blueprints/BPA_MasterItem.BPA_MasterItem_C:ItemData'. Unknown structure.
[2015.07.29-06.36.40:089][  0]LogClass:Warning: Property ItemData of BPA_MasterItem_C struct type mismatch STRUCT_REINST_BPS_ItemData_6/FallbackStruct for package:  ../../../../../../Users/076271/Desktop/Apps+Games+PixelArt/Games/The Ending/TheEnding/Content/FirstPersonBP/Blueprints/BPA_MasterItem.uasset. If that property got renamed, add an ActiveStructRedirect.
[2015.07.29-06.36.40:155][  0]LogClass:Warning: Property ItemData of BPA_MasterItem_C struct type mismatch FallbackStruct/BPS_ItemData for package:  FObjectReader. If that property got renamed, add an ActiveStructRedirect.
[2015.07.29-06.36.42:810][  0]LogAIModule: Creating AISystem for world LevelTest_Test01
[2015.07.29-06.36.42:840][  0]LogProperty:Error: UStructProperty::Serialize Loading: Property 'StructProperty /Game/FirstPersonBP/Widgets/BPW_InventoryItemButton.BPW_InventoryItemButton_C:ItemData'. Unknown structure.
[2015.07.29-06.36.42:919][  0]LogUObjectGlobals:Warning: Attempted to create a package with a short package name: ObjectProperty_1199 Outer: NullOuter
[2015.07.29-06.36.42:919][  0]LogLinker:Warning: ObjectProperty_1199 has an inappropriate outermost, it was probably saved with a deprecated outer (file: ../../../../../../Users/076271/Desktop/Apps+Games+PixelArt/Games/The Ending/TheEnding/Content/FirstPersonBP/Widgets/BPW_InventoryItemButton.uasset)
[2015.07.29-06.36.42:919][  0]LogClass:Warning: Property ItemData of BPW_InventoryItemButton_C struct type mismatch STRUCT_REINST_BPS_ItemData_6/FallbackStruct for package:  ../../../../../../Users/076271/Desktop/Apps+Games+PixelArt/Games/The Ending/TheEnding/Content/FirstPersonBP/Widgets/BPW_InventoryItemButton.uasset. If that property got renamed, add an ActiveStructRedirect.
[2015.07.29-06.36.42:963][  0]LogClass:Warning: Property ItemData of BPW_InventoryItemButton_C struct type mismatch FallbackStruct/BPS_ItemData for package:  FObjectReader. If that property got renamed, add an ActiveStructRedirect.
[2015.07.29-06.36.44:122][  0]LogWorld: Game class is 'BPG_TheEnding_C'
[2015.07.29-06.36.47:884][  0]LogWorld: Bringing World /Temp/Autosaves/Game/FirstPersonBP/Maps/UEDPCLevelTest_Test01.LevelTest_Test01 up for play (max tick rate 0) at 2015.07.29-16.36.47
[2015.07.29-06.36.47:885][  0]LogWorld: Bringing up level for play took: 0.207946
[2015.07.29-06.36.47:919][  0]LogInit:Display: Game Engine Initialized.
[2015.07.29-06.36.48:259][  0]LogAssetRegistry: FAssetRegistry took 0.0004 seconds to start up
[2015.07.29-06.36.48:260][  0]LogLoad: Full Startup: 19.45 seconds (BP compile: 1.28 seconds)
[2015.07.29-06.36.48:277][  0]LogWindowsTextInputMethodSystem:Display: IME system now deactivated.
[2015.07.29-06.36.48:278][  0]LogWindowsTextInputMethodSystem:Display: IME system now deactivated.
[2015.07.29-06.36.48:372][  0]LogRenderer: Reallocating scene render targets to support 128x128 (Frame:1).
[2015.07.29-06.36.48:759][  0]LogContentStreaming: Texture pool size is 200.000000MB
[2015.07.29-06.36.49:077][  1]LogRenderer: Reallocating scene render targets to support 640x360 (Frame:2).
[2015.07.29-06.36.56:965][297]LogRenderer: Reallocating scene render targets to support 688x360 (Frame:300).
[2015.07.29-06.37.07:537][649]LogArray:Warning: Attempted to get an item from array Inventory out of bounds [-1/2]!
[2015.07.29-06.37.07:537][649]LogArray:Warning: Attempted to get an item from array Inventory out of bounds [-1/2]!
[2015.07.29-06.37.07:548][650]LogArray:Warning: Attempted to get an item from array Inventory out of bounds [-1/2]!
[2015.07.29-06.37.07:548][650]LogArray:Warning: Attempted to get an item from array Inventory out of bounds [-1/2]!
[2015.07.29-06.37.07:570][651]LogArray:Warning: Attempted to get an item from array Inventory out of bounds [-1/2]!
[2015.07.29-06.37.07:570][651]LogArray:Warning: Attempted to get an item from array Inventory out of bounds [-1/2]!
[2015.07.29-06.37.07:592][652]LogArray:Warning: Attempted to get an item from array Inventory out of bounds [-1/2]!
[2015.07.29-06.37.07:592][652]LogArray:Warning: Attempted to get an item from array Inventory out of bounds [-1/2]!
[2015.07.29-06.37.07:614][653]LogArray:Warning: Attempted to get an item from array Inventory out of bounds [-1/2]!
[2015.07.29-06.37.07:614][653]LogArray:Warning: Attempted to get an item from array Inventory out of bounds [-1/2]!
[2015.07.29-06.37.07:655][654]LogArray:Warning: Attempted to get an item from array Inventory out of bounds [-1/2]!
[2015.07.29-06.37.07:656][654]LogArray:Warning: Attempted to get an item from array Inventory out of bounds [-1/2]!
[2015.07.29-06.37.07:714][655]LogArray:Warning: Attempted to get an item from array Inventory out of bounds [-1/2]!
[2015.07.29-06.37.07:715][655]LogArray:Warning: Attempted to get an item from array Inventory out of bounds [-1/2]!
[2015.07.29-06.37.07:742][656]LogArray:Warning: Attempted to get an item from array Inventory out of bounds [-1/2]!
[2015.07.29-06.37.07:742][656]LogArray:Warning: Attempted to get an item from array Inventory out of bounds [-1/2]!
[2015.07.29-06.37.07:756][657]LogArray:Warning: Attempted to get an item from array Inventory out of bounds [-1/2]!
[2015.07.29-06.37.07:757][657]LogArray:Warning: Attempted to get an item from array Inventory out of bounds [-1/2]!
[2015.07.29-06.37.07:777][658]LogArray:Warning: Attempted to get an item from array Inventory out of bounds [-1/2]!
[2015.07.29-06.37.07:778][658]LogArray:Warning: Attempted to get an item from array Inventory out of bounds [-1/2]!
[2015.07.29-06.37.07:798][659]LogArray:Warning: Attempted to get an item from array Inventory out of bounds [-1/2]!
[2015.07.29-06.37.07:798][659]LogArray:Warning: Attempted to get an item from array Inventory out of bounds [-1/2]!
[2015.07.29-06.37.07:820][660]LogArray:Warning: Attempted to get an item from array Inventory out of bounds [-1/2]!
[2015.07.29-06.37.07:820][660]LogArray:Warning: Attempted to get an item from array Inventory out of bounds [-1/2]!
[2015.07.29-06.37.07:841][661]LogArray:Warning: Attempted to get an item from array Inventory out of bounds [-1/2]!
[2015.07.29-06.37.07:841][661]LogArray:Warning: Attempted to get an item from array Inventory out of bounds [-1/2]!
[2015.07.29-06.37.07:890][662]LogArray:Warning: Attempted to get an item from array Inventory out of bounds [-1/2]!
[2015.07.29-06.37.07:891][662]LogArray:Warning: Attempted to get an item from array Inventory out of bounds [-1/2]!
[2015.07.29-06.37.07:919][663]LogArray:Warning: Attempted to get an item from array Inventory out of bounds [-1/2]!
[2015.07.29-06.37.07:920][663]LogArray:Warning: Attempted to get an item from array Inventory out of bounds [-1/2]!
[2015.07.29-06.37.07:956][664]LogArray:Warning: Attempted to get an item from array Inventory out of bounds [-1/2]!
[2015.07.29-06.37.07:956][664]LogArray:Warning: Attempted to get an item from array Inventory out of bounds [-1/2]!
[2015.07.29-06.37.08:040][665]LogArray:Warning: Attempted to get an item from array Inventory out of bounds [-1/2]!
[2015.07.29-06.37.08:042][665]LogArray:Warning: Attempted to get an item from array Inventory out of bounds [-1/2]!
[2015.07.29-06.37.08:119][666]LogArray:Warning: Attempted to get an item from array Inventory out of bounds [-1/2]!
[2015.07.29-06.37.08:120][666]LogArray:Warning: Attempted to get an item from array Inventory out of bounds [-1/2]!
[2015.07.29-06.37.08:135][667]LogArray:Warning: Attempted to get an item from array Inventory out of bounds [-1/2]!
[2015.07.29-06.37.08:135][667]LogArray:Warning: Attempted to get an item from array Inventory out of bounds [-1/2]!
[2015.07.29-06.37.08:156][668]LogArray:Warning: Attempted to get an item from array Inventory out of bounds [-1/2]!
[2015.07.29-06.37.08:156][668]LogArray:Warning: Attempted to get an item from array Inventory out of bounds [-1/2]!
[2015.07.29-06.37.08:177][669]LogArray:Warning: Attempted to get an item from array Inventory out of bounds [-1/2]!
[2015.07.29-06.37.08:177][669]LogArray:Warning: Attempted to get an item from array Inventory out of bounds [-1/2]!
[2015.07.29-06.37.08:214][670]LogArray:Warning: Attempted to get an item from array Inventory out of bounds [-1/2]!
[2015.07.29-06.37.08:214][670]LogArray:Warning: Attempted to get an item from array Inventory out of bounds [-1/2]!
[2015.07.29-06.37.08:226][671]LogArray:Warning: Attempted to get an item from array Inventory out of bounds [-1/2]!
[2015.07.29-06.37.08:227][671]LogArray:Warning: Attempted to get an item from array Inventory out of bounds [-1/2]!
[2015.07.29-06.37.08:272][672]LogArray:Warning: Attempted to get an item from array Inventory out of bounds [-1/2]!
[2015.07.29-06.37.08:273][672]LogArray:Warning: Attempted to get an item from array Inventory out of bounds [-1/2]!
[2015.07.29-06.37.08:304][673]LogArray:Warning: Attempted to get an item from array Inventory out of bounds [-1/2]!
[2015.07.29-06.37.08:304][673]LogArray:Warning: Attempted to get an item from array Inventory out of bounds [-1/2]!
[2015.07.29-06.37.08:327][674]LogArray:Warning: Attempted to get an item from array Inventory out of bounds [-1/2]!
[2015.07.29-06.37.08:327][674]LogArray:Warning: Attempted to get an item from array Inventory out of bounds [-1/2]!
[2015.07.29-06.37.08:423][675]LogArray:Warning: Attempted to get an item from array Inventory out of bounds [-1/2]!
[2015.07.29-06.37.08:425][675]LogArray:Warning: Attempted to get an item from array Inventory out of bounds [-1/2]!
[2015.07.29-06.37.08:459][676]LogArray:Warning: Attempted to get an item from array Inventory out of bounds [-1/2]!
[2015.07.29-06.37.08:459][676]LogArray:Warning: Attempted to get an item from array Inventory out of bounds [-1/2]!
[2015.07.29-06.37.08:528][677]LogArray:Warning: Attempted to get an item from array Inventory out of bounds [-1/2]!
[2015.07.29-06.37.08:528][677]LogArray:Warning: Attempted to get an item from array Inventory out of bounds [-1/2]!
[2015.07.29-06.37.08:555][678]LogArray:Warning: Attempted to get an item from array Inventory out of bounds [-1/2]!
[2015.07.29-06.37.08:555][678]LogArray:Warning: Attempted to get an item from array Inventory out of bounds [-1/2]!
[2015.07.29-06.37.09:593][711]LogArray:Warning: Attempted to remove an item from an invalid index from array Inventory [-1/1]!
[2015.07.29-06.37.09:608][711]LogArray:Warning: Attempted to get an item from array Inventory out of bounds [-1/1]!
[2015.07.29-06.37.09:608][711]LogArray:Warning: Attempted to get an item from array Inventory out of bounds [-1/1]!
[2015.07.29-06.37.09:608][711]LogArray:Warning: Attempted to get an item from array Inventory out of bounds [-1/1]!
[2015.07.29-06.37.09:608][711]LogArray:Warning: Attempted to get an item from array Inventory out of bounds [-1/1]!
[2015.07.29-06.37.09:619][712]LogArray:Warning: Attempted to get an item from array Inventory out of bounds [-1/1]!
[2015.07.29-06.37.09:619][712]LogArray:Warning: Attempted to get an item from array Inventory out of bounds [-1/1]!
[2015.07.29-06.37.09:619][712]LogArray:Warning: Attempted to get an item from array Inventory out of bounds [-1/1]!
[2015.07.29-06.37.09:619][712]LogArray:Warning: Attempted to get an item from array Inventory out of bounds [-1/1]!
[2015.07.29-06.37.09:641][713]LogArray:Warning: Attempted to get an item from array Inventory out of bounds [-1/1]!
[2015.07.29-06.37.09:641][713]LogArray:Warning: Attempted to get an item from array Inventory out of bounds [-1/1]!
[2015.07.29-06.37.09:641][713]LogArray:Warning: Attempted to get an item from array Inventory out of bounds [-1/1]!
[2015.07.29-06.37.09:641][713]LogArray:Warning: Attempted to get an item from array Inventory out of bounds [-1/1]!
[2015.07.29-06.37.09:664][714]LogArray:Warning: Attempted to get an item from array Inventory out of bounds [-1/1]!
[2015.07.29-06.37.09:665][714]LogArray:Warning: Attempted to get an item from array Inventory out of bounds [-1/1]!
[2015.07.29-06.37.09:666][714]LogArray:Warning: Attempted to get an item from array Inventory out of bounds [-1/1]!
[2015.07.29-06.37.09:666][714]LogArray:Warning: Attempted to get an item from array Inventory out of bounds [-1/1]!
[2015.07.29-06.37.09:717][715]LogArray:Warning: Attempted to get an item from array Inventory out of bounds [-1/1]!
[2015.07.29-06.37.09:718][715]LogArray:Warning: Attempted to get an item from array Inventory out of bounds [-1/1]!
[2015.07.29-06.37.09:720][715]LogArray:Warning: Attempted to get an item from array Inventory out of bounds [-1/1]!
[2015.07.29-06.37.09:721][715]LogArray:Warning: Attempted to get an item from array Inventory out of bounds [-1/1]!
[2015.07.29-06.37.09:761][716]LogArray:Warning: Attempted to get an item from array Inventory out of bounds [-1/1]!
[2015.07.29-06.37.09:762][716]LogArray:Warning: Attempted to get an item from array Inventory out of bounds [-1/1]!
[2015.07.29-06.37.09:763][716]LogArray:Warning: Attempted to get an item from array Inventory out of bounds [-1/1]!
[2015.07.29-06.37.09:763][716]LogArray:Warning: Attempted to get an item from array Inventory out of bounds [-1/1]!
[2015.07.29-06.37.09:822][717]LogArray:Warning: Attempted to get an item from array Inventory out of bounds [-1/1]!
[2015.07.29-06.37.09:822][717]LogArray:Warning: Attempted to get an item from array Inventory out of bounds [-1/1]!
[2015.07.29-06.37.09:861][718]LogArray:Warning: Attempted to get an item from array Inventory out of bounds [-1/1]!
[2015.07.29-06.37.09:861][718]LogArray:Warning: Attempted to get an item from array Inventory out of bounds [-1/1]!
[2015.07.29-06.37.09:884][719]LogArray:Warning: Attempted to get an item from array Inventory out of bounds [-1/1]!
[2015.07.29-06.37.09:884][719]LogArray:Warning: Attempted to get an item from array Inventory out of bounds [-1/1]!
[2015.07.29-06.37.09:906][720]LogArray:Warning: Attempted to get an item from array Inventory out of bounds [-1/1]!
[2015.07.29-06.37.09:906][720]LogArray:Warning: Attempted to get an item from array Inventory out of bounds [-1/1]!
[2015.07.29-06.37.09:937][721]LogArray:Warning: Attempted to get an item from array Inventory out of bounds [-1/1]!
[2015.07.29-06.37.09:937][721]LogArray:Warning: Attempted to get an item from array Inventory out of bounds [-1/1]!
[2015.07.29-06.37.10:015][722]LogArray:Warning: Attempted to get an item from array Inventory out of bounds [-1/1]!
[2015.07.29-06.37.10:015][722]LogArray:Warning: Attempted to get an item from array Inventory out of bounds [-1/1]!
[2015.07.29-06.37.10:040][723]LogArray:Warning: Attempted to get an item from array Inventory out of bounds [-1/1]!
[2015.07.29-06.37.10:040][723]LogArray:Warning: Attempted to get an item from array Inventory out of bounds [-1/1]!
[2015.07.29-06.37.10:061][724]LogArray:Warning: Attempted to get an item from array Inventory out of bounds [-1/1]!
[2015.07.29-06.37.10:061][724]LogArray:Warning: Attempted to get an item from array Inventory out of bounds [-1/1]!
[2015.07.29-06.37.10:109][725]LogArray:Warning: Attempted to get an item from array Inventory out of bounds [-1/1]!
[2015.07.29-06.37.10:110][725]LogArray:Warning: Attempted to get an item from array Inventory out of bounds [-1/1]!
[2015.07.29-06.37.10:149][726]LogArray:Warning: Attempted to get an item from array Inventory out of bounds [-1/1]!
[2015.07.29-06.37.10:150][726]LogArray:Warning: Attempted to get an item from array Inventory out of bounds [-1/1]!
[2015.07.29-06.37.10:209][727]LogArray:Warning: Attempted to get an item from array Inventory out of bounds [-1/1]!
[2015.07.29-06.37.10:209][727]LogArray:Warning: Attempted to get an item from array Inventory out of bounds [-1/1]!
[2015.07.29-06.37.10:231][728]LogArray:Warning: Attempted to get an item from array Inventory out of bounds [-1/1]!
[2015.07.29-06.37.10:231][728]LogArray:Warning: Attempted to get an item from array Inventory out of bounds [-1/1]!
[2015.07.29-06.37.10:252][729]LogArray:Warning: Attempted to get an item from array Inventory out of bounds [-1/1]!
[2015.07.29-06.37.10:252][729]LogArray:Warning: Attempted to get an item from array Inventory out of bounds [-1/1]!
[2015.07.29-06.37.10:275][730]LogArray:Warning: Attempted to get an item from array Inventory out of bounds [-1/1]!
[2015.07.29-06.37.10:275][730]LogArray:Warning: Attempted to get an item from array Inventory out of bounds [-1/1]!
[2015.07.29-06.37.10:299][731]LogArray:Warning: Attempted to get an item from array Inventory out of bounds [-1/1]!
[2015.07.29-06.37.10:299][731]LogArray:Warning: Attempted to get an item from array Inventory out of bounds [-1/1]!
[2015.07.29-06.37.10:323][732]LogArray:Warning: Attempted to get an item from array Inventory out of bounds [-1/1]!
[2015.07.29-06.37.10:323][732]LogArray:Warning: Attempted to get an item from array Inventory out of bounds [-1/1]!
[2015.07.29-06.37.10:362][733]LogArray:Warning: Attempted to get an item from array Inventory out of bounds [-1/1]!
[2015.07.29-06.37.10:362][733]LogArray:Warning: Attempted to get an item from array Inventory out of bounds [-1/1]!
[2015.07.29-06.37.10:395][734]LogArray:Warning: Attempted to get an item from array Inventory out of bounds [-1/1]!
[2015.07.29-06.37.10:395][734]LogArray:Warning: Attempted to get an item from array Inventory out of bounds [-1/1]!
[2015.07.29-06.37.10:404][735]LogArray:Warning: Attempted to get an item from array Inventory out of bounds [-1/1]!
[2015.07.29-06.37.10:404][735]LogArray:Warning: Attempted to get an item from array Inventory out of bounds [-1/1]!
[2015.07.29-06.37.10:424][736]LogArray:Warning: Attempted to get an item from array Inventory out of bounds [-1/1]!
[2015.07.29-06.37.10:424][736]LogArray:Warning: Attempted to get an item from array Inventory out of bounds [-1/1]!
[2015.07.29-06.37.10:480][737]LogArray:Warning: Attempted to get an item from array Inventory out of bounds [-1/1]!
[2015.07.29-06.37.10:481][737]LogArray:Warning: Attempted to get an item from array Inventory out of bounds [-1/1]!
[2015.07.29-06.37.10:530][738]LogArray:Warning: Attempted to get an item from array Inventory out of bounds [-1/1]!
[2015.07.29-06.37.10:531][738]LogArray:Warning: Attempted to get an item from array Inventory out of bounds [-1/1]!
[2015.07.29-06.37.10:555][739]LogArray:Warning: Attempted to get an item from array Inventory out of bounds [-1/1]!
[2015.07.29-06.37.10:555][739]LogArray:Warning: Attempted to get an item from array Inventory out of bounds [-1/1]!
[2015.07.29-06.37.10:579][740]LogArray:Warning: Attempted to get an item from array Inventory out of bounds [-1/1]!
[2015.07.29-06.37.10:579][740]LogArray:Warning: Attempted to get an item from array Inventory out of bounds [-1/1]!
[2015.07.29-06.37.10:601][741]LogArray:Warning: Attempted to get an item from array Inventory out of bounds [-1/1]!
[2015.07.29-06.37.10:601][741]LogArray:Warning: Attempted to get an item from array Inventory out of bounds [-1/1]!
[2015.07.29-06.37.10:629][742]LogArray:Warning: Attempted to get an item from array Inventory out of bounds [-1/1]!
[2015.07.29-06.37.10:629][742]LogArray:Warning: Attempted to get an item from array Inventory out of bounds [-1/1]!
[2015.07.29-06.37.10:655][743]LogArray:Warning: Attempted to get an item from array Inventory out of bounds [-1/1]!
[2015.07.29-06.37.10:656][743]LogArray:Warning: Attempted to get an item from array Inventory out of bounds [-1/1]!
[2015.07.29-06.37.10:671][744]LogArray:Warning: Attempted to get an item from array Inventory out of bounds [-1/1]!
[2015.07.29-06.37.10:671][744]LogArray:Warning: Attempted to get an item from array Inventory out of bounds [-1/1]!
[2015.07.29-06.37.10:709][745]LogArray:Warning: Attempted to get an item from array Inventory out of bounds [-1/1]!
[2015.07.29-06.37.10:710][745]LogArray:Warning: Attempted to get an item from array Inventory out of bounds [-1/1]!
[2015.07.29-06.37.10:740][746]LogArray:Warning: Attempted to get an item from array Inventory out of bounds [-1/1]!
[2015.07.29-06.37.10:741][746]LogArray:Warning: Attempted to get an item from array Inventory out of bounds [-1/1]!
[2015.07.29-06.37.10:761][747]LogArray:Warning: Attempted to get an item from array Inventory out of bounds [-1/1]!
[2015.07.29-06.37.10:761][747]LogArray:Warning: Attempted to get an item from array Inventory out of bounds [-1/1]!
[2015.07.29-06.37.10:784][748]LogArray:Warning: Attempted to get an item from array Inventory out of bounds [-1/1]!
[2015.07.29-06.37.10:784][748]LogArray:Warning: Attempted to get an item from array Inventory out of bounds [-1/1]!
[2015.07.29-06.37.10:839][749]LogArray:Warning: Attempted to get an item from array Inventory out of bounds [-1/1]!
[2015.07.29-06.37.10:839][749]LogArray:Warning: Attempted to get an item from array Inventory out of bounds [-1/1]!
[2015.07.29-06.37.10:854][750]LogArray:Warning: Attempted to get an item from array Inventory out of bounds [-1/1]!
[2015.07.29-06.37.10:854][750]LogArray:Warning: Attempted to get an item from array Inventory out of bounds [-1/1]!
[2015.07.29-06.37.10:875][751]LogArray:Warning: Attempted to get an item from array Inventory out of bounds [-1/1]!
[2015.07.29-06.37.10:875][751]LogArray:Warning: Attempted to get an item from array Inventory out of bounds [-1/1]!
[2015.07.29-06.37.10:898][752]LogArray:Warning: Attempted to get an item from array Inventory out of bounds [-1/1]!
[2015.07.29-06.37.10:898][752]LogArray:Warning: Attempted to get an item from array Inventory out of bounds [-1/1]!
[2015.07.29-06.37.10:923][753]LogArray:Warning: Attempted to get an item from array Inventory out of bounds [-1/1]!
[2015.07.29-06.37.10:923][753]LogArray:Warning: Attempted to get an item from array Inventory out of bounds [-1/1]!
[2015.07.29-06.37.10:963][754]LogArray:Warning: Attempted to get an item from array Inventory out of bounds [-1/1]!
[2015.07.29-06.37.10:964][754]LogArray:Warning: Attempted to get an item from array Inventory out of bounds [-1/1]!
[2015.07.29-06.37.11:018][755]LogArray:Warning: Attempted to get an item from array Inventory out of bounds [-1/1]!
[2015.07.29-06.37.11:019][755]LogArray:Warning: Attempted to get an item from array Inventory out of bounds [-1/1]!
[2015.07.29-06.37.11:071][756]LogArray:Warning: Attempted to get an item from array Inventory out of bounds [-1/1]!
[2015.07.29-06.37.11:072][756]LogArray:Warning: Attempted to get an item from array Inventory out of bounds [-1/1]!
[2015.07.29-06.37.11:089][757]LogArray:Warning: Attempted to get an item from array Inventory out of bounds [-1/1]!
[2015.07.29-06.37.11:090][757]LogArray:Warning: Attempted to get an item from array Inventory out of bounds [-1/1]!
[2015.07.29-06.37.11:113][758]LogArray:Warning: Attempted to get an item from array Inventory out of bounds [-1/1]!
[2015.07.29-06.37.11:113][758]LogArray:Warning: Attempted to get an item from array Inventory out of bounds [-1/1]!
[2015.07.29-06.37.11:165][759]LogArray:Warning: Attempted to get an item from array Inventory out of bounds [-1/1]!
[2015.07.29-06.37.11:166][759]LogArray:Warning: Attempted to get an item from array Inventory out of bounds [-1/1]!
[2015.07.29-06.37.11:223][760]LogArray:Warning: Attempted to get an item from array Inventory out of bounds [-1/1]!
[2015.07.29-06.37.11:224][760]LogArray:Warning: Attempted to get an item from array Inventory out of bounds [-1/1]!
[2015.07.29-06.37.11:255][761]LogArray:Warning: Attempted to get an item from array Inventory out of bounds [-1/1]!
[2015.07.29-06.37.11:256][761]LogArray:Warning: Attempted to get an item from array Inventory out of bounds [-1/1]!
[2015.07.29-06.37.11:281][762]LogArray:Warning: Attempted to get an item from array Inventory out of bounds [-1/1]!
[2015.07.29-06.37.11:282][762]LogArray:Warning: Attempted to get an item from array Inventory out of bounds [-1/1]!
[2015.07.29-06.37.11:326][763]LogArray:Warning: Attempted to get an item from array Inventory out of bounds [-1/1]!
[2015.07.29-06.37.11:327][763]LogArray:Warning: Attempted to get an item from array Inventory out of bounds [-1/1]!
[2015.07.29-06.37.11:414][764]LogArray:Warning: Attempted to get an item from array Inventory out of bounds [-1/1]!
[2015.07.29-06.37.11:415][764]LogArray:Warning: Attempted to get an item from array Inventory out of bounds [-1/1]!
[2015.07.29-06.37.11:456][765]LogArray:Warning: Attempted to get an item from array Inventory out of bounds [-1/1]!
[2015.07.29-06.37.11:456][765]LogArray:Warning: Attempted to get an item from array Inventory out of bounds [-1/1]!
[2015.07.29-06.37.11:496][766]LogArray:Warning: Attempted to get an item from array Inventory out of bounds [-1/1]!
[2015.07.29-06.37.11:497][766]LogArray:Warning: Attempted to get an item from array Inventory out of bounds [-1/1]!
[2015.07.29-06.37.11:522][767]LogArray:Warning: Attempted to get an item from array Inventory out of bounds [-1/1]!
[2015.07.29-06.37.11:522][767]LogArray:Warning: Attempted to get an item from array Inventory out of bounds [-1/1]!
[2015.07.29-06.37.11:546][768]LogArray:Warning: Attempted to get an item from array Inventory out of bounds [-1/1]!
[2015.07.29-06.37.11:546][768]LogArray:Warning: Attempted to get an item from array Inventory out of bounds [-1/1]!
[2015.07.29-06.37.11:569][769]LogArray:Warning: Attempted to get an item from array Inventory out of bounds [-1/1]!
[2015.07.29-06.37.11:569][769]LogArray:Warning: Attempted to get an item from array Inventory out of bounds [-1/1]!
[2015.07.29-06.37.11:592][770]LogArray:Warning: Attempted to get an item from array Inventory out of bounds [-1/1]!
[2015.07.29-06.37.11:592][770]LogArray:Warning: Attempted to get an item from array Inventory out of bounds [-1/1]!
[2015.07.29-06.37.11:616][771]LogArray:Warning: Attempted to get an item from array Inventory out of bounds [-1/1]!
[2015.07.29-06.37.11:616][771]LogArray:Warning: Attempted to get an item from array Inventory out of bounds [-1/1]!
[2015.07.29-06.37.11:652][772]LogArray:Warning: Attempted to get an item from array Inventory out of bounds [-1/1]!
[2015.07.29-06.37.11:653][772]LogArray:Warning: Attempted to get an item from array Inventory out of bounds [-1/1]!
[2015.07.29-06.37.11:683][773]LogArray:Warning: Attempted to get an item from array Inventory out of bounds [-1/1]!
[2015.07.29-06.37.11:685][773]LogArray:Warning: Attempted to get an item from array Inventory out of bounds [-1/1]!
[2015.07.29-06.37.11:715][774]LogArray:Warning: Attempted to get an item from array Inventory out of bounds [-1/1]!
[2015.07.29-06.37.11:715][774]LogArray:Warning: Attempted to get an item from array Inventory out of bounds [-1/1]!
[2015.07.29-06.37.11:757][775]LogArray:Warning: Attempted to get an item from array Inventory out of bounds [-1/1]!
[2015.07.29-06.37.11:757][775]LogArray:Warning: Attempted to get an item from array Inventory out of bounds [-1/1]!
[2015.07.29-06.37.11:780][776]LogArray:Warning: Attempted to get an item from array Inventory out of bounds [-1/1]!
[2015.07.29-06.37.11:780][776]LogArray:Warning: Attempted to get an item from array Inventory out of bounds [-1/1]!
[2015.07.29-06.37.11:802][777]LogArray:Warning: Attempted to get an item from array Inventory out of bounds [-1/1]!
[2015.07.29-06.37.11:802][777]LogArray:Warning: Attempted to get an item from array Inventory out of bounds [-1/1]!
[2015.07.29-06.37.11:827][778]LogArray:Warning: Attempted to get an item from array Inventory out of bounds [-1/1]!
[2015.07.29-06.37.11:827][778]LogArray:Warning: Attempted to get an item from array Inventory out of bounds [-1/1]!
[2015.07.29-06.37.11:882][779]LogArray:Warning: Attempted to get an item from array Inventory out of bounds [-1/1]!
[2015.07.29-06.37.11:883][779]LogArray:Warning: Attempted to get an item from array Inventory out of bounds [-1/1]!
[2015.07.29-06.37.11:923][780]LogArray:Warning: Attempted to get an item from array Inventory out of bounds [-1/1]!
[2015.07.29-06.37.11:924][780]LogArray:Warning: Attempted to get an item from array Inventory out of bounds [-1/1]!
[2015.07.29-06.37.11:995][781]LogArray:Warning: Attempted to get an item from array Inventory out of bounds [-1/1]!
[2015.07.29-06.37.11:995][781]LogArray:Warning: Attempted to get an item from array Inventory out of bounds [-1/1]!
[2015.07.29-06.37.12:032][782]LogArray:Warning: Attempted to get an item from array Inventory out of bounds [-1/1]!
[2015.07.29-06.37.12:037][782]LogArray:Warning: Attempted to get an item from array Inventory out of bounds [-1/1]!
[2015.07.29-06.37.12:072][783]LogArray:Warning: Attempted to get an item from array Inventory out of bounds [-1/1]!
[2015.07.29-06.37.12:072][783]LogArray:Warning: Attempted to get an item from array Inventory out of bounds [-1/1]!
[2015.07.29-06.37.12:144][784]LogArray:Warning: Attempted to get an item from array Inventory out of bounds [-1/1]!
[2015.07.29-06.37.12:144][784]LogArray:Warning: Attempted to get an item from array Inventory out of bounds [-1/1]!
[2015.07.29-06.37.12:167][785]LogArray:Warning: Attempted to get an item from array Inventory out of bounds [-1/1]!
[2015.07.29-06.37.12:167][785]LogArray:Warning: Attempted to get an item from array Inventory out of bounds [-1/1]!
[2015.07.29-06.37.12:236][786]LogArray:Warning: Attempted to get an item from array Inventory out of bounds [-1/1]!
[2015.07.29-06.37.12:236][786]LogArray:Warning: Attempted to get an item from array Inventory out of bounds [-1/1]!
[2015.07.29-06.37.12:258][787]LogArray:Warning: Attempted to get an item from array Inventory out of bounds [-1/1]!
[2015.07.29-06.37.12:258][787]LogArray:Warning: Attempted to get an item from array Inventory out of bounds [-1/1]!
[2015.07.29-06.37.12:281][788]LogArray:Warning: Attempted to get an item from array Inventory out of bounds [-1/1]!
[2015.07.29-06.37.12:281][788]LogArray:Warning: Attempted to get an item from array Inventory out of bounds [-1/1]!
[2015.07.29-06.37.12:342][789]LogArray:Warning: Attempted to get an item from array Inventory out of bounds [-1/1]!
[2015.07.29-06.37.12:342][789]LogArray:Warning: Attempted to get an item from array Inventory out of bounds [-1/1]!
[2015.07.29-06.37.12:377][790]LogArray:Warning: Attempted to get an item from array Inventory out of bounds [-1/1]!
[2015.07.29-06.37.12:377][790]LogArray:Warning: Attempted to get an item from array Inventory out of bounds [-1/1]!
[2015.07.29-06.37.12:432][791]LogArray:Warning: Attempted to get an item from array Inventory out of bounds [-1/1]!
[2015.07.29-06.37.12:432][791]LogArray:Warning: Attempted to get an item from array Inventory out of bounds [-1/1]!
[2015.07.29-06.37.12:455][792]LogArray:Warning: Attempted to get an item from array Inventory out of bounds [-1/1]!
[2015.07.29-06.37.12:455][792]LogArray:Warning: Attempted to get an item from array Inventory out of bounds [-1/1]!
[2015.07.29-06.37.12:479][793]LogArray:Warning: Attempted to get an item from array Inventory out of bounds [-1/1]!
[2015.07.29-06.37.12:479][793]LogArray:Warning: Attempted to get an item from array Inventory out of bounds [-1/1]!
[2015.07.29-06.37.12:501][794]LogArray:Warning: Attempted to get an item from array Inventory out of bounds [-1/1]!
[2015.07.29-06.37.12:501][794]LogArray:Warning: Attempted to get an item from array Inventory out of bounds [-1/1]!
[2015.07.29-06.37.12:525][795]LogArray:Warning: Attempted to get an item from array Inventory out of bounds [-1/1]!
[2015.07.29-06.37.12:525][795]LogArray:Warning: Attempted to get an item from array Inventory out of bounds [-1/1]!
[2015.07.29-06.37.12:549][796]LogArray:Warning: Attempted to get an item from array Inventory out of bounds [-1/1]!
[2015.07.29-06.37.12:549][796]LogArray:Warning: Attempted to get an item from array Inventory out of bounds [-1/1]!
[2015.07.29-06.37.12:578][797]LogArray:Warning: Attempted to get an item from array Inventory out of bounds [-1/1]!
[2015.07.29-06.37.12:578][797]LogArray:Warning: Attempted to get an item from array Inventory out of bounds [-1/1]!
[2015.07.29-06.37.12:617][798]LogArray:Warning: Attempted to get an item from array Inventory out of bounds [-1/1]!
[2015.07.29-06.37.12:617][798]LogArray:Warning: Attempted to get an item from array Inventory out of bounds [-1/1]!
[2015.07.29-06.37.12:632][799]LogArray:Warning: Attempted to get an item from array Inventory out of bounds [-1/1]!
[2015.07.29-06.37.12:632][799]LogArray:Warning: Attempted to get an item from array Inventory out of bounds [-1/1]!
[2015.07.29-06.37.12:648][800]LogArray:Warning: Attempted to get an item from array Inventory out of bounds [-1/1]!
[2015.07.29-06.37.12:648][800]LogArray:Warning: Attempted to get an item from array Inventory out of bounds [-1/1]!
[2015.07.29-06.37.12:672][801]LogArray:Warning: Attempted to get an item from array Inventory out of bounds [-1/1]!
[2015.07.29-06.37.12:672][801]LogArray:Warning: Attempted to get an item from array Inventory out of bounds [-1/1]!
[2015.07.29-06.37.12:696][802]LogArray:Warning: Attempted to get an item from array Inventory out of bounds [-1/1]!
[2015.07.29-06.37.12:696][802]LogArray:Warning: Attempted to get an item from array Inventory out of bounds [-1/1]!
[2015.07.29-06.37.12:720][803]LogArray:Warning: Attempted to get an item from array Inventory out of bounds [-1/1]!
[2015.07.29-06.37.12:720][803]LogArray:Warning: Attempted to get an item from array Inventory out of bounds [-1/1]!
[2015.07.29-06.37.12:744][804]LogArray:Warning: Attempted to get an item from array Inventory out of bounds [-1/1]!
[2015.07.29-06.37.12:744][804]LogArray:Warning: Attempted to get an item from array Inventory out of bounds [-1/1]!
[2015.07.29-06.37.12:768][805]LogArray:Warning: Attempted to get an item from array Inventory out of bounds [-1/1]!
[2015.07.29-06.37.12:768][805]LogArray:Warning: Attempted to get an item from array Inventory out of bounds [-1/1]!
[2015.07.29-06.37.12:810][806]LogArray:Warning: Attempted to get an item from array Inventory out of bounds [-1/1]!
[2015.07.29-06.37.12:810][806]LogArray:Warning: Attempted to get an item from array Inventory out of bounds [-1/1]!
[2015.07.29-06.37.12:826][807]LogArray:Warning: Attempted to get an item from array Inventory out of bounds [-1/1]!
[2015.07.29-06.37.12:826][807]LogArray:Warning: Attempted to get an item from array Inventory out of bounds [-1/1]!
[2015.07.29-06.37.12:845][808]LogArray:Warning: Attempted to get an item from array Inventory out of bounds [-1/1]!
[2015.07.29-06.37.12:846][808]LogArray:Warning: Attempted to get an item from array Inventory out of bounds [-1/1]!
[2015.07.29-06.37.12:866][809]LogArray:Warning: Attempted to get an item from array Inventory out of bounds [-1/1]!
[2015.07.29-06.37.12:866][809]LogArray:Warning: Attempted to get an item from array Inventory out of bounds [-1/1]!
[2015.07.29-06.37.12:939][810]LogArray:Warning: Attempted to get an item from array Inventory out of bounds [-1/1]!
[2015.07.29-06.37.12:941][810]LogArray:Warning: Attempted to get an item from array Inventory out of bounds [-1/1]!
[2015.07.29-06.37.12:974][811]LogArray:Warning: Attempted to get an item from array Inventory out of bounds [-1/1]!
[2015.07.29-06.37.12:974][811]LogArray:Warning: Attempted to get an item from array Inventory out of bounds [-1/1]!
[2015.07.29-06.37.12:995][812]LogArray:Warning: Attempted to get an item from array Inventory out of bounds [-1/1]!
[2015.07.29-06.37.12:995][812]LogArray:Warning: Attempted to get an item from array Inventory out of bounds [-1/1]!
[2015.07.29-06.37.13:017][813]LogArray:Warning: Attempted to get an item from array Inventory out of bounds [-1/1]!
[2015.07.29-06.37.13:017][813]LogArray:Warning: Attempted to get an item from array Inventory out of bounds [-1/1]!
[2015.07.29-06.37.13:042][814]LogArray:Warning: Attempted to get an item from array Inventory out of bounds [-1/1]!
[2015.07.29-06.37.13:042][814]LogArray:Warning: Attempted to get an item from array Inventory out of bounds [-1/1]!
[2015.07.29-06.37.13:090][815]LogArray:Warning: Attempted to get an item from array Inventory out of bounds [-1/1]!
[2015.07.29-06.37.13:091][815]LogArray:Warning: Attempted to get an item from array Inventory out of bounds [-1/1]!
[2015.07.29-06.37.13:109][816]LogArray:Warning: Attempted to get an item from array Inventory out of bounds [-1/1]!
[2015.07.29-06.37.13:109][816]LogArray:Warning: Attempted to get an item from array Inventory out of bounds [-1/1]!
[2015.07.29-06.37.13:127][817]LogArray:Warning: Attempted to get an item from array Inventory out of bounds [-1/1]!
[2015.07.29-06.37.13:127][817]LogArray:Warning: Attempted to get an item from array Inventory out of bounds [-1/1]!
[2015.07.29-06.37.13:148][818]LogArray:Warning: Attempted to get an item from array Inventory out of bounds [-1/1]!
[2015.07.29-06.37.13:148][818]LogArray:Warning: Attempted to get an item from array Inventory out of bounds [-1/1]!
[2015.07.29-06.37.13:171][819]LogArray:Warning: Attempted to get an item from array Inventory out of bounds [-1/1]!
[2015.07.29-06.37.13:172][819]LogArray:Warning: Attempted to get an item from array Inventory out of bounds [-1/1]!
[2015.07.29-06.37.13:198][820]LogArray:Warning: Attempted to get an item from array Inventory out of bounds [-1/1]!
[2015.07.29-06.37.13:198][820]LogArray:Warning: Attempted to get an item from array Inventory out of bounds [-1/1]!
[2015.07.29-06.37.13:248][821]LogArray:Warning: Attempted to get an item from array Inventory out of bounds [-1/1]!
[2015.07.29-06.37.13:249][821]LogArray:Warning: Attempted to get an item from array Inventory out of bounds [-1/1]!
[2015.07.29-06.37.13:283][822]LogArray:Warning: Attempted to get an item from array Inventory out of bounds [-1/1]!
[2015.07.29-06.37.13:285][822]LogArray:Warning: Attempted to get an item from array Inventory out of bounds [-1/1]!
[2015.07.29-06.37.13:376][823]LogArray:Warning: Attempted to get an item from array Inventory out of bounds [-1/1]!
[2015.07.29-06.37.13:376][823]LogArray:Warning: Attempted to get an item from array Inventory out of bounds [-1/1]!
[2015.07.29-06.37.13:382][824]LogArray:Warning: Attempted to get an item from array Inventory out of bounds [-1/1]!
[2015.07.29-06.37.13:382][824]LogArray:Warning: Attempted to get an item from array Inventory out of bounds [-1/1]!
[2015.07.29-06.37.13:411][825]LogArray:Warning: Attempted to get an item from array Inventory out of bounds [-1/1]!
[2015.07.29-06.37.13:412][825]LogArray:Warning: Attempted to get an item from array Inventory out of bounds [-1/1]!
[2015.07.29-06.37.13:474][826]LogArray:Warning: Attempted to get an item from array Inventory out of bounds [-1/1]!
[2015.07.29-06.37.13:475][826]LogArray:Warning: Attempted to get an item from array Inventory out of bounds [-1/1]!
[2015.07.29-06.37.13:527][827]LogArray:Warning: Attempted to get an item from array Inventory out of bounds [-1/1]!
[2015.07.29-06.37.13:527][827]LogArray:Warning: Attempted to get an item from array Inventory out of bounds [-1/1]!
[2015.07.29-06.37.13:588][828]LogArray:Warning: Attempted to get an item from array Inventory out of bounds [-1/1]!
[2015.07.29-06.37.13:588][828]LogArray:Warning: Attempted to get an item from array Inventory out of bounds [-1/1]!
[2015.07.29-06.37.13:609][829]LogArray:Warning: Attempted to get an item from array Inventory out of bounds [-1/1]!
[2015.07.29-06.37.13:609][829]LogArray:Warning: Attempted to get an item from array Inventory out of bounds [-1/1]!
[2015.07.29-06.37.13:631][830]LogArray:Warning: Attempted to get an item from array Inventory out of bounds [-1/1]!
[2015.07.29-06.37.13:632][830]LogArray:Warning: Attempted to get an item from array Inventory out of bounds [-1/1]!
[2015.07.29-06.37.13:659][831]LogArray:Warning: Attempted to get an item from array Inventory out of bounds [-1/1]!
[2015.07.29-06.37.13:660][831]LogArray:Warning: Attempted to get an item from array Inventory out of bounds [-1/1]!
[2015.07.29-06.37.13:716][832]LogArray:Warning: Attempted to get an item from array Inventory out of bounds [-1/1]!
[2015.07.29-06.37.13:717][832]LogArray:Warning: Attempted to get an item from array Inventory out of bounds [-1/1]!
[2015.07.29-06.37.13:736][833]LogArray:Warning: Attempted to get an item from array Inventory out of bounds [-1/1]!
[2015.07.29-06.37.13:736][833]LogArray:Warning: Attempted to get an item from array Inventory out of bounds [-1/1]!
[2015.07.29-06.37.13:753][834]LogArray:Warning: Attempted to get an item from array Inventory out of bounds [-1/1]!
[2015.07.29-06.37.13:753][834]LogArray:Warning: Attempted to get an item from array Inventory out of bounds [-1/1]!
[2015.07.29-06.37.13:775][835]LogArray:Warning: Attempted to get an item from array Inventory out of bounds [-1/1]!
[2015.07.29-06.37.13:776][835]LogArray:Warning: Attempted to get an item from array Inventory out of bounds [-1/1]!
[2015.07.29-06.37.13:800][836]LogArray:Warning: Attempted to get an item from array Inventory out of bounds [-1/1]!
[2015.07.29-06.37.13:800][836]LogArray:Warning: Attempted to get an item from array Inventory out of bounds [-1/1]!
[2015.07.29-06.37.13:824][837]LogArray:Warning: Attempted to get an item from array Inventory out of bounds [-1/1]!
[2015.07.29-06.37.13:824][837]LogArray:Warning: Attempted to get an item from array Inventory out of bounds [-1/1]!
[2015.07.29-06.37.13:856][838]LogArray:Warning: Attempted to get an item from array Inventory out of bounds [-1/1]!
[2015.07.29-06.37.13:856][838]LogArray:Warning: Attempted to get an item from array Inventory out of bounds [-1/1]!
[2015.07.29-06.37.13:877][839]LogArray:Warning: Attempted to get an item from array Inventory out of bounds [-1/1]!
[2015.07.29-06.37.13:877][839]LogArray:Warning: Attempted to get an item from array Inventory out of bounds [-1/1]!
[2015.07.29-06.37.13:903][840]LogArray:Warning: Attempted to get an item from array Inventory out of bounds [-1/1]!
[2015.07.29-06.37.13:903][840]LogArray:Warning: Attempted to get an item from array Inventory out of bounds [-1/1]!
[2015.07.29-06.37.13:920][841]LogArray:Warning: Attempted to get an item from array Inventory out of bounds [-1/1]!
[2015.07.29-06.37.13:920][841]LogArray:Warning: Attempted to get an item from array Inventory out of bounds [-1/1]!
[2015.07.29-06.37.13:950][842]LogArray:Warning: Attempted to get an item from array Inventory out of bounds [-1/1]!
[2015.07.29-06.37.13:950][842]LogArray:Warning: Attempted to get an item from array Inventory out of bounds [-1/1]!
[2015.07.29-06.37.13:981][843]LogArray:Warning: Attempted to get an item from array Inventory out of bounds [-1/1]!
[2015.07.29-06.37.13:981][843]LogArray:Warning: Attempted to get an item from array Inventory out of bounds [-1/1]!
[2015.07.29-06.37.13:999][844]LogArray:Warning: Attempted to get an item from array Inventory out of bounds [-1/1]!
[2015.07.29-06.37.13:999][844]LogArray:Warning: Attempted to get an item from array Inventory out of bounds [-1/1]!
[2015.07.29-06.37.14:020][845]LogArray:Warning: Attempted to get an item from array Inventory out of bounds [-1/1]!
[2015.07.29-06.37.14:020][845]LogArray:Warning: Attempted to get an item from array Inventory out of bounds [-1/1]!
[2015.07.29-06.37.14:043][846]LogArray:Warning: Attempted to get an item from array Inventory out of bounds [-1/1]!
[2015.07.29-06.37.14:043][846]LogArray:Warning: Attempted to get an item from array Inventory out of bounds [-1/1]!
[2015.07.29-06.37.14:105][847]LogArray:Warning: Attempted to get an item from array Inventory out of bounds [-1/1]!
[2015.07.29-06.37.14:105][847]LogArray:Warning: Attempted to get an item from array Inventory out of bounds [-1/1]!
[2015.07.29-06.37.14:121][848]LogArray:Warning: Attempted to get an item from array Inventory out of bounds [-1/1]!
[2015.07.29-06.37.14:122][848]LogArray:Warning: Attempted to get an item from array Inventory out of bounds [-1/1]!
[2015.07.29-06.37.14:217][849]LogWindowsTextInputMethodSystem:Display: IME system now deactivated.
[2015.07.29-06.37.14:217][849]LogWindowsTextInputMethodSystem:Display: IME system now deactivated.
[2015.07.29-06.37.14:228][849]LogEngine: All Windows Closed
[2015.07.29-06.37.14:228][849]LogWindows: FPlatformMisc::RequestExit(0)
[2015.07.29-06.37.15:028][850]LogExit: Preparing to exit.
[2015.07.29-06.37.15:094][850]LogExit: Game engine shut down
[2015.07.29-06.37.15:095][850]LogParticles: Destroying 0 GPU particle simulations for FXSystem 0x00000087ED4C3380
[2015.07.29-06.37.16:191][850]LogExit: Object subsystem successfully closed.
[2015.07.29-06.37.16:353][850]LogD3D11RHI: Shutdown
[2015.07.29-06.37.16:354][850]LogD3D11RHI: CleanupD3DDevice
[2015.07.29-06.37.16:450][850]LogD3D11RHI: ~FD3D11DynamicRHI
[2015.07.29-06.37.16:474][850]LogModuleManager: Shutting down and abandoning module AndroidDeviceDetection (108)
[2015.07.29-06.37.17:259][850]LogModuleManager: Shutting down and abandoning module AssetRegistry (107)
[2015.07.29-06.37.17:259][850]LogModuleManager: Shutting down and abandoning module AutomationWorker (106)
[2015.07.29-06.37.17:259][850]LogModuleManager: Shutting down and abandoning module CharacterAI (105)
[2015.07.29-06.37.17:259][850]LogModuleManager: Shutting down and abandoning module AITestSuite (104)
[2015.07.29-06.37.17:259][850]LogModuleManager: Shutting down and abandoning module GameplayDebugger (103)
[2015.07.29-06.37.17:259][850]LogModuleManager: Shutting down and abandoning module AIModule (102)
[2015.07.29-06.37.17:259][850]LogModuleManager: Shutting down and abandoning module GameLiveStreaming (101)
[2015.07.29-06.37.17:259][850]LogModuleManager: Shutting down and abandoning module StreamingPauseRendering (100)
[2015.07.29-06.37.17:259][850]LogModuleManager: Shutting down and abandoning module ProfilerService (99)
[2015.07.29-06.37.17:261][850]LogModuleManager: Shutting down and abandoning module TaskGraph (98)
[2015.07.29-06.37.17:265][850]LogModuleManager: Shutting down and abandoning module SlateRemote (97)
[2015.07.29-06.37.17:266][850]LogModuleManager: Shutting down and abandoning module SteamVRController (96)
[2015.07.29-06.37.17:266][850]LogModuleManager: Shutting down and abandoning module SteamVR (95)
[2015.07.29-06.37.17:266][850]LogModuleManager: Shutting down and abandoning module ProceduralMeshComponent (94)
[2015.07.29-06.37.17:266][850]LogModuleManager: Shutting down and abandoning module OculusRift (93)
[2015.07.29-06.37.17:266][850]LogModuleManager: Shutting down and abandoning module LeapMotionController (92)
[2015.07.29-06.37.17:278][850]LogModuleManager: Shutting down and abandoning module CustomMeshComponent (91)
[2015.07.29-06.37.17:278][850]LogModuleManager: Shutting down and abandoning module CableComponent (90)
[2015.07.29-06.37.17:278][850]LogModuleManager: Shutting down and abandoning module DesktopPlatform (89)
[2015.07.29-06.37.17:278][850]LogModuleManager: Shutting down and abandoning module DirectoryWatcher (88)
[2015.07.29-06.37.17:278][850]LogModuleManager: Shutting down and abandoning module HotReload (87)
[2015.07.29-06.37.17:279][850]LogModuleManager: Shutting down and abandoning module VisualStudioSourceCodeAccess (86)
[2015.07.29-06.37.17:279][850]LogModuleManager: Shutting down and abandoning module UObjectPlugin (85)
[2015.07.29-06.37.17:279][850]LogModuleManager: Shutting down and abandoning module SubversionSourceControl (84)
[2015.07.29-06.37.17:279][850]LogModuleManager: Shutting down and abandoning module SourceControl (83)
[2015.07.29-06.37.17:279][850]LogModuleManager: Shutting down and abandoning module PerforceSourceControl (82)
[2015.07.29-06.37.17:279][850]LogModuleManager: Shutting down and abandoning module BlankPlugin (81)
[2015.07.29-06.37.17:279][850]LogModuleManager: Shutting down and abandoning module UdpMessaging (80)
[2015.07.29-06.37.17:279][850]LogModuleManager: Shutting down and abandoning module Paper2D (79)
[2015.07.29-06.37.17:279][850]LogModuleManager: Shutting down and abandoning module WindowsMoviePlayer (78)
[2015.07.29-06.37.17:282][850]LogModuleManager: Shutting down and abandoning module Media (77)
[2015.07.29-06.37.17:282][850]LogModuleManager: Shutting down and abandoning module WmfMedia (76)
[2015.07.29-06.37.17:282][850]LogModuleManager: Shutting down and abandoning module OnlineBlueprintSupport (75)
[2015.07.29-06.37.17:282][850]LogModuleManager: Shutting down and abandoning module PropertyEditor (74)
[2015.07.29-06.37.17:282][850]LogModuleManager: Shutting down and abandoning module BehaviorTreeEditor (73)
[2015.07.29-06.37.17:283][850]LogModuleManager: Shutting down and abandoning module FunctionalTesting (72)
[2015.07.29-06.37.17:283][850]LogModuleManager: Shutting down and abandoning module CollisionAnalyzer (71)
[2015.07.29-06.37.17:284][850]LogModuleManager: Shutting down and abandoning module WorkspaceMenuStructure (70)
[2015.07.29-06.37.17:284][850]LogModuleManager: Shutting down and abandoning module MessageLog (69)
[2015.07.29-06.37.17:284][850]LogModuleManager: Shutting down and abandoning module Sequencer (68)
[2015.07.29-06.37.17:284][850]LogModuleManager: Shutting down and abandoning module AssetTools (67)
[2015.07.29-06.37.17:284][850]LogModuleManager: Shutting down and abandoning module UMGEditor (66)
[2015.07.29-06.37.17:284][850]LogModuleManager: Shutting down and abandoning module UMG (65)
[2015.07.29-06.37.17:284][850]LogModuleManager: Shutting down and abandoning module Slate (64)
[2015.07.29-06.37.17:284][850]LogModuleManager: Shutting down and abandoning module EditorStyle (63)
[2015.07.29-06.37.17:287][850]LogModuleManager: Shutting down and abandoning module SessionServices (62)
[2015.07.29-06.37.17:287][850]LogModuleManager: Shutting down and abandoning module SourceCodeAccess (61)
[2015.07.29-06.37.17:287][850]LogModuleManager: Shutting down and abandoning module HeadMountedDisplay (60)
[2015.07.29-06.37.17:287][850]LogModuleManager: Shutting down and abandoning module XAudio2 (59)
[2015.07.29-06.37.17:287][850]LogModuleManager: Shutting down and abandoning module Networking (57)
[2015.07.29-06.37.17:287][850]LogModuleManager: Shutting down and abandoning module Core (56)
[2015.07.29-06.37.17:287][850]LogModuleManager: Shutting down and abandoning module KismetCompiler (55)
[2015.07.29-06.37.17:287][850]LogModuleManager: Shutting down and abandoning module PhysXFormats (54)
[2015.07.29-06.37.17:287][850]LogModuleManager: Shutting down and abandoning module MeshUtilities (53)
[2015.07.29-06.37.17:287][850]LogModuleManager: Shutting down and abandoning module DerivedDataCache (52)
[2015.07.29-06.37.17:536][850]LogDerivedDataCache: Shutdown
[2015.07.29-06.37.17:537][850]LogModuleManager: Shutting down and abandoning module ShaderFormatOpenGL (51)
[2015.07.29-06.37.17:539][850]LogModuleManager: Shutting down and abandoning module ShaderFormatD3D (50)
[2015.07.29-06.37.17:539][850]LogModuleManager: Shutting down and abandoning module MetalShaderFormat (49)
[2015.07.29-06.37.17:542][850]LogModuleManager: Shutting down and abandoning module TextureFormatUncompressed (48)
[2015.07.29-06.37.17:543][850]LogModuleManager: Shutting down and abandoning module TextureFormatPVR (47)
[2015.07.29-06.37.17:543][850]LogModuleManager: Shutting down and abandoning module TextureFormatIntelISPCTexComp (46)
[2015.07.29-06.37.17:543][850]LogModuleManager: Shutting down and abandoning module TextureFormatDXT (45)
[2015.07.29-06.37.17:543][850]LogModuleManager: Shutting down and abandoning module ImageWrapper (44)
[2015.07.29-06.37.17:543][850]LogModuleManager: Shutting down and abandoning module TextureFormatASTC (43)
[2015.07.29-06.37.17:543][850]LogModuleManager: Shutting down and abandoning module TextureFormatAndroid (42)
[2015.07.29-06.37.17:544][850]LogModuleManager: Shutting down and abandoning module AudioFormatOpus (41)
[2015.07.29-06.37.17:545][850]LogModuleManager: Shutting down and abandoning module AudioFormatOgg (40)
[2015.07.29-06.37.17:546][850]LogModuleManager: Shutting down and abandoning module AudioFormatADPCM (39)
[2015.07.29-06.37.17:546][850]LogModuleManager: Shutting down and abandoning module LinuxTargetPlatform (38)
[2015.07.29-06.37.17:546][850]LogModuleManager: Shutting down and abandoning module LinuxServerTargetPlatform (37)
[2015.07.29-06.37.17:547][850]LogModuleManager: Shutting down and abandoning module LinuxNoEditorTargetPlatform (36)
[2015.07.29-06.37.17:547][850]LogModuleManager: Shutting down and abandoning module Messaging (35)
[2015.07.29-06.37.17:548][850]LogModuleManager: Shutting down and abandoning module IOSTargetPlatform (34)
[2015.07.29-06.37.17:551][850]LogModuleManager: Shutting down and abandoning module HTML5TargetPlatform (33)
[2015.07.29-06.37.17:551][850]LogModuleManager: Shutting down and abandoning module Android_PVRTCTargetPlatform (32)
[2015.07.29-06.37.17:551][850]LogModuleManager: Shutting down and abandoning module Android_ETC2TargetPlatform (31)
[2015.07.29-06.37.17:552][850]LogModuleManager: Shutting down and abandoning module Android_ETC1TargetPlatform (30)
[2015.07.29-06.37.17:552][850]LogModuleManager: Shutting down and abandoning module Android_DXTTargetPlatform (29)
[2015.07.29-06.37.17:552][850]LogModuleManager: Shutting down and abandoning module Android_ATCTargetPlatform (28)
[2015.07.29-06.37.17:552][850]LogModuleManager: Shutting down and abandoning module Android_ASTCTargetPlatform (27)
[2015.07.29-06.37.17:552][850]LogModuleManager: Shutting down and abandoning module AndroidTargetPlatform (26)
[2015.07.29-06.37.17:553][850]LogModuleManager: Shutting down and abandoning module WindowsTargetPlatform (25)
[2015.07.29-06.37.17:553][850]LogModuleManager: Shutting down and abandoning module WindowsServerTargetPlatform (24)
[2015.07.29-06.37.17:553][850]LogModuleManager: Shutting down and abandoning module WindowsNoEditorTargetPlatform (23)
[2015.07.29-06.37.17:553][850]LogModuleManager: Shutting down and abandoning module WindowsClientTargetPlatform (22)
[2015.07.29-06.37.17:554][850]LogModuleManager: Shutting down and abandoning module DesktopTargetPlatform (21)
[2015.07.29-06.37.17:554][850]LogModuleManager: Shutting down and abandoning module TargetPlatform (20)
[2015.07.29-06.37.17:554][850]LogModuleManager: Shutting down and abandoning module InputCore (19)
[2015.07.29-06.37.17:555][850]LogModuleManager: Shutting down and abandoning module Settings (18)
[2015.07.29-06.37.17:555][850]LogModuleManager: Shutting down and abandoning module OnlineSubsystem (16)
[2015.07.29-06.37.17:558][850]LogModuleManager: Shutting down and abandoning module HTTP (15)
[2015.07.29-06.37.17:560][850]LogModuleManager: Shutting down and abandoning module ExampleDeviceProfileSelector (14)
[2015.07.29-06.37.17:560][850]LogModuleManager: Shutting down and abandoning module TextureCompressor (13)
[2015.07.29-06.37.17:562][850]LogModuleManager: Shutting down and abandoning module ShaderCore (12)
[2015.07.29-06.37.17:563][850]LogModuleManager: Shutting down and abandoning module Landscape (11)
[2015.07.29-06.37.17:563][850]LogModuleManager: Shutting down and abandoning module SlateRHIRenderer (10)
[2015.07.29-06.37.17:571][850]LogModuleManager: Shutting down and abandoning module OpenGLDrv (9)
[2015.07.29-06.37.17:574][850]LogModuleManager: Shutting down and abandoning module D3D11RHI (8)
[2015.07.29-06.37.17:574][850]LogModuleManager: Shutting down and abandoning module Renderer (7)
[2015.07.29-06.37.17:574][850]LogModuleManager: Shutting down and abandoning module Engine (6)
[2015.07.29-06.37.17:575][850]LogModuleManager: Shutting down and abandoning module CoreUObject (5)
[2015.07.29-06.37.17:575][850]LogModuleManager: Shutting down and abandoning module NetworkFile (4)
[2015.07.29-06.37.17:575][850]LogModuleManager: Shutting down and abandoning module StreamingFile (3)
[2015.07.29-06.37.17:575][850]LogModuleManager: Shutting down and abandoning module SandboxFile (2)
[2015.07.29-06.37.17:576][850]LogModuleManager: Shutting down and abandoning module PakFile (1)
[2015.07.29-06.37.17:592][850]LogExit: Exiting.
[2015.07.29-06.37.17:625][850]Log file closed, 07/29/15 16:37:17
