[2015.07.29-08.36.40:825][  0]Log file open, 07/29/15 18:36:40
[2015.07.29-08.36.40:825][  0]LogInit:Display: Running engine for game: TheEnding
[2015.07.29-08.36.40:825][  0]LogInit:Display: RandInit(-156120274) SRandInit(-156120273).
[2015.07.29-08.36.40:825][  0]LogTaskGraph: Started task graph with 4 named threads and 5 total threads.
[2015.07.29-08.36.40:825][  0]LogStats: Stats thread started
[2015.07.29-08.36.40:825][  0]LogInit: Version: 4.8.2-2614606+++depot+UE4-Releases+4.8
[2015.07.29-08.36.40:825][  0]LogInit: API Version: 2579680
[2015.07.29-08.36.40:825][  0]LogInit: Compiled (64-bit): Jul  8 2015 23:43:41
[2015.07.29-08.36.40:825][  0]LogInit: Compiled with Visual C++: 18.00.21005.01
[2015.07.29-08.36.40:825][  0]LogInit: Build Configuration: Development
[2015.07.29-08.36.40:825][  0]LogInit: Branch Name: ++depot+UE4-Releases+4.8
[2015.07.29-08.36.40:825][  0]LogInit: Command line:  /Temp/Autosaves/Game/FirstPersonBP/Maps/UEDPCLevelTest_Test01 -game -PIEVIACONSOLE -ResX=1280 -ResY=720  -Multiprocess 
[2015.07.29-08.36.40:825][  0]LogInit: Base directory: C:/Program Files/Epic Games/4.8/Engine/Binaries/Win64/
[2015.07.29-08.36.40:825][  0]LogInit: Rocket: 1
[2015.07.29-08.36.40:846][  0]LogInit: Using libcurl 7.41.0
[2015.07.29-08.36.40:846][  0]LogInit:  - built for x86_64-pc-win32
[2015.07.29-08.36.40:846][  0]LogInit:  - supports SSL with WinSSL
[2015.07.29-08.36.40:846][  0]LogInit:  - other features:
[2015.07.29-08.36.40:846][  0]LogInit:      CURL_VERSION_SSL
[2015.07.29-08.36.40:846][  0]LogInit:      CURL_VERSION_IPV6
[2015.07.29-08.36.40:847][  0]LogInit:      CURL_VERSION_ASYNCHDNS
[2015.07.29-08.36.40:847][  0]LogInit:      CURL_VERSION_LARGEFILE
[2015.07.29-08.36.40:847][  0]LogInit:      CURL_VERSION_IDN
[2015.07.29-08.36.40:847][  0]LogInit:  CurlRequestOptions (configurable via config and command line):
[2015.07.29-08.36.40:847][  0]LogInit:  - bVerifyPeer = true  - Libcurl will verify peer certificate
[2015.07.29-08.36.40:847][  0]LogInit:  - bUseHttpProxy = false  - Libcurl will NOT use HTTP proxy
[2015.07.29-08.36.40:847][  0]LogInit:  - bDontReuseConnections = false  - Libcurl will reuse connections
[2015.07.29-08.36.40:847][  0]LogInit:  - CertBundlePath = nullptr  - Libcurl will use whatever was configured at build time.
[2015.07.29-08.36.40:861][  0]LogOnline:Warning: No default platform service specified for OnlineSubsystem
[2015.07.29-08.36.40:878][  0]LogInit: Presizing for 0 objects not considered by GC, pre-allocating 0 bytes.
[2015.07.29-08.36.40:889][  0]LogInit: Object subsystem initialized
[2015.07.29-08.36.40:890][  0]LogConsoleResponse:Warning: Skipping Unknown console variable: 'TranslucentSortAxis = (X=0.000000,Y=-1.000000,Z=0.000000)'
[2015.07.29-08.36.40:890][  0]LogConsoleResponse:Warning:   Found in ini file 'C:/Users/076271/Desktop/Apps+Games+PixelArt/Games/The Ending/TheEnding/Saved/Config/Windows/Engine.ini', in section '[/Script/Engine.RendererSettings]'
[2015.07.29-08.36.40:890][  0]LogConsoleResponse:Warning: Skipping Unknown console variable: 'UIScaleRule = ShortestSide'
[2015.07.29-08.36.40:890][  0]LogConsoleResponse:Warning:   Found in ini file 'C:/Users/076271/Desktop/Apps+Games+PixelArt/Games/The Ending/TheEnding/Saved/Config/Windows/Engine.ini', in section '[/Script/Engine.RendererSettings]'
[2015.07.29-08.36.40:890][  0]LogConsoleResponse:Warning: Skipping Unknown console variable: 'UIScaleCurve = (EditorCurveData=(Keys=),ExternalCurve=None)'
[2015.07.29-08.36.40:890][  0]LogConsoleResponse:Warning:   Found in ini file 'C:/Users/076271/Desktop/Apps+Games+PixelArt/Games/The Ending/TheEnding/Saved/Config/Windows/Engine.ini', in section '[/Script/Engine.RendererSettings]'
[2015.07.29-08.36.40:891][  0]LogInit: Selected Device Profile: [Windows]
[2015.07.29-08.36.40:891][  0]LogInit: Applying CVar settings loaded from the selected device profile: [Windows]
[2015.07.29-08.36.40:894][  0]LogInit: Computer: TAB-1090
[2015.07.29-08.36.40:894][  0]LogInit: User: 076271
[2015.07.29-08.36.40:894][  0]LogInit: CPU Page size=4096, Cores=2
[2015.07.29-08.36.40:895][  0]LogInit: High frequency timer resolution =1.558894 MHz
[2015.07.29-08.36.40:895][  0]LogMemory: Memory total: Physical=7.9GB (8GB approx)
[2015.07.29-08.36.40:895][  0]LogMemory: Platform Memory Stats for Windows
[2015.07.29-08.36.40:895][  0]LogMemory: Process Physical Memory: 49.32 MB used, 49.32 MB peak
[2015.07.29-08.36.40:895][  0]LogMemory: Process Virtual Memory: 22.16 MB used, 22.16 MB peak
[2015.07.29-08.36.40:895][  0]LogMemory: Physical Memory: 3659.36 MB used, 8097.05 MB total
[2015.07.29-08.36.40:895][  0]LogMemory: Virtual Memory: 290.65 MB used, 134217728.00 MB total
[2015.07.29-08.36.40:929][  0]LogTextLocalizationManager: The requested culture ('en_AU') has no localization data; parent culture's ('en') localization data will be used.
[2015.07.29-08.36.41:231][  0]LogTextLocalizationManager:Warning: Loaded localization resources contain conflicting entries for (Namespace:ContentBrowser, Key:ImportAssetToolTip):
Localization Resource: (C:/Program Files/Epic Games/4.8/Engine/Content/Localization/Editor/en/Editor.locres) Source String Hash: (-630476809) Localized String: (Import to {0}...)
Localization Resource: (C:/Program Files/Epic Games/4.8/Engine/Content/Localization/Editor/en/Editor.locres) Source String Hash: (1271782899) Localized String: (Imports an asset from file to this folder.)
[2015.07.29-08.36.41:827][  0]LogD3D11RHI: Found D3D11 adapter 0: Intel(R) HD Graphics Family (Feature Level 11_0)
[2015.07.29-08.36.41:827][  0]LogD3D11RHI: Adapter has 0MB of dedicated video memory, 0MB of dedicated system memory, and 1792MB of shared system memory, 1 output[s]
[2015.07.29-08.36.41:829][  0]LogD3D11RHI: Found D3D11 adapter 1: Microsoft Basic Render Driver (Feature Level 11_0)
[2015.07.29-08.36.41:829][  0]LogD3D11RHI: Adapter has 0MB of dedicated video memory, 0MB of dedicated system memory, and 256MB of shared system memory, 0 output[s]
[2015.07.29-08.36.41:829][  0]LogD3D11RHI: Chosen D3D11 Adapter Id = 0
[2015.07.29-08.36.41:835][  0]LogD3D11RHI: InitD3DDevice
[2015.07.29-08.36.41:835][  0]LogD3D11RHI: !Direct3DDevice
[2015.07.29-08.36.41:835][  0]LogRHI: Texture pool is 627 MB (70% of 896 MB)
[2015.07.29-08.36.41:843][  0]LogD3D11RHI: Async texture creation enabled
[2015.07.29-08.36.41:848][  0]LogShaderCompilers:Display: Using Local Shader Compiler.
[2015.07.29-08.36.43:857][  0]LogTemp:Display: Loaded TP DesktopTargetPlatform
[2015.07.29-08.36.43:875][  0]LogTemp:Display: Loaded TP WindowsClientTargetPlatform
[2015.07.29-08.36.43:891][  0]LogTemp:Display: Loaded TP WindowsNoEditorTargetPlatform
[2015.07.29-08.36.43:906][  0]LogTemp:Display: Loaded TP WindowsServerTargetPlatform
[2015.07.29-08.36.43:923][  0]LogTemp:Display: Loaded TP WindowsTargetPlatform
[2015.07.29-08.36.43:937][  0]LogTemp:Display: Loaded TP AndroidTargetPlatform
[2015.07.29-08.36.43:949][  0]LogTemp:Display: Loaded TP Android_ASTCTargetPlatform
[2015.07.29-08.36.43:963][  0]LogTemp:Display: Loaded TP Android_ATCTargetPlatform
[2015.07.29-08.36.43:977][  0]LogTemp:Display: Loaded TP Android_DXTTargetPlatform
[2015.07.29-08.36.43:992][  0]LogTemp:Display: Loaded TP Android_ETC1TargetPlatform
[2015.07.29-08.36.44:009][  0]LogTemp:Display: Loaded TP Android_ETC2TargetPlatform
[2015.07.29-08.36.44:024][  0]LogTemp:Display: Loaded TP Android_PVRTCTargetPlatform
[2015.07.29-08.36.44:039][  0]LogTemp:Display: Loaded TP HTML5TargetPlatform
[2015.07.29-08.36.44:077][  0]LogTemp:Display: Loaded TP IOSTargetPlatform
[2015.07.29-08.36.44:091][  0]LogTemp:Display: Loaded TP LinuxNoEditorTargetPlatform
[2015.07.29-08.36.44:106][  0]LogTemp:Display: Loaded TP LinuxServerTargetPlatform
[2015.07.29-08.36.44:122][  0]LogTemp:Display: Loaded TP LinuxTargetPlatform
[2015.07.29-08.36.44:122][  0]LogTargetPlatformManager:Display: Building Assets For Windows
[2015.07.29-08.36.44:477][  0]LogDerivedDataCache:Display: Max Cache Size: 512 MB
[2015.07.29-08.36.44:559][  0]LogDerivedDataCache: Loaded boot cache 0.08s 53MB C:/Users/076271/AppData/Local/UnrealEngine/4.8/DerivedDataCache/Boot.ddc.
[2015.07.29-08.36.44:559][  0]LogDerivedDataCache:Display: Loaded Boot cache: C:/Users/076271/AppData/Local/UnrealEngine/4.8/DerivedDataCache/Boot.ddc
[2015.07.29-08.36.44:560][  0]LogDerivedDataCache: FDerivedDataBackendGraph:  Pak pak cache file ../../../../../../Users/076271/Desktop/Apps+Games+PixelArt/Games/The Ending/TheEnding/DerivedDataCache/DDC.ddp not found, will not use a pak cache.
[2015.07.29-08.36.44:560][  0]LogDerivedDataCache: Unable to find inner node Pak for hierarchical cache Hierarchy.
[2015.07.29-08.36.44:560][  0]LogDerivedDataCache: FDerivedDataBackendGraph:  CompressedPak pak cache file ../../../../../../Users/076271/Desktop/Apps+Games+PixelArt/Games/The Ending/TheEnding/DerivedDataCache/Compressed.ddp not found, will not use a pak cache.
[2015.07.29-08.36.44:560][  0]LogDerivedDataCache: Unable to find inner node CompressedPak for hierarchical cache Hierarchy.
[2015.07.29-08.36.44:764][  0]LogDerivedDataCache:Display: Pak cache opened for reading ../../../Engine/DerivedDataCache/Compressed.ddp.
[2015.07.29-08.36.44:776][  0]LogDerivedDataCache: Using Local data cache path C:/Users/076271/AppData/Local/UnrealEngine/Common/DerivedDataCache: Writable
[2015.07.29-08.36.45:218][  0]LogInit: Selected Device Profile: [Windows]
[2015.07.29-08.36.45:328][  0]ImportText (ComponentSweepMultiTests): Missing closing parenthesis: (RootShapeAsset="/Engine/BasicShapes/Cube.Cube",ShapeType="TriggerCapsule",HitResult=(Time=0.50,Location=(X=-100.000015,Y=0.0,Z=100.000015),ImpactPoint=(X=-50.0,Y=0.0,Z=50.0),Normal=(X=-1.0,Y=-0.0,Z=0.0),ImpactNormal=(X=0.0,Y=0.0,Z=1.0),TraceStart=(X=-200.0,Y=0.0,Z=200.0),TraceEnd=(X=0.0,Y=0.0,Z=0.0))
[2015.07.29-08.36.45:329][  0]ImportText (LineTraceSingleByChannelTests): Missing closing parenthesis: (RootShapeAsset="/Engine/BasicShapes/Cube.Cube",HitResult=(Time=0.50,Location=(X=-100.000015,Y=0.0,Z=100.000015),ImpactPoint=(X=-50.0,Y=0.0,Z=50.0),Normal=(X=-1.0,Y=-0.0,Z=0.0),ImpactNormal=(X=0.0,Y=0.0,Z=1.0),TraceStart=(X=-200.0,Y=0.0,Z=200.0),TraceEnd=(X=0.0,Y=0.0,Z=0.0))
[2015.07.29-08.36.45:356][  0]LogMeshUtilities: No automatic mesh reduction module available
[2015.07.29-08.36.45:356][  0]LogMeshUtilities: No automatic mesh merging module available
[2015.07.29-08.36.46:052][  0]LogInit: WinSock: version 1.1 (2.2), MaxSocks=32767, MaxUdp=65467
[2015.07.29-08.36.46:635][  0]LogD3D11RHI: InitD3DDevice
[2015.07.29-08.36.46:660][  0]LogWindowsMoviePlayer: Unable to load movie: ../../../../../../Users/076271/Desktop/Apps+Games+PixelArt/Games/The Ending/TheEnding/Content/Movies/Default_Startup.mp4
[2015.07.29-08.36.46:843][  0]SourceControl: Info Source control is disabled
[2015.07.29-08.36.46:844][  0]SourceControl: Info Source control is disabled
[2015.07.29-08.36.46:897][  0]SourceControl: Info Source control is disabled
[2015.07.29-08.36.47:112][  0]LogObj: 25781 objects as part of root set at end of initial load.
[2015.07.29-08.36.47:112][  0]LogUObjectAllocator: 5195968 out of 0 bytes used by permanent object pool.
[2015.07.29-08.36.47:214][  0]LogAutomationTest:Warning: ERR: Transient text cannot be serialized "Testing Transient serialization detection".
[2015.07.29-08.36.47:214][  0]LogEngine: Initializing Engine...
[2015.07.29-08.36.47:217][  0]LogHMD: Can't find Oculus library dev build: is proper Runtime installed? Version: 0.6.0.0
[2015.07.29-08.36.47:220][  0]LogHMD:Warning: SteamVR failed to initialize.  Error: 100
[2015.07.29-08.36.47:335][  0]LogInit: XAudio2 using 'Speakers / Headphones (Realtek High Definition Audio)' : 2 channels at 48 kHz using 16 bits per sample (channel mask 0x3)
[2015.07.29-08.36.47:346][  0]LogInit: FAudioDevice initialized.
[2015.07.29-08.36.47:351][  0]LogInit: Texture streaming: Disabled
[2015.07.29-08.36.47:606][  0]LogNet: Browse: /Temp/Autosaves/Game/FirstPersonBP/Maps/UEDPCLevelTest_Test01?Name=Player
[2015.07.29-08.36.47:608][  0]LogLoad: LoadMap: /Temp/Autosaves/Game/FirstPersonBP/Maps/UEDPCLevelTest_Test01?Name=Player
[2015.07.29-08.36.47:707][  0]LogParticles: Destroying 0 GPU particle simulations for FXSystem 0x000000FE0CD63560
[2015.07.29-08.36.47:735][  0]LogMemory: Platform Memory Stats for Windows
[2015.07.29-08.36.47:735][  0]LogMemory: Process Physical Memory: 364.96 MB used, 364.96 MB peak
[2015.07.29-08.36.47:735][  0]LogMemory: Process Virtual Memory: 313.03 MB used, 316.17 MB peak
[2015.07.29-08.36.47:735][  0]LogMemory: Physical Memory: 3970.02 MB used, 8097.05 MB total
[2015.07.29-08.36.47:735][  0]LogMemory: Virtual Memory: 810.68 MB used, 134217728.00 MB total
[2015.07.29-08.36.47:735][  0]LogMemory: 
[2015.07.29-08.36.47:735][  0]Allocator Stats for TBB: (not implemented)
[2015.07.29-08.36.47:985][  0]LogProperty:Error: UStructProperty::Serialize Loading: Property 'StructProperty /Game/FirstPersonBP/Blueprints/BPA_MasterItem.BPA_MasterItem_C:ItemData'. Unknown structure.
[2015.07.29-08.36.47:986][  0]LogClass:Warning: Property ItemData of BPA_MasterItem_C struct type mismatch STRUCT_REINST_BPS_ItemData_26/FallbackStruct for package:  ../../../../../../Users/076271/Desktop/Apps+Games+PixelArt/Games/The Ending/TheEnding/Content/FirstPersonBP/Blueprints/BPA_MasterItem.uasset. If that property got renamed, add an ActiveStructRedirect.
[2015.07.29-08.36.48:011][  0]LogClass:Warning: Property ItemData of BPA_MasterItem_C struct type mismatch FallbackStruct/BPS_ItemData for package:  FObjectReader. If that property got renamed, add an ActiveStructRedirect.
[2015.07.29-08.36.50:197][  0]LogAIModule: Creating AISystem for world LevelTest_Test01
[2015.07.29-08.36.51:253][  0]LogWorld: Game class is 'BPG_TheEnding_C'
[2015.07.29-08.36.55:101][  0]LogWorld: Bringing World /Temp/Autosaves/Game/FirstPersonBP/Maps/UEDPCLevelTest_Test01.LevelTest_Test01 up for play (max tick rate 0) at 2015.07.29-18.36.55
[2015.07.29-08.36.55:142][  0]LogWorld: Bringing up level for play took: 0.252588
[2015.07.29-08.36.55:149][  0]LogInit:Display: Game Engine Initialized.
[2015.07.29-08.36.55:390][  0]LogAssetRegistry: FAssetRegistry took 0.0002 seconds to start up
[2015.07.29-08.36.55:390][  0]LogLoad: Full Startup: 16.23 seconds (BP compile: 0.95 seconds)
[2015.07.29-08.36.55:408][  0]LogWindowsTextInputMethodSystem:Display: IME system now deactivated.
[2015.07.29-08.36.55:408][  0]LogWindowsTextInputMethodSystem:Display: IME system now deactivated.
[2015.07.29-08.36.55:486][  0]LogRenderer: Reallocating scene render targets to support 128x128 (Frame:1).
[2015.07.29-08.36.55:724][  0]LogContentStreaming: Texture pool size is 200.000000MB
[2015.07.29-08.36.55:975][  1]LogRenderer: Reallocating scene render targets to support 640x360 (Frame:2).
[2015.07.29-08.37.27:089][301]LogArray:Warning: Attempted to get an item from array Inventory out of bounds [-1/2]!
[2015.07.29-08.37.27:090][301]LogArray:Warning: Attempted to get an item from array Inventory out of bounds [-1/2]!
[2015.07.29-08.37.27:095][302]LogArray:Warning: Attempted to get an item from array Inventory out of bounds [-1/2]!
[2015.07.29-08.37.27:096][302]LogArray:Warning: Attempted to get an item from array Inventory out of bounds [-1/2]!
[2015.07.29-08.37.27:120][303]LogArray:Warning: Attempted to get an item from array Inventory out of bounds [-1/2]!
[2015.07.29-08.37.27:120][303]LogArray:Warning: Attempted to get an item from array Inventory out of bounds [-1/2]!
[2015.07.29-08.37.27:151][304]LogArray:Warning: Attempted to get an item from array Inventory out of bounds [-1/2]!
[2015.07.29-08.37.27:159][304]LogArray:Warning: Attempted to get an item from array Inventory out of bounds [-1/2]!
[2015.07.29-08.37.27:198][305]LogArray:Warning: Attempted to get an item from array Inventory out of bounds [-1/2]!
[2015.07.29-08.37.27:198][305]LogArray:Warning: Attempted to get an item from array Inventory out of bounds [-1/2]!
[2015.07.29-08.37.27:226][306]LogArray:Warning: Attempted to get an item from array Inventory out of bounds [-1/2]!
[2015.07.29-08.37.27:226][306]LogArray:Warning: Attempted to get an item from array Inventory out of bounds [-1/2]!
[2015.07.29-08.37.27:249][307]LogArray:Warning: Attempted to get an item from array Inventory out of bounds [-1/2]!
[2015.07.29-08.37.27:249][307]LogArray:Warning: Attempted to get an item from array Inventory out of bounds [-1/2]!
[2015.07.29-08.37.27:267][308]LogArray:Warning: Attempted to get an item from array Inventory out of bounds [-1/2]!
[2015.07.29-08.37.27:267][308]LogArray:Warning: Attempted to get an item from array Inventory out of bounds [-1/2]!
[2015.07.29-08.37.27:285][309]LogArray:Warning: Attempted to get an item from array Inventory out of bounds [-1/2]!
[2015.07.29-08.37.27:285][309]LogArray:Warning: Attempted to get an item from array Inventory out of bounds [-1/2]!
[2015.07.29-08.37.27:309][310]LogArray:Warning: Attempted to get an item from array Inventory out of bounds [-1/2]!
[2015.07.29-08.37.27:309][310]LogArray:Warning: Attempted to get an item from array Inventory out of bounds [-1/2]!
[2015.07.29-08.37.27:420][311]LogArray:Warning: Attempted to get an item from array Inventory out of bounds [-1/2]!
[2015.07.29-08.37.27:420][311]LogArray:Warning: Attempted to get an item from array Inventory out of bounds [-1/2]!
[2015.07.29-08.37.27:437][312]LogArray:Warning: Attempted to get an item from array Inventory out of bounds [-1/2]!
[2015.07.29-08.37.27:437][312]LogArray:Warning: Attempted to get an item from array Inventory out of bounds [-1/2]!
[2015.07.29-08.37.27:452][313]LogArray:Warning: Attempted to get an item from array Inventory out of bounds [-1/2]!
[2015.07.29-08.37.27:452][313]LogArray:Warning: Attempted to get an item from array Inventory out of bounds [-1/2]!
[2015.07.29-08.37.27:493][314]LogArray:Warning: Attempted to get an item from array Inventory out of bounds [-1/2]!
[2015.07.29-08.37.27:494][314]LogArray:Warning: Attempted to get an item from array Inventory out of bounds [-1/2]!
[2015.07.29-08.37.27:531][315]LogArray:Warning: Attempted to get an item from array Inventory out of bounds [-1/2]!
[2015.07.29-08.37.27:539][315]LogArray:Warning: Attempted to get an item from array Inventory out of bounds [-1/2]!
[2015.07.29-08.37.27:578][316]LogArray:Warning: Attempted to get an item from array Inventory out of bounds [-1/2]!
[2015.07.29-08.37.27:578][316]LogArray:Warning: Attempted to get an item from array Inventory out of bounds [-1/2]!
[2015.07.29-08.37.27:616][317]LogArray:Warning: Attempted to get an item from array Inventory out of bounds [-1/2]!
[2015.07.29-08.37.27:617][317]LogArray:Warning: Attempted to get an item from array Inventory out of bounds [-1/2]!
[2015.07.29-08.37.27:660][318]LogArray:Warning: Attempted to get an item from array Inventory out of bounds [-1/2]!
[2015.07.29-08.37.27:660][318]LogArray:Warning: Attempted to get an item from array Inventory out of bounds [-1/2]!
[2015.07.29-08.37.27:680][319]LogArray:Warning: Attempted to get an item from array Inventory out of bounds [-1/2]!
[2015.07.29-08.37.27:680][319]LogArray:Warning: Attempted to get an item from array Inventory out of bounds [-1/2]!
[2015.07.29-08.37.27:698][320]LogArray:Warning: Attempted to get an item from array Inventory out of bounds [-1/2]!
[2015.07.29-08.37.27:698][320]LogArray:Warning: Attempted to get an item from array Inventory out of bounds [-1/2]!
[2015.07.29-08.37.27:717][321]LogArray:Warning: Attempted to get an item from array Inventory out of bounds [-1/2]!
[2015.07.29-08.37.27:717][321]LogArray:Warning: Attempted to get an item from array Inventory out of bounds [-1/2]!
[2015.07.29-08.37.27:737][322]LogArray:Warning: Attempted to get an item from array Inventory out of bounds [-1/2]!
[2015.07.29-08.37.27:737][322]LogArray:Warning: Attempted to get an item from array Inventory out of bounds [-1/2]!
[2015.07.29-08.37.27:791][323]LogArray:Warning: Attempted to get an item from array Inventory out of bounds [-1/2]!
[2015.07.29-08.37.27:791][323]LogArray:Warning: Attempted to get an item from array Inventory out of bounds [-1/2]!
[2015.07.29-08.37.27:831][324]LogArray:Warning: Attempted to get an item from array Inventory out of bounds [-1/2]!
[2015.07.29-08.37.27:832][324]LogArray:Warning: Attempted to get an item from array Inventory out of bounds [-1/2]!
[2015.07.29-08.37.27:902][325]LogArray:Warning: Attempted to get an item from array Inventory out of bounds [-1/2]!
[2015.07.29-08.37.27:902][325]LogArray:Warning: Attempted to get an item from array Inventory out of bounds [-1/2]!
[2015.07.29-08.37.27:924][326]LogArray:Warning: Attempted to get an item from array Inventory out of bounds [-1/2]!
[2015.07.29-08.37.27:924][326]LogArray:Warning: Attempted to get an item from array Inventory out of bounds [-1/2]!
[2015.07.29-08.37.27:940][327]LogArray:Warning: Attempted to get an item from array Inventory out of bounds [-1/2]!
[2015.07.29-08.37.27:940][327]LogArray:Warning: Attempted to get an item from array Inventory out of bounds [-1/2]!
[2015.07.29-08.37.27:958][328]LogArray:Warning: Attempted to get an item from array Inventory out of bounds [-1/2]!
[2015.07.29-08.37.27:958][328]LogArray:Warning: Attempted to get an item from array Inventory out of bounds [-1/2]!
[2015.07.29-08.37.28:013][329]LogArray:Warning: Attempted to get an item from array Inventory out of bounds [-1/2]!
[2015.07.29-08.37.28:014][329]LogArray:Warning: Attempted to get an item from array Inventory out of bounds [-1/2]!
[2015.07.29-08.37.28:048][330]LogArray:Warning: Attempted to get an item from array Inventory out of bounds [-1/2]!
[2015.07.29-08.37.28:048][330]LogArray:Warning: Attempted to get an item from array Inventory out of bounds [-1/2]!
[2015.07.29-08.37.28:065][331]LogArray:Warning: Attempted to get an item from array Inventory out of bounds [-1/2]!
[2015.07.29-08.37.28:065][331]LogArray:Warning: Attempted to get an item from array Inventory out of bounds [-1/2]!
[2015.07.29-08.37.28:084][332]LogArray:Warning: Attempted to get an item from array Inventory out of bounds [-1/2]!
[2015.07.29-08.37.28:084][332]LogArray:Warning: Attempted to get an item from array Inventory out of bounds [-1/2]!
[2015.07.29-08.37.28:103][333]LogArray:Warning: Attempted to get an item from array Inventory out of bounds [-1/2]!
[2015.07.29-08.37.28:104][333]LogArray:Warning: Attempted to get an item from array Inventory out of bounds [-1/2]!
[2015.07.29-08.37.28:123][334]LogArray:Warning: Attempted to get an item from array Inventory out of bounds [-1/2]!
[2015.07.29-08.37.28:123][334]LogArray:Warning: Attempted to get an item from array Inventory out of bounds [-1/2]!
[2015.07.29-08.37.28:143][335]LogArray:Warning: Attempted to get an item from array Inventory out of bounds [-1/2]!
[2015.07.29-08.37.28:143][335]LogArray:Warning: Attempted to get an item from array Inventory out of bounds [-1/2]!
[2015.07.29-08.37.29:990][398]LogArray:Warning: Attempted to get an item from array Inventory out of bounds [-1/2]!
[2015.07.29-08.37.29:991][398]LogArray:Warning: Attempted to get an item from array Inventory out of bounds [-1/2]!
[2015.07.29-08.37.30:008][399]LogArray:Warning: Attempted to get an item from array Inventory out of bounds [-1/2]!
[2015.07.29-08.37.30:008][399]LogArray:Warning: Attempted to get an item from array Inventory out of bounds [-1/2]!
[2015.07.29-08.37.30:028][400]LogArray:Warning: Attempted to get an item from array Inventory out of bounds [-1/2]!
[2015.07.29-08.37.30:028][400]LogArray:Warning: Attempted to get an item from array Inventory out of bounds [-1/2]!
[2015.07.29-08.37.30:046][401]LogArray:Warning: Attempted to get an item from array Inventory out of bounds [-1/2]!
[2015.07.29-08.37.30:046][401]LogArray:Warning: Attempted to get an item from array Inventory out of bounds [-1/2]!
[2015.07.29-08.37.30:066][402]LogArray:Warning: Attempted to get an item from array Inventory out of bounds [-1/2]!
[2015.07.29-08.37.30:066][402]LogArray:Warning: Attempted to get an item from array Inventory out of bounds [-1/2]!
[2015.07.29-08.37.30:119][403]LogArray:Warning: Attempted to get an item from array Inventory out of bounds [-1/2]!
[2015.07.29-08.37.30:119][403]LogArray:Warning: Attempted to get an item from array Inventory out of bounds [-1/2]!
[2015.07.29-08.39.36:126][621]LogArray:Warning: Attempted to get an item from array Inventory out of bounds [-1/2]!
[2015.07.29-08.39.36:127][621]LogArray:Warning: Attempted to get an item from array Inventory out of bounds [-1/2]!
[2015.07.29-08.39.36:150][622]LogArray:Warning: Attempted to get an item from array Inventory out of bounds [-1/2]!
[2015.07.29-08.39.36:151][622]LogArray:Warning: Attempted to get an item from array Inventory out of bounds [-1/2]!
[2015.07.29-08.39.36:169][623]LogArray:Warning: Attempted to get an item from array Inventory out of bounds [-1/2]!
[2015.07.29-08.39.36:169][623]LogArray:Warning: Attempted to get an item from array Inventory out of bounds [-1/2]!
[2015.07.29-08.39.36:191][624]LogArray:Warning: Attempted to get an item from array Inventory out of bounds [-1/2]!
[2015.07.29-08.39.36:191][624]LogArray:Warning: Attempted to get an item from array Inventory out of bounds [-1/2]!
[2015.07.29-08.39.36:212][625]LogArray:Warning: Attempted to get an item from array Inventory out of bounds [-1/2]!
[2015.07.29-08.39.36:212][625]LogArray:Warning: Attempted to get an item from array Inventory out of bounds [-1/2]!
[2015.07.29-08.39.36:232][626]LogArray:Warning: Attempted to get an item from array Inventory out of bounds [-1/2]!
[2015.07.29-08.39.36:232][626]LogArray:Warning: Attempted to get an item from array Inventory out of bounds [-1/2]!
[2015.07.29-08.39.36:280][627]LogArray:Warning: Attempted to get an item from array Inventory out of bounds [-1/2]!
[2015.07.29-08.39.36:280][627]LogArray:Warning: Attempted to get an item from array Inventory out of bounds [-1/2]!
[2015.07.29-08.39.36:353][628]LogArray:Warning: Attempted to get an item from array Inventory out of bounds [-1/2]!
[2015.07.29-08.39.36:354][628]LogArray:Warning: Attempted to get an item from array Inventory out of bounds [-1/2]!
[2015.07.29-08.39.36:406][629]LogArray:Warning: Attempted to get an item from array Inventory out of bounds [-1/2]!
[2015.07.29-08.39.36:406][629]LogArray:Warning: Attempted to get an item from array Inventory out of bounds [-1/2]!
[2015.07.29-08.39.36:430][630]LogArray:Warning: Attempted to get an item from array Inventory out of bounds [-1/2]!
[2015.07.29-08.39.36:430][630]LogArray:Warning: Attempted to get an item from array Inventory out of bounds [-1/2]!
[2015.07.29-08.39.36:451][631]LogArray:Warning: Attempted to get an item from array Inventory out of bounds [-1/2]!
[2015.07.29-08.39.36:451][631]LogArray:Warning: Attempted to get an item from array Inventory out of bounds [-1/2]!
[2015.07.29-08.39.36:486][632]LogArray:Warning: Attempted to get an item from array Inventory out of bounds [-1/2]!
[2015.07.29-08.39.36:486][632]LogArray:Warning: Attempted to get an item from array Inventory out of bounds [-1/2]!
[2015.07.29-08.39.36:515][633]LogArray:Warning: Attempted to get an item from array Inventory out of bounds [-1/2]!
[2015.07.29-08.39.36:515][633]LogArray:Warning: Attempted to get an item from array Inventory out of bounds [-1/2]!
[2015.07.29-08.39.36:538][634]LogArray:Warning: Attempted to get an item from array Inventory out of bounds [-1/2]!
[2015.07.29-08.39.36:539][634]LogArray:Warning: Attempted to get an item from array Inventory out of bounds [-1/2]!
[2015.07.29-08.39.36:560][635]LogArray:Warning: Attempted to get an item from array Inventory out of bounds [-1/2]!
[2015.07.29-08.39.36:560][635]LogArray:Warning: Attempted to get an item from array Inventory out of bounds [-1/2]!
[2015.07.29-08.39.36:581][636]LogArray:Warning: Attempted to get an item from array Inventory out of bounds [-1/2]!
[2015.07.29-08.39.36:581][636]LogArray:Warning: Attempted to get an item from array Inventory out of bounds [-1/2]!
[2015.07.29-08.39.36:602][637]LogArray:Warning: Attempted to get an item from array Inventory out of bounds [-1/2]!
[2015.07.29-08.39.36:602][637]LogArray:Warning: Attempted to get an item from array Inventory out of bounds [-1/2]!
[2015.07.29-08.39.36:623][638]LogArray:Warning: Attempted to get an item from array Inventory out of bounds [-1/2]!
[2015.07.29-08.39.36:623][638]LogArray:Warning: Attempted to get an item from array Inventory out of bounds [-1/2]!
[2015.07.29-08.39.36:663][639]LogArray:Warning: Attempted to get an item from array Inventory out of bounds [-1/2]!
[2015.07.29-08.39.36:664][639]LogArray:Warning: Attempted to get an item from array Inventory out of bounds [-1/2]!
[2015.07.29-08.39.36:693][640]LogArray:Warning: Attempted to get an item from array Inventory out of bounds [-1/2]!
[2015.07.29-08.39.36:693][640]LogArray:Warning: Attempted to get an item from array Inventory out of bounds [-1/2]!
[2015.07.29-08.39.36:724][641]LogArray:Warning: Attempted to get an item from array Inventory out of bounds [-1/2]!
[2015.07.29-08.39.36:725][641]LogArray:Warning: Attempted to get an item from array Inventory out of bounds [-1/2]!
[2015.07.29-08.39.36:744][642]LogArray:Warning: Attempted to get an item from array Inventory out of bounds [-1/2]!
[2015.07.29-08.39.36:744][642]LogArray:Warning: Attempted to get an item from array Inventory out of bounds [-1/2]!
[2015.07.29-08.39.36:765][643]LogArray:Warning: Attempted to get an item from array Inventory out of bounds [-1/2]!
[2015.07.29-08.39.36:766][643]LogArray:Warning: Attempted to get an item from array Inventory out of bounds [-1/2]!
[2015.07.29-08.39.36:786][644]LogArray:Warning: Attempted to get an item from array Inventory out of bounds [-1/2]!
[2015.07.29-08.39.36:786][644]LogArray:Warning: Attempted to get an item from array Inventory out of bounds [-1/2]!
[2015.07.29-08.39.36:809][645]LogArray:Warning: Attempted to get an item from array Inventory out of bounds [-1/2]!
[2015.07.29-08.39.36:809][645]LogArray:Warning: Attempted to get an item from array Inventory out of bounds [-1/2]!
[2015.07.29-08.39.36:880][646]LogArray:Warning: Attempted to get an item from array Inventory out of bounds [-1/2]!
[2015.07.29-08.39.36:881][646]LogArray:Warning: Attempted to get an item from array Inventory out of bounds [-1/2]!
[2015.07.29-08.39.36:923][647]LogArray:Warning: Attempted to get an item from array Inventory out of bounds [-1/2]!
[2015.07.29-08.39.36:923][647]LogArray:Warning: Attempted to get an item from array Inventory out of bounds [-1/2]!
[2015.07.29-08.39.36:934][648]LogArray:Warning: Attempted to get an item from array Inventory out of bounds [-1/2]!
[2015.07.29-08.39.36:934][648]LogArray:Warning: Attempted to get an item from array Inventory out of bounds [-1/2]!
[2015.07.29-08.39.36:952][649]LogArray:Warning: Attempted to get an item from array Inventory out of bounds [-1/2]!
[2015.07.29-08.39.36:952][649]LogArray:Warning: Attempted to get an item from array Inventory out of bounds [-1/2]!
[2015.07.29-08.39.36:973][650]LogArray:Warning: Attempted to get an item from array Inventory out of bounds [-1/2]!
[2015.07.29-08.39.36:974][650]LogArray:Warning: Attempted to get an item from array Inventory out of bounds [-1/2]!
[2015.07.29-08.39.36:993][651]LogArray:Warning: Attempted to get an item from array Inventory out of bounds [-1/2]!
[2015.07.29-08.39.36:993][651]LogArray:Warning: Attempted to get an item from array Inventory out of bounds [-1/2]!
[2015.07.29-08.39.37:015][652]LogArray:Warning: Attempted to get an item from array Inventory out of bounds [-1/2]!
[2015.07.29-08.39.37:015][652]LogArray:Warning: Attempted to get an item from array Inventory out of bounds [-1/2]!
[2015.07.29-08.39.37:056][653]LogArray:Warning: Attempted to get an item from array Inventory out of bounds [-1/2]!
[2015.07.29-08.39.37:056][653]LogArray:Warning: Attempted to get an item from array Inventory out of bounds [-1/2]!
[2015.07.29-08.39.37:068][654]LogArray:Warning: Attempted to get an item from array Inventory out of bounds [-1/2]!
[2015.07.29-08.39.37:068][654]LogArray:Warning: Attempted to get an item from array Inventory out of bounds [-1/2]!
[2015.07.29-08.39.37:088][655]LogArray:Warning: Attempted to get an item from array Inventory out of bounds [-1/2]!
[2015.07.29-08.39.37:088][655]LogArray:Warning: Attempted to get an item from array Inventory out of bounds [-1/2]!
[2015.07.29-08.39.37:107][656]LogArray:Warning: Attempted to get an item from array Inventory out of bounds [-1/2]!
[2015.07.29-08.39.37:107][656]LogArray:Warning: Attempted to get an item from array Inventory out of bounds [-1/2]!
[2015.07.29-08.39.37:127][657]LogArray:Warning: Attempted to get an item from array Inventory out of bounds [-1/2]!
[2015.07.29-08.39.37:127][657]LogArray:Warning: Attempted to get an item from array Inventory out of bounds [-1/2]!
[2015.07.29-08.39.37:149][658]LogArray:Warning: Attempted to get an item from array Inventory out of bounds [-1/2]!
[2015.07.29-08.39.37:149][658]LogArray:Warning: Attempted to get an item from array Inventory out of bounds [-1/2]!
[2015.07.29-08.39.37:170][659]LogArray:Warning: Attempted to get an item from array Inventory out of bounds [-1/2]!
[2015.07.29-08.39.37:170][659]LogArray:Warning: Attempted to get an item from array Inventory out of bounds [-1/2]!
[2015.07.29-08.39.37:192][660]LogArray:Warning: Attempted to get an item from array Inventory out of bounds [-1/2]!
[2015.07.29-08.39.37:192][660]LogArray:Warning: Attempted to get an item from array Inventory out of bounds [-1/2]!
[2015.07.29-08.39.37:212][661]LogArray:Warning: Attempted to get an item from array Inventory out of bounds [-1/2]!
[2015.07.29-08.39.37:212][661]LogArray:Warning: Attempted to get an item from array Inventory out of bounds [-1/2]!
[2015.07.29-08.39.37:266][662]LogArray:Warning: Attempted to get an item from array Inventory out of bounds [-1/2]!
[2015.07.29-08.39.37:267][662]LogArray:Warning: Attempted to get an item from array Inventory out of bounds [-1/2]!
[2015.07.29-08.39.37:314][663]LogArray:Warning: Attempted to get an item from array Inventory out of bounds [-1/2]!
[2015.07.29-08.39.37:314][663]LogArray:Warning: Attempted to get an item from array Inventory out of bounds [-1/2]!
[2015.07.29-08.39.37:323][664]LogArray:Warning: Attempted to get an item from array Inventory out of bounds [-1/2]!
[2015.07.29-08.39.37:323][664]LogArray:Warning: Attempted to get an item from array Inventory out of bounds [-1/2]!
[2015.07.29-08.39.37:341][665]LogArray:Warning: Attempted to get an item from array Inventory out of bounds [-1/2]!
[2015.07.29-08.39.37:342][665]LogArray:Warning: Attempted to get an item from array Inventory out of bounds [-1/2]!
[2015.07.29-08.39.37:363][666]LogArray:Warning: Attempted to get an item from array Inventory out of bounds [-1/2]!
[2015.07.29-08.39.37:363][666]LogArray:Warning: Attempted to get an item from array Inventory out of bounds [-1/2]!
[2015.07.29-08.39.37:381][667]LogArray:Warning: Attempted to get an item from array Inventory out of bounds [-1/2]!
[2015.07.29-08.39.37:382][667]LogArray:Warning: Attempted to get an item from array Inventory out of bounds [-1/2]!
[2015.07.29-08.39.37:402][668]LogArray:Warning: Attempted to get an item from array Inventory out of bounds [-1/2]!
[2015.07.29-08.39.37:402][668]LogArray:Warning: Attempted to get an item from array Inventory out of bounds [-1/2]!
[2015.07.29-08.39.37:423][669]LogArray:Warning: Attempted to get an item from array Inventory out of bounds [-1/2]!
[2015.07.29-08.39.37:423][669]LogArray:Warning: Attempted to get an item from array Inventory out of bounds [-1/2]!
[2015.07.29-08.39.37:471][670]LogArray:Warning: Attempted to get an item from array Inventory out of bounds [-1/2]!
[2015.07.29-08.39.37:471][670]LogArray:Warning: Attempted to get an item from array Inventory out of bounds [-1/2]!
[2015.07.29-08.39.37:493][671]LogArray:Warning: Attempted to get an item from array Inventory out of bounds [-1/2]!
[2015.07.29-08.39.37:493][671]LogArray:Warning: Attempted to get an item from array Inventory out of bounds [-1/2]!
[2015.07.29-08.39.37:524][672]LogArray:Warning: Attempted to get an item from array Inventory out of bounds [-1/2]!
[2015.07.29-08.39.37:525][672]LogArray:Warning: Attempted to get an item from array Inventory out of bounds [-1/2]!
[2015.07.29-08.39.39:691][744]LogArray:Warning: Attempted to get an item from array Inventory out of bounds [-1/1]!
[2015.07.29-08.39.39:692][744]LogArray:Warning: Attempted to get an item from array Inventory out of bounds [-1/1]!
[2015.07.29-08.39.39:709][745]LogArray:Warning: Attempted to get an item from array Inventory out of bounds [-1/1]!
[2015.07.29-08.39.39:709][745]LogArray:Warning: Attempted to get an item from array Inventory out of bounds [-1/1]!
[2015.07.29-08.39.39:730][746]LogArray:Warning: Attempted to get an item from array Inventory out of bounds [-1/1]!
[2015.07.29-08.39.39:730][746]LogArray:Warning: Attempted to get an item from array Inventory out of bounds [-1/1]!
[2015.07.29-08.39.39:769][747]LogArray:Warning: Attempted to get an item from array Inventory out of bounds [-1/1]!
[2015.07.29-08.39.39:770][747]LogArray:Warning: Attempted to get an item from array Inventory out of bounds [-1/1]!
[2015.07.29-08.39.39:835][748]LogArray:Warning: Attempted to get an item from array Inventory out of bounds [-1/1]!
[2015.07.29-08.39.39:835][748]LogArray:Warning: Attempted to get an item from array Inventory out of bounds [-1/1]!
[2015.07.29-08.39.40:239][761]LogArray:Warning: Attempted to get an item from array Inventory out of bounds [-1/1]!
[2015.07.29-08.39.40:239][761]LogArray:Warning: Attempted to get an item from array Inventory out of bounds [-1/1]!
[2015.07.29-08.39.40:262][762]LogArray:Warning: Attempted to get an item from array Inventory out of bounds [-1/1]!
[2015.07.29-08.39.40:263][762]LogArray:Warning: Attempted to get an item from array Inventory out of bounds [-1/1]!
[2015.07.29-08.39.40:316][763]LogArray:Warning: Attempted to get an item from array Inventory out of bounds [-1/1]!
[2015.07.29-08.39.40:317][763]LogArray:Warning: Attempted to get an item from array Inventory out of bounds [-1/1]!
[2015.07.29-08.39.40:394][764]LogArray:Warning: Attempted to get an item from array Inventory out of bounds [-1/1]!
[2015.07.29-08.39.40:394][764]LogArray:Warning: Attempted to get an item from array Inventory out of bounds [-1/1]!
[2015.07.29-08.39.40:425][765]LogArray:Warning: Attempted to get an item from array Inventory out of bounds [-1/1]!
[2015.07.29-08.39.40:425][765]LogArray:Warning: Attempted to get an item from array Inventory out of bounds [-1/1]!
[2015.07.29-08.39.40:436][766]LogArray:Warning: Attempted to get an item from array Inventory out of bounds [-1/1]!
[2015.07.29-08.39.40:436][766]LogArray:Warning: Attempted to get an item from array Inventory out of bounds [-1/1]!
[2015.07.29-08.39.40:459][767]LogArray:Warning: Attempted to get an item from array Inventory out of bounds [-1/1]!
[2015.07.29-08.39.40:459][767]LogArray:Warning: Attempted to get an item from array Inventory out of bounds [-1/1]!
[2015.07.29-08.39.40:480][768]LogArray:Warning: Attempted to get an item from array Inventory out of bounds [-1/1]!
[2015.07.29-08.39.40:480][768]LogArray:Warning: Attempted to get an item from array Inventory out of bounds [-1/1]!
[2015.07.29-08.39.40:507][769]LogArray:Warning: Attempted to get an item from array Inventory out of bounds [-1/1]!
[2015.07.29-08.39.40:507][769]LogArray:Warning: Attempted to get an item from array Inventory out of bounds [-1/1]!
[2015.07.29-08.39.40:544][770]LogArray:Warning: Attempted to get an item from array Inventory out of bounds [-1/1]!
[2015.07.29-08.39.40:545][770]LogArray:Warning: Attempted to get an item from array Inventory out of bounds [-1/1]!
[2015.07.29-08.39.40:579][771]LogArray:Warning: Attempted to get an item from array Inventory out of bounds [-1/1]!
[2015.07.29-08.39.40:580][771]LogArray:Warning: Attempted to get an item from array Inventory out of bounds [-1/1]!
[2015.07.29-08.39.40:602][772]LogArray:Warning: Attempted to get an item from array Inventory out of bounds [-1/1]!
[2015.07.29-08.39.40:602][772]LogArray:Warning: Attempted to get an item from array Inventory out of bounds [-1/1]!
[2015.07.29-08.39.40:623][773]LogArray:Warning: Attempted to get an item from array Inventory out of bounds [-1/1]!
[2015.07.29-08.39.40:623][773]LogArray:Warning: Attempted to get an item from array Inventory out of bounds [-1/1]!
[2015.07.29-08.39.40:643][774]LogArray:Warning: Attempted to get an item from array Inventory out of bounds [-1/1]!
[2015.07.29-08.39.40:643][774]LogArray:Warning: Attempted to get an item from array Inventory out of bounds [-1/1]!
[2015.07.29-08.39.40:668][775]LogArray:Warning: Attempted to get an item from array Inventory out of bounds [-1/1]!
[2015.07.29-08.39.40:670][775]LogArray:Warning: Attempted to get an item from array Inventory out of bounds [-1/1]!
[2015.07.29-08.39.40:712][776]LogArray:Warning: Attempted to get an item from array Inventory out of bounds [-1/1]!
[2015.07.29-08.39.40:713][776]LogArray:Warning: Attempted to get an item from array Inventory out of bounds [-1/1]!
[2015.07.29-08.39.40:748][777]LogArray:Warning: Attempted to get an item from array Inventory out of bounds [-1/1]!
[2015.07.29-08.39.40:748][777]LogArray:Warning: Attempted to get an item from array Inventory out of bounds [-1/1]!
[2015.07.29-08.39.40:759][778]LogArray:Warning: Attempted to get an item from array Inventory out of bounds [-1/1]!
[2015.07.29-08.39.40:760][778]LogArray:Warning: Attempted to get an item from array Inventory out of bounds [-1/1]!
[2015.07.29-08.39.40:780][779]LogArray:Warning: Attempted to get an item from array Inventory out of bounds [-1/1]!
[2015.07.29-08.39.40:781][779]LogArray:Warning: Attempted to get an item from array Inventory out of bounds [-1/1]!
[2015.07.29-08.39.40:801][780]LogArray:Warning: Attempted to get an item from array Inventory out of bounds [-1/1]!
[2015.07.29-08.39.40:801][780]LogArray:Warning: Attempted to get an item from array Inventory out of bounds [-1/1]!
[2015.07.29-08.39.40:822][781]LogArray:Warning: Attempted to get an item from array Inventory out of bounds [-1/1]!
[2015.07.29-08.39.40:822][781]LogArray:Warning: Attempted to get an item from array Inventory out of bounds [-1/1]!
[2015.07.29-08.39.40:843][782]LogArray:Warning: Attempted to get an item from array Inventory out of bounds [-1/1]!
[2015.07.29-08.39.40:843][782]LogArray:Warning: Attempted to get an item from array Inventory out of bounds [-1/1]!
[2015.07.29-08.39.40:894][783]LogArray:Warning: Attempted to get an item from array Inventory out of bounds [-1/1]!
[2015.07.29-08.39.40:894][783]LogArray:Warning: Attempted to get an item from array Inventory out of bounds [-1/1]!
[2015.07.29-08.39.40:908][784]LogArray:Warning: Attempted to get an item from array Inventory out of bounds [-1/1]!
[2015.07.29-08.39.40:908][784]LogArray:Warning: Attempted to get an item from array Inventory out of bounds [-1/1]!
[2015.07.29-08.39.40:925][785]LogArray:Warning: Attempted to get an item from array Inventory out of bounds [-1/1]!
[2015.07.29-08.39.40:925][785]LogArray:Warning: Attempted to get an item from array Inventory out of bounds [-1/1]!
[2015.07.29-08.39.40:947][786]LogArray:Warning: Attempted to get an item from array Inventory out of bounds [-1/1]!
[2015.07.29-08.39.40:947][786]LogArray:Warning: Attempted to get an item from array Inventory out of bounds [-1/1]!
[2015.07.29-08.39.40:967][787]LogArray:Warning: Attempted to get an item from array Inventory out of bounds [-1/1]!
[2015.07.29-08.39.40:967][787]LogArray:Warning: Attempted to get an item from array Inventory out of bounds [-1/1]!
[2015.07.29-08.39.41:007][788]LogArray:Warning: Attempted to get an item from array Inventory out of bounds [-1/1]!
[2015.07.29-08.39.41:007][788]LogArray:Warning: Attempted to get an item from array Inventory out of bounds [-1/1]!
[2015.07.29-08.39.41:024][789]LogArray:Warning: Attempted to get an item from array Inventory out of bounds [-1/1]!
[2015.07.29-08.39.41:024][789]LogArray:Warning: Attempted to get an item from array Inventory out of bounds [-1/1]!
[2015.07.29-08.39.41:045][790]LogArray:Warning: Attempted to get an item from array Inventory out of bounds [-1/1]!
[2015.07.29-08.39.41:045][790]LogArray:Warning: Attempted to get an item from array Inventory out of bounds [-1/1]!
[2015.07.29-08.39.41:065][791]LogArray:Warning: Attempted to get an item from array Inventory out of bounds [-1/1]!
[2015.07.29-08.39.41:065][791]LogArray:Warning: Attempted to get an item from array Inventory out of bounds [-1/1]!
[2015.07.29-08.39.41:087][792]LogArray:Warning: Attempted to get an item from array Inventory out of bounds [-1/1]!
[2015.07.29-08.39.41:087][792]LogArray:Warning: Attempted to get an item from array Inventory out of bounds [-1/1]!
[2015.07.29-08.39.41:108][793]LogArray:Warning: Attempted to get an item from array Inventory out of bounds [-1/1]!
[2015.07.29-08.39.41:108][793]LogArray:Warning: Attempted to get an item from array Inventory out of bounds [-1/1]!
[2015.07.29-08.39.41:129][794]LogArray:Warning: Attempted to get an item from array Inventory out of bounds [-1/1]!
[2015.07.29-08.39.41:129][794]LogArray:Warning: Attempted to get an item from array Inventory out of bounds [-1/1]!
[2015.07.29-08.39.41:178][795]LogArray:Warning: Attempted to get an item from array Inventory out of bounds [-1/1]!
[2015.07.29-08.39.41:179][795]LogArray:Warning: Attempted to get an item from array Inventory out of bounds [-1/1]!
[2015.07.29-08.39.41:214][796]LogArray:Warning: Attempted to get an item from array Inventory out of bounds [-1/1]!
[2015.07.29-08.39.41:214][796]LogArray:Warning: Attempted to get an item from array Inventory out of bounds [-1/1]!
[2015.07.29-08.39.41:260][797]LogArray:Warning: Attempted to get an item from array Inventory out of bounds [-1/1]!
[2015.07.29-08.39.41:261][797]LogArray:Warning: Attempted to get an item from array Inventory out of bounds [-1/1]!
[2015.07.29-08.39.42:220][825]LogArray:Warning: Attempted to get an item from array Inventory out of bounds [-1/0]!
[2015.07.29-08.39.42:220][825]LogArray:Warning: Attempted to get an item from array Inventory out of bounds [-1/0]!
[2015.07.29-08.39.42:240][826]LogArray:Warning: Attempted to get an item from array Inventory out of bounds [-1/0]!
[2015.07.29-08.39.42:241][826]LogArray:Warning: Attempted to get an item from array Inventory out of bounds [-1/0]!
[2015.07.29-08.39.42:262][827]LogArray:Warning: Attempted to get an item from array Inventory out of bounds [-1/0]!
[2015.07.29-08.39.42:262][827]LogArray:Warning: Attempted to get an item from array Inventory out of bounds [-1/0]!
[2015.07.29-08.39.42:283][828]LogArray:Warning: Attempted to get an item from array Inventory out of bounds [-1/0]!
[2015.07.29-08.39.42:283][828]LogArray:Warning: Attempted to get an item from array Inventory out of bounds [-1/0]!
[2015.07.29-08.39.42:310][829]LogArray:Warning: Attempted to get an item from array Inventory out of bounds [-1/0]!
[2015.07.29-08.39.42:310][829]LogArray:Warning: Attempted to get an item from array Inventory out of bounds [-1/0]!
[2015.07.29-08.39.42:330][830]LogArray:Warning: Attempted to get an item from array Inventory out of bounds [-1/0]!
[2015.07.29-08.39.42:330][830]LogArray:Warning: Attempted to get an item from array Inventory out of bounds [-1/0]!
[2015.07.29-08.39.42:375][831]LogArray:Warning: Attempted to get an item from array Inventory out of bounds [-1/0]!
[2015.07.29-08.39.42:376][831]LogArray:Warning: Attempted to get an item from array Inventory out of bounds [-1/0]!
[2015.07.29-08.39.42:422][832]LogArray:Warning: Attempted to get an item from array Inventory out of bounds [-1/0]!
[2015.07.29-08.39.42:422][832]LogArray:Warning: Attempted to get an item from array Inventory out of bounds [-1/0]!
[2015.07.29-08.39.43:096][853]LogArray:Warning: Attempted to get an item from array Inventory out of bounds [-1/0]!
[2015.07.29-08.39.43:096][853]LogArray:Warning: Attempted to get an item from array Inventory out of bounds [-1/0]!
[2015.07.29-08.39.43:133][854]LogArray:Warning: Attempted to get an item from array Inventory out of bounds [-1/0]!
[2015.07.29-08.39.43:134][854]LogArray:Warning: Attempted to get an item from array Inventory out of bounds [-1/0]!
[2015.07.29-08.39.43:165][855]LogArray:Warning: Attempted to get an item from array Inventory out of bounds [-1/0]!
[2015.07.29-08.39.43:166][855]LogArray:Warning: Attempted to get an item from array Inventory out of bounds [-1/0]!
[2015.07.29-08.39.43:182][856]LogArray:Warning: Attempted to get an item from array Inventory out of bounds [-1/0]!
[2015.07.29-08.39.43:182][856]LogArray:Warning: Attempted to get an item from array Inventory out of bounds [-1/0]!
[2015.07.29-08.39.43:203][857]LogArray:Warning: Attempted to get an item from array Inventory out of bounds [-1/0]!
[2015.07.29-08.39.43:203][857]LogArray:Warning: Attempted to get an item from array Inventory out of bounds [-1/0]!
[2015.07.29-08.39.43:224][858]LogArray:Warning: Attempted to get an item from array Inventory out of bounds [-1/0]!
[2015.07.29-08.39.43:225][858]LogArray:Warning: Attempted to get an item from array Inventory out of bounds [-1/0]!
[2015.07.29-08.39.43:247][859]LogArray:Warning: Attempted to get an item from array Inventory out of bounds [-1/0]!
[2015.07.29-08.39.43:247][859]LogArray:Warning: Attempted to get an item from array Inventory out of bounds [-1/0]!
[2015.07.29-08.39.43:268][860]LogArray:Warning: Attempted to get an item from array Inventory out of bounds [-1/0]!
[2015.07.29-08.39.43:269][860]LogArray:Warning: Attempted to get an item from array Inventory out of bounds [-1/0]!
[2015.07.29-08.39.43:292][861]LogArray:Warning: Attempted to get an item from array Inventory out of bounds [-1/0]!
[2015.07.29-08.39.43:292][861]LogArray:Warning: Attempted to get an item from array Inventory out of bounds [-1/0]!
[2015.07.29-08.39.43:332][862]LogArray:Warning: Attempted to get an item from array Inventory out of bounds [-1/0]!
[2015.07.29-08.39.43:332][862]LogArray:Warning: Attempted to get an item from array Inventory out of bounds [-1/0]!
[2015.07.29-08.39.43:353][863]LogArray:Warning: Attempted to get an item from array Inventory out of bounds [-1/0]!
[2015.07.29-08.39.43:354][863]LogArray:Warning: Attempted to get an item from array Inventory out of bounds [-1/0]!
[2015.07.29-08.39.43:396][864]LogArray:Warning: Attempted to get an item from array Inventory out of bounds [-1/0]!
[2015.07.29-08.39.43:396][864]LogArray:Warning: Attempted to get an item from array Inventory out of bounds [-1/0]!
[2015.07.29-08.39.43:412][865]LogArray:Warning: Attempted to get an item from array Inventory out of bounds [-1/0]!
[2015.07.29-08.39.43:412][865]LogArray:Warning: Attempted to get an item from array Inventory out of bounds [-1/0]!
[2015.07.29-08.39.43:433][866]LogArray:Warning: Attempted to get an item from array Inventory out of bounds [-1/0]!
[2015.07.29-08.39.43:433][866]LogArray:Warning: Attempted to get an item from array Inventory out of bounds [-1/0]!
[2015.07.29-08.39.43:455][867]LogArray:Warning: Attempted to get an item from array Inventory out of bounds [-1/0]!
[2015.07.29-08.39.43:455][867]LogArray:Warning: Attempted to get an item from array Inventory out of bounds [-1/0]!
[2015.07.29-08.39.43:477][868]LogArray:Warning: Attempted to get an item from array Inventory out of bounds [-1/0]!
[2015.07.29-08.39.43:477][868]LogArray:Warning: Attempted to get an item from array Inventory out of bounds [-1/0]!
[2015.07.29-08.39.43:498][869]LogArray:Warning: Attempted to get an item from array Inventory out of bounds [-1/0]!
[2015.07.29-08.39.43:498][869]LogArray:Warning: Attempted to get an item from array Inventory out of bounds [-1/0]!
[2015.07.29-08.39.43:520][870]LogArray:Warning: Attempted to get an item from array Inventory out of bounds [-1/0]!
[2015.07.29-08.39.43:520][870]LogArray:Warning: Attempted to get an item from array Inventory out of bounds [-1/0]!
[2015.07.29-08.39.43:570][871]LogArray:Warning: Attempted to get an item from array Inventory out of bounds [-1/0]!
[2015.07.29-08.39.43:575][871]LogArray:Warning: Attempted to get an item from array Inventory out of bounds [-1/0]!
[2015.07.29-08.39.43:613][872]LogArray:Warning: Attempted to get an item from array Inventory out of bounds [-1/0]!
[2015.07.29-08.39.43:613][872]LogArray:Warning: Attempted to get an item from array Inventory out of bounds [-1/0]!
[2015.07.29-08.39.43:646][873]LogArray:Warning: Attempted to get an item from array Inventory out of bounds [-1/0]!
[2015.07.29-08.39.43:647][873]LogArray:Warning: Attempted to get an item from array Inventory out of bounds [-1/0]!
[2015.07.29-08.39.43:672][874]LogArray:Warning: Attempted to get an item from array Inventory out of bounds [-1/0]!
[2015.07.29-08.39.43:672][874]LogArray:Warning: Attempted to get an item from array Inventory out of bounds [-1/0]!
[2015.07.29-08.39.43:693][875]LogArray:Warning: Attempted to get an item from array Inventory out of bounds [-1/0]!
[2015.07.29-08.39.43:693][875]LogArray:Warning: Attempted to get an item from array Inventory out of bounds [-1/0]!
[2015.07.29-08.39.43:776][876]LogArray:Warning: Attempted to get an item from array Inventory out of bounds [-1/0]!
[2015.07.29-08.39.43:776][876]LogArray:Warning: Attempted to get an item from array Inventory out of bounds [-1/0]!
[2015.07.29-08.39.43:815][877]LogArray:Warning: Attempted to get an item from array Inventory out of bounds [-1/0]!
[2015.07.29-08.39.43:815][877]LogArray:Warning: Attempted to get an item from array Inventory out of bounds [-1/0]!
[2015.07.29-08.39.43:829][878]LogArray:Warning: Attempted to get an item from array Inventory out of bounds [-1/0]!
[2015.07.29-08.39.43:829][878]LogArray:Warning: Attempted to get an item from array Inventory out of bounds [-1/0]!
[2015.07.29-08.39.43:850][879]LogArray:Warning: Attempted to get an item from array Inventory out of bounds [-1/0]!
[2015.07.29-08.39.43:850][879]LogArray:Warning: Attempted to get an item from array Inventory out of bounds [-1/0]!
[2015.07.29-08.39.43:872][880]LogArray:Warning: Attempted to get an item from array Inventory out of bounds [-1/0]!
[2015.07.29-08.39.43:872][880]LogArray:Warning: Attempted to get an item from array Inventory out of bounds [-1/0]!
[2015.07.29-08.39.43:894][881]LogArray:Warning: Attempted to get an item from array Inventory out of bounds [-1/0]!
[2015.07.29-08.39.43:894][881]LogArray:Warning: Attempted to get an item from array Inventory out of bounds [-1/0]!
[2015.07.29-08.39.43:916][882]LogArray:Warning: Attempted to get an item from array Inventory out of bounds [-1/0]!
[2015.07.29-08.39.43:916][882]LogArray:Warning: Attempted to get an item from array Inventory out of bounds [-1/0]!
[2015.07.29-08.39.43:938][883]LogArray:Warning: Attempted to get an item from array Inventory out of bounds [-1/0]!
[2015.07.29-08.39.43:938][883]LogArray:Warning: Attempted to get an item from array Inventory out of bounds [-1/0]!
[2015.07.29-08.39.43:961][884]LogArray:Warning: Attempted to get an item from array Inventory out of bounds [-1/0]!
[2015.07.29-08.39.43:962][884]LogArray:Warning: Attempted to get an item from array Inventory out of bounds [-1/0]!
[2015.07.29-08.39.44:021][885]LogArray:Warning: Attempted to get an item from array Inventory out of bounds [-1/0]!
[2015.07.29-08.39.44:024][885]LogArray:Warning: Attempted to get an item from array Inventory out of bounds [-1/0]!
[2015.07.29-08.39.44:065][886]LogArray:Warning: Attempted to get an item from array Inventory out of bounds [-1/0]!
[2015.07.29-08.39.44:066][886]LogArray:Warning: Attempted to get an item from array Inventory out of bounds [-1/0]!
[2015.07.29-08.39.44:098][887]LogArray:Warning: Attempted to get an item from array Inventory out of bounds [-1/0]!
[2015.07.29-08.39.44:099][887]LogArray:Warning: Attempted to get an item from array Inventory out of bounds [-1/0]!
[2015.07.29-08.39.44:117][888]LogArray:Warning: Attempted to get an item from array Inventory out of bounds [-1/0]!
[2015.07.29-08.39.44:117][888]LogArray:Warning: Attempted to get an item from array Inventory out of bounds [-1/0]!
[2015.07.29-08.39.44:815][910]LogArray:Warning: Attempted to get an item from array Inventory out of bounds [-1/0]!
[2015.07.29-08.39.44:815][910]LogArray:Warning: Attempted to get an item from array Inventory out of bounds [-1/0]!
[2015.07.29-08.39.44:836][911]LogArray:Warning: Attempted to get an item from array Inventory out of bounds [-1/0]!
[2015.07.29-08.39.44:836][911]LogArray:Warning: Attempted to get an item from array Inventory out of bounds [-1/0]!
[2015.07.29-08.39.44:857][912]LogArray:Warning: Attempted to get an item from array Inventory out of bounds [-1/0]!
[2015.07.29-08.39.44:858][912]LogArray:Warning: Attempted to get an item from array Inventory out of bounds [-1/0]!
[2015.07.29-08.39.44:907][913]LogArray:Warning: Attempted to get an item from array Inventory out of bounds [-1/0]!
[2015.07.29-08.39.44:908][913]LogArray:Warning: Attempted to get an item from array Inventory out of bounds [-1/0]!
[2015.07.29-08.39.45:031][914]LogArray:Warning: Attempted to get an item from array Inventory out of bounds [-1/0]!
[2015.07.29-08.39.45:031][914]LogArray:Warning: Attempted to get an item from array Inventory out of bounds [-1/0]!
[2015.07.29-08.40.13:763][862]LogWindowsTextInputMethodSystem:Display: IME system now deactivated.
[2015.07.29-08.40.13:763][862]LogWindowsTextInputMethodSystem:Display: IME system now deactivated.
[2015.07.29-08.40.13:771][862]LogEngine: All Windows Closed
[2015.07.29-08.40.13:771][862]LogWindows: FPlatformMisc::RequestExit(0)
[2015.07.29-08.40.14:360][863]LogExit: Preparing to exit.
[2015.07.29-08.40.14:398][863]LogExit: Game engine shut down
[2015.07.29-08.40.14:399][863]LogParticles: Destroying 0 GPU particle simulations for FXSystem 0x000000FE0F9589A0
[2015.07.29-08.40.14:917][863]LogExit: Object subsystem successfully closed.
[2015.07.29-08.40.15:005][863]LogD3D11RHI: Shutdown
[2015.07.29-08.40.15:005][863]LogD3D11RHI: CleanupD3DDevice
[2015.07.29-08.40.15:135][863]LogD3D11RHI: ~FD3D11DynamicRHI
[2015.07.29-08.40.15:159][863]LogModuleManager: Shutting down and abandoning module AndroidDeviceDetection (108)
[2015.07.29-08.40.15:655][863]LogModuleManager: Shutting down and abandoning module AssetRegistry (107)
[2015.07.29-08.40.15:655][863]LogModuleManager: Shutting down and abandoning module AutomationWorker (106)
[2015.07.29-08.40.15:655][863]LogModuleManager: Shutting down and abandoning module CharacterAI (105)
[2015.07.29-08.40.15:655][863]LogModuleManager: Shutting down and abandoning module AITestSuite (104)
[2015.07.29-08.40.15:655][863]LogModuleManager: Shutting down and abandoning module GameplayDebugger (103)
[2015.07.29-08.40.15:655][863]LogModuleManager: Shutting down and abandoning module AIModule (102)
[2015.07.29-08.40.15:655][863]LogModuleManager: Shutting down and abandoning module GameLiveStreaming (101)
[2015.07.29-08.40.15:655][863]LogModuleManager: Shutting down and abandoning module StreamingPauseRendering (100)
[2015.07.29-08.40.15:655][863]LogModuleManager: Shutting down and abandoning module ProfilerService (99)
[2015.07.29-08.40.15:783][863]LogModuleManager: Shutting down and abandoning module TaskGraph (98)
[2015.07.29-08.40.15:789][863]LogModuleManager: Shutting down and abandoning module SlateRemote (97)
[2015.07.29-08.40.15:789][863]LogModuleManager: Shutting down and abandoning module SteamVRController (96)
[2015.07.29-08.40.15:789][863]LogModuleManager: Shutting down and abandoning module SteamVR (95)
[2015.07.29-08.40.15:790][863]LogModuleManager: Shutting down and abandoning module ProceduralMeshComponent (94)
[2015.07.29-08.40.15:790][863]LogModuleManager: Shutting down and abandoning module OculusRift (93)
[2015.07.29-08.40.15:790][863]LogModuleManager: Shutting down and abandoning module LeapMotionController (92)
[2015.07.29-08.40.15:849][863]LogModuleManager: Shutting down and abandoning module CustomMeshComponent (91)
[2015.07.29-08.40.15:849][863]LogModuleManager: Shutting down and abandoning module CableComponent (90)
[2015.07.29-08.40.15:849][863]LogModuleManager: Shutting down and abandoning module DesktopPlatform (89)
[2015.07.29-08.40.15:849][863]LogModuleManager: Shutting down and abandoning module DirectoryWatcher (88)
[2015.07.29-08.40.15:849][863]LogModuleManager: Shutting down and abandoning module HotReload (87)
[2015.07.29-08.40.15:849][863]LogModuleManager: Shutting down and abandoning module VisualStudioSourceCodeAccess (86)
[2015.07.29-08.40.15:849][863]LogModuleManager: Shutting down and abandoning module UObjectPlugin (85)
[2015.07.29-08.40.15:849][863]LogModuleManager: Shutting down and abandoning module SubversionSourceControl (84)
[2015.07.29-08.40.15:849][863]LogModuleManager: Shutting down and abandoning module SourceControl (83)
[2015.07.29-08.40.15:849][863]LogModuleManager: Shutting down and abandoning module PerforceSourceControl (82)
[2015.07.29-08.40.15:850][863]LogModuleManager: Shutting down and abandoning module BlankPlugin (81)
[2015.07.29-08.40.15:850][863]LogModuleManager: Shutting down and abandoning module UdpMessaging (80)
[2015.07.29-08.40.15:850][863]LogModuleManager: Shutting down and abandoning module Paper2D (79)
[2015.07.29-08.40.15:850][863]LogModuleManager: Shutting down and abandoning module WindowsMoviePlayer (78)
[2015.07.29-08.40.15:858][863]LogModuleManager: Shutting down and abandoning module Media (77)
[2015.07.29-08.40.15:858][863]LogModuleManager: Shutting down and abandoning module WmfMedia (76)
[2015.07.29-08.40.15:859][863]LogModuleManager: Shutting down and abandoning module OnlineBlueprintSupport (75)
[2015.07.29-08.40.15:859][863]LogModuleManager: Shutting down and abandoning module PropertyEditor (74)
[2015.07.29-08.40.15:859][863]LogModuleManager: Shutting down and abandoning module BehaviorTreeEditor (73)
[2015.07.29-08.40.15:859][863]LogModuleManager: Shutting down and abandoning module FunctionalTesting (72)
[2015.07.29-08.40.15:859][863]LogModuleManager: Shutting down and abandoning module CollisionAnalyzer (71)
[2015.07.29-08.40.15:860][863]LogModuleManager: Shutting down and abandoning module WorkspaceMenuStructure (70)
[2015.07.29-08.40.15:860][863]LogModuleManager: Shutting down and abandoning module MessageLog (69)
[2015.07.29-08.40.15:860][863]LogModuleManager: Shutting down and abandoning module Sequencer (68)
[2015.07.29-08.40.15:860][863]LogModuleManager: Shutting down and abandoning module AssetTools (67)
[2015.07.29-08.40.15:861][863]LogModuleManager: Shutting down and abandoning module UMGEditor (66)
[2015.07.29-08.40.15:861][863]LogModuleManager: Shutting down and abandoning module UMG (65)
[2015.07.29-08.40.15:861][863]LogModuleManager: Shutting down and abandoning module Slate (64)
[2015.07.29-08.40.15:861][863]LogModuleManager: Shutting down and abandoning module EditorStyle (63)
[2015.07.29-08.40.15:867][863]LogModuleManager: Shutting down and abandoning module SessionServices (62)
[2015.07.29-08.40.15:867][863]LogModuleManager: Shutting down and abandoning module SourceCodeAccess (61)
[2015.07.29-08.40.15:867][863]LogModuleManager: Shutting down and abandoning module HeadMountedDisplay (60)
[2015.07.29-08.40.15:867][863]LogModuleManager: Shutting down and abandoning module XAudio2 (59)
[2015.07.29-08.40.15:867][863]LogModuleManager: Shutting down and abandoning module Networking (57)
[2015.07.29-08.40.15:867][863]LogModuleManager: Shutting down and abandoning module Core (56)
[2015.07.29-08.40.15:867][863]LogModuleManager: Shutting down and abandoning module KismetCompiler (55)
[2015.07.29-08.40.15:867][863]LogModuleManager: Shutting down and abandoning module PhysXFormats (54)
[2015.07.29-08.40.15:867][863]LogModuleManager: Shutting down and abandoning module MeshUtilities (53)
[2015.07.29-08.40.15:868][863]LogModuleManager: Shutting down and abandoning module DerivedDataCache (52)
[2015.07.29-08.40.15:901][863]LogDerivedDataCache: Shutdown
[2015.07.29-08.40.15:901][863]LogModuleManager: Shutting down and abandoning module ShaderFormatOpenGL (51)
[2015.07.29-08.40.15:901][863]LogModuleManager: Shutting down and abandoning module ShaderFormatD3D (50)
[2015.07.29-08.40.15:901][863]LogModuleManager: Shutting down and abandoning module MetalShaderFormat (49)
[2015.07.29-08.40.15:902][863]LogModuleManager: Shutting down and abandoning module TextureFormatUncompressed (48)
[2015.07.29-08.40.15:902][863]LogModuleManager: Shutting down and abandoning module TextureFormatPVR (47)
[2015.07.29-08.40.15:902][863]LogModuleManager: Shutting down and abandoning module TextureFormatIntelISPCTexComp (46)
[2015.07.29-08.40.15:902][863]LogModuleManager: Shutting down and abandoning module TextureFormatDXT (45)
[2015.07.29-08.40.15:902][863]LogModuleManager: Shutting down and abandoning module ImageWrapper (44)
[2015.07.29-08.40.15:902][863]LogModuleManager: Shutting down and abandoning module TextureFormatASTC (43)
[2015.07.29-08.40.15:902][863]LogModuleManager: Shutting down and abandoning module TextureFormatAndroid (42)
[2015.07.29-08.40.15:902][863]LogModuleManager: Shutting down and abandoning module AudioFormatOpus (41)
[2015.07.29-08.40.15:902][863]LogModuleManager: Shutting down and abandoning module AudioFormatOgg (40)
[2015.07.29-08.40.15:902][863]LogModuleManager: Shutting down and abandoning module AudioFormatADPCM (39)
[2015.07.29-08.40.15:902][863]LogModuleManager: Shutting down and abandoning module LinuxTargetPlatform (38)
[2015.07.29-08.40.15:902][863]LogModuleManager: Shutting down and abandoning module LinuxServerTargetPlatform (37)
[2015.07.29-08.40.15:902][863]LogModuleManager: Shutting down and abandoning module LinuxNoEditorTargetPlatform (36)
[2015.07.29-08.40.15:902][863]LogModuleManager: Shutting down and abandoning module Messaging (35)
[2015.07.29-08.40.15:902][863]LogModuleManager: Shutting down and abandoning module IOSTargetPlatform (34)
[2015.07.29-08.40.15:902][863]LogModuleManager: Shutting down and abandoning module HTML5TargetPlatform (33)
[2015.07.29-08.40.15:902][863]LogModuleManager: Shutting down and abandoning module Android_PVRTCTargetPlatform (32)
[2015.07.29-08.40.15:902][863]LogModuleManager: Shutting down and abandoning module Android_ETC2TargetPlatform (31)
[2015.07.29-08.40.15:902][863]LogModuleManager: Shutting down and abandoning module Android_ETC1TargetPlatform (30)
[2015.07.29-08.40.15:902][863]LogModuleManager: Shutting down and abandoning module Android_DXTTargetPlatform (29)
[2015.07.29-08.40.15:902][863]LogModuleManager: Shutting down and abandoning module Android_ATCTargetPlatform (28)
[2015.07.29-08.40.15:902][863]LogModuleManager: Shutting down and abandoning module Android_ASTCTargetPlatform (27)
[2015.07.29-08.40.15:902][863]LogModuleManager: Shutting down and abandoning module AndroidTargetPlatform (26)
[2015.07.29-08.40.15:902][863]LogModuleManager: Shutting down and abandoning module WindowsTargetPlatform (25)
[2015.07.29-08.40.15:902][863]LogModuleManager: Shutting down and abandoning module WindowsServerTargetPlatform (24)
[2015.07.29-08.40.15:902][863]LogModuleManager: Shutting down and abandoning module WindowsNoEditorTargetPlatform (23)
[2015.07.29-08.40.15:902][863]LogModuleManager: Shutting down and abandoning module WindowsClientTargetPlatform (22)
[2015.07.29-08.40.15:902][863]LogModuleManager: Shutting down and abandoning module DesktopTargetPlatform (21)
[2015.07.29-08.40.15:902][863]LogModuleManager: Shutting down and abandoning module TargetPlatform (20)
[2015.07.29-08.40.15:902][863]LogModuleManager: Shutting down and abandoning module InputCore (19)
[2015.07.29-08.40.15:902][863]LogModuleManager: Shutting down and abandoning module Settings (18)
[2015.07.29-08.40.15:902][863]LogModuleManager: Shutting down and abandoning module OnlineSubsystem (16)
[2015.07.29-08.40.15:902][863]LogModuleManager: Shutting down and abandoning module HTTP (15)
[2015.07.29-08.40.15:902][863]LogModuleManager: Shutting down and abandoning module ExampleDeviceProfileSelector (14)
[2015.07.29-08.40.15:902][863]LogModuleManager: Shutting down and abandoning module TextureCompressor (13)
[2015.07.29-08.40.15:902][863]LogModuleManager: Shutting down and abandoning module ShaderCore (12)
[2015.07.29-08.40.15:902][863]LogModuleManager: Shutting down and abandoning module Landscape (11)
[2015.07.29-08.40.15:902][863]LogModuleManager: Shutting down and abandoning module SlateRHIRenderer (10)
[2015.07.29-08.40.15:903][863]LogModuleManager: Shutting down and abandoning module OpenGLDrv (9)
[2015.07.29-08.40.15:904][863]LogModuleManager: Shutting down and abandoning module D3D11RHI (8)
[2015.07.29-08.40.15:904][863]LogModuleManager: Shutting down and abandoning module Renderer (7)
[2015.07.29-08.40.15:904][863]LogModuleManager: Shutting down and abandoning module Engine (6)
[2015.07.29-08.40.15:904][863]LogModuleManager: Shutting down and abandoning module CoreUObject (5)
[2015.07.29-08.40.15:904][863]LogModuleManager: Shutting down and abandoning module NetworkFile (4)
[2015.07.29-08.40.15:904][863]LogModuleManager: Shutting down and abandoning module StreamingFile (3)
[2015.07.29-08.40.15:904][863]LogModuleManager: Shutting down and abandoning module SandboxFile (2)
[2015.07.29-08.40.15:904][863]LogModuleManager: Shutting down and abandoning module PakFile (1)
[2015.07.29-08.40.15:905][863]LogExit: Exiting.
[2015.07.29-08.40.15:908][863]Log file closed, 07/29/15 18:40:15
