[2015.07.29-22.58.03:006][  0]Log file open, 07/30/15 08:58:03
[2015.07.29-22.58.03:006][  0]LogInit:Display: Running engine for game: TheEnding
[2015.07.29-22.58.03:006][  0]LogInit:Display: RandInit(-1192182272) SRandInit(-1192182271).
[2015.07.29-22.58.03:006][  0]LogTaskGraph: Started task graph with 4 named threads and 5 total threads.
[2015.07.29-22.58.03:006][  0]LogStats: Stats thread started
[2015.07.29-22.58.03:006][  0]LogInit: Version: 4.8.2-2614606+++depot+UE4-Releases+4.8
[2015.07.29-22.58.03:006][  0]LogInit: API Version: 2579680
[2015.07.29-22.58.03:006][  0]LogInit: Compiled (64-bit): Jul  8 2015 23:43:41
[2015.07.29-22.58.03:006][  0]LogInit: Compiled with Visual C++: 18.00.21005.01
[2015.07.29-22.58.03:006][  0]LogInit: Build Configuration: Development
[2015.07.29-22.58.03:006][  0]LogInit: Branch Name: ++depot+UE4-Releases+4.8
[2015.07.29-22.58.03:006][  0]LogInit: Command line:  
[2015.07.29-22.58.03:006][  0]LogInit: Base directory: C:/Program Files/Epic Games/4.8/Engine/Binaries/Win64/
[2015.07.29-22.58.03:006][  0]LogInit: Rocket: 1
[2015.07.29-22.58.03:022][  0]LogInit: Using libcurl 7.41.0
[2015.07.29-22.58.03:022][  0]LogInit:  - built for x86_64-pc-win32
[2015.07.29-22.58.03:022][  0]LogInit:  - supports SSL with WinSSL
[2015.07.29-22.58.03:022][  0]LogInit:  - other features:
[2015.07.29-22.58.03:022][  0]LogInit:      CURL_VERSION_SSL
[2015.07.29-22.58.03:022][  0]LogInit:      CURL_VERSION_IPV6
[2015.07.29-22.58.03:022][  0]LogInit:      CURL_VERSION_ASYNCHDNS
[2015.07.29-22.58.03:022][  0]LogInit:      CURL_VERSION_LARGEFILE
[2015.07.29-22.58.03:022][  0]LogInit:      CURL_VERSION_IDN
[2015.07.29-22.58.03:022][  0]LogInit:  CurlRequestOptions (configurable via config and command line):
[2015.07.29-22.58.03:022][  0]LogInit:  - bVerifyPeer = true  - Libcurl will verify peer certificate
[2015.07.29-22.58.03:022][  0]LogInit:  - bUseHttpProxy = false  - Libcurl will NOT use HTTP proxy
[2015.07.29-22.58.03:022][  0]LogInit:  - bDontReuseConnections = false  - Libcurl will reuse connections
[2015.07.29-22.58.03:022][  0]LogInit:  - CertBundlePath = nullptr  - Libcurl will use whatever was configured at build time.
[2015.07.29-22.58.03:037][  0]LogOnline:Warning: No default platform service specified for OnlineSubsystem
[2015.07.29-22.58.03:069][  0]LogInit: Presizing for 0 objects not considered by GC, pre-allocating 0 bytes.
[2015.07.29-22.58.03:084][  0]LogInit: Object subsystem initialized
[2015.07.29-22.58.03:084][  0]LogConsoleResponse:Warning: Skipping Unknown console variable: 'TranslucentSortAxis = (X=0.000000,Y=-1.000000,Z=0.000000)'
[2015.07.29-22.58.03:084][  0]LogConsoleResponse:Warning:   Found in ini file 'C:/Users/076271/Desktop/Apps+Games+PixelArt/Games/The Ending/TheEnding/Saved/Config/Windows/Engine.ini', in section '[/Script/Engine.RendererSettings]'
[2015.07.29-22.58.03:084][  0]LogConsoleResponse:Warning: Skipping Unknown console variable: 'UIScaleRule = ShortestSide'
[2015.07.29-22.58.03:084][  0]LogConsoleResponse:Warning:   Found in ini file 'C:/Users/076271/Desktop/Apps+Games+PixelArt/Games/The Ending/TheEnding/Saved/Config/Windows/Engine.ini', in section '[/Script/Engine.RendererSettings]'
[2015.07.29-22.58.03:084][  0]LogConsoleResponse:Warning: Skipping Unknown console variable: 'UIScaleCurve = (EditorCurveData=(Keys=),ExternalCurve=None)'
[2015.07.29-22.58.03:084][  0]LogConsoleResponse:Warning:   Found in ini file 'C:/Users/076271/Desktop/Apps+Games+PixelArt/Games/The Ending/TheEnding/Saved/Config/Windows/Engine.ini', in section '[/Script/Engine.RendererSettings]'
[2015.07.29-22.58.03:100][  0]LogInit: Selected Device Profile: [Windows]
[2015.07.29-22.58.03:100][  0]LogInit: Applying CVar settings loaded from the selected device profile: [Windows]
[2015.07.29-22.58.03:121][  0]LogInit: Computer: TAB-1090
[2015.07.29-22.58.03:121][  0]LogInit: User: 076271
[2015.07.29-22.58.03:121][  0]LogInit: CPU Page size=4096, Cores=2
[2015.07.29-22.58.03:121][  0]LogInit: High frequency timer resolution =1.558894 MHz
[2015.07.29-22.58.03:121][  0]LogMemory: Memory total: Physical=7.9GB (8GB approx)
[2015.07.29-22.58.03:121][  0]LogMemory: Platform Memory Stats for Windows
[2015.07.29-22.58.03:121][  0]LogMemory: Process Physical Memory: 49.66 MB used, 49.66 MB peak
[2015.07.29-22.58.03:121][  0]LogMemory: Process Virtual Memory: 22.23 MB used, 22.23 MB peak
[2015.07.29-22.58.03:121][  0]LogMemory: Physical Memory: 1595.54 MB used, 8097.05 MB total
[2015.07.29-22.58.03:121][  0]LogMemory: Virtual Memory: 290.65 MB used, 134217728.00 MB total
[2015.07.29-22.58.03:274][  0]LogTextLocalizationManager: The requested culture ('en_AU') has no localization data; parent culture's ('en') localization data will be used.
[2015.07.29-22.58.03:574][  0]LogTextLocalizationManager:Warning: Loaded localization resources contain conflicting entries for (Namespace:ContentBrowser, Key:ImportAssetToolTip):
Localization Resource: (C:/Program Files/Epic Games/4.8/Engine/Content/Localization/Editor/en/Editor.locres) Source String Hash: (-630476809) Localized String: (Import to {0}...)
Localization Resource: (C:/Program Files/Epic Games/4.8/Engine/Content/Localization/Editor/en/Editor.locres) Source String Hash: (1271782899) Localized String: (Imports an asset from file to this folder.)
[2015.07.29-22.58.04:016][  0]LogD3D11RHI: Found D3D11 adapter 0: Intel(R) HD Graphics Family (Feature Level 11_0)
[2015.07.29-22.58.04:016][  0]LogD3D11RHI: Adapter has 0MB of dedicated video memory, 0MB of dedicated system memory, and 1792MB of shared system memory, 1 output[s]
[2015.07.29-22.58.04:018][  0]LogD3D11RHI: Found D3D11 adapter 1: Microsoft Basic Render Driver (Feature Level 11_0)
[2015.07.29-22.58.04:018][  0]LogD3D11RHI: Adapter has 0MB of dedicated video memory, 0MB of dedicated system memory, and 256MB of shared system memory, 0 output[s]
[2015.07.29-22.58.04:018][  0]LogD3D11RHI: Chosen D3D11 Adapter Id = 0
[2015.07.29-22.58.04:023][  0]LogD3D11RHI: InitD3DDevice
[2015.07.29-22.58.04:023][  0]LogD3D11RHI: !Direct3DDevice
[2015.07.29-22.58.04:023][  0]LogRHI: Texture pool is 627 MB (70% of 896 MB)
[2015.07.29-22.58.04:031][  0]LogD3D11RHI: Async texture creation enabled
[2015.07.29-22.58.04:060][  0]LogShaderCompilers:Display: Using Local Shader Compiler.
[2015.07.29-22.58.06:503][  0]LogTemp:Display: Loaded TP DesktopTargetPlatform
[2015.07.29-22.58.06:580][  0]LogTemp:Display: Loaded TP WindowsClientTargetPlatform
[2015.07.29-22.58.06:678][  0]LogTemp:Display: Loaded TP WindowsNoEditorTargetPlatform
[2015.07.29-22.58.06:738][  0]LogTemp:Display: Loaded TP WindowsServerTargetPlatform
[2015.07.29-22.58.06:812][  0]LogTemp:Display: Loaded TP WindowsTargetPlatform
[2015.07.29-22.58.06:857][  0]LogTemp:Display: Loaded TP AndroidTargetPlatform
[2015.07.29-22.58.06:901][  0]LogTemp:Display: Loaded TP Android_ASTCTargetPlatform
[2015.07.29-22.58.06:964][  0]LogTemp:Display: Loaded TP Android_ATCTargetPlatform
[2015.07.29-22.58.07:046][  0]LogTemp:Display: Loaded TP Android_DXTTargetPlatform
[2015.07.29-22.58.07:160][  0]LogTemp:Display: Loaded TP Android_ETC1TargetPlatform
[2015.07.29-22.58.07:205][  0]LogTemp:Display: Loaded TP Android_ETC2TargetPlatform
[2015.07.29-22.58.07:233][  0]LogTemp:Display: Loaded TP Android_PVRTCTargetPlatform
[2015.07.29-22.58.07:261][  0]LogTemp:Display: Loaded TP HTML5TargetPlatform
[2015.07.29-22.58.07:358][  0]LogTemp:Display: Loaded TP IOSTargetPlatform
[2015.07.29-22.58.07:407][  0]LogTemp:Display: Loaded TP LinuxNoEditorTargetPlatform
[2015.07.29-22.58.07:453][  0]LogTemp:Display: Loaded TP LinuxServerTargetPlatform
[2015.07.29-22.58.07:490][  0]LogTemp:Display: Loaded TP LinuxTargetPlatform
[2015.07.29-22.58.07:490][  0]LogTargetPlatformManager:Display: Building Assets For Windows
[2015.07.29-22.58.07:990][  0]LogDerivedDataCache:Display: Max Cache Size: 512 MB
[2015.07.29-22.58.08:207][  0]LogDerivedDataCache: Loaded boot cache 0.22s 53MB C:/Users/076271/AppData/Local/UnrealEngine/4.8/DerivedDataCache/Boot.ddc.
[2015.07.29-22.58.08:208][  0]LogDerivedDataCache:Display: Loaded Boot cache: C:/Users/076271/AppData/Local/UnrealEngine/4.8/DerivedDataCache/Boot.ddc
[2015.07.29-22.58.08:208][  0]LogDerivedDataCache: FDerivedDataBackendGraph:  Pak pak cache file ../../../../../../Users/076271/Desktop/Apps+Games+PixelArt/Games/The Ending/TheEnding/DerivedDataCache/DDC.ddp not found, will not use a pak cache.
[2015.07.29-22.58.08:208][  0]LogDerivedDataCache: Unable to find inner node Pak for hierarchical cache Hierarchy.
[2015.07.29-22.58.08:208][  0]LogDerivedDataCache: FDerivedDataBackendGraph:  CompressedPak pak cache file ../../../../../../Users/076271/Desktop/Apps+Games+PixelArt/Games/The Ending/TheEnding/DerivedDataCache/Compressed.ddp not found, will not use a pak cache.
[2015.07.29-22.58.08:209][  0]LogDerivedDataCache: Unable to find inner node CompressedPak for hierarchical cache Hierarchy.
[2015.07.29-22.58.08:590][  0]LogDerivedDataCache:Display: Pak cache opened for reading ../../../Engine/DerivedDataCache/Compressed.ddp.
[2015.07.29-22.58.08:603][  0]LogDerivedDataCache: Using Local data cache path C:/Users/076271/AppData/Local/UnrealEngine/Common/DerivedDataCache: Writable
[2015.07.29-22.58.09:730][  0]LogInit: Selected Device Profile: [Windows]
[2015.07.29-22.58.10:064][  0]ImportText (ComponentSweepMultiTests): Missing closing parenthesis: (RootShapeAsset="/Engine/BasicShapes/Cube.Cube",ShapeType="TriggerCapsule",HitResult=(Time=0.50,Location=(X=-100.000015,Y=0.0,Z=100.000015),ImpactPoint=(X=-50.0,Y=0.0,Z=50.0),Normal=(X=-1.0,Y=-0.0,Z=0.0),ImpactNormal=(X=0.0,Y=0.0,Z=1.0),TraceStart=(X=-200.0,Y=0.0,Z=200.0),TraceEnd=(X=0.0,Y=0.0,Z=0.0))
[2015.07.29-22.58.10:064][  0]ImportText (LineTraceSingleByChannelTests): Missing closing parenthesis: (RootShapeAsset="/Engine/BasicShapes/Cube.Cube",HitResult=(Time=0.50,Location=(X=-100.000015,Y=0.0,Z=100.000015),ImpactPoint=(X=-50.0,Y=0.0,Z=50.0),Normal=(X=-1.0,Y=-0.0,Z=0.0),ImpactNormal=(X=0.0,Y=0.0,Z=1.0),TraceStart=(X=-200.0,Y=0.0,Z=200.0),TraceEnd=(X=0.0,Y=0.0,Z=0.0))
[2015.07.29-22.58.10:151][  0]LogMeshUtilities: No automatic mesh reduction module available
[2015.07.29-22.58.10:151][  0]LogMeshUtilities: No automatic mesh merging module available
[2015.07.29-22.58.10:977][  0]LogInit: WinSock: version 1.1 (2.2), MaxSocks=32767, MaxUdp=65467
[2015.07.29-22.58.13:182][  0]UdpMessaging: Initializing bridge on interface 0.0.0.0:0 to multicast group 230.0.0.1:6666.
[2015.07.29-22.58.13:756][  0]SourceControl: Info Source control is disabled
[2015.07.29-22.58.13:776][  0]SourceControl: Info Source control is disabled
[2015.07.29-22.58.13:793][  0]SourceControl: Info Source control is disabled
[2015.07.29-22.58.13:814][  0]SourceControl: Info Source control is disabled
[2015.07.29-22.58.14:143][  0]LogObj: 26273 objects as part of root set at end of initial load.
[2015.07.29-22.58.14:143][  0]LogUObjectAllocator: 5409248 out of 0 bytes used by permanent object pool.
[2015.07.29-22.58.14:267][  0]LogEngine: Initializing Engine...
[2015.07.29-22.58.14:270][  0]LogHMD: Can't find Oculus library dev build: is proper Runtime installed? Version: 0.6.0.0
[2015.07.29-22.58.14:275][  0]LogHMD:Warning: SteamVR failed to initialize.  Error: 100
[2015.07.29-22.58.14:505][  0]LogAIModule: Creating AISystem for world NewWorld
[2015.07.29-22.58.14:523][  0]LogInit: XAudio2 using 'Speakers / Headphones (Realtek High Definition Audio)' : 2 channels at 48 kHz using 16 bits per sample (channel mask 0x3)
[2015.07.29-22.58.14:872][  0]LogInit: FAudioDevice initialized.
[2015.07.29-22.58.14:910][  0]LogDerivedDataCache: Saved boot cache 0.04s 53MB C:/Users/076271/AppData/Local/UnrealEngine/4.8/DerivedDataCache/Boot.ddc.
[2015.07.29-22.58.14:915][  0]LogInit: Texture streaming: Disabled
[2015.07.29-22.58.14:971][  0]LogAnalytics: Creating configured Analytics provider AnalyticsET
[2015.07.29-22.58.14:972][  0]LogAnalytics: [UEEditor.Rocket.Release] APIServer = http://et2.epicgames.com/ET2/. AppVersion = 4.8.2-2614606+++depot+UE4-Releases+4.8
[2015.07.29-22.58.14:972][  0]LogAnalytics: [UEEditor.Rocket.Release] SetUserId 76c04c81496839754ea32aa1f64fd1dc|0cceb55ada7a48d4a2aa42507710ea50|1bc6e7bf-6992-4f6c-b1ed-24e2f407b47a
[2015.07.29-22.58.14:973][  0]LogAnalytics: [UEEditor.Rocket.Release] AnalyticsET::StartSession
[2015.07.29-22.58.15:011][  0]LogInit: Transaction tracking system initialized
[2015.07.29-22.58.15:211][  0]BlueprintLog: New page: Editor Load
[2015.07.29-22.58.15:262][  0]LogAssetRegistry: FAssetRegistry took 0.0131 seconds to start up
[2015.07.29-22.58.15:281][  0]LogDirectoryWatcher:Warning: Failed to begin reading directory changes for ../../../Engine/Plugins/Experimental/CharacterAI/Content/. Error: 0
[2015.07.29-22.58.16:867][  0]LogConsoleManager:Warning: Console variable 'r.VSync' wasn't set ('GameSetting' has a lower priority than 'SystemSettingsIni')
[2015.07.29-22.58.16:868][  0]LogConsoleResponse:Display: 
[2015.07.29-22.58.17:134][  0]LogCook:Display: Done creating registry. It took  0.00s.
[2015.07.29-22.58.17:483][  0]SourceControl: Info Source control is disabled
[2015.07.29-22.58.17:484][  0]Cmd: MAP LOAD FILE="../../../../../../Users/076271/Desktop/Apps+Games+PixelArt/Games/The Ending/TheEnding/Content/FirstPersonBP/Maps/LevelTest_Test01.umap" TEMPLATE=0 SHOWPROGRESS=1 FEATURELEVEL=3
[2015.07.29-22.58.17:485][  0]LightingResults: New page: Lighting Build
[2015.07.29-22.58.17:508][  0]MapCheck: New page: Map Check
[2015.07.29-22.58.17:508][  0]LightingResults: New page: Lighting Build
[2015.07.29-22.58.17:535][  0]LogParticles: Destroying 0 GPU particle simulations for FXSystem 0x000000471F330B80
[2015.07.29-22.58.18:010][  0]LogProperty:Error: UStructProperty::Serialize Loading: Property 'StructProperty /Game/FirstPersonBP/Blueprints/BPA_MasterItem.BPA_MasterItem_C:ItemData'. Unknown structure.
[2015.07.29-22.58.18:010][  0]LogClass:Warning: Property ItemData of BPA_MasterItem_C struct type mismatch STRUCT_REINST_BPS_ItemData_26/FallbackStruct for package:  ../../../../../../Users/076271/Desktop/Apps+Games+PixelArt/Games/The Ending/TheEnding/Content/FirstPersonBP/Blueprints/BPA_MasterItem.uasset. If that property got renamed, add an ActiveStructRedirect.
[2015.07.29-22.58.18:047][  0]LogClass:Warning: Property ItemData of BPA_MasterItem_C struct type mismatch FallbackStruct/BPS_ItemData for package:  FObjectReader. If that property got renamed, add an ActiveStructRedirect.
[2015.07.29-22.58.19:832][  0]LogAIModule: Creating AISystem for world LevelTest_Test01
[2015.07.29-22.58.19:971][  0]LogEditorServer: Finished looking for orphan Actors (0.000 secs)
[2015.07.29-22.58.22:540][  0]Cmd: MAP CHECKDEP NOCLEARLOG
[2015.07.29-22.58.22:593][  0]MapCheck: Info Map check complete: 0 Error(s), 0 Warning(s), took 52.225ms to complete.
[2015.07.29-22.58.22:593][  0]LogFileHelpers: Loading map 'LevelTest_Test01' took 5.101
[2015.07.29-22.58.22:794][  0]LogCollectionManager: Loaded 0 collections in 0.001874 seconds
[2015.07.29-22.58.22:810][  0]LogContentBrowser: Native class hierarchy populated in 0.0159 seconds. Added 1792 classes and 301 folders.
[2015.07.29-22.58.22:907][  0]LogContentBrowser: Native class hierarchy updated for 'WidgetCarousel' in 0.0006 seconds. Added 0 classes and 0 folders.
[2015.07.29-22.58.22:998][  0]LogContentBrowser: Native class hierarchy updated for 'AddContentDialog' in 0.0006 seconds. Added 0 classes and 0 folders.
[2015.07.29-22.58.23:038][  0]LogContentBrowser: Native class hierarchy updated for 'SceneOutliner' in 0.0007 seconds. Added 1 classes and 2 folders.
[2015.07.29-22.58.23:141][  0]LogCrashTracker: Crashtracker disabled due to settings.
[2015.07.29-22.58.23:149][  0]LogD3D11RHI: InitD3DDevice
[2015.07.29-22.58.23:158][  0]LogUObjectGlobals:Warning: Failed to find object 'Class None.'
[2015.07.29-22.58.23:184][  0]LogLoad: Full Startup: 22.29 seconds (BP compile: 0.49 seconds)
[2015.07.29-22.58.23:596][  0]LogContentStreaming: Texture pool size is 0.000000MB
[2015.07.29-22.58.23:677][  0]LogContentStreaming: Texture pool size now 200 MB
[2015.07.29-22.58.23:898][  0]LogRenderer: Reallocating scene render targets to support 776x376 (Frame:2).
[2015.07.29-22.58.24:697][  2]LogD3D11RHI: InitD3DDevice
[2015.07.29-22.58.25:080][  9]LogAssetRegistry: Asset discovery search completed in 9.8139 seconds
[2015.07.29-22.58.27:597][ 66]LogD3D11RHI: InitD3DDevice
[2015.07.29-22.58.27:685][ 66]LogLinker:Warning: Asset '../../../Engine/Content/ArtTools/RenderToTexture/Macros/RenderToTextureMacros.uasset' has been saved with empty engine version. The asset will be loaded but may be incompatible.
[2015.07.29-22.58.27:825][ 66]LogLinker:Warning: Asset '../../../Engine/Content/ArtTools/RenderToTexture/Enums/RenderToTexture_Enum.uasset' has been saved with empty engine version. The asset will be loaded but may be incompatible.
[2015.07.29-22.58.29:250][ 66]LogD3D11RHI: InitD3DDevice
[2015.07.29-22.58.29:617][ 66]LogD3D11RHI: InitD3DDevice
[2015.07.29-22.58.30:148][ 66]LogD3D11RHI: InitD3DDevice
[2015.07.29-22.58.30:506][ 66]LogD3D11RHI: InitD3DDevice
[2015.07.29-22.58.30:871][ 66]LogD3D11RHI: InitD3DDevice
[2015.07.29-22.58.33:494][183]LogD3D11RHI: InitD3DDevice
[2015.07.29-22.59.11:428][486]LogActorComponent: UnregisterComponent: (/Engine/Transient.EditorFloorComp) Not registered. Aborting.
[2015.07.29-22.59.11:466][486]LogActorComponent: UnregisterComponent: (/Engine/Transient.EditorFloorComp) Not registered. Aborting.
[2015.07.29-22.59.11:520][486]LogWindowsTextInputMethodSystem:Display: IME system now deactivated.
[2015.07.29-22.59.11:520][486]LogWindowsTextInputMethodSystem:Display: IME system now deactivated.
[2015.07.29-22.59.11:927][487]Cmd: QUIT_EDITOR
[2015.07.29-22.59.12:301][487]LogExit: Preparing to exit.
[2015.07.29-22.59.13:466][487]LogExit: Editor shut down
[2015.07.29-22.59.13:467][487]LogExit: Transaction tracking system shut down
[2015.07.29-22.59.13:468][487]LogParticles: Destroying 0 GPU particle simulations for FXSystem 0x0000004715CD82C0
[2015.07.29-22.59.13:469][487]LogParticles: Destroying 0 GPU particle simulations for FXSystem 0x000000474EA3EB60
[2015.07.29-22.59.13:470][487]LogParticles: Destroying 0 GPU particle simulations for FXSystem 0x0000004727098540
[2015.07.29-22.59.13:471][487]LogParticles: Destroying 0 GPU particle simulations for FXSystem 0x0000004751D4D9E0
[2015.07.29-22.59.13:471][487]LogParticles: Destroying 0 GPU particle simulations for FXSystem 0x0000004751D4CCC0
[2015.07.29-22.59.13:474][487]LogParticles: Destroying 0 GPU particle simulations for FXSystem 0x00000047552E1F80
[2015.07.29-22.59.13:474][487]LogParticles: Destroying 0 GPU particle simulations for FXSystem 0x00000047552E19E0
[2015.07.29-22.59.13:474][487]LogParticles: Destroying 0 GPU particle simulations for FXSystem 0x00000047568A27A0
[2015.07.29-22.59.13:474][487]LogParticles: Destroying 0 GPU particle simulations for FXSystem 0x00000047572ECFE0
[2015.07.29-22.59.13:474][487]LogParticles: Destroying 0 GPU particle simulations for FXSystem 0x00000047238E4EA0
[2015.07.29-22.59.13:475][487]LogParticles: Destroying 0 GPU particle simulations for FXSystem 0x0000004758036200
[2015.07.29-22.59.13:475][487]LogParticles: Destroying 0 GPU particle simulations for FXSystem 0x0000004758035C60
[2015.07.29-22.59.13:777][487]LogExit: Object subsystem successfully closed.
[2015.07.29-22.59.13:804][487]LogD3D11RHI: Shutdown
[2015.07.29-22.59.13:804][487]LogD3D11RHI: CleanupD3DDevice
[2015.07.29-22.59.13:859][487]LogD3D11RHI: ~FD3D11DynamicRHI
[2015.07.29-22.59.13:880][487]LogModuleManager: Shutting down and abandoning module SequencerWidgets (189)
[2015.07.29-22.59.13:880][487]LogModuleManager: Shutting down and abandoning module CrashTracker (188)
[2015.07.29-22.59.13:880][487]LogModuleManager: Shutting down and abandoning module SceneOutliner (187)
[2015.07.29-22.59.13:881][487]LogModuleManager: Shutting down and abandoning module SuperSearch (186)
[2015.07.29-22.59.13:881][487]LogModuleManager: Shutting down and abandoning module WidgetCarousel (185)
[2015.07.29-22.59.13:881][487]LogModuleManager: Shutting down and abandoning module AddContentDialog (184)
[2015.07.29-22.59.13:882][487]LogModuleManager: Shutting down and abandoning module EditorWidgets (183)
[2015.07.29-22.59.13:882][487]LogModuleManager: Shutting down and abandoning module CollectionManager (182)
[2015.07.29-22.59.13:882][487]LogModuleManager: Shutting down and abandoning module StatsViewer (181)
[2015.07.29-22.59.13:882][487]LogModuleManager: Shutting down and abandoning module FoliageEdit (180)
[2015.07.29-22.59.13:882][487]LogModuleManager: Shutting down and abandoning module LandscapeEditor (179)
[2015.07.29-22.59.13:883][487]LogModuleManager: Shutting down and abandoning module ActorPickerMode (178)
[2015.07.29-22.59.13:883][487]LogModuleManager: Shutting down and abandoning module GeometryMode (177)
[2015.07.29-22.59.13:883][487]LogModuleManager: Shutting down and abandoning module TextureAlignMode (176)
[2015.07.29-22.59.13:883][487]LogModuleManager: Shutting down and abandoning module BspMode (175)
[2015.07.29-22.59.13:883][487]LogModuleManager: Shutting down and abandoning module PlacementMode (174)
[2015.07.29-22.59.13:883][487]LogModuleManager: Shutting down and abandoning module AutomationWorker (173)
[2015.07.29-22.59.13:883][487]LogModuleManager: Shutting down and abandoning module CharacterAI (172)
[2015.07.29-22.59.13:883][487]LogModuleManager: Shutting down and abandoning module SmartSnapping (171)
[2015.07.29-22.59.13:883][487]LogModuleManager: Shutting down and abandoning module ViewportSnapping (170)
[2015.07.29-22.59.13:883][487]LogModuleManager: Shutting down and abandoning module LogVisualizer (169)
[2015.07.29-22.59.13:883][487]LogModuleManager: Shutting down and abandoning module GameProjectGeneration (168)
[2015.07.29-22.59.13:884][487]LogModuleManager: Shutting down and abandoning module IntroTutorials (167)
[2015.07.29-22.59.13:884][487]LogModuleManager: Shutting down and abandoning module EditorLiveStreaming (166)
[2015.07.29-22.59.13:884][487]LogModuleManager: Shutting down and abandoning module IOSPlatformEditor (165)
[2015.07.29-22.59.13:884][487]LogModuleManager: Shutting down and abandoning module HTML5PlatformEditor (164)
[2015.07.29-22.59.13:884][487]LogModuleManager: Shutting down and abandoning module AndroidDeviceDetection (163)
[2015.07.29-22.59.14:260][487]LogModuleManager: Shutting down and abandoning module AndroidPlatformEditor (162)
[2015.07.29-22.59.14:260][487]LogModuleManager: Shutting down and abandoning module IOSRuntimeSettings (161)
[2015.07.29-22.59.14:260][487]LogModuleManager: Shutting down and abandoning module AndroidRuntimeSettings (160)
[2015.07.29-22.59.14:260][487]LogModuleManager: Shutting down and abandoning module MergeActors (159)
[2015.07.29-22.59.14:261][487]LogModuleManager: Shutting down and abandoning module SizeMap (158)
[2015.07.29-22.59.14:261][487]LogModuleManager: Shutting down and abandoning module TreeMap (157)
[2015.07.29-22.59.14:261][487]LogModuleManager: Shutting down and abandoning module ReferenceViewer (156)
[2015.07.29-22.59.14:261][487]LogModuleManager: Shutting down and abandoning module LocalizationDashboard (155)
[2015.07.29-22.59.14:261][487]LogModuleManager: Shutting down and abandoning module HardwareTargeting (154)
[2015.07.29-22.59.14:261][487]LogModuleManager: Shutting down and abandoning module DeviceProfileEditor (153)
[2015.07.29-22.59.14:261][487]LogModuleManager: Shutting down and abandoning module UndoHistory (152)
[2015.07.29-22.59.14:261][487]LogModuleManager: Shutting down and abandoning module GameplayTagsEditor (151)
[2015.07.29-22.59.14:261][487]LogModuleManager: Shutting down and abandoning module UserFeedback (150)
[2015.07.29-22.59.14:261][487]LogModuleManager: Shutting down and abandoning module XmlParser (149)
[2015.07.29-22.59.14:261][487]LogModuleManager: Shutting down and abandoning module Blutility (148)
[2015.07.29-22.59.14:261][487]LogModuleManager: Shutting down and abandoning module ProjectTargetPlatformEditor (147)
[2015.07.29-22.59.14:262][487]LogModuleManager: Shutting down and abandoning module ProjectSettingsViewer (146)
[2015.07.29-22.59.14:262][487]LogModuleManager: Shutting down and abandoning module InputBindingEditor (145)
[2015.07.29-22.59.14:262][487]LogModuleManager: Shutting down and abandoning module EditorSettingsViewer (144)
[2015.07.29-22.59.14:262][487]LogModuleManager: Shutting down and abandoning module SettingsEditor (143)
[2015.07.29-22.59.14:262][487]LogModuleManager: Shutting down and abandoning module ProjectLauncher (142)
[2015.07.29-22.59.14:262][487]LogModuleManager: Shutting down and abandoning module SessionFrontend (141)
[2015.07.29-22.59.14:262][487]LogModuleManager: Shutting down and abandoning module ProfilerClient (140)
[2015.07.29-22.59.14:262][487]LogModuleManager: Shutting down and abandoning module TargetDeviceServices (139)
[2015.07.29-22.59.14:262][487]LogModuleManager: Shutting down and abandoning module DeviceManager (138)
[2015.07.29-22.59.14:262][487]LogModuleManager: Shutting down and abandoning module AutomationController (137)
[2015.07.29-22.59.14:263][487]LogModuleManager: Shutting down and abandoning module AutomationWindow (136)
[2015.07.29-22.59.14:263][487]LogModuleManager: Shutting down and abandoning module Layers (135)
[2015.07.29-22.59.14:265][487]LogModuleManager: Shutting down and abandoning module ComponentVisualizers (134)
[2015.07.29-22.59.14:265][487]LogModuleManager: Shutting down and abandoning module DetailCustomizations (133)
[2015.07.29-22.59.14:265][487]LogModuleManager: Shutting down and abandoning module PackagesDialog (132)
[2015.07.29-22.59.14:265][487]LogModuleManager: Shutting down and abandoning module AssetRegistry (131)
[2015.07.29-22.59.14:355][487]LogModuleManager: Shutting down and abandoning module Persona (130)
[2015.07.29-22.59.14:356][487]LogModuleManager: Shutting down and abandoning module Kismet (129)
[2015.07.29-22.59.14:356][487]LogModuleManager: Shutting down and abandoning module GraphEditor (128)
[2015.07.29-22.59.14:356][487]LogModuleManager: Shutting down and abandoning module ClassViewer (127)
[2015.07.29-22.59.14:356][487]LogModuleManager: Shutting down and abandoning module Toolbox (126)
[2015.07.29-22.59.14:356][487]LogModuleManager: Shutting down and abandoning module ModuleUI (125)
[2015.07.29-22.59.14:357][487]LogModuleManager: Shutting down and abandoning module MovieSceneTools (124)
[2015.07.29-22.59.14:357][487]LogModuleManager: Shutting down and abandoning module OutputLog (123)
[2015.07.29-22.59.14:357][487]LogModuleManager: Shutting down and abandoning module GammaUI (122)
[2015.07.29-22.59.14:357][487]LogModuleManager: Shutting down and abandoning module Documentation (121)
[2015.07.29-22.59.14:357][487]LogModuleManager: Shutting down and abandoning module GameLiveStreaming (120)
[2015.07.29-22.59.14:357][487]LogModuleManager: Shutting down and abandoning module StreamingPauseRendering (119)
[2015.07.29-22.59.14:357][487]LogModuleManager: Shutting down and abandoning module AnalyticsET (118)
[2015.07.29-22.59.14:357][487]LogModuleManager: Shutting down and abandoning module Analytics (117)
[2015.07.29-22.59.14:357][487]LogModuleManager: Shutting down and abandoning module AITestSuite (116)
[2015.07.29-22.59.14:357][487]LogModuleManager: Shutting down and abandoning module GameplayDebugger (115)
[2015.07.29-22.59.14:357][487]LogModuleManager: Shutting down and abandoning module AIModule (114)
[2015.07.29-22.59.14:357][487]LogModuleManager: Shutting down and abandoning module ProfilerService (113)
[2015.07.29-22.59.14:409][487]LogModuleManager: Shutting down and abandoning module TaskGraph (112)
[2015.07.29-22.59.14:410][487]LogModuleManager: Shutting down and abandoning module SlateRemote (111)
[2015.07.29-22.59.14:410][487]LogModuleManager: Shutting down and abandoning module SteamVRController (110)
[2015.07.29-22.59.14:410][487]LogModuleManager: Shutting down and abandoning module SteamVR (109)
[2015.07.29-22.59.14:410][487]LogModuleManager: Shutting down and abandoning module ProceduralMeshComponent (108)
[2015.07.29-22.59.14:410][487]LogModuleManager: Shutting down and abandoning module OculusRift (107)
[2015.07.29-22.59.14:410][487]LogModuleManager: Shutting down and abandoning module LeapMotionController (106)
[2015.07.29-22.59.14:421][487]LogModuleManager: Shutting down and abandoning module CustomMeshComponent (105)
[2015.07.29-22.59.14:421][487]LogModuleManager: Shutting down and abandoning module CableComponent (104)
[2015.07.29-22.59.14:421][487]LogModuleManager: Shutting down and abandoning module MessagingDebugger (103)
[2015.07.29-22.59.14:422][487]LogModuleManager: Shutting down and abandoning module MediaPlayerEditor (102)
[2015.07.29-22.59.14:422][487]LogModuleManager: Shutting down and abandoning module SpeedTreeImporter (101)
[2015.07.29-22.59.14:422][487]LogModuleManager: Shutting down and abandoning module PluginBrowser (100)
[2015.07.29-22.59.14:422][487]LogModuleManager: Shutting down and abandoning module EpicSurvey (99)
[2015.07.29-22.59.14:422][487]LogModuleManager: Shutting down and abandoning module DesktopPlatform (98)
[2015.07.29-22.59.14:422][487]LogModuleManager: Shutting down and abandoning module VisualStudioSourceCodeAccess (97)
[2015.07.29-22.59.14:423][487]LogModuleManager: Shutting down and abandoning module UObjectPlugin (96)
[2015.07.29-22.59.14:423][487]LogModuleManager: Shutting down and abandoning module SubversionSourceControl (95)
[2015.07.29-22.59.14:423][487]LogModuleManager: Shutting down and abandoning module PerforceSourceControl (94)
[2015.07.29-22.59.14:423][487]LogModuleManager: Shutting down and abandoning module SourceControl (93)
[2015.07.29-22.59.14:423][487]LogModuleManager: Shutting down and abandoning module GitSourceControl (92)
[2015.07.29-22.59.14:423][487]LogModuleManager: Shutting down and abandoning module BlankPlugin (91)
[2015.07.29-22.59.14:423][487]LogModuleManager: Shutting down and abandoning module PaperTiledImporter (90)
[2015.07.29-22.59.14:423][487]LogModuleManager: Shutting down and abandoning module PaperSpriteSheetImporter (89)
[2015.07.29-22.59.14:423][487]LogModuleManager: Shutting down and abandoning module MeshPaint (88)
[2015.07.29-22.59.14:423][487]LogModuleManager: Shutting down and abandoning module SlateReflector (87)
[2015.07.29-22.59.14:424][487]LogModuleManager: Shutting down and abandoning module DirectoryWatcher (86)
[2015.07.29-22.59.14:424][487]LogModuleManager: Shutting down and abandoning module HotReload (85)
[2015.07.29-22.59.14:424][487]LogModuleManager: Shutting down and abandoning module MainFrame (84)
[2015.07.29-22.59.14:424][487]LogModuleManager: Shutting down and abandoning module LevelEditor (83)
[2015.07.29-22.59.14:426][487]LogModuleManager: Shutting down and abandoning module ContentBrowser (82)
[2015.07.29-22.59.14:428][487]LogModuleManager: Shutting down and abandoning module Paper2DEditor (81)
[2015.07.29-22.59.14:428][487]LogModuleManager: Shutting down and abandoning module UdpMessaging (80)
[2015.07.29-22.59.14:530][487]LogModuleManager: Shutting down and abandoning module Paper2D (79)
[2015.07.29-22.59.14:530][487]LogModuleManager: Shutting down and abandoning module WindowsMoviePlayer (78)
[2015.07.29-22.59.14:535][487]LogModuleManager: Shutting down and abandoning module Media (77)
[2015.07.29-22.59.14:535][487]LogModuleManager: Shutting down and abandoning module WmfMedia (76)
[2015.07.29-22.59.14:536][487]LogModuleManager: Shutting down and abandoning module OnlineBlueprintSupport (75)
[2015.07.29-22.59.14:536][487]LogModuleManager: Shutting down and abandoning module PropertyEditor (74)
[2015.07.29-22.59.14:536][487]LogModuleManager: Shutting down and abandoning module BehaviorTreeEditor (73)
[2015.07.29-22.59.14:537][487]LogModuleManager: Shutting down and abandoning module FunctionalTesting (72)
[2015.07.29-22.59.14:537][487]LogModuleManager: Shutting down and abandoning module CollisionAnalyzer (71)
[2015.07.29-22.59.14:537][487]LogModuleManager: Shutting down and abandoning module WorkspaceMenuStructure (70)
[2015.07.29-22.59.14:537][487]LogModuleManager: Shutting down and abandoning module MessageLog (69)
[2015.07.29-22.59.14:537][487]LogModuleManager: Shutting down and abandoning module Sequencer (68)
[2015.07.29-22.59.14:537][487]LogModuleManager: Shutting down and abandoning module AssetTools (67)
[2015.07.29-22.59.14:539][487]LogModuleManager: Shutting down and abandoning module UMGEditor (66)
[2015.07.29-22.59.14:539][487]LogModuleManager: Shutting down and abandoning module UMG (65)
[2015.07.29-22.59.14:539][487]LogModuleManager: Shutting down and abandoning module Slate (64)
[2015.07.29-22.59.14:539][487]LogModuleManager: Shutting down and abandoning module EditorStyle (63)
[2015.07.29-22.59.14:542][487]LogModuleManager: Shutting down and abandoning module SessionServices (62)
[2015.07.29-22.59.14:542][487]LogModuleManager: Shutting down and abandoning module SourceCodeAccess (61)
[2015.07.29-22.59.14:542][487]LogModuleManager: Shutting down and abandoning module HeadMountedDisplay (60)
[2015.07.29-22.59.14:542][487]LogModuleManager: Shutting down and abandoning module XAudio2 (59)
[2015.07.29-22.59.14:542][487]LogModuleManager: Shutting down and abandoning module Networking (57)
[2015.07.29-22.59.14:542][487]LogModuleManager: Shutting down and abandoning module Core (56)
[2015.07.29-22.59.14:542][487]LogModuleManager: Shutting down and abandoning module KismetCompiler (55)
[2015.07.29-22.59.14:542][487]LogModuleManager: Shutting down and abandoning module PhysXFormats (54)
[2015.07.29-22.59.14:542][487]LogModuleManager: Shutting down and abandoning module MeshUtilities (53)
[2015.07.29-22.59.14:543][487]LogModuleManager: Shutting down and abandoning module DerivedDataCache (52)
[2015.07.29-22.59.14:778][487]LogDerivedDataCache: Shutdown
[2015.07.29-22.59.14:778][487]LogModuleManager: Shutting down and abandoning module ShaderFormatOpenGL (51)
[2015.07.29-22.59.14:778][487]LogModuleManager: Shutting down and abandoning module ShaderFormatD3D (50)
[2015.07.29-22.59.14:778][487]LogModuleManager: Shutting down and abandoning module MetalShaderFormat (49)
[2015.07.29-22.59.14:779][487]LogModuleManager: Shutting down and abandoning module TextureFormatUncompressed (48)
[2015.07.29-22.59.14:779][487]LogModuleManager: Shutting down and abandoning module TextureFormatPVR (47)
[2015.07.29-22.59.14:779][487]LogModuleManager: Shutting down and abandoning module TextureFormatIntelISPCTexComp (46)
[2015.07.29-22.59.14:779][487]LogModuleManager: Shutting down and abandoning module TextureFormatDXT (45)
[2015.07.29-22.59.14:779][487]LogModuleManager: Shutting down and abandoning module ImageWrapper (44)
[2015.07.29-22.59.14:779][487]LogModuleManager: Shutting down and abandoning module TextureFormatASTC (43)
[2015.07.29-22.59.14:779][487]LogModuleManager: Shutting down and abandoning module TextureFormatAndroid (42)
[2015.07.29-22.59.14:779][487]LogModuleManager: Shutting down and abandoning module AudioFormatOpus (41)
[2015.07.29-22.59.14:779][487]LogModuleManager: Shutting down and abandoning module AudioFormatOgg (40)
[2015.07.29-22.59.14:779][487]LogModuleManager: Shutting down and abandoning module AudioFormatADPCM (39)
[2015.07.29-22.59.14:779][487]LogModuleManager: Shutting down and abandoning module LinuxTargetPlatform (38)
[2015.07.29-22.59.14:779][487]LogModuleManager: Shutting down and abandoning module LinuxServerTargetPlatform (37)
[2015.07.29-22.59.14:779][487]LogModuleManager: Shutting down and abandoning module LinuxNoEditorTargetPlatform (36)
[2015.07.29-22.59.14:779][487]LogModuleManager: Shutting down and abandoning module Messaging (35)
[2015.07.29-22.59.14:779][487]LogModuleManager: Shutting down and abandoning module IOSTargetPlatform (34)
[2015.07.29-22.59.14:779][487]LogModuleManager: Shutting down and abandoning module HTML5TargetPlatform (33)
[2015.07.29-22.59.14:779][487]LogModuleManager: Shutting down and abandoning module Android_PVRTCTargetPlatform (32)
[2015.07.29-22.59.14:779][487]LogModuleManager: Shutting down and abandoning module Android_ETC2TargetPlatform (31)
[2015.07.29-22.59.14:779][487]LogModuleManager: Shutting down and abandoning module Android_ETC1TargetPlatform (30)
[2015.07.29-22.59.14:779][487]LogModuleManager: Shutting down and abandoning module Android_DXTTargetPlatform (29)
[2015.07.29-22.59.14:779][487]LogModuleManager: Shutting down and abandoning module Android_ATCTargetPlatform (28)
[2015.07.29-22.59.14:779][487]LogModuleManager: Shutting down and abandoning module Android_ASTCTargetPlatform (27)
[2015.07.29-22.59.14:779][487]LogModuleManager: Shutting down and abandoning module AndroidTargetPlatform (26)
[2015.07.29-22.59.14:779][487]LogModuleManager: Shutting down and abandoning module WindowsTargetPlatform (25)
[2015.07.29-22.59.14:779][487]LogModuleManager: Shutting down and abandoning module WindowsServerTargetPlatform (24)
[2015.07.29-22.59.14:779][487]LogModuleManager: Shutting down and abandoning module WindowsNoEditorTargetPlatform (23)
[2015.07.29-22.59.14:779][487]LogModuleManager: Shutting down and abandoning module WindowsClientTargetPlatform (22)
[2015.07.29-22.59.14:779][487]LogModuleManager: Shutting down and abandoning module DesktopTargetPlatform (21)
[2015.07.29-22.59.14:779][487]LogModuleManager: Shutting down and abandoning module TargetPlatform (20)
[2015.07.29-22.59.14:780][487]LogModuleManager: Shutting down and abandoning module InputCore (19)
[2015.07.29-22.59.14:780][487]LogModuleManager: Shutting down and abandoning module Settings (18)
[2015.07.29-22.59.14:780][487]LogModuleManager: Shutting down and abandoning module OnlineSubsystem (16)
[2015.07.29-22.59.14:780][487]LogModuleManager: Shutting down and abandoning module HTTP (15)
[2015.07.29-22.59.14:780][487]LogModuleManager: Shutting down and abandoning module ExampleDeviceProfileSelector (14)
[2015.07.29-22.59.14:780][487]LogModuleManager: Shutting down and abandoning module TextureCompressor (13)
[2015.07.29-22.59.14:780][487]LogModuleManager: Shutting down and abandoning module ShaderCore (12)
[2015.07.29-22.59.14:780][487]LogModuleManager: Shutting down and abandoning module Landscape (11)
[2015.07.29-22.59.14:780][487]LogModuleManager: Shutting down and abandoning module SlateRHIRenderer (10)
[2015.07.29-22.59.14:782][487]LogModuleManager: Shutting down and abandoning module OpenGLDrv (9)
[2015.07.29-22.59.14:783][487]LogModuleManager: Shutting down and abandoning module D3D11RHI (8)
[2015.07.29-22.59.14:783][487]LogModuleManager: Shutting down and abandoning module Renderer (7)
[2015.07.29-22.59.14:783][487]LogModuleManager: Shutting down and abandoning module Engine (6)
[2015.07.29-22.59.14:783][487]LogModuleManager: Shutting down and abandoning module CoreUObject (5)
[2015.07.29-22.59.14:783][487]LogModuleManager: Shutting down and abandoning module NetworkFile (4)
[2015.07.29-22.59.14:783][487]LogModuleManager: Shutting down and abandoning module StreamingFile (3)
[2015.07.29-22.59.14:783][487]LogModuleManager: Shutting down and abandoning module SandboxFile (2)
[2015.07.29-22.59.14:783][487]LogModuleManager: Shutting down and abandoning module PakFile (1)
[2015.07.29-22.59.14:784][487]LogExit: Exiting.
[2015.07.29-22.59.14:785][487]Log file closed, 07/30/15 08:59:14
