[2015.07.29-06.38.17:240][  0]Log file open, 07/29/15 16:38:17
[2015.07.29-06.38.17:240][  0]LogInit:Display: Running engine for game: TheEnding
[2015.07.29-06.38.17:241][  0]LogInit:Display: RandInit(1653992730) SRandInit(1653992730).
[2015.07.29-06.38.17:241][  0]LogTaskGraph: Started task graph with 4 named threads and 5 total threads.
[2015.07.29-06.38.17:241][  0]LogStats: Stats thread started
[2015.07.29-06.38.17:241][  0]LogInit: Version: 4.8.2-2614606+++depot+UE4-Releases+4.8
[2015.07.29-06.38.17:241][  0]LogInit: API Version: 2579680
[2015.07.29-06.38.17:241][  0]LogInit: Compiled (64-bit): Jul  8 2015 23:43:41
[2015.07.29-06.38.17:241][  0]LogInit: Compiled with Visual C++: 18.00.21005.01
[2015.07.29-06.38.17:241][  0]LogInit: Build Configuration: Development
[2015.07.29-06.38.17:241][  0]LogInit: Branch Name: ++depot+UE4-Releases+4.8
[2015.07.29-06.38.17:241][  0]LogInit: Command line:  /Temp/Autosaves/Game/FirstPersonBP/Maps/UEDPCLevelTest_Test01 -game -PIEVIACONSOLE -ResX=1280 -ResY=720  -Multiprocess 
[2015.07.29-06.38.17:241][  0]LogInit: Base directory: C:/Program Files/Epic Games/4.8/Engine/Binaries/Win64/
[2015.07.29-06.38.17:241][  0]LogInit: Rocket: 1
[2015.07.29-06.38.17:258][  0]LogInit: Using libcurl 7.41.0
[2015.07.29-06.38.17:258][  0]LogInit:  - built for x86_64-pc-win32
[2015.07.29-06.38.17:258][  0]LogInit:  - supports SSL with WinSSL
[2015.07.29-06.38.17:258][  0]LogInit:  - other features:
[2015.07.29-06.38.17:258][  0]LogInit:      CURL_VERSION_SSL
[2015.07.29-06.38.17:258][  0]LogInit:      CURL_VERSION_IPV6
[2015.07.29-06.38.17:258][  0]LogInit:      CURL_VERSION_ASYNCHDNS
[2015.07.29-06.38.17:258][  0]LogInit:      CURL_VERSION_LARGEFILE
[2015.07.29-06.38.17:258][  0]LogInit:      CURL_VERSION_IDN
[2015.07.29-06.38.17:258][  0]LogInit:  CurlRequestOptions (configurable via config and command line):
[2015.07.29-06.38.17:258][  0]LogInit:  - bVerifyPeer = true  - Libcurl will verify peer certificate
[2015.07.29-06.38.17:258][  0]LogInit:  - bUseHttpProxy = false  - Libcurl will NOT use HTTP proxy
[2015.07.29-06.38.17:258][  0]LogInit:  - bDontReuseConnections = false  - Libcurl will reuse connections
[2015.07.29-06.38.17:258][  0]LogInit:  - CertBundlePath = nullptr  - Libcurl will use whatever was configured at build time.
[2015.07.29-06.38.17:270][  0]LogOnline:Warning: No default platform service specified for OnlineSubsystem
[2015.07.29-06.38.17:284][  0]LogInit: Presizing for 0 objects not considered by GC, pre-allocating 0 bytes.
[2015.07.29-06.38.17:293][  0]LogInit: Object subsystem initialized
[2015.07.29-06.38.17:295][  0]LogConsoleResponse:Warning: Skipping Unknown console variable: 'TranslucentSortAxis = (X=0.000000,Y=-1.000000,Z=0.000000)'
[2015.07.29-06.38.17:295][  0]LogConsoleResponse:Warning:   Found in ini file 'C:/Users/076271/Desktop/Apps+Games+PixelArt/Games/The Ending/TheEnding/Saved/Config/Windows/Engine.ini', in section '[/Script/Engine.RendererSettings]'
[2015.07.29-06.38.17:295][  0]LogConsoleResponse:Warning: Skipping Unknown console variable: 'UIScaleRule = ShortestSide'
[2015.07.29-06.38.17:295][  0]LogConsoleResponse:Warning:   Found in ini file 'C:/Users/076271/Desktop/Apps+Games+PixelArt/Games/The Ending/TheEnding/Saved/Config/Windows/Engine.ini', in section '[/Script/Engine.RendererSettings]'
[2015.07.29-06.38.17:295][  0]LogConsoleResponse:Warning: Skipping Unknown console variable: 'UIScaleCurve = (EditorCurveData=(Keys=),ExternalCurve=None)'
[2015.07.29-06.38.17:295][  0]LogConsoleResponse:Warning:   Found in ini file 'C:/Users/076271/Desktop/Apps+Games+PixelArt/Games/The Ending/TheEnding/Saved/Config/Windows/Engine.ini', in section '[/Script/Engine.RendererSettings]'
[2015.07.29-06.38.17:295][  0]LogInit: Selected Device Profile: [Windows]
[2015.07.29-06.38.17:295][  0]LogInit: Applying CVar settings loaded from the selected device profile: [Windows]
[2015.07.29-06.38.17:299][  0]LogInit: Computer: TAB-1090
[2015.07.29-06.38.17:299][  0]LogInit: User: 076271
[2015.07.29-06.38.17:299][  0]LogInit: CPU Page size=4096, Cores=2
[2015.07.29-06.38.17:299][  0]LogInit: High frequency timer resolution =1.558894 MHz
[2015.07.29-06.38.17:299][  0]LogMemory: Memory total: Physical=7.9GB (8GB approx)
[2015.07.29-06.38.17:299][  0]LogMemory: Platform Memory Stats for Windows
[2015.07.29-06.38.17:299][  0]LogMemory: Process Physical Memory: 49.41 MB used, 49.41 MB peak
[2015.07.29-06.38.17:299][  0]LogMemory: Process Virtual Memory: 22.24 MB used, 22.24 MB peak
[2015.07.29-06.38.17:299][  0]LogMemory: Physical Memory: 3519.94 MB used, 8097.05 MB total
[2015.07.29-06.38.17:299][  0]LogMemory: Virtual Memory: 290.65 MB used, 134217728.00 MB total
[2015.07.29-06.38.17:336][  0]LogTextLocalizationManager: The requested culture ('en_AU') has no localization data; parent culture's ('en') localization data will be used.
[2015.07.29-06.38.17:633][  0]LogTextLocalizationManager:Warning: Loaded localization resources contain conflicting entries for (Namespace:ContentBrowser, Key:ImportAssetToolTip):
Localization Resource: (C:/Program Files/Epic Games/4.8/Engine/Content/Localization/Editor/en/Editor.locres) Source String Hash: (-630476809) Localized String: (Import to {0}...)
Localization Resource: (C:/Program Files/Epic Games/4.8/Engine/Content/Localization/Editor/en/Editor.locres) Source String Hash: (1271782899) Localized String: (Imports an asset from file to this folder.)
[2015.07.29-06.38.18:196][  0]LogD3D11RHI: Found D3D11 adapter 0: Intel(R) HD Graphics Family (Feature Level 11_0)
[2015.07.29-06.38.18:196][  0]LogD3D11RHI: Adapter has 0MB of dedicated video memory, 0MB of dedicated system memory, and 1792MB of shared system memory, 1 output[s]
[2015.07.29-06.38.18:197][  0]LogD3D11RHI: Found D3D11 adapter 1: Microsoft Basic Render Driver (Feature Level 11_0)
[2015.07.29-06.38.18:197][  0]LogD3D11RHI: Adapter has 0MB of dedicated video memory, 0MB of dedicated system memory, and 256MB of shared system memory, 0 output[s]
[2015.07.29-06.38.18:197][  0]LogD3D11RHI: Chosen D3D11 Adapter Id = 0
[2015.07.29-06.38.18:202][  0]LogD3D11RHI: InitD3DDevice
[2015.07.29-06.38.18:202][  0]LogD3D11RHI: !Direct3DDevice
[2015.07.29-06.38.18:202][  0]LogRHI: Texture pool is 627 MB (70% of 896 MB)
[2015.07.29-06.38.18:210][  0]LogD3D11RHI: Async texture creation enabled
[2015.07.29-06.38.18:218][  0]LogShaderCompilers:Display: Using Local Shader Compiler.
[2015.07.29-06.38.20:177][  0]LogTemp:Display: Loaded TP DesktopTargetPlatform
[2015.07.29-06.38.20:203][  0]LogTemp:Display: Loaded TP WindowsClientTargetPlatform
[2015.07.29-06.38.20:224][  0]LogTemp:Display: Loaded TP WindowsNoEditorTargetPlatform
[2015.07.29-06.38.20:242][  0]LogTemp:Display: Loaded TP WindowsServerTargetPlatform
[2015.07.29-06.38.20:260][  0]LogTemp:Display: Loaded TP WindowsTargetPlatform
[2015.07.29-06.38.20:273][  0]LogTemp:Display: Loaded TP AndroidTargetPlatform
[2015.07.29-06.38.20:286][  0]LogTemp:Display: Loaded TP Android_ASTCTargetPlatform
[2015.07.29-06.38.20:298][  0]LogTemp:Display: Loaded TP Android_ATCTargetPlatform
[2015.07.29-06.38.20:311][  0]LogTemp:Display: Loaded TP Android_DXTTargetPlatform
[2015.07.29-06.38.20:323][  0]LogTemp:Display: Loaded TP Android_ETC1TargetPlatform
[2015.07.29-06.38.20:336][  0]LogTemp:Display: Loaded TP Android_ETC2TargetPlatform
[2015.07.29-06.38.20:350][  0]LogTemp:Display: Loaded TP Android_PVRTCTargetPlatform
[2015.07.29-06.38.20:363][  0]LogTemp:Display: Loaded TP HTML5TargetPlatform
[2015.07.29-06.38.20:400][  0]LogTemp:Display: Loaded TP IOSTargetPlatform
[2015.07.29-06.38.20:529][  0]LogTemp:Display: Loaded TP LinuxNoEditorTargetPlatform
[2015.07.29-06.38.20:563][  0]LogTemp:Display: Loaded TP LinuxServerTargetPlatform
[2015.07.29-06.38.20:590][  0]LogTemp:Display: Loaded TP LinuxTargetPlatform
[2015.07.29-06.38.20:590][  0]LogTargetPlatformManager:Display: Building Assets For Windows
[2015.07.29-06.38.20:809][  0]LogDerivedDataCache:Display: Max Cache Size: 512 MB
[2015.07.29-06.38.20:873][  0]LogDerivedDataCache: Loaded boot cache 0.06s 53MB C:/Users/076271/AppData/Local/UnrealEngine/4.8/DerivedDataCache/Boot.ddc.
[2015.07.29-06.38.20:874][  0]LogDerivedDataCache:Display: Loaded Boot cache: C:/Users/076271/AppData/Local/UnrealEngine/4.8/DerivedDataCache/Boot.ddc
[2015.07.29-06.38.20:874][  0]LogDerivedDataCache: FDerivedDataBackendGraph:  Pak pak cache file ../../../../../../Users/076271/Desktop/Apps+Games+PixelArt/Games/The Ending/TheEnding/DerivedDataCache/DDC.ddp not found, will not use a pak cache.
[2015.07.29-06.38.20:874][  0]LogDerivedDataCache: Unable to find inner node Pak for hierarchical cache Hierarchy.
[2015.07.29-06.38.20:874][  0]LogDerivedDataCache: FDerivedDataBackendGraph:  CompressedPak pak cache file ../../../../../../Users/076271/Desktop/Apps+Games+PixelArt/Games/The Ending/TheEnding/DerivedDataCache/Compressed.ddp not found, will not use a pak cache.
[2015.07.29-06.38.20:874][  0]LogDerivedDataCache: Unable to find inner node CompressedPak for hierarchical cache Hierarchy.
[2015.07.29-06.38.21:080][  0]LogDerivedDataCache:Display: Pak cache opened for reading ../../../Engine/DerivedDataCache/Compressed.ddp.
[2015.07.29-06.38.21:092][  0]LogDerivedDataCache: Using Local data cache path C:/Users/076271/AppData/Local/UnrealEngine/Common/DerivedDataCache: Writable
[2015.07.29-06.38.21:355][  0]LogInit: Selected Device Profile: [Windows]
[2015.07.29-06.38.21:464][  0]ImportText (ComponentSweepMultiTests): Missing closing parenthesis: (RootShapeAsset="/Engine/BasicShapes/Cube.Cube",ShapeType="TriggerCapsule",HitResult=(Time=0.50,Location=(X=-100.000015,Y=0.0,Z=100.000015),ImpactPoint=(X=-50.0,Y=0.0,Z=50.0),Normal=(X=-1.0,Y=-0.0,Z=0.0),ImpactNormal=(X=0.0,Y=0.0,Z=1.0),TraceStart=(X=-200.0,Y=0.0,Z=200.0),TraceEnd=(X=0.0,Y=0.0,Z=0.0))
[2015.07.29-06.38.21:464][  0]ImportText (LineTraceSingleByChannelTests): Missing closing parenthesis: (RootShapeAsset="/Engine/BasicShapes/Cube.Cube",HitResult=(Time=0.50,Location=(X=-100.000015,Y=0.0,Z=100.000015),ImpactPoint=(X=-50.0,Y=0.0,Z=50.0),Normal=(X=-1.0,Y=-0.0,Z=0.0),ImpactNormal=(X=0.0,Y=0.0,Z=1.0),TraceStart=(X=-200.0,Y=0.0,Z=200.0),TraceEnd=(X=0.0,Y=0.0,Z=0.0))
[2015.07.29-06.38.21:492][  0]LogMeshUtilities: No automatic mesh reduction module available
[2015.07.29-06.38.21:492][  0]LogMeshUtilities: No automatic mesh merging module available
[2015.07.29-06.38.22:010][  0]LogInit: WinSock: version 1.1 (2.2), MaxSocks=32767, MaxUdp=65467
[2015.07.29-06.38.22:470][  0]LogD3D11RHI: InitD3DDevice
[2015.07.29-06.38.22:476][  0]LogWindowsMoviePlayer: Unable to load movie: ../../../../../../Users/076271/Desktop/Apps+Games+PixelArt/Games/The Ending/TheEnding/Content/Movies/Default_Startup.mp4
[2015.07.29-06.38.22:631][  0]SourceControl: Info Source control is disabled
[2015.07.29-06.38.22:632][  0]SourceControl: Info Source control is disabled
[2015.07.29-06.38.22:643][  0]SourceControl: Info Source control is disabled
[2015.07.29-06.38.22:830][  0]LogObj: 25781 objects as part of root set at end of initial load.
[2015.07.29-06.38.22:830][  0]LogUObjectAllocator: 5195968 out of 0 bytes used by permanent object pool.
[2015.07.29-06.38.22:910][  0]LogAutomationTest:Warning: ERR: Transient text cannot be serialized "Testing Transient serialization detection".
[2015.07.29-06.38.22:911][  0]LogEngine: Initializing Engine...
[2015.07.29-06.38.22:914][  0]LogHMD: Can't find Oculus library dev build: is proper Runtime installed? Version: 0.6.0.0
[2015.07.29-06.38.22:916][  0]LogHMD:Warning: SteamVR failed to initialize.  Error: 100
[2015.07.29-06.38.23:066][  0]LogInit: XAudio2 using 'Speakers / Headphones (Realtek High Definition Audio)' : 2 channels at 48 kHz using 16 bits per sample (channel mask 0x3)
[2015.07.29-06.38.23:078][  0]LogInit: FAudioDevice initialized.
[2015.07.29-06.38.23:083][  0]LogInit: Texture streaming: Disabled
[2015.07.29-06.38.23:353][  0]LogNet: Browse: /Temp/Autosaves/Game/FirstPersonBP/Maps/UEDPCLevelTest_Test01?Name=Player
[2015.07.29-06.38.23:353][  0]LogLoad: LoadMap: /Temp/Autosaves/Game/FirstPersonBP/Maps/UEDPCLevelTest_Test01?Name=Player
[2015.07.29-06.38.23:373][  0]LogParticles: Destroying 0 GPU particle simulations for FXSystem 0x000000F31D793560
[2015.07.29-06.38.23:392][  0]LogMemory: Platform Memory Stats for Windows
[2015.07.29-06.38.23:392][  0]LogMemory: Process Physical Memory: 358.70 MB used, 358.70 MB peak
[2015.07.29-06.38.23:392][  0]LogMemory: Process Virtual Memory: 306.47 MB used, 309.44 MB peak
[2015.07.29-06.38.23:392][  0]LogMemory: Physical Memory: 3807.61 MB used, 8097.05 MB total
[2015.07.29-06.38.23:392][  0]LogMemory: Virtual Memory: 803.94 MB used, 134217728.00 MB total
[2015.07.29-06.38.23:392][  0]LogMemory: 
[2015.07.29-06.38.23:392][  0]Allocator Stats for TBB: (not implemented)
[2015.07.29-06.38.23:802][  0]LogProperty:Error: UStructProperty::Serialize Loading: Property 'StructProperty /Game/FirstPersonBP/Blueprints/BPA_MasterItem.BPA_MasterItem_C:ItemData'. Unknown structure.
[2015.07.29-06.38.23:804][  0]LogClass:Warning: Property ItemData of BPA_MasterItem_C struct type mismatch STRUCT_REINST_BPS_ItemData_6/FallbackStruct for package:  ../../../../../../Users/076271/Desktop/Apps+Games+PixelArt/Games/The Ending/TheEnding/Content/FirstPersonBP/Blueprints/BPA_MasterItem.uasset. If that property got renamed, add an ActiveStructRedirect.
[2015.07.29-06.38.23:836][  0]LogClass:Warning: Property ItemData of BPA_MasterItem_C struct type mismatch FallbackStruct/BPS_ItemData for package:  FObjectReader. If that property got renamed, add an ActiveStructRedirect.
[2015.07.29-06.38.25:987][  0]LogAIModule: Creating AISystem for world LevelTest_Test01
[2015.07.29-06.38.26:018][  0]LogProperty:Error: UStructProperty::Serialize Loading: Property 'StructProperty /Game/FirstPersonBP/Widgets/BPW_InventoryItemButton.BPW_InventoryItemButton_C:ItemData'. Unknown structure.
[2015.07.29-06.38.26:096][  0]LogUObjectGlobals:Warning: Attempted to create a package with a short package name: ObjectProperty_1199 Outer: NullOuter
[2015.07.29-06.38.26:096][  0]LogLinker:Warning: ObjectProperty_1199 has an inappropriate outermost, it was probably saved with a deprecated outer (file: ../../../../../../Users/076271/Desktop/Apps+Games+PixelArt/Games/The Ending/TheEnding/Content/FirstPersonBP/Widgets/BPW_InventoryItemButton.uasset)
[2015.07.29-06.38.26:097][  0]LogClass:Warning: Property ItemData of BPW_InventoryItemButton_C struct type mismatch STRUCT_REINST_BPS_ItemData_6/FallbackStruct for package:  ../../../../../../Users/076271/Desktop/Apps+Games+PixelArt/Games/The Ending/TheEnding/Content/FirstPersonBP/Widgets/BPW_InventoryItemButton.uasset. If that property got renamed, add an ActiveStructRedirect.
[2015.07.29-06.38.26:141][  0]LogClass:Warning: Property ItemData of BPW_InventoryItemButton_C struct type mismatch FallbackStruct/BPS_ItemData for package:  FObjectReader. If that property got renamed, add an ActiveStructRedirect.
[2015.07.29-06.38.26:962][  0]LogWorld: Game class is 'BPG_TheEnding_C'
[2015.07.29-06.38.30:267][  0]LogWorld: Bringing World /Temp/Autosaves/Game/FirstPersonBP/Maps/UEDPCLevelTest_Test01.LevelTest_Test01 up for play (max tick rate 0) at 2015.07.29-16.38.30
[2015.07.29-06.38.30:269][  0]LogWorld: Bringing up level for play took: 0.184008
[2015.07.29-06.38.30:284][  0]LogInit:Display: Game Engine Initialized.
[2015.07.29-06.38.30:568][  0]LogAssetRegistry: FAssetRegistry took 0.0002 seconds to start up
[2015.07.29-06.38.30:568][  0]LogLoad: Full Startup: 14.94 seconds (BP compile: 0.97 seconds)
[2015.07.29-06.38.30:585][  0]LogWindowsTextInputMethodSystem:Display: IME system now deactivated.
[2015.07.29-06.38.30:587][  0]LogWindowsTextInputMethodSystem:Display: IME system now deactivated.
[2015.07.29-06.38.30:668][  0]LogRenderer: Reallocating scene render targets to support 128x128 (Frame:1).
[2015.07.29-06.38.31:035][  0]LogContentStreaming: Texture pool size is 200.000000MB
[2015.07.29-06.38.31:236][  1]LogRenderer: Reallocating scene render targets to support 640x360 (Frame:2).
[2015.07.29-06.38.34:809][135]LogArray:Warning: Attempted to get an item from array Inventory out of bounds [-1/0]!
[2015.07.29-06.38.34:810][135]LogArray:Warning: Attempted to get an item from array Inventory out of bounds [-1/0]!
[2015.07.29-06.38.34:815][136]LogArray:Warning: Attempted to get an item from array Inventory out of bounds [-1/0]!
[2015.07.29-06.38.34:815][136]LogArray:Warning: Attempted to get an item from array Inventory out of bounds [-1/0]!
[2015.07.29-06.38.34:832][137]LogArray:Warning: Attempted to get an item from array Inventory out of bounds [-1/0]!
[2015.07.29-06.38.34:832][137]LogArray:Warning: Attempted to get an item from array Inventory out of bounds [-1/0]!
[2015.07.29-06.38.34:848][138]LogArray:Warning: Attempted to get an item from array Inventory out of bounds [-1/0]!
[2015.07.29-06.38.34:848][138]LogArray:Warning: Attempted to get an item from array Inventory out of bounds [-1/0]!
[2015.07.29-06.38.34:863][139]LogArray:Warning: Attempted to get an item from array Inventory out of bounds [-1/0]!
[2015.07.29-06.38.34:863][139]LogArray:Warning: Attempted to get an item from array Inventory out of bounds [-1/0]!
[2015.07.29-06.38.34:879][140]LogArray:Warning: Attempted to get an item from array Inventory out of bounds [-1/0]!
[2015.07.29-06.38.34:879][140]LogArray:Warning: Attempted to get an item from array Inventory out of bounds [-1/0]!
[2015.07.29-06.38.34:895][141]LogArray:Warning: Attempted to get an item from array Inventory out of bounds [-1/0]!
[2015.07.29-06.38.34:895][141]LogArray:Warning: Attempted to get an item from array Inventory out of bounds [-1/0]!
[2015.07.29-06.38.34:911][142]LogArray:Warning: Attempted to get an item from array Inventory out of bounds [-1/0]!
[2015.07.29-06.38.34:911][142]LogArray:Warning: Attempted to get an item from array Inventory out of bounds [-1/0]!
[2015.07.29-06.38.34:931][143]LogArray:Warning: Attempted to get an item from array Inventory out of bounds [-1/0]!
[2015.07.29-06.38.34:932][143]LogArray:Warning: Attempted to get an item from array Inventory out of bounds [-1/0]!
[2015.07.29-06.38.34:975][144]LogArray:Warning: Attempted to get an item from array Inventory out of bounds [-1/0]!
[2015.07.29-06.38.34:975][144]LogArray:Warning: Attempted to get an item from array Inventory out of bounds [-1/0]!
[2015.07.29-06.38.35:004][145]LogArray:Warning: Attempted to get an item from array Inventory out of bounds [-1/0]!
[2015.07.29-06.38.35:005][145]LogArray:Warning: Attempted to get an item from array Inventory out of bounds [-1/0]!
[2015.07.29-06.38.35:035][146]LogArray:Warning: Attempted to get an item from array Inventory out of bounds [-1/0]!
[2015.07.29-06.38.35:036][146]LogArray:Warning: Attempted to get an item from array Inventory out of bounds [-1/0]!
[2015.07.29-06.38.35:070][147]LogArray:Warning: Attempted to get an item from array Inventory out of bounds [-1/0]!
[2015.07.29-06.38.35:070][147]LogArray:Warning: Attempted to get an item from array Inventory out of bounds [-1/0]!
[2015.07.29-06.38.35:090][148]LogArray:Warning: Attempted to get an item from array Inventory out of bounds [-1/0]!
[2015.07.29-06.38.35:090][148]LogArray:Warning: Attempted to get an item from array Inventory out of bounds [-1/0]!
[2015.07.29-06.38.35:106][149]LogArray:Warning: Attempted to get an item from array Inventory out of bounds [-1/0]!
[2015.07.29-06.38.35:106][149]LogArray:Warning: Attempted to get an item from array Inventory out of bounds [-1/0]!
[2015.07.29-06.38.35:122][150]LogArray:Warning: Attempted to get an item from array Inventory out of bounds [-1/0]!
[2015.07.29-06.38.35:122][150]LogArray:Warning: Attempted to get an item from array Inventory out of bounds [-1/0]!
[2015.07.29-06.38.35:159][151]LogArray:Warning: Attempted to get an item from array Inventory out of bounds [-1/0]!
[2015.07.29-06.38.35:160][151]LogArray:Warning: Attempted to get an item from array Inventory out of bounds [-1/0]!
[2015.07.29-06.38.35:238][152]LogArray:Warning: Attempted to get an item from array Inventory out of bounds [-1/0]!
[2015.07.29-06.38.35:238][152]LogArray:Warning: Attempted to get an item from array Inventory out of bounds [-1/0]!
[2015.07.29-06.38.35:260][153]LogArray:Warning: Attempted to get an item from array Inventory out of bounds [-1/0]!
[2015.07.29-06.38.35:260][153]LogArray:Warning: Attempted to get an item from array Inventory out of bounds [-1/0]!
[2015.07.29-06.38.35:280][154]LogArray:Warning: Attempted to get an item from array Inventory out of bounds [-1/0]!
[2015.07.29-06.38.35:280][154]LogArray:Warning: Attempted to get an item from array Inventory out of bounds [-1/0]!
[2015.07.29-06.38.35:303][155]LogArray:Warning: Attempted to get an item from array Inventory out of bounds [-1/0]!
[2015.07.29-06.38.35:304][155]LogArray:Warning: Attempted to get an item from array Inventory out of bounds [-1/0]!
[2015.07.29-06.38.35:360][156]LogArray:Warning: Attempted to get an item from array Inventory out of bounds [-1/0]!
[2015.07.29-06.38.35:360][156]LogArray:Warning: Attempted to get an item from array Inventory out of bounds [-1/0]!
[2015.07.29-06.38.35:413][157]LogArray:Warning: Attempted to get an item from array Inventory out of bounds [-1/0]!
[2015.07.29-06.38.35:413][157]LogArray:Warning: Attempted to get an item from array Inventory out of bounds [-1/0]!
[2015.07.29-06.38.35:429][158]LogArray:Warning: Attempted to get an item from array Inventory out of bounds [-1/0]!
[2015.07.29-06.38.35:429][158]LogArray:Warning: Attempted to get an item from array Inventory out of bounds [-1/0]!
[2015.07.29-06.38.35:444][159]LogArray:Warning: Attempted to get an item from array Inventory out of bounds [-1/0]!
[2015.07.29-06.38.35:444][159]LogArray:Warning: Attempted to get an item from array Inventory out of bounds [-1/0]!
[2015.07.29-06.38.35:461][160]LogArray:Warning: Attempted to get an item from array Inventory out of bounds [-1/0]!
[2015.07.29-06.38.35:461][160]LogArray:Warning: Attempted to get an item from array Inventory out of bounds [-1/0]!
[2015.07.29-06.38.35:477][161]LogArray:Warning: Attempted to get an item from array Inventory out of bounds [-1/0]!
[2015.07.29-06.38.35:477][161]LogArray:Warning: Attempted to get an item from array Inventory out of bounds [-1/0]!
[2015.07.29-06.38.35:494][162]LogArray:Warning: Attempted to get an item from array Inventory out of bounds [-1/0]!
[2015.07.29-06.38.35:494][162]LogArray:Warning: Attempted to get an item from array Inventory out of bounds [-1/0]!
[2015.07.29-06.38.35:517][163]LogArray:Warning: Attempted to get an item from array Inventory out of bounds [-1/0]!
[2015.07.29-06.38.35:519][163]LogArray:Warning: Attempted to get an item from array Inventory out of bounds [-1/0]!
[2015.07.29-06.38.35:556][164]LogArray:Warning: Attempted to get an item from array Inventory out of bounds [-1/0]!
[2015.07.29-06.38.35:557][164]LogArray:Warning: Attempted to get an item from array Inventory out of bounds [-1/0]!
[2015.07.29-06.38.35:614][165]LogArray:Warning: Attempted to get an item from array Inventory out of bounds [-1/0]!
[2015.07.29-06.38.35:615][165]LogArray:Warning: Attempted to get an item from array Inventory out of bounds [-1/0]!
[2015.07.29-06.38.35:651][166]LogArray:Warning: Attempted to get an item from array Inventory out of bounds [-1/0]!
[2015.07.29-06.38.35:653][166]LogArray:Warning: Attempted to get an item from array Inventory out of bounds [-1/0]!
[2015.07.29-06.38.35:672][167]LogArray:Warning: Attempted to get an item from array Inventory out of bounds [-1/0]!
[2015.07.29-06.38.35:672][167]LogArray:Warning: Attempted to get an item from array Inventory out of bounds [-1/0]!
[2015.07.29-06.38.35:736][168]LogArray:Warning: Attempted to get an item from array Inventory out of bounds [-1/0]!
[2015.07.29-06.38.35:736][168]LogArray:Warning: Attempted to get an item from array Inventory out of bounds [-1/0]!
[2015.07.29-06.38.35:768][169]LogArray:Warning: Attempted to get an item from array Inventory out of bounds [-1/0]!
[2015.07.29-06.38.35:768][169]LogArray:Warning: Attempted to get an item from array Inventory out of bounds [-1/0]!
[2015.07.29-06.38.35:785][170]LogArray:Warning: Attempted to get an item from array Inventory out of bounds [-1/0]!
[2015.07.29-06.38.35:785][170]LogArray:Warning: Attempted to get an item from array Inventory out of bounds [-1/0]!
[2015.07.29-06.38.35:801][171]LogArray:Warning: Attempted to get an item from array Inventory out of bounds [-1/0]!
[2015.07.29-06.38.35:801][171]LogArray:Warning: Attempted to get an item from array Inventory out of bounds [-1/0]!
[2015.07.29-06.38.35:832][172]LogArray:Warning: Attempted to get an item from array Inventory out of bounds [-1/0]!
[2015.07.29-06.38.35:833][172]LogArray:Warning: Attempted to get an item from array Inventory out of bounds [-1/0]!
[2015.07.29-06.38.35:889][173]LogArray:Warning: Attempted to get an item from array Inventory out of bounds [-1/0]!
[2015.07.29-06.38.35:889][173]LogArray:Warning: Attempted to get an item from array Inventory out of bounds [-1/0]!
[2015.07.29-06.38.35:900][174]LogArray:Warning: Attempted to get an item from array Inventory out of bounds [-1/0]!
[2015.07.29-06.38.35:900][174]LogArray:Warning: Attempted to get an item from array Inventory out of bounds [-1/0]!
[2015.07.29-06.38.35:919][175]LogArray:Warning: Attempted to get an item from array Inventory out of bounds [-1/0]!
[2015.07.29-06.38.35:920][175]LogArray:Warning: Attempted to get an item from array Inventory out of bounds [-1/0]!
[2015.07.29-06.38.35:935][176]LogArray:Warning: Attempted to get an item from array Inventory out of bounds [-1/0]!
[2015.07.29-06.38.35:935][176]LogArray:Warning: Attempted to get an item from array Inventory out of bounds [-1/0]!
[2015.07.29-06.38.35:951][177]LogArray:Warning: Attempted to get an item from array Inventory out of bounds [-1/0]!
[2015.07.29-06.38.35:951][177]LogArray:Warning: Attempted to get an item from array Inventory out of bounds [-1/0]!
[2015.07.29-06.38.35:970][178]LogArray:Warning: Attempted to get an item from array Inventory out of bounds [-1/0]!
[2015.07.29-06.38.35:970][178]LogArray:Warning: Attempted to get an item from array Inventory out of bounds [-1/0]!
[2015.07.29-06.38.35:990][179]LogArray:Warning: Attempted to get an item from array Inventory out of bounds [-1/0]!
[2015.07.29-06.38.35:990][179]LogArray:Warning: Attempted to get an item from array Inventory out of bounds [-1/0]!
[2015.07.29-06.38.36:033][180]LogArray:Warning: Attempted to get an item from array Inventory out of bounds [-1/0]!
[2015.07.29-06.38.36:033][180]LogArray:Warning: Attempted to get an item from array Inventory out of bounds [-1/0]!
[2015.07.29-06.38.36:065][181]LogArray:Warning: Attempted to get an item from array Inventory out of bounds [-1/0]!
[2015.07.29-06.38.36:065][181]LogArray:Warning: Attempted to get an item from array Inventory out of bounds [-1/0]!
[2015.07.29-06.38.37:282][230]LogArray:Warning: Attempted to remove an item from an invalid index from array Inventory [-1/0]!
[2015.07.29-06.38.37:292][230]LogArray:Warning: Attempted to get an item from array Inventory out of bounds [-1/0]!
[2015.07.29-06.38.37:292][230]LogArray:Warning: Attempted to get an item from array Inventory out of bounds [-1/0]!
[2015.07.29-06.38.37:292][230]LogArray:Warning: Attempted to get an item from array Inventory out of bounds [-1/0]!
[2015.07.29-06.38.37:292][230]LogArray:Warning: Attempted to get an item from array Inventory out of bounds [-1/0]!
[2015.07.29-06.38.37:303][231]LogArray:Warning: Attempted to get an item from array Inventory out of bounds [-1/0]!
[2015.07.29-06.38.37:303][231]LogArray:Warning: Attempted to get an item from array Inventory out of bounds [-1/0]!
[2015.07.29-06.38.37:303][231]LogArray:Warning: Attempted to get an item from array Inventory out of bounds [-1/0]!
[2015.07.29-06.38.37:303][231]LogArray:Warning: Attempted to get an item from array Inventory out of bounds [-1/0]!
[2015.07.29-06.38.37:321][232]LogArray:Warning: Attempted to get an item from array Inventory out of bounds [-1/0]!
[2015.07.29-06.38.37:321][232]LogArray:Warning: Attempted to get an item from array Inventory out of bounds [-1/0]!
[2015.07.29-06.38.37:322][232]LogArray:Warning: Attempted to get an item from array Inventory out of bounds [-1/0]!
[2015.07.29-06.38.37:322][232]LogArray:Warning: Attempted to get an item from array Inventory out of bounds [-1/0]!
[2015.07.29-06.38.37:337][233]LogArray:Warning: Attempted to get an item from array Inventory out of bounds [-1/0]!
[2015.07.29-06.38.37:337][233]LogArray:Warning: Attempted to get an item from array Inventory out of bounds [-1/0]!
[2015.07.29-06.38.37:338][233]LogArray:Warning: Attempted to get an item from array Inventory out of bounds [-1/0]!
[2015.07.29-06.38.37:338][233]LogArray:Warning: Attempted to get an item from array Inventory out of bounds [-1/0]!
[2015.07.29-06.38.37:354][234]LogArray:Warning: Attempted to get an item from array Inventory out of bounds [-1/0]!
[2015.07.29-06.38.37:354][234]LogArray:Warning: Attempted to get an item from array Inventory out of bounds [-1/0]!
[2015.07.29-06.38.37:354][234]LogArray:Warning: Attempted to get an item from array Inventory out of bounds [-1/0]!
[2015.07.29-06.38.37:354][234]LogArray:Warning: Attempted to get an item from array Inventory out of bounds [-1/0]!
[2015.07.29-06.38.37:369][235]LogArray:Warning: Attempted to get an item from array Inventory out of bounds [-1/0]!
[2015.07.29-06.38.37:369][235]LogArray:Warning: Attempted to get an item from array Inventory out of bounds [-1/0]!
[2015.07.29-06.38.37:369][235]LogArray:Warning: Attempted to get an item from array Inventory out of bounds [-1/0]!
[2015.07.29-06.38.37:369][235]LogArray:Warning: Attempted to get an item from array Inventory out of bounds [-1/0]!
[2015.07.29-06.38.37:385][236]LogArray:Warning: Attempted to get an item from array Inventory out of bounds [-1/0]!
[2015.07.29-06.38.37:385][236]LogArray:Warning: Attempted to get an item from array Inventory out of bounds [-1/0]!
[2015.07.29-06.38.37:385][236]LogArray:Warning: Attempted to get an item from array Inventory out of bounds [-1/0]!
[2015.07.29-06.38.37:385][236]LogArray:Warning: Attempted to get an item from array Inventory out of bounds [-1/0]!
[2015.07.29-06.38.37:416][237]LogArray:Warning: Attempted to get an item from array Inventory out of bounds [-1/0]!
[2015.07.29-06.38.37:421][237]LogArray:Warning: Attempted to get an item from array Inventory out of bounds [-1/0]!
[2015.07.29-06.38.37:423][237]LogArray:Warning: Attempted to get an item from array Inventory out of bounds [-1/0]!
[2015.07.29-06.38.37:424][237]LogArray:Warning: Attempted to get an item from array Inventory out of bounds [-1/0]!
[2015.07.29-06.38.37:461][238]LogArray:Warning: Attempted to get an item from array Inventory out of bounds [-1/0]!
[2015.07.29-06.38.37:461][238]LogArray:Warning: Attempted to get an item from array Inventory out of bounds [-1/0]!
[2015.07.29-06.38.37:467][238]LogArray:Warning: Attempted to get an item from array Inventory out of bounds [-1/0]!
[2015.07.29-06.38.37:468][238]LogArray:Warning: Attempted to get an item from array Inventory out of bounds [-1/0]!
[2015.07.29-06.38.37:509][239]LogArray:Warning: Attempted to get an item from array Inventory out of bounds [-1/0]!
[2015.07.29-06.38.37:510][239]LogArray:Warning: Attempted to get an item from array Inventory out of bounds [-1/0]!
[2015.07.29-06.38.37:527][240]LogArray:Warning: Attempted to get an item from array Inventory out of bounds [-1/0]!
[2015.07.29-06.38.37:527][240]LogArray:Warning: Attempted to get an item from array Inventory out of bounds [-1/0]!
[2015.07.29-06.38.37:551][241]LogArray:Warning: Attempted to get an item from array Inventory out of bounds [-1/0]!
[2015.07.29-06.38.37:551][241]LogArray:Warning: Attempted to get an item from array Inventory out of bounds [-1/0]!
[2015.07.29-06.38.37:569][242]LogArray:Warning: Attempted to get an item from array Inventory out of bounds [-1/0]!
[2015.07.29-06.38.37:569][242]LogArray:Warning: Attempted to get an item from array Inventory out of bounds [-1/0]!
[2015.07.29-06.38.37:584][243]LogArray:Warning: Attempted to get an item from array Inventory out of bounds [-1/0]!
[2015.07.29-06.38.37:584][243]LogArray:Warning: Attempted to get an item from array Inventory out of bounds [-1/0]!
[2015.07.29-06.38.37:600][244]LogArray:Warning: Attempted to get an item from array Inventory out of bounds [-1/0]!
[2015.07.29-06.38.37:600][244]LogArray:Warning: Attempted to get an item from array Inventory out of bounds [-1/0]!
[2015.07.29-06.38.37:616][245]LogArray:Warning: Attempted to get an item from array Inventory out of bounds [-1/0]!
[2015.07.29-06.38.37:616][245]LogArray:Warning: Attempted to get an item from array Inventory out of bounds [-1/0]!
[2015.07.29-06.38.37:632][246]LogArray:Warning: Attempted to get an item from array Inventory out of bounds [-1/0]!
[2015.07.29-06.38.37:632][246]LogArray:Warning: Attempted to get an item from array Inventory out of bounds [-1/0]!
[2015.07.29-06.38.37:649][247]LogArray:Warning: Attempted to get an item from array Inventory out of bounds [-1/0]!
[2015.07.29-06.38.37:649][247]LogArray:Warning: Attempted to get an item from array Inventory out of bounds [-1/0]!
[2015.07.29-06.38.37:678][248]LogArray:Warning: Attempted to get an item from array Inventory out of bounds [-1/0]!
[2015.07.29-06.38.37:678][248]LogArray:Warning: Attempted to get an item from array Inventory out of bounds [-1/0]!
[2015.07.29-06.38.37:708][249]LogArray:Warning: Attempted to get an item from array Inventory out of bounds [-1/0]!
[2015.07.29-06.38.37:709][249]LogArray:Warning: Attempted to get an item from array Inventory out of bounds [-1/0]!
[2015.07.29-06.38.37:749][250]LogArray:Warning: Attempted to get an item from array Inventory out of bounds [-1/0]!
[2015.07.29-06.38.37:750][250]LogArray:Warning: Attempted to get an item from array Inventory out of bounds [-1/0]!
[2015.07.29-06.38.37:782][251]LogArray:Warning: Attempted to get an item from array Inventory out of bounds [-1/0]!
[2015.07.29-06.38.37:783][251]LogArray:Warning: Attempted to get an item from array Inventory out of bounds [-1/0]!
[2015.07.29-06.38.37:804][252]LogArray:Warning: Attempted to get an item from array Inventory out of bounds [-1/0]!
[2015.07.29-06.38.37:804][252]LogArray:Warning: Attempted to get an item from array Inventory out of bounds [-1/0]!
[2015.07.29-06.38.37:821][253]LogArray:Warning: Attempted to get an item from array Inventory out of bounds [-1/0]!
[2015.07.29-06.38.37:822][253]LogArray:Warning: Attempted to get an item from array Inventory out of bounds [-1/0]!
[2015.07.29-06.38.37:837][254]LogArray:Warning: Attempted to get an item from array Inventory out of bounds [-1/0]!
[2015.07.29-06.38.37:837][254]LogArray:Warning: Attempted to get an item from array Inventory out of bounds [-1/0]!
[2015.07.29-06.38.37:854][255]LogArray:Warning: Attempted to get an item from array Inventory out of bounds [-1/0]!
[2015.07.29-06.38.37:854][255]LogArray:Warning: Attempted to get an item from array Inventory out of bounds [-1/0]!
[2015.07.29-06.38.37:877][256]LogArray:Warning: Attempted to get an item from array Inventory out of bounds [-1/0]!
[2015.07.29-06.38.37:877][256]LogArray:Warning: Attempted to get an item from array Inventory out of bounds [-1/0]!
[2015.07.29-06.38.37:903][257]LogArray:Warning: Attempted to get an item from array Inventory out of bounds [-1/0]!
[2015.07.29-06.38.37:904][257]LogArray:Warning: Attempted to get an item from array Inventory out of bounds [-1/0]!
[2015.07.29-06.38.37:945][258]LogArray:Warning: Attempted to get an item from array Inventory out of bounds [-1/0]!
[2015.07.29-06.38.37:945][258]LogArray:Warning: Attempted to get an item from array Inventory out of bounds [-1/0]!
[2015.07.29-06.38.37:992][259]LogArray:Warning: Attempted to get an item from array Inventory out of bounds [-1/0]!
[2015.07.29-06.38.37:992][259]LogArray:Warning: Attempted to get an item from array Inventory out of bounds [-1/0]!
[2015.07.29-06.38.38:013][260]LogArray:Warning: Attempted to get an item from array Inventory out of bounds [-1/0]!
[2015.07.29-06.38.38:013][260]LogArray:Warning: Attempted to get an item from array Inventory out of bounds [-1/0]!
[2015.07.29-06.38.38:030][261]LogArray:Warning: Attempted to get an item from array Inventory out of bounds [-1/0]!
[2015.07.29-06.38.38:030][261]LogArray:Warning: Attempted to get an item from array Inventory out of bounds [-1/0]!
[2015.07.29-06.38.38:045][262]LogArray:Warning: Attempted to get an item from array Inventory out of bounds [-1/0]!
[2015.07.29-06.38.38:045][262]LogArray:Warning: Attempted to get an item from array Inventory out of bounds [-1/0]!
[2015.07.29-06.38.38:064][263]LogArray:Warning: Attempted to get an item from array Inventory out of bounds [-1/0]!
[2015.07.29-06.38.38:064][263]LogArray:Warning: Attempted to get an item from array Inventory out of bounds [-1/0]!
[2015.07.29-06.38.38:106][264]LogArray:Warning: Attempted to get an item from array Inventory out of bounds [-1/0]!
[2015.07.29-06.38.38:106][264]LogArray:Warning: Attempted to get an item from array Inventory out of bounds [-1/0]!
[2015.07.29-06.38.38:132][265]LogArray:Warning: Attempted to get an item from array Inventory out of bounds [-1/0]!
[2015.07.29-06.38.38:133][265]LogArray:Warning: Attempted to get an item from array Inventory out of bounds [-1/0]!
[2015.07.29-06.38.38:153][266]LogArray:Warning: Attempted to get an item from array Inventory out of bounds [-1/0]!
[2015.07.29-06.38.38:153][266]LogArray:Warning: Attempted to get an item from array Inventory out of bounds [-1/0]!
[2015.07.29-06.38.38:214][267]LogArray:Warning: Attempted to get an item from array Inventory out of bounds [-1/0]!
[2015.07.29-06.38.38:214][267]LogArray:Warning: Attempted to get an item from array Inventory out of bounds [-1/0]!
[2015.07.29-06.38.38:235][268]LogArray:Warning: Attempted to get an item from array Inventory out of bounds [-1/0]!
[2015.07.29-06.38.38:235][268]LogArray:Warning: Attempted to get an item from array Inventory out of bounds [-1/0]!
[2015.07.29-06.38.38:251][269]LogArray:Warning: Attempted to get an item from array Inventory out of bounds [-1/0]!
[2015.07.29-06.38.38:251][269]LogArray:Warning: Attempted to get an item from array Inventory out of bounds [-1/0]!
[2015.07.29-06.38.38:268][270]LogArray:Warning: Attempted to get an item from array Inventory out of bounds [-1/0]!
[2015.07.29-06.38.38:268][270]LogArray:Warning: Attempted to get an item from array Inventory out of bounds [-1/0]!
[2015.07.29-06.38.38:285][271]LogArray:Warning: Attempted to get an item from array Inventory out of bounds [-1/0]!
[2015.07.29-06.38.38:285][271]LogArray:Warning: Attempted to get an item from array Inventory out of bounds [-1/0]!
[2015.07.29-06.38.38:300][272]LogArray:Warning: Attempted to get an item from array Inventory out of bounds [-1/0]!
[2015.07.29-06.38.38:300][272]LogArray:Warning: Attempted to get an item from array Inventory out of bounds [-1/0]!
[2015.07.29-06.38.38:317][273]LogArray:Warning: Attempted to get an item from array Inventory out of bounds [-1/0]!
[2015.07.29-06.38.38:317][273]LogArray:Warning: Attempted to get an item from array Inventory out of bounds [-1/0]!
[2015.07.29-06.38.38:333][274]LogArray:Warning: Attempted to get an item from array Inventory out of bounds [-1/0]!
[2015.07.29-06.38.38:333][274]LogArray:Warning: Attempted to get an item from array Inventory out of bounds [-1/0]!
[2015.07.29-06.38.38:350][275]LogArray:Warning: Attempted to get an item from array Inventory out of bounds [-1/0]!
[2015.07.29-06.38.38:350][275]LogArray:Warning: Attempted to get an item from array Inventory out of bounds [-1/0]!
[2015.07.29-06.38.38:366][276]LogArray:Warning: Attempted to get an item from array Inventory out of bounds [-1/0]!
[2015.07.29-06.38.38:366][276]LogArray:Warning: Attempted to get an item from array Inventory out of bounds [-1/0]!
[2015.07.29-06.38.38:417][277]LogArray:Warning: Attempted to get an item from array Inventory out of bounds [-1/0]!
[2015.07.29-06.38.38:418][277]LogArray:Warning: Attempted to get an item from array Inventory out of bounds [-1/0]!
[2015.07.29-06.38.38:444][278]LogArray:Warning: Attempted to get an item from array Inventory out of bounds [-1/0]!
[2015.07.29-06.38.38:445][278]LogArray:Warning: Attempted to get an item from array Inventory out of bounds [-1/0]!
[2015.07.29-06.38.38:478][279]LogArray:Warning: Attempted to get an item from array Inventory out of bounds [-1/0]!
[2015.07.29-06.38.38:479][279]LogArray:Warning: Attempted to get an item from array Inventory out of bounds [-1/0]!
[2015.07.29-06.38.38:531][280]LogArray:Warning: Attempted to get an item from array Inventory out of bounds [-1/0]!
[2015.07.29-06.38.38:531][280]LogArray:Warning: Attempted to get an item from array Inventory out of bounds [-1/0]!
[2015.07.29-06.38.38:550][281]LogArray:Warning: Attempted to get an item from array Inventory out of bounds [-1/0]!
[2015.07.29-06.38.38:550][281]LogArray:Warning: Attempted to get an item from array Inventory out of bounds [-1/0]!
[2015.07.29-06.38.38:568][282]LogArray:Warning: Attempted to get an item from array Inventory out of bounds [-1/0]!
[2015.07.29-06.38.38:568][282]LogArray:Warning: Attempted to get an item from array Inventory out of bounds [-1/0]!
[2015.07.29-06.38.38:584][283]LogArray:Warning: Attempted to get an item from array Inventory out of bounds [-1/0]!
[2015.07.29-06.38.38:584][283]LogArray:Warning: Attempted to get an item from array Inventory out of bounds [-1/0]!
[2015.07.29-06.38.38:600][284]LogArray:Warning: Attempted to get an item from array Inventory out of bounds [-1/0]!
[2015.07.29-06.38.38:600][284]LogArray:Warning: Attempted to get an item from array Inventory out of bounds [-1/0]!
[2015.07.29-06.38.38:617][285]LogArray:Warning: Attempted to get an item from array Inventory out of bounds [-1/0]!
[2015.07.29-06.38.38:617][285]LogArray:Warning: Attempted to get an item from array Inventory out of bounds [-1/0]!
[2015.07.29-06.38.38:633][286]LogArray:Warning: Attempted to get an item from array Inventory out of bounds [-1/0]!
[2015.07.29-06.38.38:633][286]LogArray:Warning: Attempted to get an item from array Inventory out of bounds [-1/0]!
[2015.07.29-06.38.38:649][287]LogArray:Warning: Attempted to get an item from array Inventory out of bounds [-1/0]!
[2015.07.29-06.38.38:649][287]LogArray:Warning: Attempted to get an item from array Inventory out of bounds [-1/0]!
[2015.07.29-06.38.38:667][288]LogArray:Warning: Attempted to get an item from array Inventory out of bounds [-1/0]!
[2015.07.29-06.38.38:667][288]LogArray:Warning: Attempted to get an item from array Inventory out of bounds [-1/0]!
[2015.07.29-06.38.38:708][289]LogArray:Warning: Attempted to get an item from array Inventory out of bounds [-1/0]!
[2015.07.29-06.38.38:715][289]LogArray:Warning: Attempted to get an item from array Inventory out of bounds [-1/0]!
[2015.07.29-06.38.38:732][290]LogArray:Warning: Attempted to get an item from array Inventory out of bounds [-1/0]!
[2015.07.29-06.38.38:733][290]LogArray:Warning: Attempted to get an item from array Inventory out of bounds [-1/0]!
[2015.07.29-06.38.38:760][291]LogArray:Warning: Attempted to get an item from array Inventory out of bounds [-1/0]!
[2015.07.29-06.38.38:761][291]LogArray:Warning: Attempted to get an item from array Inventory out of bounds [-1/0]!
[2015.07.29-06.38.38:795][292]LogArray:Warning: Attempted to get an item from array Inventory out of bounds [-1/0]!
[2015.07.29-06.38.38:795][292]LogArray:Warning: Attempted to get an item from array Inventory out of bounds [-1/0]!
[2015.07.29-06.38.38:818][293]LogArray:Warning: Attempted to get an item from array Inventory out of bounds [-1/0]!
[2015.07.29-06.38.38:818][293]LogArray:Warning: Attempted to get an item from array Inventory out of bounds [-1/0]!
[2015.07.29-06.38.38:874][294]LogArray:Warning: Attempted to get an item from array Inventory out of bounds [-1/0]!
[2015.07.29-06.38.38:875][294]LogArray:Warning: Attempted to get an item from array Inventory out of bounds [-1/0]!
[2015.07.29-06.38.38:900][295]LogArray:Warning: Attempted to get an item from array Inventory out of bounds [-1/0]!
[2015.07.29-06.38.38:900][295]LogArray:Warning: Attempted to get an item from array Inventory out of bounds [-1/0]!
[2015.07.29-06.38.38:917][296]LogArray:Warning: Attempted to get an item from array Inventory out of bounds [-1/0]!
[2015.07.29-06.38.38:917][296]LogArray:Warning: Attempted to get an item from array Inventory out of bounds [-1/0]!
[2015.07.29-06.38.38:934][297]LogArray:Warning: Attempted to get an item from array Inventory out of bounds [-1/0]!
[2015.07.29-06.38.38:934][297]LogArray:Warning: Attempted to get an item from array Inventory out of bounds [-1/0]!
[2015.07.29-06.38.38:950][298]LogArray:Warning: Attempted to get an item from array Inventory out of bounds [-1/0]!
[2015.07.29-06.38.38:950][298]LogArray:Warning: Attempted to get an item from array Inventory out of bounds [-1/0]!
[2015.07.29-06.38.38:966][299]LogArray:Warning: Attempted to get an item from array Inventory out of bounds [-1/0]!
[2015.07.29-06.38.38:966][299]LogArray:Warning: Attempted to get an item from array Inventory out of bounds [-1/0]!
[2015.07.29-06.38.38:983][300]LogArray:Warning: Attempted to get an item from array Inventory out of bounds [-1/0]!
[2015.07.29-06.38.38:983][300]LogArray:Warning: Attempted to get an item from array Inventory out of bounds [-1/0]!
[2015.07.29-06.38.39:000][301]LogArray:Warning: Attempted to get an item from array Inventory out of bounds [-1/0]!
[2015.07.29-06.38.39:000][301]LogArray:Warning: Attempted to get an item from array Inventory out of bounds [-1/0]!
[2015.07.29-06.38.39:021][302]LogArray:Warning: Attempted to get an item from array Inventory out of bounds [-1/0]!
[2015.07.29-06.38.39:021][302]LogArray:Warning: Attempted to get an item from array Inventory out of bounds [-1/0]!
[2015.07.29-06.38.39:067][303]LogArray:Warning: Attempted to get an item from array Inventory out of bounds [-1/0]!
[2015.07.29-06.38.39:069][303]LogArray:Warning: Attempted to get an item from array Inventory out of bounds [-1/0]!
[2015.07.29-06.38.39:124][304]LogArray:Warning: Attempted to get an item from array Inventory out of bounds [-1/0]!
[2015.07.29-06.38.39:125][304]LogArray:Warning: Attempted to get an item from array Inventory out of bounds [-1/0]!
[2015.07.29-06.38.39:169][305]LogArray:Warning: Attempted to get an item from array Inventory out of bounds [-1/0]!
[2015.07.29-06.38.39:170][305]LogArray:Warning: Attempted to get an item from array Inventory out of bounds [-1/0]!
[2015.07.29-06.38.39:214][306]LogArray:Warning: Attempted to get an item from array Inventory out of bounds [-1/0]!
[2015.07.29-06.38.39:214][306]LogArray:Warning: Attempted to get an item from array Inventory out of bounds [-1/0]!
[2015.07.29-06.38.39:235][307]LogArray:Warning: Attempted to get an item from array Inventory out of bounds [-1/0]!
[2015.07.29-06.38.39:235][307]LogArray:Warning: Attempted to get an item from array Inventory out of bounds [-1/0]!
[2015.07.29-06.38.39:252][308]LogArray:Warning: Attempted to get an item from array Inventory out of bounds [-1/0]!
[2015.07.29-06.38.39:252][308]LogArray:Warning: Attempted to get an item from array Inventory out of bounds [-1/0]!
[2015.07.29-06.38.39:268][309]LogArray:Warning: Attempted to get an item from array Inventory out of bounds [-1/0]!
[2015.07.29-06.38.39:269][309]LogArray:Warning: Attempted to get an item from array Inventory out of bounds [-1/0]!
[2015.07.29-06.38.39:288][310]LogArray:Warning: Attempted to get an item from array Inventory out of bounds [-1/0]!
[2015.07.29-06.38.39:288][310]LogArray:Warning: Attempted to get an item from array Inventory out of bounds [-1/0]!
[2015.07.29-06.38.39:303][311]LogArray:Warning: Attempted to get an item from array Inventory out of bounds [-1/0]!
[2015.07.29-06.38.39:303][311]LogArray:Warning: Attempted to get an item from array Inventory out of bounds [-1/0]!
[2015.07.29-06.38.39:319][312]LogArray:Warning: Attempted to get an item from array Inventory out of bounds [-1/0]!
[2015.07.29-06.38.39:319][312]LogArray:Warning: Attempted to get an item from array Inventory out of bounds [-1/0]!
[2015.07.29-06.38.39:336][313]LogArray:Warning: Attempted to get an item from array Inventory out of bounds [-1/0]!
[2015.07.29-06.38.39:336][313]LogArray:Warning: Attempted to get an item from array Inventory out of bounds [-1/0]!
[2015.07.29-06.38.39:359][314]LogArray:Warning: Attempted to get an item from array Inventory out of bounds [-1/0]!
[2015.07.29-06.38.39:359][314]LogArray:Warning: Attempted to get an item from array Inventory out of bounds [-1/0]!
[2015.07.29-06.38.39:405][315]LogArray:Warning: Attempted to get an item from array Inventory out of bounds [-1/0]!
[2015.07.29-06.38.39:407][315]LogArray:Warning: Attempted to get an item from array Inventory out of bounds [-1/0]!
[2015.07.29-06.38.39:424][316]LogArray:Warning: Attempted to get an item from array Inventory out of bounds [-1/0]!
[2015.07.29-06.38.39:425][316]LogArray:Warning: Attempted to get an item from array Inventory out of bounds [-1/0]!
[2015.07.29-06.38.39:451][317]LogArray:Warning: Attempted to get an item from array Inventory out of bounds [-1/0]!
[2015.07.29-06.38.39:451][317]LogArray:Warning: Attempted to get an item from array Inventory out of bounds [-1/0]!
[2015.07.29-06.38.39:492][318]LogArray:Warning: Attempted to get an item from array Inventory out of bounds [-1/0]!
[2015.07.29-06.38.39:492][318]LogArray:Warning: Attempted to get an item from array Inventory out of bounds [-1/0]!
[2015.07.29-06.38.39:514][319]LogArray:Warning: Attempted to get an item from array Inventory out of bounds [-1/0]!
[2015.07.29-06.38.39:514][319]LogArray:Warning: Attempted to get an item from array Inventory out of bounds [-1/0]!
[2015.07.29-06.38.39:531][320]LogArray:Warning: Attempted to get an item from array Inventory out of bounds [-1/0]!
[2015.07.29-06.38.39:531][320]LogArray:Warning: Attempted to get an item from array Inventory out of bounds [-1/0]!
[2015.07.29-06.38.39:547][321]LogArray:Warning: Attempted to get an item from array Inventory out of bounds [-1/0]!
[2015.07.29-06.38.39:547][321]LogArray:Warning: Attempted to get an item from array Inventory out of bounds [-1/0]!
[2015.07.29-06.38.39:566][322]LogArray:Warning: Attempted to get an item from array Inventory out of bounds [-1/0]!
[2015.07.29-06.38.39:566][322]LogArray:Warning: Attempted to get an item from array Inventory out of bounds [-1/0]!
[2015.07.29-06.38.39:581][323]LogArray:Warning: Attempted to get an item from array Inventory out of bounds [-1/0]!
[2015.07.29-06.38.39:581][323]LogArray:Warning: Attempted to get an item from array Inventory out of bounds [-1/0]!
[2015.07.29-06.38.39:624][324]LogArray:Warning: Attempted to get an item from array Inventory out of bounds [-1/0]!
[2015.07.29-06.38.39:633][324]LogArray:Warning: Attempted to get an item from array Inventory out of bounds [-1/0]!
[2015.07.29-06.38.39:673][325]LogArray:Warning: Attempted to get an item from array Inventory out of bounds [-1/0]!
[2015.07.29-06.38.39:673][325]LogArray:Warning: Attempted to get an item from array Inventory out of bounds [-1/0]!
[2015.07.29-06.38.39:683][326]LogArray:Warning: Attempted to get an item from array Inventory out of bounds [-1/0]!
[2015.07.29-06.38.39:683][326]LogArray:Warning: Attempted to get an item from array Inventory out of bounds [-1/0]!
[2015.07.29-06.38.39:699][327]LogArray:Warning: Attempted to get an item from array Inventory out of bounds [-1/0]!
[2015.07.29-06.38.39:699][327]LogArray:Warning: Attempted to get an item from array Inventory out of bounds [-1/0]!
[2015.07.29-06.38.39:715][328]LogArray:Warning: Attempted to get an item from array Inventory out of bounds [-1/0]!
[2015.07.29-06.38.39:715][328]LogArray:Warning: Attempted to get an item from array Inventory out of bounds [-1/0]!
[2015.07.29-06.38.39:732][329]LogArray:Warning: Attempted to get an item from array Inventory out of bounds [-1/0]!
[2015.07.29-06.38.39:732][329]LogArray:Warning: Attempted to get an item from array Inventory out of bounds [-1/0]!
[2015.07.29-06.38.39:749][330]LogArray:Warning: Attempted to get an item from array Inventory out of bounds [-1/0]!
[2015.07.29-06.38.39:749][330]LogArray:Warning: Attempted to get an item from array Inventory out of bounds [-1/0]!
[2015.07.29-06.38.39:766][331]LogArray:Warning: Attempted to get an item from array Inventory out of bounds [-1/0]!
[2015.07.29-06.38.39:766][331]LogArray:Warning: Attempted to get an item from array Inventory out of bounds [-1/0]!
[2015.07.29-06.38.39:782][332]LogArray:Warning: Attempted to get an item from array Inventory out of bounds [-1/0]!
[2015.07.29-06.38.39:782][332]LogArray:Warning: Attempted to get an item from array Inventory out of bounds [-1/0]!
[2015.07.29-06.38.39:798][333]LogArray:Warning: Attempted to get an item from array Inventory out of bounds [-1/0]!
[2015.07.29-06.38.39:798][333]LogArray:Warning: Attempted to get an item from array Inventory out of bounds [-1/0]!
[2015.07.29-06.38.39:816][334]LogArray:Warning: Attempted to get an item from array Inventory out of bounds [-1/0]!
[2015.07.29-06.38.39:816][334]LogArray:Warning: Attempted to get an item from array Inventory out of bounds [-1/0]!
[2015.07.29-06.38.39:834][335]LogArray:Warning: Attempted to get an item from array Inventory out of bounds [-1/0]!
[2015.07.29-06.38.39:834][335]LogArray:Warning: Attempted to get an item from array Inventory out of bounds [-1/0]!
[2015.07.29-06.38.39:872][336]LogArray:Warning: Attempted to get an item from array Inventory out of bounds [-1/0]!
[2015.07.29-06.38.39:873][336]LogArray:Warning: Attempted to get an item from array Inventory out of bounds [-1/0]!
[2015.07.29-06.38.39:903][337]LogArray:Warning: Attempted to get an item from array Inventory out of bounds [-1/0]!
[2015.07.29-06.38.39:904][337]LogArray:Warning: Attempted to get an item from array Inventory out of bounds [-1/0]!
[2015.07.29-06.38.39:925][338]LogArray:Warning: Attempted to get an item from array Inventory out of bounds [-1/0]!
[2015.07.29-06.38.39:925][338]LogArray:Warning: Attempted to get an item from array Inventory out of bounds [-1/0]!
[2015.07.29-06.38.39:985][339]LogArray:Warning: Attempted to get an item from array Inventory out of bounds [-1/0]!
[2015.07.29-06.38.39:985][339]LogArray:Warning: Attempted to get an item from array Inventory out of bounds [-1/0]!
[2015.07.29-06.38.40:001][340]LogArray:Warning: Attempted to get an item from array Inventory out of bounds [-1/0]!
[2015.07.29-06.38.40:001][340]LogArray:Warning: Attempted to get an item from array Inventory out of bounds [-1/0]!
[2015.07.29-06.38.40:019][341]LogArray:Warning: Attempted to get an item from array Inventory out of bounds [-1/0]!
[2015.07.29-06.38.40:019][341]LogArray:Warning: Attempted to get an item from array Inventory out of bounds [-1/0]!
[2015.07.29-06.38.40:036][342]LogArray:Warning: Attempted to get an item from array Inventory out of bounds [-1/0]!
[2015.07.29-06.38.40:037][342]LogArray:Warning: Attempted to get an item from array Inventory out of bounds [-1/0]!
[2015.07.29-06.38.40:052][343]LogArray:Warning: Attempted to get an item from array Inventory out of bounds [-1/0]!
[2015.07.29-06.38.40:052][343]LogArray:Warning: Attempted to get an item from array Inventory out of bounds [-1/0]!
[2015.07.29-06.38.40:069][344]LogArray:Warning: Attempted to get an item from array Inventory out of bounds [-1/0]!
[2015.07.29-06.38.40:069][344]LogArray:Warning: Attempted to get an item from array Inventory out of bounds [-1/0]!
[2015.07.29-06.38.40:085][345]LogArray:Warning: Attempted to get an item from array Inventory out of bounds [-1/0]!
[2015.07.29-06.38.40:085][345]LogArray:Warning: Attempted to get an item from array Inventory out of bounds [-1/0]!
[2015.07.29-06.38.40:102][346]LogArray:Warning: Attempted to get an item from array Inventory out of bounds [-1/0]!
[2015.07.29-06.38.40:102][346]LogArray:Warning: Attempted to get an item from array Inventory out of bounds [-1/0]!
[2015.07.29-06.38.40:119][347]LogArray:Warning: Attempted to get an item from array Inventory out of bounds [-1/0]!
[2015.07.29-06.38.40:119][347]LogArray:Warning: Attempted to get an item from array Inventory out of bounds [-1/0]!
[2015.07.29-06.38.40:136][348]LogArray:Warning: Attempted to get an item from array Inventory out of bounds [-1/0]!
[2015.07.29-06.38.40:136][348]LogArray:Warning: Attempted to get an item from array Inventory out of bounds [-1/0]!
[2015.07.29-06.38.40:164][349]LogArray:Warning: Attempted to get an item from array Inventory out of bounds [-1/0]!
[2015.07.29-06.38.40:166][349]LogArray:Warning: Attempted to get an item from array Inventory out of bounds [-1/0]!
[2015.07.29-06.38.40:192][350]LogArray:Warning: Attempted to get an item from array Inventory out of bounds [-1/0]!
[2015.07.29-06.38.40:192][350]LogArray:Warning: Attempted to get an item from array Inventory out of bounds [-1/0]!
[2015.07.29-06.38.40:234][351]LogArray:Warning: Attempted to get an item from array Inventory out of bounds [-1/0]!
[2015.07.29-06.38.40:234][351]LogArray:Warning: Attempted to get an item from array Inventory out of bounds [-1/0]!
[2015.07.29-06.38.40:279][352]LogArray:Warning: Attempted to get an item from array Inventory out of bounds [-1/0]!
[2015.07.29-06.38.40:280][352]LogArray:Warning: Attempted to get an item from array Inventory out of bounds [-1/0]!
[2015.07.29-06.38.40:329][353]LogArray:Warning: Attempted to get an item from array Inventory out of bounds [-1/0]!
[2015.07.29-06.38.40:329][353]LogArray:Warning: Attempted to get an item from array Inventory out of bounds [-1/0]!
[2015.07.29-06.38.40:350][354]LogArray:Warning: Attempted to get an item from array Inventory out of bounds [-1/0]!
[2015.07.29-06.38.40:350][354]LogArray:Warning: Attempted to get an item from array Inventory out of bounds [-1/0]!
[2015.07.29-06.38.40:389][355]LogArray:Warning: Attempted to get an item from array Inventory out of bounds [-1/0]!
[2015.07.29-06.38.40:390][355]LogArray:Warning: Attempted to get an item from array Inventory out of bounds [-1/0]!
[2015.07.29-06.38.40:417][356]LogArray:Warning: Attempted to get an item from array Inventory out of bounds [-1/0]!
[2015.07.29-06.38.40:418][356]LogArray:Warning: Attempted to get an item from array Inventory out of bounds [-1/0]!
[2015.07.29-06.38.40:440][357]LogArray:Warning: Attempted to get an item from array Inventory out of bounds [-1/0]!
[2015.07.29-06.38.40:440][357]LogArray:Warning: Attempted to get an item from array Inventory out of bounds [-1/0]!
[2015.07.29-06.38.40:528][358]LogArray:Warning: Attempted to get an item from array Inventory out of bounds [-1/0]!
[2015.07.29-06.38.40:528][358]LogArray:Warning: Attempted to get an item from array Inventory out of bounds [-1/0]!
[2015.07.29-06.38.40:541][359]LogArray:Warning: Attempted to get an item from array Inventory out of bounds [-1/0]!
[2015.07.29-06.38.40:541][359]LogArray:Warning: Attempted to get an item from array Inventory out of bounds [-1/0]!
[2015.07.29-06.38.40:560][360]LogArray:Warning: Attempted to get an item from array Inventory out of bounds [-1/0]!
[2015.07.29-06.38.40:560][360]LogArray:Warning: Attempted to get an item from array Inventory out of bounds [-1/0]!
[2015.07.29-06.38.40:577][361]LogArray:Warning: Attempted to get an item from array Inventory out of bounds [-1/0]!
[2015.07.29-06.38.40:577][361]LogArray:Warning: Attempted to get an item from array Inventory out of bounds [-1/0]!
[2015.07.29-06.38.40:595][362]LogArray:Warning: Attempted to get an item from array Inventory out of bounds [-1/0]!
[2015.07.29-06.38.40:595][362]LogArray:Warning: Attempted to get an item from array Inventory out of bounds [-1/0]!
[2015.07.29-06.38.40:611][363]LogArray:Warning: Attempted to get an item from array Inventory out of bounds [-1/0]!
[2015.07.29-06.38.40:611][363]LogArray:Warning: Attempted to get an item from array Inventory out of bounds [-1/0]!
[2015.07.29-06.38.40:628][364]LogArray:Warning: Attempted to get an item from array Inventory out of bounds [-1/0]!
[2015.07.29-06.38.40:628][364]LogArray:Warning: Attempted to get an item from array Inventory out of bounds [-1/0]!
[2015.07.29-06.38.40:645][365]LogArray:Warning: Attempted to get an item from array Inventory out of bounds [-1/0]!
[2015.07.29-06.38.40:645][365]LogArray:Warning: Attempted to get an item from array Inventory out of bounds [-1/0]!
[2015.07.29-06.38.40:662][366]LogArray:Warning: Attempted to get an item from array Inventory out of bounds [-1/0]!
[2015.07.29-06.38.40:662][366]LogArray:Warning: Attempted to get an item from array Inventory out of bounds [-1/0]!
[2015.07.29-06.38.40:679][367]LogArray:Warning: Attempted to get an item from array Inventory out of bounds [-1/0]!
[2015.07.29-06.38.40:679][367]LogArray:Warning: Attempted to get an item from array Inventory out of bounds [-1/0]!
[2015.07.29-06.38.40:698][368]LogArray:Warning: Attempted to get an item from array Inventory out of bounds [-1/0]!
[2015.07.29-06.38.40:698][368]LogArray:Warning: Attempted to get an item from array Inventory out of bounds [-1/0]!
[2015.07.29-06.38.40:739][369]LogArray:Warning: Attempted to get an item from array Inventory out of bounds [-1/0]!
[2015.07.29-06.38.40:740][369]LogArray:Warning: Attempted to get an item from array Inventory out of bounds [-1/0]!
[2015.07.29-06.38.40:767][370]LogArray:Warning: Attempted to get an item from array Inventory out of bounds [-1/0]!
[2015.07.29-06.38.40:768][370]LogArray:Warning: Attempted to get an item from array Inventory out of bounds [-1/0]!
[2015.07.29-06.38.40:804][371]LogArray:Warning: Attempted to get an item from array Inventory out of bounds [-1/0]!
[2015.07.29-06.38.40:804][371]LogArray:Warning: Attempted to get an item from array Inventory out of bounds [-1/0]!
[2015.07.29-06.38.40:841][372]LogArray:Warning: Attempted to get an item from array Inventory out of bounds [-1/0]!
[2015.07.29-06.38.40:841][372]LogArray:Warning: Attempted to get an item from array Inventory out of bounds [-1/0]!
[2015.07.29-06.38.40:863][373]LogArray:Warning: Attempted to get an item from array Inventory out of bounds [-1/0]!
[2015.07.29-06.38.40:863][373]LogArray:Warning: Attempted to get an item from array Inventory out of bounds [-1/0]!
[2015.07.29-06.38.40:880][374]LogArray:Warning: Attempted to get an item from array Inventory out of bounds [-1/0]!
[2015.07.29-06.38.40:880][374]LogArray:Warning: Attempted to get an item from array Inventory out of bounds [-1/0]!
[2015.07.29-06.38.40:896][375]LogArray:Warning: Attempted to get an item from array Inventory out of bounds [-1/0]!
[2015.07.29-06.38.40:896][375]LogArray:Warning: Attempted to get an item from array Inventory out of bounds [-1/0]!
[2015.07.29-06.38.40:914][376]LogArray:Warning: Attempted to get an item from array Inventory out of bounds [-1/0]!
[2015.07.29-06.38.40:914][376]LogArray:Warning: Attempted to get an item from array Inventory out of bounds [-1/0]!
[2015.07.29-06.38.40:930][377]LogArray:Warning: Attempted to get an item from array Inventory out of bounds [-1/0]!
[2015.07.29-06.38.40:930][377]LogArray:Warning: Attempted to get an item from array Inventory out of bounds [-1/0]!
[2015.07.29-06.38.40:947][378]LogArray:Warning: Attempted to get an item from array Inventory out of bounds [-1/0]!
[2015.07.29-06.38.40:947][378]LogArray:Warning: Attempted to get an item from array Inventory out of bounds [-1/0]!
[2015.07.29-06.38.40:964][379]LogArray:Warning: Attempted to get an item from array Inventory out of bounds [-1/0]!
[2015.07.29-06.38.40:964][379]LogArray:Warning: Attempted to get an item from array Inventory out of bounds [-1/0]!
[2015.07.29-06.38.40:981][380]LogArray:Warning: Attempted to get an item from array Inventory out of bounds [-1/0]!
[2015.07.29-06.38.40:981][380]LogArray:Warning: Attempted to get an item from array Inventory out of bounds [-1/0]!
[2015.07.29-06.38.41:000][381]LogArray:Warning: Attempted to get an item from array Inventory out of bounds [-1/0]!
[2015.07.29-06.38.41:000][381]LogArray:Warning: Attempted to get an item from array Inventory out of bounds [-1/0]!
[2015.07.29-06.38.41:033][382]LogArray:Warning: Attempted to get an item from array Inventory out of bounds [-1/0]!
[2015.07.29-06.38.41:033][382]LogArray:Warning: Attempted to get an item from array Inventory out of bounds [-1/0]!
[2015.07.29-06.38.41:047][383]LogArray:Warning: Attempted to get an item from array Inventory out of bounds [-1/0]!
[2015.07.29-06.38.41:048][383]LogArray:Warning: Attempted to get an item from array Inventory out of bounds [-1/0]!
[2015.07.29-06.38.41:076][384]LogArray:Warning: Attempted to get an item from array Inventory out of bounds [-1/0]!
[2015.07.29-06.38.41:077][384]LogArray:Warning: Attempted to get an item from array Inventory out of bounds [-1/0]!
[2015.07.29-06.38.41:098][385]LogArray:Warning: Attempted to get an item from array Inventory out of bounds [-1/0]!
[2015.07.29-06.38.41:098][385]LogArray:Warning: Attempted to get an item from array Inventory out of bounds [-1/0]!
[2015.07.29-06.38.41:114][386]LogArray:Warning: Attempted to get an item from array Inventory out of bounds [-1/0]!
[2015.07.29-06.38.41:114][386]LogArray:Warning: Attempted to get an item from array Inventory out of bounds [-1/0]!
[2015.07.29-06.38.41:145][387]LogArray:Warning: Attempted to get an item from array Inventory out of bounds [-1/0]!
[2015.07.29-06.38.41:145][387]LogArray:Warning: Attempted to get an item from array Inventory out of bounds [-1/0]!
[2015.07.29-06.38.41:189][388]LogArray:Warning: Attempted to get an item from array Inventory out of bounds [-1/0]!
[2015.07.29-06.38.41:189][388]LogArray:Warning: Attempted to get an item from array Inventory out of bounds [-1/0]!
[2015.07.29-06.38.41:237][389]LogArray:Warning: Attempted to get an item from array Inventory out of bounds [-1/0]!
[2015.07.29-06.38.41:237][389]LogArray:Warning: Attempted to get an item from array Inventory out of bounds [-1/0]!
[2015.07.29-06.38.41:266][390]LogArray:Warning: Attempted to get an item from array Inventory out of bounds [-1/0]!
[2015.07.29-06.38.41:266][390]LogArray:Warning: Attempted to get an item from array Inventory out of bounds [-1/0]!
[2015.07.29-06.38.41:283][391]LogArray:Warning: Attempted to get an item from array Inventory out of bounds [-1/0]!
[2015.07.29-06.38.41:284][391]LogArray:Warning: Attempted to get an item from array Inventory out of bounds [-1/0]!
[2015.07.29-06.38.41:300][392]LogArray:Warning: Attempted to get an item from array Inventory out of bounds [-1/0]!
[2015.07.29-06.38.41:300][392]LogArray:Warning: Attempted to get an item from array Inventory out of bounds [-1/0]!
[2015.07.29-06.38.41:318][393]LogArray:Warning: Attempted to get an item from array Inventory out of bounds [-1/0]!
[2015.07.29-06.38.41:318][393]LogArray:Warning: Attempted to get an item from array Inventory out of bounds [-1/0]!
[2015.07.29-06.38.41:335][394]LogArray:Warning: Attempted to get an item from array Inventory out of bounds [-1/0]!
[2015.07.29-06.38.41:335][394]LogArray:Warning: Attempted to get an item from array Inventory out of bounds [-1/0]!
[2015.07.29-06.38.41:351][395]LogArray:Warning: Attempted to get an item from array Inventory out of bounds [-1/0]!
[2015.07.29-06.38.41:351][395]LogArray:Warning: Attempted to get an item from array Inventory out of bounds [-1/0]!
[2015.07.29-06.38.41:369][396]LogArray:Warning: Attempted to get an item from array Inventory out of bounds [-1/0]!
[2015.07.29-06.38.41:369][396]LogArray:Warning: Attempted to get an item from array Inventory out of bounds [-1/0]!
[2015.07.29-06.38.41:403][397]LogArray:Warning: Attempted to get an item from array Inventory out of bounds [-1/0]!
[2015.07.29-06.38.41:406][397]LogArray:Warning: Attempted to get an item from array Inventory out of bounds [-1/0]!
[2015.07.29-06.38.41:421][398]LogArray:Warning: Attempted to get an item from array Inventory out of bounds [-1/0]!
[2015.07.29-06.38.41:421][398]LogArray:Warning: Attempted to get an item from array Inventory out of bounds [-1/0]!
[2015.07.29-06.38.41:453][399]LogArray:Warning: Attempted to get an item from array Inventory out of bounds [-1/0]!
[2015.07.29-06.38.41:459][399]LogArray:Warning: Attempted to get an item from array Inventory out of bounds [-1/0]!
[2015.07.29-06.38.41:581][400]LogWindowsTextInputMethodSystem:Display: IME system now deactivated.
[2015.07.29-06.38.41:582][400]LogWindowsTextInputMethodSystem:Display: IME system now deactivated.
[2015.07.29-06.38.41:587][400]LogEngine: All Windows Closed
[2015.07.29-06.38.41:587][400]LogWindows: FPlatformMisc::RequestExit(0)
[2015.07.29-06.38.41:928][401]LogExit: Preparing to exit.
[2015.07.29-06.38.42:048][401]LogExit: Game engine shut down
[2015.07.29-06.38.42:050][401]LogParticles: Destroying 0 GPU particle simulations for FXSystem 0x000000F32C22BBA0
[2015.07.29-06.38.43:607][401]LogExit: Object subsystem successfully closed.
[2015.07.29-06.38.43:633][401]LogD3D11RHI: Shutdown
[2015.07.29-06.38.43:633][401]LogD3D11RHI: CleanupD3DDevice
[2015.07.29-06.38.43:860][401]LogD3D11RHI: ~FD3D11DynamicRHI
[2015.07.29-06.38.43:993][401]LogModuleManager: Shutting down and abandoning module AndroidDeviceDetection (108)
[2015.07.29-06.38.44:596][401]LogModuleManager: Shutting down and abandoning module AssetRegistry (107)
[2015.07.29-06.38.44:596][401]LogModuleManager: Shutting down and abandoning module AutomationWorker (106)
[2015.07.29-06.38.44:596][401]LogModuleManager: Shutting down and abandoning module CharacterAI (105)
[2015.07.29-06.38.44:596][401]LogModuleManager: Shutting down and abandoning module AITestSuite (104)
[2015.07.29-06.38.44:596][401]LogModuleManager: Shutting down and abandoning module GameplayDebugger (103)
[2015.07.29-06.38.44:596][401]LogModuleManager: Shutting down and abandoning module AIModule (102)
[2015.07.29-06.38.44:596][401]LogModuleManager: Shutting down and abandoning module GameLiveStreaming (101)
[2015.07.29-06.38.44:596][401]LogModuleManager: Shutting down and abandoning module StreamingPauseRendering (100)
[2015.07.29-06.38.44:596][401]LogModuleManager: Shutting down and abandoning module ProfilerService (99)
[2015.07.29-06.38.44:644][401]LogModuleManager: Shutting down and abandoning module TaskGraph (98)
[2015.07.29-06.38.44:644][401]LogModuleManager: Shutting down and abandoning module SlateRemote (97)
[2015.07.29-06.38.44:644][401]LogModuleManager: Shutting down and abandoning module SteamVRController (96)
[2015.07.29-06.38.44:644][401]LogModuleManager: Shutting down and abandoning module SteamVR (95)
[2015.07.29-06.38.44:644][401]LogModuleManager: Shutting down and abandoning module ProceduralMeshComponent (94)
[2015.07.29-06.38.44:644][401]LogModuleManager: Shutting down and abandoning module OculusRift (93)
[2015.07.29-06.38.44:644][401]LogModuleManager: Shutting down and abandoning module LeapMotionController (92)
[2015.07.29-06.38.44:654][401]LogModuleManager: Shutting down and abandoning module CustomMeshComponent (91)
[2015.07.29-06.38.44:654][401]LogModuleManager: Shutting down and abandoning module CableComponent (90)
[2015.07.29-06.38.44:654][401]LogModuleManager: Shutting down and abandoning module DesktopPlatform (89)
[2015.07.29-06.38.44:654][401]LogModuleManager: Shutting down and abandoning module DirectoryWatcher (88)
[2015.07.29-06.38.44:654][401]LogModuleManager: Shutting down and abandoning module HotReload (87)
[2015.07.29-06.38.44:654][401]LogModuleManager: Shutting down and abandoning module VisualStudioSourceCodeAccess (86)
[2015.07.29-06.38.44:654][401]LogModuleManager: Shutting down and abandoning module UObjectPlugin (85)
[2015.07.29-06.38.44:654][401]LogModuleManager: Shutting down and abandoning module SubversionSourceControl (84)
[2015.07.29-06.38.44:654][401]LogModuleManager: Shutting down and abandoning module SourceControl (83)
[2015.07.29-06.38.44:654][401]LogModuleManager: Shutting down and abandoning module PerforceSourceControl (82)
[2015.07.29-06.38.44:654][401]LogModuleManager: Shutting down and abandoning module BlankPlugin (81)
[2015.07.29-06.38.44:654][401]LogModuleManager: Shutting down and abandoning module UdpMessaging (80)
[2015.07.29-06.38.44:654][401]LogModuleManager: Shutting down and abandoning module Paper2D (79)
[2015.07.29-06.38.44:654][401]LogModuleManager: Shutting down and abandoning module WindowsMoviePlayer (78)
[2015.07.29-06.38.44:657][401]LogModuleManager: Shutting down and abandoning module Media (77)
[2015.07.29-06.38.44:657][401]LogModuleManager: Shutting down and abandoning module WmfMedia (76)
[2015.07.29-06.38.44:657][401]LogModuleManager: Shutting down and abandoning module OnlineBlueprintSupport (75)
[2015.07.29-06.38.44:657][401]LogModuleManager: Shutting down and abandoning module PropertyEditor (74)
[2015.07.29-06.38.44:657][401]LogModuleManager: Shutting down and abandoning module BehaviorTreeEditor (73)
[2015.07.29-06.38.44:657][401]LogModuleManager: Shutting down and abandoning module FunctionalTesting (72)
[2015.07.29-06.38.44:657][401]LogModuleManager: Shutting down and abandoning module CollisionAnalyzer (71)
[2015.07.29-06.38.44:657][401]LogModuleManager: Shutting down and abandoning module WorkspaceMenuStructure (70)
[2015.07.29-06.38.44:658][401]LogModuleManager: Shutting down and abandoning module MessageLog (69)
[2015.07.29-06.38.44:658][401]LogModuleManager: Shutting down and abandoning module Sequencer (68)
[2015.07.29-06.38.44:658][401]LogModuleManager: Shutting down and abandoning module AssetTools (67)
[2015.07.29-06.38.44:658][401]LogModuleManager: Shutting down and abandoning module UMGEditor (66)
[2015.07.29-06.38.44:658][401]LogModuleManager: Shutting down and abandoning module UMG (65)
[2015.07.29-06.38.44:658][401]LogModuleManager: Shutting down and abandoning module Slate (64)
[2015.07.29-06.38.44:658][401]LogModuleManager: Shutting down and abandoning module EditorStyle (63)
[2015.07.29-06.38.44:660][401]LogModuleManager: Shutting down and abandoning module SessionServices (62)
[2015.07.29-06.38.44:660][401]LogModuleManager: Shutting down and abandoning module SourceCodeAccess (61)
[2015.07.29-06.38.44:660][401]LogModuleManager: Shutting down and abandoning module HeadMountedDisplay (60)
[2015.07.29-06.38.44:660][401]LogModuleManager: Shutting down and abandoning module XAudio2 (59)
[2015.07.29-06.38.44:660][401]LogModuleManager: Shutting down and abandoning module Networking (57)
[2015.07.29-06.38.44:660][401]LogModuleManager: Shutting down and abandoning module Core (56)
[2015.07.29-06.38.44:660][401]LogModuleManager: Shutting down and abandoning module KismetCompiler (55)
[2015.07.29-06.38.44:660][401]LogModuleManager: Shutting down and abandoning module PhysXFormats (54)
[2015.07.29-06.38.44:660][401]LogModuleManager: Shutting down and abandoning module MeshUtilities (53)
[2015.07.29-06.38.44:660][401]LogModuleManager: Shutting down and abandoning module DerivedDataCache (52)
[2015.07.29-06.38.45:104][401]LogDerivedDataCache: Shutdown
[2015.07.29-06.38.45:104][401]LogModuleManager: Shutting down and abandoning module ShaderFormatOpenGL (51)
[2015.07.29-06.38.45:104][401]LogModuleManager: Shutting down and abandoning module ShaderFormatD3D (50)
[2015.07.29-06.38.45:104][401]LogModuleManager: Shutting down and abandoning module MetalShaderFormat (49)
[2015.07.29-06.38.45:104][401]LogModuleManager: Shutting down and abandoning module TextureFormatUncompressed (48)
[2015.07.29-06.38.45:104][401]LogModuleManager: Shutting down and abandoning module TextureFormatPVR (47)
[2015.07.29-06.38.45:104][401]LogModuleManager: Shutting down and abandoning module TextureFormatIntelISPCTexComp (46)
[2015.07.29-06.38.45:104][401]LogModuleManager: Shutting down and abandoning module TextureFormatDXT (45)
[2015.07.29-06.38.45:104][401]LogModuleManager: Shutting down and abandoning module ImageWrapper (44)
[2015.07.29-06.38.45:104][401]LogModuleManager: Shutting down and abandoning module TextureFormatASTC (43)
[2015.07.29-06.38.45:104][401]LogModuleManager: Shutting down and abandoning module TextureFormatAndroid (42)
[2015.07.29-06.38.45:104][401]LogModuleManager: Shutting down and abandoning module AudioFormatOpus (41)
[2015.07.29-06.38.45:104][401]LogModuleManager: Shutting down and abandoning module AudioFormatOgg (40)
[2015.07.29-06.38.45:104][401]LogModuleManager: Shutting down and abandoning module AudioFormatADPCM (39)
[2015.07.29-06.38.45:104][401]LogModuleManager: Shutting down and abandoning module LinuxTargetPlatform (38)
[2015.07.29-06.38.45:104][401]LogModuleManager: Shutting down and abandoning module LinuxServerTargetPlatform (37)
[2015.07.29-06.38.45:104][401]LogModuleManager: Shutting down and abandoning module LinuxNoEditorTargetPlatform (36)
[2015.07.29-06.38.45:104][401]LogModuleManager: Shutting down and abandoning module Messaging (35)
[2015.07.29-06.38.45:104][401]LogModuleManager: Shutting down and abandoning module IOSTargetPlatform (34)
[2015.07.29-06.38.45:104][401]LogModuleManager: Shutting down and abandoning module HTML5TargetPlatform (33)
[2015.07.29-06.38.45:104][401]LogModuleManager: Shutting down and abandoning module Android_PVRTCTargetPlatform (32)
[2015.07.29-06.38.45:104][401]LogModuleManager: Shutting down and abandoning module Android_ETC2TargetPlatform (31)
[2015.07.29-06.38.45:104][401]LogModuleManager: Shutting down and abandoning module Android_ETC1TargetPlatform (30)
[2015.07.29-06.38.45:104][401]LogModuleManager: Shutting down and abandoning module Android_DXTTargetPlatform (29)
[2015.07.29-06.38.45:104][401]LogModuleManager: Shutting down and abandoning module Android_ATCTargetPlatform (28)
[2015.07.29-06.38.45:104][401]LogModuleManager: Shutting down and abandoning module Android_ASTCTargetPlatform (27)
[2015.07.29-06.38.45:104][401]LogModuleManager: Shutting down and abandoning module AndroidTargetPlatform (26)
[2015.07.29-06.38.45:104][401]LogModuleManager: Shutting down and abandoning module WindowsTargetPlatform (25)
[2015.07.29-06.38.45:104][401]LogModuleManager: Shutting down and abandoning module WindowsServerTargetPlatform (24)
[2015.07.29-06.38.45:104][401]LogModuleManager: Shutting down and abandoning module WindowsNoEditorTargetPlatform (23)
[2015.07.29-06.38.45:104][401]LogModuleManager: Shutting down and abandoning module WindowsClientTargetPlatform (22)
[2015.07.29-06.38.45:104][401]LogModuleManager: Shutting down and abandoning module DesktopTargetPlatform (21)
[2015.07.29-06.38.45:104][401]LogModuleManager: Shutting down and abandoning module TargetPlatform (20)
[2015.07.29-06.38.45:104][401]LogModuleManager: Shutting down and abandoning module InputCore (19)
[2015.07.29-06.38.45:104][401]LogModuleManager: Shutting down and abandoning module Settings (18)
[2015.07.29-06.38.45:104][401]LogModuleManager: Shutting down and abandoning module OnlineSubsystem (16)
[2015.07.29-06.38.45:104][401]LogModuleManager: Shutting down and abandoning module HTTP (15)
[2015.07.29-06.38.45:104][401]LogModuleManager: Shutting down and abandoning module ExampleDeviceProfileSelector (14)
[2015.07.29-06.38.45:104][401]LogModuleManager: Shutting down and abandoning module TextureCompressor (13)
[2015.07.29-06.38.45:104][401]LogModuleManager: Shutting down and abandoning module ShaderCore (12)
[2015.07.29-06.38.45:104][401]LogModuleManager: Shutting down and abandoning module Landscape (11)
[2015.07.29-06.38.45:104][401]LogModuleManager: Shutting down and abandoning module SlateRHIRenderer (10)
[2015.07.29-06.38.45:104][401]LogModuleManager: Shutting down and abandoning module OpenGLDrv (9)
[2015.07.29-06.38.45:104][401]LogModuleManager: Shutting down and abandoning module D3D11RHI (8)
[2015.07.29-06.38.45:104][401]LogModuleManager: Shutting down and abandoning module Renderer (7)
[2015.07.29-06.38.45:104][401]LogModuleManager: Shutting down and abandoning module Engine (6)
[2015.07.29-06.38.45:104][401]LogModuleManager: Shutting down and abandoning module CoreUObject (5)
[2015.07.29-06.38.45:104][401]LogModuleManager: Shutting down and abandoning module NetworkFile (4)
[2015.07.29-06.38.45:105][401]LogModuleManager: Shutting down and abandoning module StreamingFile (3)
[2015.07.29-06.38.45:105][401]LogModuleManager: Shutting down and abandoning module SandboxFile (2)
[2015.07.29-06.38.45:105][401]LogModuleManager: Shutting down and abandoning module PakFile (1)
[2015.07.29-06.38.45:105][401]LogExit: Exiting.
[2015.07.29-06.38.45:107][401]Log file closed, 07/29/15 16:38:45
