[2015.07.29-09.41.04:015][  0]Log file open, 07/29/15 19:41:04
[2015.07.29-09.41.04:015][  0]LogInit:Display: Running engine for game: TheEnding
[2015.07.29-09.41.04:015][  0]LogInit:Display: RandInit(1561609568) SRandInit(1561609568).
[2015.07.29-09.41.04:015][  0]LogTaskGraph: Started task graph with 4 named threads and 5 total threads.
[2015.07.29-09.41.04:015][  0]LogStats: Stats thread started
[2015.07.29-09.41.04:015][  0]LogInit: Version: 4.8.2-2614606+++depot+UE4-Releases+4.8
[2015.07.29-09.41.04:015][  0]LogInit: API Version: 2579680
[2015.07.29-09.41.04:015][  0]LogInit: Compiled (64-bit): Jul  8 2015 23:43:41
[2015.07.29-09.41.04:015][  0]LogInit: Compiled with Visual C++: 18.00.21005.01
[2015.07.29-09.41.04:015][  0]LogInit: Build Configuration: Development
[2015.07.29-09.41.04:015][  0]LogInit: Branch Name: ++depot+UE4-Releases+4.8
[2015.07.29-09.41.04:015][  0]LogInit: Command line:  /Temp/Autosaves/Game/FirstPersonBP/Maps/UEDPCLevelTest_Test01 -game -PIEVIACONSOLE -ResX=1280 -ResY=720  -Multiprocess 
[2015.07.29-09.41.04:015][  0]LogInit: Base directory: C:/Program Files/Epic Games/4.8/Engine/Binaries/Win64/
[2015.07.29-09.41.04:015][  0]LogInit: Rocket: 1
[2015.07.29-09.41.04:075][  0]LogInit: Using libcurl 7.41.0
[2015.07.29-09.41.04:075][  0]LogInit:  - built for x86_64-pc-win32
[2015.07.29-09.41.04:075][  0]LogInit:  - supports SSL with WinSSL
[2015.07.29-09.41.04:075][  0]LogInit:  - other features:
[2015.07.29-09.41.04:075][  0]LogInit:      CURL_VERSION_SSL
[2015.07.29-09.41.04:075][  0]LogInit:      CURL_VERSION_IPV6
[2015.07.29-09.41.04:075][  0]LogInit:      CURL_VERSION_ASYNCHDNS
[2015.07.29-09.41.04:075][  0]LogInit:      CURL_VERSION_LARGEFILE
[2015.07.29-09.41.04:075][  0]LogInit:      CURL_VERSION_IDN
[2015.07.29-09.41.04:076][  0]LogInit:  CurlRequestOptions (configurable via config and command line):
[2015.07.29-09.41.04:076][  0]LogInit:  - bVerifyPeer = true  - Libcurl will verify peer certificate
[2015.07.29-09.41.04:076][  0]LogInit:  - bUseHttpProxy = false  - Libcurl will NOT use HTTP proxy
[2015.07.29-09.41.04:076][  0]LogInit:  - bDontReuseConnections = false  - Libcurl will reuse connections
[2015.07.29-09.41.04:076][  0]LogInit:  - CertBundlePath = nullptr  - Libcurl will use whatever was configured at build time.
[2015.07.29-09.41.04:112][  0]LogOnline:Warning: No default platform service specified for OnlineSubsystem
[2015.07.29-09.41.04:271][  0]LogInit: Presizing for 0 objects not considered by GC, pre-allocating 0 bytes.
[2015.07.29-09.41.04:300][  0]LogInit: Object subsystem initialized
[2015.07.29-09.41.04:306][  0]LogConsoleResponse:Warning: Skipping Unknown console variable: 'TranslucentSortAxis = (X=0.000000,Y=-1.000000,Z=0.000000)'
[2015.07.29-09.41.04:306][  0]LogConsoleResponse:Warning:   Found in ini file 'C:/Users/076271/Desktop/Apps+Games+PixelArt/Games/The Ending/TheEnding/Saved/Config/Windows/Engine.ini', in section '[/Script/Engine.RendererSettings]'
[2015.07.29-09.41.04:306][  0]LogConsoleResponse:Warning: Skipping Unknown console variable: 'UIScaleRule = ShortestSide'
[2015.07.29-09.41.04:306][  0]LogConsoleResponse:Warning:   Found in ini file 'C:/Users/076271/Desktop/Apps+Games+PixelArt/Games/The Ending/TheEnding/Saved/Config/Windows/Engine.ini', in section '[/Script/Engine.RendererSettings]'
[2015.07.29-09.41.04:306][  0]LogConsoleResponse:Warning: Skipping Unknown console variable: 'UIScaleCurve = (EditorCurveData=(Keys=),ExternalCurve=None)'
[2015.07.29-09.41.04:306][  0]LogConsoleResponse:Warning:   Found in ini file 'C:/Users/076271/Desktop/Apps+Games+PixelArt/Games/The Ending/TheEnding/Saved/Config/Windows/Engine.ini', in section '[/Script/Engine.RendererSettings]'
[2015.07.29-09.41.04:308][  0]LogInit: Selected Device Profile: [Windows]
[2015.07.29-09.41.04:308][  0]LogInit: Applying CVar settings loaded from the selected device profile: [Windows]
[2015.07.29-09.41.04:350][  0]LogInit: Computer: TAB-1090
[2015.07.29-09.41.04:352][  0]LogInit: User: 076271
[2015.07.29-09.41.04:352][  0]LogInit: CPU Page size=4096, Cores=2
[2015.07.29-09.41.04:355][  0]LogInit: High frequency timer resolution =1.558894 MHz
[2015.07.29-09.41.04:357][  0]LogMemory: Memory total: Physical=7.9GB (8GB approx)
[2015.07.29-09.41.04:358][  0]LogMemory: Platform Memory Stats for Windows
[2015.07.29-09.41.04:358][  0]LogMemory: Process Physical Memory: 49.37 MB used, 49.37 MB peak
[2015.07.29-09.41.04:359][  0]LogMemory: Process Virtual Memory: 22.17 MB used, 22.17 MB peak
[2015.07.29-09.41.04:359][  0]LogMemory: Physical Memory: 3568.50 MB used, 8097.05 MB total
[2015.07.29-09.41.04:359][  0]LogMemory: Virtual Memory: 290.65 MB used, 134217728.00 MB total
[2015.07.29-09.41.04:555][  0]LogTextLocalizationManager: The requested culture ('en_AU') has no localization data; parent culture's ('en') localization data will be used.
[2015.07.29-09.41.06:849][  0]LogTextLocalizationManager:Warning: Loaded localization resources contain conflicting entries for (Namespace:ContentBrowser, Key:ImportAssetToolTip):
Localization Resource: (C:/Program Files/Epic Games/4.8/Engine/Content/Localization/Editor/en/Editor.locres) Source String Hash: (-630476809) Localized String: (Import to {0}...)
Localization Resource: (C:/Program Files/Epic Games/4.8/Engine/Content/Localization/Editor/en/Editor.locres) Source String Hash: (1271782899) Localized String: (Imports an asset from file to this folder.)
[2015.07.29-09.41.09:972][  0]LogD3D11RHI: Found D3D11 adapter 0: Intel(R) HD Graphics Family (Feature Level 11_0)
[2015.07.29-09.41.09:973][  0]LogD3D11RHI: Adapter has 0MB of dedicated video memory, 0MB of dedicated system memory, and 1792MB of shared system memory, 1 output[s]
[2015.07.29-09.41.09:987][  0]LogD3D11RHI: Found D3D11 adapter 1: Microsoft Basic Render Driver (Feature Level 11_0)
[2015.07.29-09.41.09:987][  0]LogD3D11RHI: Adapter has 0MB of dedicated video memory, 0MB of dedicated system memory, and 256MB of shared system memory, 0 output[s]
[2015.07.29-09.41.09:987][  0]LogD3D11RHI: Chosen D3D11 Adapter Id = 0
[2015.07.29-09.41.10:009][  0]LogD3D11RHI: InitD3DDevice
[2015.07.29-09.41.10:009][  0]LogD3D11RHI: !Direct3DDevice
[2015.07.29-09.41.10:009][  0]LogRHI: Texture pool is 627 MB (70% of 896 MB)
[2015.07.29-09.41.10:026][  0]LogD3D11RHI: Async texture creation enabled
[2015.07.29-09.41.10:037][  0]LogShaderCompilers:Display: Using Local Shader Compiler.
[2015.07.29-09.41.12:385][  0]LogTemp:Display: Loaded TP DesktopTargetPlatform
[2015.07.29-09.41.12:429][  0]LogTemp:Display: Loaded TP WindowsClientTargetPlatform
[2015.07.29-09.41.12:455][  0]LogTemp:Display: Loaded TP WindowsNoEditorTargetPlatform
[2015.07.29-09.41.12:477][  0]LogTemp:Display: Loaded TP WindowsServerTargetPlatform
[2015.07.29-09.41.12:497][  0]LogTemp:Display: Loaded TP WindowsTargetPlatform
[2015.07.29-09.41.12:511][  0]LogTemp:Display: Loaded TP AndroidTargetPlatform
[2015.07.29-09.41.12:525][  0]LogTemp:Display: Loaded TP Android_ASTCTargetPlatform
[2015.07.29-09.41.12:539][  0]LogTemp:Display: Loaded TP Android_ATCTargetPlatform
[2015.07.29-09.41.12:552][  0]LogTemp:Display: Loaded TP Android_DXTTargetPlatform
[2015.07.29-09.41.12:565][  0]LogTemp:Display: Loaded TP Android_ETC1TargetPlatform
[2015.07.29-09.41.12:578][  0]LogTemp:Display: Loaded TP Android_ETC2TargetPlatform
[2015.07.29-09.41.12:591][  0]LogTemp:Display: Loaded TP Android_PVRTCTargetPlatform
[2015.07.29-09.41.12:605][  0]LogTemp:Display: Loaded TP HTML5TargetPlatform
[2015.07.29-09.41.12:644][  0]LogTemp:Display: Loaded TP IOSTargetPlatform
[2015.07.29-09.41.12:672][  0]LogTemp:Display: Loaded TP LinuxNoEditorTargetPlatform
[2015.07.29-09.41.12:696][  0]LogTemp:Display: Loaded TP LinuxServerTargetPlatform
[2015.07.29-09.41.12:718][  0]LogTemp:Display: Loaded TP LinuxTargetPlatform
[2015.07.29-09.41.12:718][  0]LogTargetPlatformManager:Display: Building Assets For Windows
[2015.07.29-09.41.12:930][  0]LogDerivedDataCache:Display: Max Cache Size: 512 MB
[2015.07.29-09.41.13:007][  0]LogDerivedDataCache: Loaded boot cache 0.08s 53MB C:/Users/076271/AppData/Local/UnrealEngine/4.8/DerivedDataCache/Boot.ddc.
[2015.07.29-09.41.13:007][  0]LogDerivedDataCache:Display: Loaded Boot cache: C:/Users/076271/AppData/Local/UnrealEngine/4.8/DerivedDataCache/Boot.ddc
[2015.07.29-09.41.13:007][  0]LogDerivedDataCache: FDerivedDataBackendGraph:  Pak pak cache file ../../../../../../Users/076271/Desktop/Apps+Games+PixelArt/Games/The Ending/TheEnding/DerivedDataCache/DDC.ddp not found, will not use a pak cache.
[2015.07.29-09.41.13:007][  0]LogDerivedDataCache: Unable to find inner node Pak for hierarchical cache Hierarchy.
[2015.07.29-09.41.13:007][  0]LogDerivedDataCache: FDerivedDataBackendGraph:  CompressedPak pak cache file ../../../../../../Users/076271/Desktop/Apps+Games+PixelArt/Games/The Ending/TheEnding/DerivedDataCache/Compressed.ddp not found, will not use a pak cache.
[2015.07.29-09.41.13:007][  0]LogDerivedDataCache: Unable to find inner node CompressedPak for hierarchical cache Hierarchy.
[2015.07.29-09.41.13:466][  0]LogDerivedDataCache:Display: Pak cache opened for reading ../../../Engine/DerivedDataCache/Compressed.ddp.
[2015.07.29-09.41.13:481][  0]LogDerivedDataCache: Using Local data cache path C:/Users/076271/AppData/Local/UnrealEngine/Common/DerivedDataCache: Writable
[2015.07.29-09.41.14:024][  0]LogInit: Selected Device Profile: [Windows]
[2015.07.29-09.41.14:147][  0]ImportText (ComponentSweepMultiTests): Missing closing parenthesis: (RootShapeAsset="/Engine/BasicShapes/Cube.Cube",ShapeType="TriggerCapsule",HitResult=(Time=0.50,Location=(X=-100.000015,Y=0.0,Z=100.000015),ImpactPoint=(X=-50.0,Y=0.0,Z=50.0),Normal=(X=-1.0,Y=-0.0,Z=0.0),ImpactNormal=(X=0.0,Y=0.0,Z=1.0),TraceStart=(X=-200.0,Y=0.0,Z=200.0),TraceEnd=(X=0.0,Y=0.0,Z=0.0))
[2015.07.29-09.41.14:148][  0]ImportText (LineTraceSingleByChannelTests): Missing closing parenthesis: (RootShapeAsset="/Engine/BasicShapes/Cube.Cube",HitResult=(Time=0.50,Location=(X=-100.000015,Y=0.0,Z=100.000015),ImpactPoint=(X=-50.0,Y=0.0,Z=50.0),Normal=(X=-1.0,Y=-0.0,Z=0.0),ImpactNormal=(X=0.0,Y=0.0,Z=1.0),TraceStart=(X=-200.0,Y=0.0,Z=200.0),TraceEnd=(X=0.0,Y=0.0,Z=0.0))
[2015.07.29-09.41.14:317][  0]LogMeshUtilities: No automatic mesh reduction module available
[2015.07.29-09.41.14:317][  0]LogMeshUtilities: No automatic mesh merging module available
[2015.07.29-09.41.15:068][  0]LogInit: WinSock: version 1.1 (2.2), MaxSocks=32767, MaxUdp=65467
[2015.07.29-09.41.15:614][  0]LogD3D11RHI: InitD3DDevice
[2015.07.29-09.41.15:620][  0]LogWindowsMoviePlayer: Unable to load movie: ../../../../../../Users/076271/Desktop/Apps+Games+PixelArt/Games/The Ending/TheEnding/Content/Movies/Default_Startup.mp4
[2015.07.29-09.41.15:834][  0]SourceControl: Info Source control is disabled
[2015.07.29-09.41.15:834][  0]SourceControl: Info Source control is disabled
[2015.07.29-09.41.15:846][  0]SourceControl: Info Source control is disabled
[2015.07.29-09.41.16:114][  0]LogObj: 25781 objects as part of root set at end of initial load.
[2015.07.29-09.41.16:114][  0]LogUObjectAllocator: 5195968 out of 0 bytes used by permanent object pool.
[2015.07.29-09.41.16:204][  0]LogAutomationTest:Warning: ERR: Transient text cannot be serialized "Testing Transient serialization detection".
[2015.07.29-09.41.16:204][  0]LogEngine: Initializing Engine...
[2015.07.29-09.41.16:207][  0]LogHMD: Can't find Oculus library dev build: is proper Runtime installed? Version: 0.6.0.0
[2015.07.29-09.41.16:209][  0]LogHMD:Warning: SteamVR failed to initialize.  Error: 100
[2015.07.29-09.41.16:503][  0]LogInit: XAudio2 using 'Speakers / Headphones (Realtek High Definition Audio)' : 2 channels at 48 kHz using 16 bits per sample (channel mask 0x3)
[2015.07.29-09.41.16:516][  0]LogInit: FAudioDevice initialized.
[2015.07.29-09.41.16:521][  0]LogInit: Texture streaming: Disabled
[2015.07.29-09.41.16:875][  0]LogNet: Browse: /Temp/Autosaves/Game/FirstPersonBP/Maps/UEDPCLevelTest_Test01?Name=Player
[2015.07.29-09.41.16:875][  0]LogLoad: LoadMap: /Temp/Autosaves/Game/FirstPersonBP/Maps/UEDPCLevelTest_Test01?Name=Player
[2015.07.29-09.41.16:896][  0]LogParticles: Destroying 0 GPU particle simulations for FXSystem 0x000000F28B0F3560
[2015.07.29-09.41.16:914][  0]LogMemory: Platform Memory Stats for Windows
[2015.07.29-09.41.16:914][  0]LogMemory: Process Physical Memory: 360.91 MB used, 360.92 MB peak
[2015.07.29-09.41.16:914][  0]LogMemory: Process Virtual Memory: 308.88 MB used, 310.75 MB peak
[2015.07.29-09.41.16:914][  0]LogMemory: Physical Memory: 3866.51 MB used, 8097.05 MB total
[2015.07.29-09.41.16:914][  0]LogMemory: Virtual Memory: 806.30 MB used, 134217728.00 MB total
[2015.07.29-09.41.16:914][  0]LogMemory: 
[2015.07.29-09.41.16:914][  0]Allocator Stats for TBB: (not implemented)
[2015.07.29-09.41.17:356][  0]LogProperty:Error: UStructProperty::Serialize Loading: Property 'StructProperty /Game/FirstPersonBP/Blueprints/BPA_MasterItem.BPA_MasterItem_C:ItemData'. Unknown structure.
[2015.07.29-09.41.17:357][  0]LogClass:Warning: Property ItemData of BPA_MasterItem_C struct type mismatch STRUCT_REINST_BPS_ItemData_26/FallbackStruct for package:  ../../../../../../Users/076271/Desktop/Apps+Games+PixelArt/Games/The Ending/TheEnding/Content/FirstPersonBP/Blueprints/BPA_MasterItem.uasset. If that property got renamed, add an ActiveStructRedirect.
[2015.07.29-09.41.17:386][  0]LogClass:Warning: Property ItemData of BPA_MasterItem_C struct type mismatch FallbackStruct/BPS_ItemData for package:  FObjectReader. If that property got renamed, add an ActiveStructRedirect.
[2015.07.29-09.41.19:741][  0]LogAIModule: Creating AISystem for world LevelTest_Test01
[2015.07.29-09.41.21:054][  0]LogWorld: Game class is 'BPG_TheEnding_C'
[2015.07.29-09.41.25:204][  0]LogWorld: Bringing World /Temp/Autosaves/Game/FirstPersonBP/Maps/UEDPCLevelTest_Test01.LevelTest_Test01 up for play (max tick rate 0) at 2015.07.29-19.41.25
[2015.07.29-09.41.25:206][  0]LogWorld: Bringing up level for play took: 0.131482
[2015.07.29-09.41.25:220][  0]LogInit:Display: Game Engine Initialized.
[2015.07.29-09.41.25:630][  0]LogAssetRegistry: FAssetRegistry took 0.0003 seconds to start up
[2015.07.29-09.41.25:631][  0]LogLoad: Full Startup: 29.67 seconds (BP compile: 1.30 seconds)
[2015.07.29-09.41.25:649][  0]LogWindowsTextInputMethodSystem:Display: IME system now deactivated.
[2015.07.29-09.41.25:649][  0]LogWindowsTextInputMethodSystem:Display: IME system now deactivated.
[2015.07.29-09.41.25:736][  0]LogRenderer: Reallocating scene render targets to support 128x128 (Frame:1).
[2015.07.29-09.41.26:027][  0]LogContentStreaming: Texture pool size is 200.000000MB
[2015.07.29-09.41.26:284][  1]LogRenderer: Reallocating scene render targets to support 640x360 (Frame:2).
[2015.07.29-09.41.35:758][344]LogArray:Warning: Attempted to get an item from array Inventory out of bounds [-1/0]!
[2015.07.29-09.41.35:758][344]LogArray:Warning: Attempted to get an item from array Inventory out of bounds [-1/0]!
[2015.07.29-09.41.35:765][345]LogArray:Warning: Attempted to get an item from array Inventory out of bounds [-1/0]!
[2015.07.29-09.41.35:765][345]LogArray:Warning: Attempted to get an item from array Inventory out of bounds [-1/0]!
[2015.07.29-09.41.35:810][346]LogArray:Warning: Attempted to get an item from array Inventory out of bounds [-1/0]!
[2015.07.29-09.41.35:812][346]LogArray:Warning: Attempted to get an item from array Inventory out of bounds [-1/0]!
[2015.07.29-09.41.35:880][347]LogArray:Warning: Attempted to get an item from array Inventory out of bounds [-1/0]!
[2015.07.29-09.41.35:881][347]LogArray:Warning: Attempted to get an item from array Inventory out of bounds [-1/0]!
[2015.07.29-09.41.35:905][348]LogArray:Warning: Attempted to get an item from array Inventory out of bounds [-1/0]!
[2015.07.29-09.41.35:905][348]LogArray:Warning: Attempted to get an item from array Inventory out of bounds [-1/0]!
[2015.07.29-09.41.35:927][349]LogArray:Warning: Attempted to get an item from array Inventory out of bounds [-1/0]!
[2015.07.29-09.41.35:927][349]LogArray:Warning: Attempted to get an item from array Inventory out of bounds [-1/0]!
[2015.07.29-09.41.35:950][350]LogArray:Warning: Attempted to get an item from array Inventory out of bounds [-1/0]!
[2015.07.29-09.41.35:951][350]LogArray:Warning: Attempted to get an item from array Inventory out of bounds [-1/0]!
[2015.07.29-09.41.35:968][351]LogArray:Warning: Attempted to get an item from array Inventory out of bounds [-1/0]!
[2015.07.29-09.41.35:968][351]LogArray:Warning: Attempted to get an item from array Inventory out of bounds [-1/0]!
[2015.07.29-09.41.35:986][352]LogArray:Warning: Attempted to get an item from array Inventory out of bounds [-1/0]!
[2015.07.29-09.41.35:986][352]LogArray:Warning: Attempted to get an item from array Inventory out of bounds [-1/0]!
[2015.07.29-09.41.36:005][353]LogArray:Warning: Attempted to get an item from array Inventory out of bounds [-1/0]!
[2015.07.29-09.41.36:005][353]LogArray:Warning: Attempted to get an item from array Inventory out of bounds [-1/0]!
[2015.07.29-09.41.36:023][354]LogArray:Warning: Attempted to get an item from array Inventory out of bounds [-1/0]!
[2015.07.29-09.41.36:023][354]LogArray:Warning: Attempted to get an item from array Inventory out of bounds [-1/0]!
[2015.07.29-09.41.36:060][355]LogArray:Warning: Attempted to get an item from array Inventory out of bounds [-1/0]!
[2015.07.29-09.41.36:061][355]LogArray:Warning: Attempted to get an item from array Inventory out of bounds [-1/0]!
[2015.07.29-09.41.36:094][356]LogArray:Warning: Attempted to get an item from array Inventory out of bounds [-1/0]!
[2015.07.29-09.41.36:095][356]LogArray:Warning: Attempted to get an item from array Inventory out of bounds [-1/0]!
[2015.07.29-09.41.36:120][357]LogArray:Warning: Attempted to get an item from array Inventory out of bounds [-1/0]!
[2015.07.29-09.41.36:120][357]LogArray:Warning: Attempted to get an item from array Inventory out of bounds [-1/0]!
[2015.07.29-09.41.36:175][358]LogArray:Warning: Attempted to get an item from array Inventory out of bounds [-1/0]!
[2015.07.29-09.41.36:176][358]LogArray:Warning: Attempted to get an item from array Inventory out of bounds [-1/0]!
[2015.07.29-09.41.36:202][359]LogArray:Warning: Attempted to get an item from array Inventory out of bounds [-1/0]!
[2015.07.29-09.41.36:202][359]LogArray:Warning: Attempted to get an item from array Inventory out of bounds [-1/0]!
[2015.07.29-09.41.36:223][360]LogArray:Warning: Attempted to get an item from array Inventory out of bounds [-1/0]!
[2015.07.29-09.41.36:223][360]LogArray:Warning: Attempted to get an item from array Inventory out of bounds [-1/0]!
[2015.07.29-09.41.36:241][361]LogArray:Warning: Attempted to get an item from array Inventory out of bounds [-1/0]!
[2015.07.29-09.41.36:241][361]LogArray:Warning: Attempted to get an item from array Inventory out of bounds [-1/0]!
[2015.07.29-09.41.36:267][362]LogArray:Warning: Attempted to get an item from array Inventory out of bounds [-1/0]!
[2015.07.29-09.41.36:267][362]LogArray:Warning: Attempted to get an item from array Inventory out of bounds [-1/0]!
[2015.07.29-09.41.36:294][363]LogArray:Warning: Attempted to get an item from array Inventory out of bounds [-1/0]!
[2015.07.29-09.41.36:294][363]LogArray:Warning: Attempted to get an item from array Inventory out of bounds [-1/0]!
[2015.07.29-09.41.36:365][364]LogArray:Warning: Attempted to get an item from array Inventory out of bounds [-1/0]!
[2015.07.29-09.41.36:365][364]LogArray:Warning: Attempted to get an item from array Inventory out of bounds [-1/0]!
[2015.07.29-09.41.36:409][365]LogArray:Warning: Attempted to get an item from array Inventory out of bounds [-1/0]!
[2015.07.29-09.41.36:410][365]LogArray:Warning: Attempted to get an item from array Inventory out of bounds [-1/0]!
[2015.07.29-09.41.36:460][366]LogArray:Warning: Attempted to get an item from array Inventory out of bounds [-1/0]!
[2015.07.29-09.41.36:460][366]LogArray:Warning: Attempted to get an item from array Inventory out of bounds [-1/0]!
[2015.07.29-09.41.36:481][367]LogArray:Warning: Attempted to get an item from array Inventory out of bounds [-1/0]!
[2015.07.29-09.41.36:481][367]LogArray:Warning: Attempted to get an item from array Inventory out of bounds [-1/0]!
[2015.07.29-09.41.36:500][368]LogArray:Warning: Attempted to get an item from array Inventory out of bounds [-1/0]!
[2015.07.29-09.41.36:500][368]LogArray:Warning: Attempted to get an item from array Inventory out of bounds [-1/0]!
[2015.07.29-09.41.36:519][369]LogArray:Warning: Attempted to get an item from array Inventory out of bounds [-1/0]!
[2015.07.29-09.41.36:520][369]LogArray:Warning: Attempted to get an item from array Inventory out of bounds [-1/0]!
[2015.07.29-09.41.36:591][370]LogArray:Warning: Attempted to get an item from array Inventory out of bounds [-1/0]!
[2015.07.29-09.41.36:592][370]LogArray:Warning: Attempted to get an item from array Inventory out of bounds [-1/0]!
[2015.07.29-09.41.36:635][371]LogArray:Warning: Attempted to get an item from array Inventory out of bounds [-1/0]!
[2015.07.29-09.41.36:635][371]LogArray:Warning: Attempted to get an item from array Inventory out of bounds [-1/0]!
[2015.07.29-09.41.36:654][372]LogArray:Warning: Attempted to get an item from array Inventory out of bounds [-1/0]!
[2015.07.29-09.41.36:654][372]LogArray:Warning: Attempted to get an item from array Inventory out of bounds [-1/0]!
[2015.07.29-09.41.36:677][373]LogArray:Warning: Attempted to get an item from array Inventory out of bounds [-1/0]!
[2015.07.29-09.41.36:677][373]LogArray:Warning: Attempted to get an item from array Inventory out of bounds [-1/0]!
[2015.07.29-09.41.36:695][374]LogArray:Warning: Attempted to get an item from array Inventory out of bounds [-1/0]!
[2015.07.29-09.41.36:695][374]LogArray:Warning: Attempted to get an item from array Inventory out of bounds [-1/0]!
[2015.07.29-09.41.38:267][425]LogArray:Warning: Attempted to get an item from array Inventory out of bounds [-1/0]!
[2015.07.29-09.41.38:268][425]LogArray:Warning: Attempted to get an item from array Inventory out of bounds [-1/0]!
[2015.07.29-09.41.38:283][426]LogArray:Warning: Attempted to get an item from array Inventory out of bounds [-1/0]!
[2015.07.29-09.41.38:283][426]LogArray:Warning: Attempted to get an item from array Inventory out of bounds [-1/0]!
[2015.07.29-09.41.38:305][427]LogArray:Warning: Attempted to get an item from array Inventory out of bounds [-1/0]!
[2015.07.29-09.41.38:305][427]LogArray:Warning: Attempted to get an item from array Inventory out of bounds [-1/0]!
[2015.07.29-09.41.38:322][428]LogArray:Warning: Attempted to get an item from array Inventory out of bounds [-1/0]!
[2015.07.29-09.41.38:322][428]LogArray:Warning: Attempted to get an item from array Inventory out of bounds [-1/0]!
[2015.07.29-09.41.38:343][429]LogArray:Warning: Attempted to get an item from array Inventory out of bounds [-1/0]!
[2015.07.29-09.41.38:343][429]LogArray:Warning: Attempted to get an item from array Inventory out of bounds [-1/0]!
[2015.07.29-09.41.38:376][430]LogArray:Warning: Attempted to get an item from array Inventory out of bounds [-1/0]!
[2015.07.29-09.41.38:377][430]LogArray:Warning: Attempted to get an item from array Inventory out of bounds [-1/0]!
[2015.07.29-09.41.38:424][431]LogArray:Warning: Attempted to get an item from array Inventory out of bounds [-1/0]!
[2015.07.29-09.41.38:425][431]LogArray:Warning: Attempted to get an item from array Inventory out of bounds [-1/0]!
[2015.07.29-09.41.41:541][547]LogArray:Warning: Attempted to get an item from array Inventory out of bounds [-1/0]!
[2015.07.29-09.41.41:542][547]LogArray:Warning: Attempted to get an item from array Inventory out of bounds [-1/0]!
[2015.07.29-09.41.41:569][548]LogArray:Warning: Attempted to get an item from array Inventory out of bounds [-1/0]!
[2015.07.29-09.41.41:570][548]LogArray:Warning: Attempted to get an item from array Inventory out of bounds [-1/0]!
[2015.07.29-09.41.41:594][549]LogArray:Warning: Attempted to get an item from array Inventory out of bounds [-1/0]!
[2015.07.29-09.41.41:594][549]LogArray:Warning: Attempted to get an item from array Inventory out of bounds [-1/0]!
[2015.07.29-09.41.41:609][550]LogArray:Warning: Attempted to get an item from array Inventory out of bounds [-1/0]!
[2015.07.29-09.41.41:609][550]LogArray:Warning: Attempted to get an item from array Inventory out of bounds [-1/0]!
[2015.07.29-09.41.41:628][551]LogArray:Warning: Attempted to get an item from array Inventory out of bounds [-1/0]!
[2015.07.29-09.41.41:628][551]LogArray:Warning: Attempted to get an item from array Inventory out of bounds [-1/0]!
[2015.07.29-09.41.41:648][552]LogArray:Warning: Attempted to get an item from array Inventory out of bounds [-1/0]!
[2015.07.29-09.41.41:648][552]LogArray:Warning: Attempted to get an item from array Inventory out of bounds [-1/0]!
[2015.07.29-09.41.41:667][553]LogArray:Warning: Attempted to get an item from array Inventory out of bounds [-1/0]!
[2015.07.29-09.41.41:667][553]LogArray:Warning: Attempted to get an item from array Inventory out of bounds [-1/0]!
[2015.07.29-09.41.41:687][554]LogArray:Warning: Attempted to get an item from array Inventory out of bounds [-1/0]!
[2015.07.29-09.41.41:687][554]LogArray:Warning: Attempted to get an item from array Inventory out of bounds [-1/0]!
[2015.07.29-09.41.41:707][555]LogArray:Warning: Attempted to get an item from array Inventory out of bounds [-1/0]!
[2015.07.29-09.41.41:707][555]LogArray:Warning: Attempted to get an item from array Inventory out of bounds [-1/0]!
[2015.07.29-09.41.41:748][556]LogArray:Warning: Attempted to get an item from array Inventory out of bounds [-1/0]!
[2015.07.29-09.41.41:749][556]LogArray:Warning: Attempted to get an item from array Inventory out of bounds [-1/0]!
[2015.07.29-09.41.41:774][557]LogArray:Warning: Attempted to get an item from array Inventory out of bounds [-1/0]!
[2015.07.29-09.41.41:774][557]LogArray:Warning: Attempted to get an item from array Inventory out of bounds [-1/0]!
[2015.07.29-09.41.41:787][558]LogArray:Warning: Attempted to get an item from array Inventory out of bounds [-1/0]!
[2015.07.29-09.41.41:788][558]LogArray:Warning: Attempted to get an item from array Inventory out of bounds [-1/0]!
[2015.07.29-09.41.41:831][559]LogArray:Warning: Attempted to get an item from array Inventory out of bounds [-1/0]!
[2015.07.29-09.41.41:831][559]LogArray:Warning: Attempted to get an item from array Inventory out of bounds [-1/0]!
[2015.07.29-09.41.41:853][560]LogArray:Warning: Attempted to get an item from array Inventory out of bounds [-1/0]!
[2015.07.29-09.41.41:853][560]LogArray:Warning: Attempted to get an item from array Inventory out of bounds [-1/0]!
[2015.07.29-09.41.41:870][561]LogArray:Warning: Attempted to get an item from array Inventory out of bounds [-1/0]!
[2015.07.29-09.41.41:871][561]LogArray:Warning: Attempted to get an item from array Inventory out of bounds [-1/0]!
[2015.07.29-09.41.41:897][562]LogArray:Warning: Attempted to get an item from array Inventory out of bounds [-1/0]!
[2015.07.29-09.41.41:897][562]LogArray:Warning: Attempted to get an item from array Inventory out of bounds [-1/0]!
[2015.07.29-09.41.41:916][563]LogArray:Warning: Attempted to get an item from array Inventory out of bounds [-1/0]!
[2015.07.29-09.41.41:916][563]LogArray:Warning: Attempted to get an item from array Inventory out of bounds [-1/0]!
[2015.07.29-09.41.41:956][564]LogArray:Warning: Attempted to get an item from array Inventory out of bounds [-1/0]!
[2015.07.29-09.41.41:957][564]LogArray:Warning: Attempted to get an item from array Inventory out of bounds [-1/0]!
[2015.07.29-09.41.42:025][565]LogArray:Warning: Attempted to get an item from array Inventory out of bounds [-1/0]!
[2015.07.29-09.41.42:026][565]LogArray:Warning: Attempted to get an item from array Inventory out of bounds [-1/0]!
[2015.07.29-09.41.42:065][566]LogArray:Warning: Attempted to get an item from array Inventory out of bounds [-1/0]!
[2015.07.29-09.41.42:065][566]LogArray:Warning: Attempted to get an item from array Inventory out of bounds [-1/0]!
[2015.07.29-09.41.42:086][567]LogArray:Warning: Attempted to get an item from array Inventory out of bounds [-1/0]!
[2015.07.29-09.41.42:086][567]LogArray:Warning: Attempted to get an item from array Inventory out of bounds [-1/0]!
[2015.07.29-09.41.42:115][568]LogArray:Warning: Attempted to get an item from array Inventory out of bounds [-1/0]!
[2015.07.29-09.41.42:115][568]LogArray:Warning: Attempted to get an item from array Inventory out of bounds [-1/0]!
[2015.07.29-09.41.42:132][569]LogArray:Warning: Attempted to get an item from array Inventory out of bounds [-1/0]!
[2015.07.29-09.41.42:132][569]LogArray:Warning: Attempted to get an item from array Inventory out of bounds [-1/0]!
[2015.07.29-09.41.42:153][570]LogArray:Warning: Attempted to get an item from array Inventory out of bounds [-1/0]!
[2015.07.29-09.41.42:153][570]LogArray:Warning: Attempted to get an item from array Inventory out of bounds [-1/0]!
[2015.07.29-09.41.42:173][571]LogArray:Warning: Attempted to get an item from array Inventory out of bounds [-1/0]!
[2015.07.29-09.41.42:173][571]LogArray:Warning: Attempted to get an item from array Inventory out of bounds [-1/0]!
[2015.07.29-09.41.42:220][572]LogArray:Warning: Attempted to get an item from array Inventory out of bounds [-1/0]!
[2015.07.29-09.41.42:221][572]LogArray:Warning: Attempted to get an item from array Inventory out of bounds [-1/0]!
[2015.07.29-09.41.42:245][573]LogArray:Warning: Attempted to get an item from array Inventory out of bounds [-1/0]!
[2015.07.29-09.41.42:246][573]LogArray:Warning: Attempted to get an item from array Inventory out of bounds [-1/0]!
[2015.07.29-09.41.42:255][574]LogArray:Warning: Attempted to get an item from array Inventory out of bounds [-1/0]!
[2015.07.29-09.41.42:255][574]LogArray:Warning: Attempted to get an item from array Inventory out of bounds [-1/0]!
[2015.07.29-09.41.42:273][575]LogArray:Warning: Attempted to get an item from array Inventory out of bounds [-1/0]!
[2015.07.29-09.41.42:273][575]LogArray:Warning: Attempted to get an item from array Inventory out of bounds [-1/0]!
[2015.07.29-09.41.42:292][576]LogArray:Warning: Attempted to get an item from array Inventory out of bounds [-1/0]!
[2015.07.29-09.41.42:292][576]LogArray:Warning: Attempted to get an item from array Inventory out of bounds [-1/0]!
[2015.07.29-09.41.42:312][577]LogArray:Warning: Attempted to get an item from array Inventory out of bounds [-1/0]!
[2015.07.29-09.41.42:312][577]LogArray:Warning: Attempted to get an item from array Inventory out of bounds [-1/0]!
[2015.07.29-09.41.42:334][578]LogArray:Warning: Attempted to get an item from array Inventory out of bounds [-1/0]!
[2015.07.29-09.41.42:334][578]LogArray:Warning: Attempted to get an item from array Inventory out of bounds [-1/0]!
[2015.07.29-09.41.42:358][579]LogArray:Warning: Attempted to get an item from array Inventory out of bounds [-1/0]!
[2015.07.29-09.41.42:358][579]LogArray:Warning: Attempted to get an item from array Inventory out of bounds [-1/0]!
[2015.07.29-09.41.42:414][580]LogArray:Warning: Attempted to get an item from array Inventory out of bounds [-1/0]!
[2015.07.29-09.41.42:414][580]LogArray:Warning: Attempted to get an item from array Inventory out of bounds [-1/0]!
[2015.07.29-09.41.43:575][624]LogArray:Warning: Attempted to get an item from array Inventory out of bounds [-1/0]!
[2015.07.29-09.41.43:575][624]LogArray:Warning: Attempted to get an item from array Inventory out of bounds [-1/0]!
[2015.07.29-09.41.43:617][625]LogArray:Warning: Attempted to get an item from array Inventory out of bounds [-1/0]!
[2015.07.29-09.41.43:617][625]LogArray:Warning: Attempted to get an item from array Inventory out of bounds [-1/0]!
[2015.07.29-09.41.43:633][626]LogArray:Warning: Attempted to get an item from array Inventory out of bounds [-1/0]!
[2015.07.29-09.41.43:634][626]LogArray:Warning: Attempted to get an item from array Inventory out of bounds [-1/0]!
[2015.07.29-09.41.43:651][627]LogArray:Warning: Attempted to get an item from array Inventory out of bounds [-1/0]!
[2015.07.29-09.41.43:651][627]LogArray:Warning: Attempted to get an item from array Inventory out of bounds [-1/0]!
[2015.07.29-09.41.43:670][628]LogArray:Warning: Attempted to get an item from array Inventory out of bounds [-1/0]!
[2015.07.29-09.41.43:671][628]LogArray:Warning: Attempted to get an item from array Inventory out of bounds [-1/0]!
[2015.07.29-09.41.43:690][629]LogArray:Warning: Attempted to get an item from array Inventory out of bounds [-1/0]!
[2015.07.29-09.41.43:690][629]LogArray:Warning: Attempted to get an item from array Inventory out of bounds [-1/0]!
[2015.07.29-09.41.43:749][630]LogArray:Warning: Attempted to get an item from array Inventory out of bounds [-1/0]!
[2015.07.29-09.41.43:750][630]LogArray:Warning: Attempted to get an item from array Inventory out of bounds [-1/0]!
[2015.07.29-09.41.46:205][701]LogArray:Warning: Attempted to get an item from array Inventory out of bounds [-1/0]!
[2015.07.29-09.41.46:205][701]LogArray:Warning: Attempted to get an item from array Inventory out of bounds [-1/0]!
[2015.07.29-09.41.46:212][702]LogArray:Warning: Attempted to get an item from array Inventory out of bounds [-1/0]!
[2015.07.29-09.41.46:212][702]LogArray:Warning: Attempted to get an item from array Inventory out of bounds [-1/0]!
[2015.07.29-09.41.46:233][703]LogArray:Warning: Attempted to get an item from array Inventory out of bounds [-1/0]!
[2015.07.29-09.41.46:233][703]LogArray:Warning: Attempted to get an item from array Inventory out of bounds [-1/0]!
[2015.07.29-09.41.46:253][704]LogArray:Warning: Attempted to get an item from array Inventory out of bounds [-1/0]!
[2015.07.29-09.41.46:253][704]LogArray:Warning: Attempted to get an item from array Inventory out of bounds [-1/0]!
[2015.07.29-09.41.46:277][705]LogArray:Warning: Attempted to get an item from array Inventory out of bounds [-1/0]!
[2015.07.29-09.41.46:277][705]LogArray:Warning: Attempted to get an item from array Inventory out of bounds [-1/0]!
[2015.07.29-09.41.46:297][706]LogArray:Warning: Attempted to get an item from array Inventory out of bounds [-1/0]!
[2015.07.29-09.41.46:297][706]LogArray:Warning: Attempted to get an item from array Inventory out of bounds [-1/0]!
[2015.07.29-09.41.46:317][707]LogArray:Warning: Attempted to get an item from array Inventory out of bounds [-1/0]!
[2015.07.29-09.41.46:317][707]LogArray:Warning: Attempted to get an item from array Inventory out of bounds [-1/0]!
[2015.07.29-09.41.46:339][708]LogArray:Warning: Attempted to get an item from array Inventory out of bounds [-1/0]!
[2015.07.29-09.41.46:339][708]LogArray:Warning: Attempted to get an item from array Inventory out of bounds [-1/0]!
[2015.07.29-09.41.46:360][709]LogArray:Warning: Attempted to get an item from array Inventory out of bounds [-1/0]!
[2015.07.29-09.41.46:360][709]LogArray:Warning: Attempted to get an item from array Inventory out of bounds [-1/0]!
[2015.07.29-09.41.46:382][710]LogArray:Warning: Attempted to get an item from array Inventory out of bounds [-1/0]!
[2015.07.29-09.41.46:382][710]LogArray:Warning: Attempted to get an item from array Inventory out of bounds [-1/0]!
[2015.07.29-09.41.46:456][711]LogArray:Warning: Attempted to get an item from array Inventory out of bounds [-1/0]!
[2015.07.29-09.41.46:456][711]LogArray:Warning: Attempted to get an item from array Inventory out of bounds [-1/0]!
[2015.07.29-09.41.46:496][712]LogArray:Warning: Attempted to get an item from array Inventory out of bounds [-1/0]!
[2015.07.29-09.41.46:496][712]LogArray:Warning: Attempted to get an item from array Inventory out of bounds [-1/0]!
[2015.07.29-09.41.46:505][713]LogArray:Warning: Attempted to get an item from array Inventory out of bounds [-1/0]!
[2015.07.29-09.41.46:505][713]LogArray:Warning: Attempted to get an item from array Inventory out of bounds [-1/0]!
[2015.07.29-09.41.46:545][714]LogArray:Warning: Attempted to get an item from array Inventory out of bounds [-1/0]!
[2015.07.29-09.41.46:546][714]LogArray:Warning: Attempted to get an item from array Inventory out of bounds [-1/0]!
[2015.07.29-09.41.46:595][715]LogArray:Warning: Attempted to get an item from array Inventory out of bounds [-1/0]!
[2015.07.29-09.41.46:596][715]LogArray:Warning: Attempted to get an item from array Inventory out of bounds [-1/0]!
[2015.07.29-09.41.46:645][716]LogArray:Warning: Attempted to get an item from array Inventory out of bounds [-1/0]!
[2015.07.29-09.41.46:645][716]LogArray:Warning: Attempted to get an item from array Inventory out of bounds [-1/0]!
[2015.07.29-09.41.46:672][717]LogArray:Warning: Attempted to get an item from array Inventory out of bounds [-1/0]!
[2015.07.29-09.41.46:672][717]LogArray:Warning: Attempted to get an item from array Inventory out of bounds [-1/0]!
[2015.07.29-09.41.46:699][718]LogArray:Warning: Attempted to get an item from array Inventory out of bounds [-1/0]!
[2015.07.29-09.41.46:699][718]LogArray:Warning: Attempted to get an item from array Inventory out of bounds [-1/0]!
[2015.07.29-09.41.46:724][719]LogArray:Warning: Attempted to get an item from array Inventory out of bounds [-1/0]!
[2015.07.29-09.41.46:725][719]LogArray:Warning: Attempted to get an item from array Inventory out of bounds [-1/0]!
[2015.07.29-09.41.46:744][720]LogArray:Warning: Attempted to get an item from array Inventory out of bounds [-1/0]!
[2015.07.29-09.41.46:744][720]LogArray:Warning: Attempted to get an item from array Inventory out of bounds [-1/0]!
[2015.07.29-09.41.46:766][721]LogArray:Warning: Attempted to get an item from array Inventory out of bounds [-1/0]!
[2015.07.29-09.41.46:766][721]LogArray:Warning: Attempted to get an item from array Inventory out of bounds [-1/0]!
[2015.07.29-09.41.46:787][722]LogArray:Warning: Attempted to get an item from array Inventory out of bounds [-1/0]!
[2015.07.29-09.41.46:787][722]LogArray:Warning: Attempted to get an item from array Inventory out of bounds [-1/0]!
[2015.07.29-09.41.46:806][723]LogArray:Warning: Attempted to get an item from array Inventory out of bounds [-1/0]!
[2015.07.29-09.41.46:806][723]LogArray:Warning: Attempted to get an item from array Inventory out of bounds [-1/0]!
[2015.07.29-09.41.46:827][724]LogArray:Warning: Attempted to get an item from array Inventory out of bounds [-1/0]!
[2015.07.29-09.41.46:827][724]LogArray:Warning: Attempted to get an item from array Inventory out of bounds [-1/0]!
[2015.07.29-09.41.46:918][725]LogArray:Warning: Attempted to get an item from array Inventory out of bounds [-1/0]!
[2015.07.29-09.41.46:919][725]LogArray:Warning: Attempted to get an item from array Inventory out of bounds [-1/0]!
[2015.07.29-09.41.46:968][726]LogArray:Warning: Attempted to get an item from array Inventory out of bounds [-1/0]!
[2015.07.29-09.41.46:969][726]LogArray:Warning: Attempted to get an item from array Inventory out of bounds [-1/0]!
[2015.07.29-09.41.47:013][727]LogArray:Warning: Attempted to get an item from array Inventory out of bounds [-1/0]!
[2015.07.29-09.41.47:014][727]LogArray:Warning: Attempted to get an item from array Inventory out of bounds [-1/0]!
[2015.07.29-09.41.47:066][728]LogArray:Warning: Attempted to get an item from array Inventory out of bounds [-1/0]!
[2015.07.29-09.41.47:066][728]LogArray:Warning: Attempted to get an item from array Inventory out of bounds [-1/0]!
[2015.07.29-09.41.47:105][729]LogArray:Warning: Attempted to get an item from array Inventory out of bounds [-1/0]!
[2015.07.29-09.41.47:105][729]LogArray:Warning: Attempted to get an item from array Inventory out of bounds [-1/0]!
[2015.07.29-09.41.47:126][730]LogArray:Warning: Attempted to get an item from array Inventory out of bounds [-1/0]!
[2015.07.29-09.41.47:126][730]LogArray:Warning: Attempted to get an item from array Inventory out of bounds [-1/0]!
[2015.07.29-09.41.47:147][731]LogArray:Warning: Attempted to get an item from array Inventory out of bounds [-1/0]!
[2015.07.29-09.41.47:147][731]LogArray:Warning: Attempted to get an item from array Inventory out of bounds [-1/0]!
[2015.07.29-09.41.48:283][769]LogArray:Warning: Attempted to get an item from array Inventory out of bounds [-1/0]!
[2015.07.29-09.41.48:284][769]LogArray:Warning: Attempted to get an item from array Inventory out of bounds [-1/0]!
[2015.07.29-09.41.48:332][770]LogArray:Warning: Attempted to get an item from array Inventory out of bounds [-1/0]!
[2015.07.29-09.41.48:333][770]LogArray:Warning: Attempted to get an item from array Inventory out of bounds [-1/0]!
[2015.07.29-09.41.48:353][771]LogArray:Warning: Attempted to get an item from array Inventory out of bounds [-1/0]!
[2015.07.29-09.41.48:353][771]LogArray:Warning: Attempted to get an item from array Inventory out of bounds [-1/0]!
[2015.07.29-09.41.48:375][772]LogArray:Warning: Attempted to get an item from array Inventory out of bounds [-1/0]!
[2015.07.29-09.41.48:375][772]LogArray:Warning: Attempted to get an item from array Inventory out of bounds [-1/0]!
[2015.07.29-09.41.48:397][773]LogArray:Warning: Attempted to get an item from array Inventory out of bounds [-1/0]!
[2015.07.29-09.41.48:397][773]LogArray:Warning: Attempted to get an item from array Inventory out of bounds [-1/0]!
[2015.07.29-09.41.48:418][774]LogArray:Warning: Attempted to get an item from array Inventory out of bounds [-1/0]!
[2015.07.29-09.41.48:418][774]LogArray:Warning: Attempted to get an item from array Inventory out of bounds [-1/0]!
[2015.07.29-09.42.01:704][215]LogArray:Warning: Attempted to get an item from array Inventory out of bounds [-1/0]!
[2015.07.29-09.42.01:704][215]LogArray:Warning: Attempted to get an item from array Inventory out of bounds [-1/0]!
[2015.07.29-09.42.01:714][216]LogArray:Warning: Attempted to get an item from array Inventory out of bounds [-1/0]!
[2015.07.29-09.42.01:714][216]LogArray:Warning: Attempted to get an item from array Inventory out of bounds [-1/0]!
[2015.07.29-09.42.01:733][217]LogArray:Warning: Attempted to get an item from array Inventory out of bounds [-1/0]!
[2015.07.29-09.42.01:733][217]LogArray:Warning: Attempted to get an item from array Inventory out of bounds [-1/0]!
[2015.07.29-09.42.01:754][218]LogArray:Warning: Attempted to get an item from array Inventory out of bounds [-1/0]!
[2015.07.29-09.42.01:754][218]LogArray:Warning: Attempted to get an item from array Inventory out of bounds [-1/0]!
[2015.07.29-09.42.01:775][219]LogArray:Warning: Attempted to get an item from array Inventory out of bounds [-1/0]!
[2015.07.29-09.42.01:775][219]LogArray:Warning: Attempted to get an item from array Inventory out of bounds [-1/0]!
[2015.07.29-09.42.01:807][220]LogArray:Warning: Attempted to get an item from array Inventory out of bounds [-1/0]!
[2015.07.29-09.42.01:808][220]LogArray:Warning: Attempted to get an item from array Inventory out of bounds [-1/0]!
[2015.07.29-09.42.01:847][221]LogArray:Warning: Attempted to get an item from array Inventory out of bounds [-1/0]!
[2015.07.29-09.42.01:848][221]LogArray:Warning: Attempted to get an item from array Inventory out of bounds [-1/0]!
[2015.07.29-09.42.01:870][222]LogArray:Warning: Attempted to get an item from array Inventory out of bounds [-1/0]!
[2015.07.29-09.42.01:871][222]LogArray:Warning: Attempted to get an item from array Inventory out of bounds [-1/0]!
[2015.07.29-09.42.01:883][223]LogArray:Warning: Attempted to get an item from array Inventory out of bounds [-1/0]!
[2015.07.29-09.42.01:883][223]LogArray:Warning: Attempted to get an item from array Inventory out of bounds [-1/0]!
[2015.07.29-09.42.01:903][224]LogArray:Warning: Attempted to get an item from array Inventory out of bounds [-1/0]!
[2015.07.29-09.42.01:904][224]LogArray:Warning: Attempted to get an item from array Inventory out of bounds [-1/0]!
[2015.07.29-09.42.01:928][225]LogArray:Warning: Attempted to get an item from array Inventory out of bounds [-1/0]!
[2015.07.29-09.42.01:928][225]LogArray:Warning: Attempted to get an item from array Inventory out of bounds [-1/0]!
[2015.07.29-09.42.01:974][226]LogArray:Warning: Attempted to get an item from array Inventory out of bounds [-1/0]!
[2015.07.29-09.42.01:974][226]LogArray:Warning: Attempted to get an item from array Inventory out of bounds [-1/0]!
[2015.07.29-09.42.02:006][227]LogArray:Warning: Attempted to get an item from array Inventory out of bounds [-1/0]!
[2015.07.29-09.42.02:006][227]LogArray:Warning: Attempted to get an item from array Inventory out of bounds [-1/0]!
[2015.07.29-09.42.02:018][228]LogArray:Warning: Attempted to get an item from array Inventory out of bounds [-1/0]!
[2015.07.29-09.42.02:018][228]LogArray:Warning: Attempted to get an item from array Inventory out of bounds [-1/0]!
[2015.07.29-09.42.02:039][229]LogArray:Warning: Attempted to get an item from array Inventory out of bounds [-1/0]!
[2015.07.29-09.42.02:039][229]LogArray:Warning: Attempted to get an item from array Inventory out of bounds [-1/0]!
[2015.07.29-09.42.02:061][230]LogArray:Warning: Attempted to get an item from array Inventory out of bounds [-1/0]!
[2015.07.29-09.42.02:061][230]LogArray:Warning: Attempted to get an item from array Inventory out of bounds [-1/0]!
[2015.07.29-09.42.02:082][231]LogArray:Warning: Attempted to get an item from array Inventory out of bounds [-1/0]!
[2015.07.29-09.42.02:082][231]LogArray:Warning: Attempted to get an item from array Inventory out of bounds [-1/0]!
[2015.07.29-09.42.02:104][232]LogArray:Warning: Attempted to get an item from array Inventory out of bounds [-1/0]!
[2015.07.29-09.42.02:104][232]LogArray:Warning: Attempted to get an item from array Inventory out of bounds [-1/0]!
[2015.07.29-09.42.02:126][233]LogArray:Warning: Attempted to get an item from array Inventory out of bounds [-1/0]!
[2015.07.29-09.42.02:126][233]LogArray:Warning: Attempted to get an item from array Inventory out of bounds [-1/0]!
[2015.07.29-09.42.02:148][234]LogArray:Warning: Attempted to get an item from array Inventory out of bounds [-1/0]!
[2015.07.29-09.42.02:148][234]LogArray:Warning: Attempted to get an item from array Inventory out of bounds [-1/0]!
[2015.07.29-09.42.02:193][235]LogArray:Warning: Attempted to get an item from array Inventory out of bounds [-1/0]!
[2015.07.29-09.42.02:193][235]LogArray:Warning: Attempted to get an item from array Inventory out of bounds [-1/0]!
[2015.07.29-09.42.02:221][236]LogArray:Warning: Attempted to get an item from array Inventory out of bounds [-1/0]!
[2015.07.29-09.42.02:221][236]LogArray:Warning: Attempted to get an item from array Inventory out of bounds [-1/0]!
[2015.07.29-09.42.02:232][237]LogArray:Warning: Attempted to get an item from array Inventory out of bounds [-1/0]!
[2015.07.29-09.42.02:232][237]LogArray:Warning: Attempted to get an item from array Inventory out of bounds [-1/0]!
[2015.07.29-09.42.02:252][238]LogArray:Warning: Attempted to get an item from array Inventory out of bounds [-1/0]!
[2015.07.29-09.42.02:252][238]LogArray:Warning: Attempted to get an item from array Inventory out of bounds [-1/0]!
[2015.07.29-09.42.02:272][239]LogArray:Warning: Attempted to get an item from array Inventory out of bounds [-1/0]!
[2015.07.29-09.42.02:272][239]LogArray:Warning: Attempted to get an item from array Inventory out of bounds [-1/0]!
[2015.07.29-09.42.02:294][240]LogArray:Warning: Attempted to get an item from array Inventory out of bounds [-1/0]!
[2015.07.29-09.42.02:294][240]LogArray:Warning: Attempted to get an item from array Inventory out of bounds [-1/0]!
[2015.07.29-09.42.02:314][241]LogArray:Warning: Attempted to get an item from array Inventory out of bounds [-1/0]!
[2015.07.29-09.42.02:314][241]LogArray:Warning: Attempted to get an item from array Inventory out of bounds [-1/0]!
[2015.07.29-09.42.02:335][242]LogArray:Warning: Attempted to get an item from array Inventory out of bounds [-1/0]!
[2015.07.29-09.42.02:335][242]LogArray:Warning: Attempted to get an item from array Inventory out of bounds [-1/0]!
[2015.07.29-09.42.02:357][243]LogArray:Warning: Attempted to get an item from array Inventory out of bounds [-1/0]!
[2015.07.29-09.42.02:357][243]LogArray:Warning: Attempted to get an item from array Inventory out of bounds [-1/0]!
[2015.07.29-09.42.02:382][244]LogArray:Warning: Attempted to get an item from array Inventory out of bounds [-1/0]!
[2015.07.29-09.42.02:382][244]LogArray:Warning: Attempted to get an item from array Inventory out of bounds [-1/0]!
[2015.07.29-09.42.02:441][245]LogArray:Warning: Attempted to get an item from array Inventory out of bounds [-1/0]!
[2015.07.29-09.42.02:441][245]LogArray:Warning: Attempted to get an item from array Inventory out of bounds [-1/0]!
[2015.07.29-09.42.02:476][246]LogArray:Warning: Attempted to get an item from array Inventory out of bounds [-1/0]!
[2015.07.29-09.42.02:476][246]LogArray:Warning: Attempted to get an item from array Inventory out of bounds [-1/0]!
[2015.07.29-09.42.02:501][247]LogArray:Warning: Attempted to get an item from array Inventory out of bounds [-1/0]!
[2015.07.29-09.42.02:501][247]LogArray:Warning: Attempted to get an item from array Inventory out of bounds [-1/0]!
[2015.07.29-09.42.02:516][248]LogArray:Warning: Attempted to get an item from array Inventory out of bounds [-1/0]!
[2015.07.29-09.42.02:516][248]LogArray:Warning: Attempted to get an item from array Inventory out of bounds [-1/0]!
[2015.07.29-09.42.02:537][249]LogArray:Warning: Attempted to get an item from array Inventory out of bounds [-1/0]!
[2015.07.29-09.42.02:538][249]LogArray:Warning: Attempted to get an item from array Inventory out of bounds [-1/0]!
[2015.07.29-09.42.02:558][250]LogArray:Warning: Attempted to get an item from array Inventory out of bounds [-1/0]!
[2015.07.29-09.42.02:558][250]LogArray:Warning: Attempted to get an item from array Inventory out of bounds [-1/0]!
[2015.07.29-09.42.02:581][251]LogArray:Warning: Attempted to get an item from array Inventory out of bounds [-1/0]!
[2015.07.29-09.42.02:582][251]LogArray:Warning: Attempted to get an item from array Inventory out of bounds [-1/0]!
[2015.07.29-09.42.02:607][252]LogArray:Warning: Attempted to get an item from array Inventory out of bounds [-1/0]!
[2015.07.29-09.42.02:607][252]LogArray:Warning: Attempted to get an item from array Inventory out of bounds [-1/0]!
[2015.07.29-09.42.02:668][253]LogArray:Warning: Attempted to get an item from array Inventory out of bounds [-1/0]!
[2015.07.29-09.42.02:669][253]LogArray:Warning: Attempted to get an item from array Inventory out of bounds [-1/0]!
[2015.07.29-09.42.04:441][312]LogArray:Warning: Attempted to get an item from array Inventory out of bounds [-1/0]!
[2015.07.29-09.42.04:442][312]LogArray:Warning: Attempted to get an item from array Inventory out of bounds [-1/0]!
[2015.07.29-09.42.04:454][313]LogArray:Warning: Attempted to get an item from array Inventory out of bounds [-1/0]!
[2015.07.29-09.42.04:454][313]LogArray:Warning: Attempted to get an item from array Inventory out of bounds [-1/0]!
[2015.07.29-09.42.04:486][314]LogArray:Warning: Attempted to get an item from array Inventory out of bounds [-1/0]!
[2015.07.29-09.42.04:486][314]LogArray:Warning: Attempted to get an item from array Inventory out of bounds [-1/0]!
[2015.07.29-09.42.04:506][315]LogArray:Warning: Attempted to get an item from array Inventory out of bounds [-1/0]!
[2015.07.29-09.42.04:506][315]LogArray:Warning: Attempted to get an item from array Inventory out of bounds [-1/0]!
[2015.07.29-09.42.04:528][316]LogArray:Warning: Attempted to get an item from array Inventory out of bounds [-1/0]!
[2015.07.29-09.42.04:528][316]LogArray:Warning: Attempted to get an item from array Inventory out of bounds [-1/0]!
[2015.07.29-09.42.04:550][317]LogArray:Warning: Attempted to get an item from array Inventory out of bounds [-1/0]!
[2015.07.29-09.42.04:550][317]LogArray:Warning: Attempted to get an item from array Inventory out of bounds [-1/0]!
[2015.07.29-09.42.04:571][318]LogArray:Warning: Attempted to get an item from array Inventory out of bounds [-1/0]!
[2015.07.29-09.42.04:571][318]LogArray:Warning: Attempted to get an item from array Inventory out of bounds [-1/0]!
[2015.07.29-09.42.04:595][319]LogArray:Warning: Attempted to get an item from array Inventory out of bounds [-1/0]!
[2015.07.29-09.42.04:595][319]LogArray:Warning: Attempted to get an item from array Inventory out of bounds [-1/0]!
[2015.07.29-09.42.06:287][383]LogArray:Warning: Attempted to get an item from array Inventory out of bounds [-1/0]!
[2015.07.29-09.42.06:287][383]LogArray:Warning: Attempted to get an item from array Inventory out of bounds [-1/0]!
[2015.07.29-09.42.06:305][384]LogArray:Warning: Attempted to get an item from array Inventory out of bounds [-1/0]!
[2015.07.29-09.42.06:305][384]LogArray:Warning: Attempted to get an item from array Inventory out of bounds [-1/0]!
[2015.07.29-09.42.06:368][385]LogArray:Warning: Attempted to get an item from array Inventory out of bounds [-1/0]!
[2015.07.29-09.42.06:369][385]LogArray:Warning: Attempted to get an item from array Inventory out of bounds [-1/0]!
[2015.07.29-09.42.06:439][386]LogArray:Warning: Attempted to get an item from array Inventory out of bounds [-1/0]!
[2015.07.29-09.42.06:439][386]LogArray:Warning: Attempted to get an item from array Inventory out of bounds [-1/0]!
[2015.07.29-09.42.06:459][387]LogArray:Warning: Attempted to get an item from array Inventory out of bounds [-1/0]!
[2015.07.29-09.42.06:459][387]LogArray:Warning: Attempted to get an item from array Inventory out of bounds [-1/0]!
[2015.07.29-09.42.06:475][388]LogArray:Warning: Attempted to get an item from array Inventory out of bounds [-1/0]!
[2015.07.29-09.42.06:475][388]LogArray:Warning: Attempted to get an item from array Inventory out of bounds [-1/0]!
[2015.07.29-09.42.06:495][389]LogArray:Warning: Attempted to get an item from array Inventory out of bounds [-1/0]!
[2015.07.29-09.42.06:495][389]LogArray:Warning: Attempted to get an item from array Inventory out of bounds [-1/0]!
[2015.07.29-09.42.06:518][390]LogArray:Warning: Attempted to get an item from array Inventory out of bounds [-1/0]!
[2015.07.29-09.42.06:518][390]LogArray:Warning: Attempted to get an item from array Inventory out of bounds [-1/0]!
[2015.07.29-09.42.06:603][391]LogArray:Warning: Attempted to get an item from array Inventory out of bounds [-1/0]!
[2015.07.29-09.42.06:604][391]LogArray:Warning: Attempted to get an item from array Inventory out of bounds [-1/0]!
[2015.07.29-09.42.06:646][392]LogArray:Warning: Attempted to get an item from array Inventory out of bounds [-1/0]!
[2015.07.29-09.42.06:647][392]LogArray:Warning: Attempted to get an item from array Inventory out of bounds [-1/0]!
[2015.07.29-09.42.06:688][393]LogArray:Warning: Attempted to get an item from array Inventory out of bounds [-1/0]!
[2015.07.29-09.42.06:689][393]LogArray:Warning: Attempted to get an item from array Inventory out of bounds [-1/0]!
[2015.07.29-09.42.06:706][394]LogArray:Warning: Attempted to get an item from array Inventory out of bounds [-1/0]!
[2015.07.29-09.42.06:707][394]LogArray:Warning: Attempted to get an item from array Inventory out of bounds [-1/0]!
[2015.07.29-09.42.06:733][395]LogArray:Warning: Attempted to get an item from array Inventory out of bounds [-1/0]!
[2015.07.29-09.42.06:733][395]LogArray:Warning: Attempted to get an item from array Inventory out of bounds [-1/0]!
[2015.07.29-09.42.06:754][396]LogArray:Warning: Attempted to get an item from array Inventory out of bounds [-1/0]!
[2015.07.29-09.42.06:754][396]LogArray:Warning: Attempted to get an item from array Inventory out of bounds [-1/0]!
[2015.07.29-09.42.06:773][397]LogArray:Warning: Attempted to get an item from array Inventory out of bounds [-1/0]!
[2015.07.29-09.42.06:773][397]LogArray:Warning: Attempted to get an item from array Inventory out of bounds [-1/0]!
[2015.07.29-09.42.06:826][398]LogArray:Warning: Attempted to get an item from array Inventory out of bounds [-1/0]!
[2015.07.29-09.42.06:829][398]LogArray:Warning: Attempted to get an item from array Inventory out of bounds [-1/0]!
[2015.07.29-09.42.06:862][399]LogArray:Warning: Attempted to get an item from array Inventory out of bounds [-1/0]!
[2015.07.29-09.42.06:863][399]LogArray:Warning: Attempted to get an item from array Inventory out of bounds [-1/0]!
[2015.07.29-09.42.06:873][400]LogArray:Warning: Attempted to get an item from array Inventory out of bounds [-1/0]!
[2015.07.29-09.42.06:873][400]LogArray:Warning: Attempted to get an item from array Inventory out of bounds [-1/0]!
[2015.07.29-09.42.06:895][401]LogArray:Warning: Attempted to get an item from array Inventory out of bounds [-1/0]!
[2015.07.29-09.42.06:895][401]LogArray:Warning: Attempted to get an item from array Inventory out of bounds [-1/0]!
[2015.07.29-09.42.07:021][402]LogArray:Warning: Attempted to get an item from array Inventory out of bounds [-1/0]!
[2015.07.29-09.42.07:021][402]LogArray:Warning: Attempted to get an item from array Inventory out of bounds [-1/0]!
[2015.07.29-09.42.07:045][403]LogArray:Warning: Attempted to get an item from array Inventory out of bounds [-1/0]!
[2015.07.29-09.42.07:045][403]LogArray:Warning: Attempted to get an item from array Inventory out of bounds [-1/0]!
[2015.07.29-09.42.07:066][404]LogArray:Warning: Attempted to get an item from array Inventory out of bounds [-1/0]!
[2015.07.29-09.42.07:066][404]LogArray:Warning: Attempted to get an item from array Inventory out of bounds [-1/0]!
[2015.07.29-09.42.07:088][405]LogArray:Warning: Attempted to get an item from array Inventory out of bounds [-1/0]!
[2015.07.29-09.42.07:088][405]LogArray:Warning: Attempted to get an item from array Inventory out of bounds [-1/0]!
[2015.07.29-09.42.07:108][406]LogArray:Warning: Attempted to get an item from array Inventory out of bounds [-1/0]!
[2015.07.29-09.42.07:109][406]LogArray:Warning: Attempted to get an item from array Inventory out of bounds [-1/0]!
[2015.07.29-09.42.07:131][407]LogArray:Warning: Attempted to get an item from array Inventory out of bounds [-1/0]!
[2015.07.29-09.42.07:131][407]LogArray:Warning: Attempted to get an item from array Inventory out of bounds [-1/0]!
[2015.07.29-09.42.07:151][408]LogArray:Warning: Attempted to get an item from array Inventory out of bounds [-1/0]!
[2015.07.29-09.42.07:152][408]LogArray:Warning: Attempted to get an item from array Inventory out of bounds [-1/0]!
[2015.07.29-09.42.07:173][409]LogArray:Warning: Attempted to get an item from array Inventory out of bounds [-1/0]!
[2015.07.29-09.42.07:173][409]LogArray:Warning: Attempted to get an item from array Inventory out of bounds [-1/0]!
[2015.07.29-09.42.07:195][410]LogArray:Warning: Attempted to get an item from array Inventory out of bounds [-1/0]!
[2015.07.29-09.42.07:195][410]LogArray:Warning: Attempted to get an item from array Inventory out of bounds [-1/0]!
[2015.07.29-09.42.07:216][411]LogArray:Warning: Attempted to get an item from array Inventory out of bounds [-1/0]!
[2015.07.29-09.42.07:216][411]LogArray:Warning: Attempted to get an item from array Inventory out of bounds [-1/0]!
[2015.07.29-09.42.07:298][412]LogArray:Warning: Attempted to get an item from array Inventory out of bounds [-1/0]!
[2015.07.29-09.42.07:298][412]LogArray:Warning: Attempted to get an item from array Inventory out of bounds [-1/0]!
[2015.07.29-09.42.07:338][413]LogArray:Warning: Attempted to get an item from array Inventory out of bounds [-1/0]!
[2015.07.29-09.42.07:339][413]LogArray:Warning: Attempted to get an item from array Inventory out of bounds [-1/0]!
[2015.07.29-09.42.07:374][414]LogArray:Warning: Attempted to get an item from array Inventory out of bounds [-1/0]!
[2015.07.29-09.42.07:375][414]LogArray:Warning: Attempted to get an item from array Inventory out of bounds [-1/0]!
[2015.07.29-09.42.07:388][415]LogArray:Warning: Attempted to get an item from array Inventory out of bounds [-1/0]!
[2015.07.29-09.42.07:388][415]LogArray:Warning: Attempted to get an item from array Inventory out of bounds [-1/0]!
[2015.07.29-09.42.08:371][449]LogArray:Warning: Attempted to get an item from array Inventory out of bounds [-1/0]!
[2015.07.29-09.42.08:371][449]LogArray:Warning: Attempted to get an item from array Inventory out of bounds [-1/0]!
[2015.07.29-09.42.08:380][450]LogArray:Warning: Attempted to get an item from array Inventory out of bounds [-1/0]!
[2015.07.29-09.42.08:380][450]LogArray:Warning: Attempted to get an item from array Inventory out of bounds [-1/0]!
[2015.07.29-09.42.08:400][451]LogArray:Warning: Attempted to get an item from array Inventory out of bounds [-1/0]!
[2015.07.29-09.42.08:400][451]LogArray:Warning: Attempted to get an item from array Inventory out of bounds [-1/0]!
[2015.07.29-09.42.08:459][452]LogArray:Warning: Attempted to get an item from array Inventory out of bounds [-1/0]!
[2015.07.29-09.42.08:461][452]LogArray:Warning: Attempted to get an item from array Inventory out of bounds [-1/0]!
[2015.07.29-09.42.08:494][453]LogArray:Warning: Attempted to get an item from array Inventory out of bounds [-1/0]!
[2015.07.29-09.42.08:495][453]LogArray:Warning: Attempted to get an item from array Inventory out of bounds [-1/0]!
[2015.07.29-09.42.17:201][732]LogRenderer: Reallocating scene render targets to support 688x376 (Frame:1735).
[2015.07.29-09.42.18:067][752]LogWindowsTextInputMethodSystem:Display: IME system now deactivated.
[2015.07.29-09.42.18:067][752]LogWindowsTextInputMethodSystem:Display: IME system now deactivated.
[2015.07.29-09.42.18:072][752]LogEngine: All Windows Closed
[2015.07.29-09.42.18:072][752]LogWindows: FPlatformMisc::RequestExit(0)
[2015.07.29-09.42.18:271][753]LogExit: Preparing to exit.
[2015.07.29-09.42.18:325][753]LogExit: Game engine shut down
[2015.07.29-09.42.18:326][753]LogParticles: Destroying 0 GPU particle simulations for FXSystem 0x000000F28AE1C9A0
[2015.07.29-09.42.19:839][753]LogExit: Object subsystem successfully closed.
[2015.07.29-09.42.19:870][753]LogD3D11RHI: Shutdown
[2015.07.29-09.42.19:870][753]LogD3D11RHI: CleanupD3DDevice
[2015.07.29-09.42.20:321][753]LogD3D11RHI: ~FD3D11DynamicRHI
[2015.07.29-09.42.20:361][753]LogModuleManager: Shutting down and abandoning module AndroidDeviceDetection (108)
[2015.07.29-09.42.20:859][753]LogModuleManager: Shutting down and abandoning module AssetRegistry (107)
[2015.07.29-09.42.20:859][753]LogModuleManager: Shutting down and abandoning module AutomationWorker (106)
[2015.07.29-09.42.20:859][753]LogModuleManager: Shutting down and abandoning module CharacterAI (105)
[2015.07.29-09.42.20:860][753]LogModuleManager: Shutting down and abandoning module AITestSuite (104)
[2015.07.29-09.42.20:860][753]LogModuleManager: Shutting down and abandoning module GameplayDebugger (103)
[2015.07.29-09.42.20:860][753]LogModuleManager: Shutting down and abandoning module AIModule (102)
[2015.07.29-09.42.20:860][753]LogModuleManager: Shutting down and abandoning module GameLiveStreaming (101)
[2015.07.29-09.42.20:860][753]LogModuleManager: Shutting down and abandoning module StreamingPauseRendering (100)
[2015.07.29-09.42.20:860][753]LogModuleManager: Shutting down and abandoning module ProfilerService (99)
[2015.07.29-09.42.21:056][753]LogModuleManager: Shutting down and abandoning module TaskGraph (98)
[2015.07.29-09.42.21:056][753]LogModuleManager: Shutting down and abandoning module SlateRemote (97)
[2015.07.29-09.42.21:056][753]LogModuleManager: Shutting down and abandoning module SteamVRController (96)
[2015.07.29-09.42.21:056][753]LogModuleManager: Shutting down and abandoning module SteamVR (95)
[2015.07.29-09.42.21:056][753]LogModuleManager: Shutting down and abandoning module ProceduralMeshComponent (94)
[2015.07.29-09.42.21:056][753]LogModuleManager: Shutting down and abandoning module OculusRift (93)
[2015.07.29-09.42.21:056][753]LogModuleManager: Shutting down and abandoning module LeapMotionController (92)
[2015.07.29-09.42.21:074][753]LogModuleManager: Shutting down and abandoning module CustomMeshComponent (91)
[2015.07.29-09.42.21:074][753]LogModuleManager: Shutting down and abandoning module CableComponent (90)
[2015.07.29-09.42.21:074][753]LogModuleManager: Shutting down and abandoning module DesktopPlatform (89)
[2015.07.29-09.42.21:074][753]LogModuleManager: Shutting down and abandoning module DirectoryWatcher (88)
[2015.07.29-09.42.21:074][753]LogModuleManager: Shutting down and abandoning module HotReload (87)
[2015.07.29-09.42.21:074][753]LogModuleManager: Shutting down and abandoning module VisualStudioSourceCodeAccess (86)
[2015.07.29-09.42.21:075][753]LogModuleManager: Shutting down and abandoning module UObjectPlugin (85)
[2015.07.29-09.42.21:075][753]LogModuleManager: Shutting down and abandoning module SubversionSourceControl (84)
[2015.07.29-09.42.21:075][753]LogModuleManager: Shutting down and abandoning module SourceControl (83)
[2015.07.29-09.42.21:075][753]LogModuleManager: Shutting down and abandoning module PerforceSourceControl (82)
[2015.07.29-09.42.21:075][753]LogModuleManager: Shutting down and abandoning module BlankPlugin (81)
[2015.07.29-09.42.21:075][753]LogModuleManager: Shutting down and abandoning module UdpMessaging (80)
[2015.07.29-09.42.21:075][753]LogModuleManager: Shutting down and abandoning module Paper2D (79)
[2015.07.29-09.42.21:075][753]LogModuleManager: Shutting down and abandoning module WindowsMoviePlayer (78)
[2015.07.29-09.42.21:080][753]LogModuleManager: Shutting down and abandoning module Media (77)
[2015.07.29-09.42.21:080][753]LogModuleManager: Shutting down and abandoning module WmfMedia (76)
[2015.07.29-09.42.21:080][753]LogModuleManager: Shutting down and abandoning module OnlineBlueprintSupport (75)
[2015.07.29-09.42.21:080][753]LogModuleManager: Shutting down and abandoning module PropertyEditor (74)
[2015.07.29-09.42.21:080][753]LogModuleManager: Shutting down and abandoning module BehaviorTreeEditor (73)
[2015.07.29-09.42.21:080][753]LogModuleManager: Shutting down and abandoning module FunctionalTesting (72)
[2015.07.29-09.42.21:080][753]LogModuleManager: Shutting down and abandoning module CollisionAnalyzer (71)
[2015.07.29-09.42.21:080][753]LogModuleManager: Shutting down and abandoning module WorkspaceMenuStructure (70)
[2015.07.29-09.42.21:080][753]LogModuleManager: Shutting down and abandoning module MessageLog (69)
[2015.07.29-09.42.21:080][753]LogModuleManager: Shutting down and abandoning module Sequencer (68)
[2015.07.29-09.42.21:080][753]LogModuleManager: Shutting down and abandoning module AssetTools (67)
[2015.07.29-09.42.21:080][753]LogModuleManager: Shutting down and abandoning module UMGEditor (66)
[2015.07.29-09.42.21:080][753]LogModuleManager: Shutting down and abandoning module UMG (65)
[2015.07.29-09.42.21:080][753]LogModuleManager: Shutting down and abandoning module Slate (64)
[2015.07.29-09.42.21:080][753]LogModuleManager: Shutting down and abandoning module EditorStyle (63)
[2015.07.29-09.42.21:084][753]LogModuleManager: Shutting down and abandoning module SessionServices (62)
[2015.07.29-09.42.21:084][753]LogModuleManager: Shutting down and abandoning module SourceCodeAccess (61)
[2015.07.29-09.42.21:084][753]LogModuleManager: Shutting down and abandoning module HeadMountedDisplay (60)
[2015.07.29-09.42.21:084][753]LogModuleManager: Shutting down and abandoning module XAudio2 (59)
[2015.07.29-09.42.21:084][753]LogModuleManager: Shutting down and abandoning module Networking (57)
[2015.07.29-09.42.21:084][753]LogModuleManager: Shutting down and abandoning module Core (56)
[2015.07.29-09.42.21:084][753]LogModuleManager: Shutting down and abandoning module KismetCompiler (55)
[2015.07.29-09.42.21:084][753]LogModuleManager: Shutting down and abandoning module PhysXFormats (54)
[2015.07.29-09.42.21:084][753]LogModuleManager: Shutting down and abandoning module MeshUtilities (53)
[2015.07.29-09.42.21:084][753]LogModuleManager: Shutting down and abandoning module DerivedDataCache (52)
[2015.07.29-09.42.21:587][753]LogDerivedDataCache: Shutdown
[2015.07.29-09.42.21:587][753]LogModuleManager: Shutting down and abandoning module ShaderFormatOpenGL (51)
[2015.07.29-09.42.21:587][753]LogModuleManager: Shutting down and abandoning module ShaderFormatD3D (50)
[2015.07.29-09.42.21:588][753]LogModuleManager: Shutting down and abandoning module MetalShaderFormat (49)
[2015.07.29-09.42.21:588][753]LogModuleManager: Shutting down and abandoning module TextureFormatUncompressed (48)
[2015.07.29-09.42.21:588][753]LogModuleManager: Shutting down and abandoning module TextureFormatPVR (47)
[2015.07.29-09.42.21:588][753]LogModuleManager: Shutting down and abandoning module TextureFormatIntelISPCTexComp (46)
[2015.07.29-09.42.21:588][753]LogModuleManager: Shutting down and abandoning module TextureFormatDXT (45)
[2015.07.29-09.42.21:588][753]LogModuleManager: Shutting down and abandoning module ImageWrapper (44)
[2015.07.29-09.42.21:589][753]LogModuleManager: Shutting down and abandoning module TextureFormatASTC (43)
[2015.07.29-09.42.21:589][753]LogModuleManager: Shutting down and abandoning module TextureFormatAndroid (42)
[2015.07.29-09.42.21:589][753]LogModuleManager: Shutting down and abandoning module AudioFormatOpus (41)
[2015.07.29-09.42.21:589][753]LogModuleManager: Shutting down and abandoning module AudioFormatOgg (40)
[2015.07.29-09.42.21:589][753]LogModuleManager: Shutting down and abandoning module AudioFormatADPCM (39)
[2015.07.29-09.42.21:589][753]LogModuleManager: Shutting down and abandoning module LinuxTargetPlatform (38)
[2015.07.29-09.42.21:589][753]LogModuleManager: Shutting down and abandoning module LinuxServerTargetPlatform (37)
[2015.07.29-09.42.21:589][753]LogModuleManager: Shutting down and abandoning module LinuxNoEditorTargetPlatform (36)
[2015.07.29-09.42.21:590][753]LogModuleManager: Shutting down and abandoning module Messaging (35)
[2015.07.29-09.42.21:590][753]LogModuleManager: Shutting down and abandoning module IOSTargetPlatform (34)
[2015.07.29-09.42.21:590][753]LogModuleManager: Shutting down and abandoning module HTML5TargetPlatform (33)
[2015.07.29-09.42.21:590][753]LogModuleManager: Shutting down and abandoning module Android_PVRTCTargetPlatform (32)
[2015.07.29-09.42.21:590][753]LogModuleManager: Shutting down and abandoning module Android_ETC2TargetPlatform (31)
[2015.07.29-09.42.21:590][753]LogModuleManager: Shutting down and abandoning module Android_ETC1TargetPlatform (30)
[2015.07.29-09.42.21:590][753]LogModuleManager: Shutting down and abandoning module Android_DXTTargetPlatform (29)
[2015.07.29-09.42.21:590][753]LogModuleManager: Shutting down and abandoning module Android_ATCTargetPlatform (28)
[2015.07.29-09.42.21:590][753]LogModuleManager: Shutting down and abandoning module Android_ASTCTargetPlatform (27)
[2015.07.29-09.42.21:591][753]LogModuleManager: Shutting down and abandoning module AndroidTargetPlatform (26)
[2015.07.29-09.42.21:591][753]LogModuleManager: Shutting down and abandoning module WindowsTargetPlatform (25)
[2015.07.29-09.42.21:591][753]LogModuleManager: Shutting down and abandoning module WindowsServerTargetPlatform (24)
[2015.07.29-09.42.21:591][753]LogModuleManager: Shutting down and abandoning module WindowsNoEditorTargetPlatform (23)
[2015.07.29-09.42.21:591][753]LogModuleManager: Shutting down and abandoning module WindowsClientTargetPlatform (22)
[2015.07.29-09.42.21:592][753]LogModuleManager: Shutting down and abandoning module DesktopTargetPlatform (21)
[2015.07.29-09.42.21:592][753]LogModuleManager: Shutting down and abandoning module TargetPlatform (20)
[2015.07.29-09.42.21:592][753]LogModuleManager: Shutting down and abandoning module InputCore (19)
[2015.07.29-09.42.21:592][753]LogModuleManager: Shutting down and abandoning module Settings (18)
[2015.07.29-09.42.21:592][753]LogModuleManager: Shutting down and abandoning module OnlineSubsystem (16)
[2015.07.29-09.42.21:592][753]LogModuleManager: Shutting down and abandoning module HTTP (15)
[2015.07.29-09.42.21:594][753]LogModuleManager: Shutting down and abandoning module ExampleDeviceProfileSelector (14)
[2015.07.29-09.42.21:594][753]LogModuleManager: Shutting down and abandoning module TextureCompressor (13)
[2015.07.29-09.42.21:597][753]LogModuleManager: Shutting down and abandoning module ShaderCore (12)
[2015.07.29-09.42.21:597][753]LogModuleManager: Shutting down and abandoning module Landscape (11)
[2015.07.29-09.42.21:597][753]LogModuleManager: Shutting down and abandoning module SlateRHIRenderer (10)
[2015.07.29-09.42.21:599][753]LogModuleManager: Shutting down and abandoning module OpenGLDrv (9)
[2015.07.29-09.42.21:599][753]LogModuleManager: Shutting down and abandoning module D3D11RHI (8)
[2015.07.29-09.42.21:599][753]LogModuleManager: Shutting down and abandoning module Renderer (7)
[2015.07.29-09.42.21:599][753]LogModuleManager: Shutting down and abandoning module Engine (6)
[2015.07.29-09.42.21:599][753]LogModuleManager: Shutting down and abandoning module CoreUObject (5)
[2015.07.29-09.42.21:599][753]LogModuleManager: Shutting down and abandoning module NetworkFile (4)
[2015.07.29-09.42.21:599][753]LogModuleManager: Shutting down and abandoning module StreamingFile (3)
[2015.07.29-09.42.21:599][753]LogModuleManager: Shutting down and abandoning module SandboxFile (2)
[2015.07.29-09.42.21:600][753]LogModuleManager: Shutting down and abandoning module PakFile (1)
[2015.07.29-09.42.21:601][753]LogExit: Exiting.
[2015.07.29-09.42.21:610][753]Log file closed, 07/29/15 19:42:21
