[2015.07.30-05.18.37:137][  0]Log file open, 07/30/15 15:18:37
[2015.07.30-05.18.37:137][  0]LogInit:Display: Running engine for game: TheEnding
[2015.07.30-05.18.37:137][  0]LogInit:Display: RandInit(-1366117723) SRandInit(-1366117722).
[2015.07.30-05.18.37:137][  0]LogTaskGraph: Started task graph with 4 named threads and 5 total threads.
[2015.07.30-05.18.37:137][  0]LogStats: Stats thread started
[2015.07.30-05.18.37:137][  0]LogInit: Version: 4.8.3-2634408+++depot+UE4-Releases+4.8
[2015.07.30-05.18.37:137][  0]LogInit: API Version: 2579680
[2015.07.30-05.18.37:137][  0]LogInit: Compiled (64-bit): Jul 27 2015 16:24:33
[2015.07.30-05.18.37:137][  0]LogInit: Compiled with Visual C++: 18.00.21005.01
[2015.07.30-05.18.37:137][  0]LogInit: Build Configuration: Development
[2015.07.30-05.18.37:137][  0]LogInit: Branch Name: ++depot+UE4-Releases+4.8
[2015.07.30-05.18.37:137][  0]LogInit: Command line:  
[2015.07.30-05.18.37:137][  0]LogInit: Base directory: C:/Program Files/Epic Games/4.8/Engine/Binaries/Win64/
[2015.07.30-05.18.37:137][  0]LogInit: Rocket: 1
[2015.07.30-05.18.37:163][  0]LogInit: Using libcurl 7.41.0
[2015.07.30-05.18.37:163][  0]LogInit:  - built for x86_64-pc-win32
[2015.07.30-05.18.37:163][  0]LogInit:  - supports SSL with WinSSL
[2015.07.30-05.18.37:163][  0]LogInit:  - other features:
[2015.07.30-05.18.37:163][  0]LogInit:      CURL_VERSION_SSL
[2015.07.30-05.18.37:163][  0]LogInit:      CURL_VERSION_IPV6
[2015.07.30-05.18.37:163][  0]LogInit:      CURL_VERSION_ASYNCHDNS
[2015.07.30-05.18.37:163][  0]LogInit:      CURL_VERSION_LARGEFILE
[2015.07.30-05.18.37:163][  0]LogInit:      CURL_VERSION_IDN
[2015.07.30-05.18.37:164][  0]LogInit:  CurlRequestOptions (configurable via config and command line):
[2015.07.30-05.18.37:164][  0]LogInit:  - bVerifyPeer = true  - Libcurl will verify peer certificate
[2015.07.30-05.18.37:164][  0]LogInit:  - bUseHttpProxy = false  - Libcurl will NOT use HTTP proxy
[2015.07.30-05.18.37:164][  0]LogInit:  - bDontReuseConnections = false  - Libcurl will reuse connections
[2015.07.30-05.18.37:164][  0]LogInit:  - CertBundlePath = nullptr  - Libcurl will use whatever was configured at build time.
[2015.07.30-05.18.37:181][  0]LogOnline:Warning: No default platform service specified for OnlineSubsystem
[2015.07.30-05.18.37:247][  0]LogInit: Presizing for 0 objects not considered by GC, pre-allocating 0 bytes.
[2015.07.30-05.18.37:266][  0]LogInit: Object subsystem initialized
[2015.07.30-05.18.37:274][  0]LogConsoleResponse:Warning: Skipping Unknown console variable: 'TranslucentSortAxis = (X=0.000000,Y=-1.000000,Z=0.000000)'
[2015.07.30-05.18.37:274][  0]LogConsoleResponse:Warning:   Found in ini file 'C:/Users/076271/Desktop/Apps+Games+PixelArt/Games/The Ending/TheEnding/Saved/Config/Windows/Engine.ini', in section '[/Script/Engine.RendererSettings]'
[2015.07.30-05.18.37:274][  0]LogConsoleResponse:Warning: Skipping Unknown console variable: 'UIScaleRule = ShortestSide'
[2015.07.30-05.18.37:274][  0]LogConsoleResponse:Warning:   Found in ini file 'C:/Users/076271/Desktop/Apps+Games+PixelArt/Games/The Ending/TheEnding/Saved/Config/Windows/Engine.ini', in section '[/Script/Engine.RendererSettings]'
[2015.07.30-05.18.37:274][  0]LogConsoleResponse:Warning: Skipping Unknown console variable: 'UIScaleCurve = (EditorCurveData=(Keys=),ExternalCurve=None)'
[2015.07.30-05.18.37:274][  0]LogConsoleResponse:Warning:   Found in ini file 'C:/Users/076271/Desktop/Apps+Games+PixelArt/Games/The Ending/TheEnding/Saved/Config/Windows/Engine.ini', in section '[/Script/Engine.RendererSettings]'
[2015.07.30-05.18.37:280][  0]LogInit: Selected Device Profile: [Windows]
[2015.07.30-05.18.37:280][  0]LogInit: Applying CVar settings loaded from the selected device profile: [Windows]
[2015.07.30-05.18.37:310][  0]LogInit: Computer: TAB-1090
[2015.07.30-05.18.37:310][  0]LogInit: User: 076271
[2015.07.30-05.18.37:310][  0]LogInit: CPU Page size=4096, Cores=2
[2015.07.30-05.18.37:310][  0]LogInit: High frequency timer resolution =1.558892 MHz
[2015.07.30-05.18.37:310][  0]LogMemory: Memory total: Physical=7.9GB (8GB approx)
[2015.07.30-05.18.37:311][  0]LogMemory: Platform Memory Stats for Windows
[2015.07.30-05.18.37:311][  0]LogMemory: Process Physical Memory: 49.59 MB used, 49.59 MB peak
[2015.07.30-05.18.37:311][  0]LogMemory: Process Virtual Memory: 22.23 MB used, 22.23 MB peak
[2015.07.30-05.18.37:311][  0]LogMemory: Physical Memory: 2316.79 MB used, 8097.05 MB total
[2015.07.30-05.18.37:311][  0]LogMemory: Virtual Memory: 294.59 MB used, 134217728.00 MB total
[2015.07.30-05.18.37:678][  0]LogTextLocalizationManager: The requested culture ('en_AU') has no localization data; parent culture's ('en') localization data will be used.
[2015.07.30-05.18.37:995][  0]LogTextLocalizationManager:Warning: Loaded localization resources contain conflicting entries for (Namespace:ContentBrowser, Key:ImportAssetToolTip):
Localization Resource: (C:/Program Files/Epic Games/4.8/Engine/Content/Localization/Editor/en/Editor.locres) Source String Hash: (-630476809) Localized String: (Import to {0}...)
Localization Resource: (C:/Program Files/Epic Games/4.8/Engine/Content/Localization/Editor/en/Editor.locres) Source String Hash: (1271782899) Localized String: (Imports an asset from file to this folder.)
[2015.07.30-05.18.38:552][  0]LogD3D11RHI: Found D3D11 adapter 0: Intel(R) HD Graphics Family (Feature Level 11_0)
[2015.07.30-05.18.38:552][  0]LogD3D11RHI: Adapter has 0MB of dedicated video memory, 0MB of dedicated system memory, and 1792MB of shared system memory, 1 output[s]
[2015.07.30-05.18.38:554][  0]LogD3D11RHI: Found D3D11 adapter 1: Microsoft Basic Render Driver (Feature Level 11_0)
[2015.07.30-05.18.38:554][  0]LogD3D11RHI: Adapter has 0MB of dedicated video memory, 0MB of dedicated system memory, and 256MB of shared system memory, 0 output[s]
[2015.07.30-05.18.38:554][  0]LogD3D11RHI: Chosen D3D11 Adapter Id = 0
[2015.07.30-05.18.38:559][  0]LogD3D11RHI: InitD3DDevice
[2015.07.30-05.18.38:559][  0]LogD3D11RHI: !Direct3DDevice
[2015.07.30-05.18.38:559][  0]LogRHI: Texture pool is 627 MB (70% of 896 MB)
[2015.07.30-05.18.38:567][  0]LogD3D11RHI: Async texture creation enabled
[2015.07.30-05.18.38:594][  0]LogShaderCompilers:Display: Using Local Shader Compiler.
[2015.07.30-05.18.41:094][  0]LogTemp:Display: Loaded TP DesktopTargetPlatform
[2015.07.30-05.18.41:112][  0]LogTemp:Display: Loaded TP WindowsClientTargetPlatform
[2015.07.30-05.18.41:132][  0]LogTemp:Display: Loaded TP WindowsNoEditorTargetPlatform
[2015.07.30-05.18.41:151][  0]LogTemp:Display: Loaded TP WindowsServerTargetPlatform
[2015.07.30-05.18.41:169][  0]LogTemp:Display: Loaded TP WindowsTargetPlatform
[2015.07.30-05.18.41:185][  0]LogTemp:Display: Loaded TP AndroidTargetPlatform
[2015.07.30-05.18.41:198][  0]LogTemp:Display: Loaded TP Android_ASTCTargetPlatform
[2015.07.30-05.18.41:211][  0]LogTemp:Display: Loaded TP Android_ATCTargetPlatform
[2015.07.30-05.18.41:225][  0]LogTemp:Display: Loaded TP Android_DXTTargetPlatform
[2015.07.30-05.18.41:238][  0]LogTemp:Display: Loaded TP Android_ETC1TargetPlatform
[2015.07.30-05.18.41:253][  0]LogTemp:Display: Loaded TP Android_ETC2TargetPlatform
[2015.07.30-05.18.41:267][  0]LogTemp:Display: Loaded TP Android_PVRTCTargetPlatform
[2015.07.30-05.18.41:282][  0]LogTemp:Display: Loaded TP HTML5TargetPlatform
[2015.07.30-05.18.41:362][  0]LogTemp:Display: Loaded TP IOSTargetPlatform
[2015.07.30-05.18.41:402][  0]LogTemp:Display: Loaded TP LinuxNoEditorTargetPlatform
[2015.07.30-05.18.41:427][  0]LogTemp:Display: Loaded TP LinuxServerTargetPlatform
[2015.07.30-05.18.41:455][  0]LogTemp:Display: Loaded TP LinuxTargetPlatform
[2015.07.30-05.18.41:455][  0]LogTargetPlatformManager:Display: Building Assets For Windows
[2015.07.30-05.18.41:980][  0]LogDerivedDataCache:Display: Max Cache Size: 512 MB
[2015.07.30-05.18.42:172][  0]LogDerivedDataCache: Loaded boot cache 0.19s 53MB C:/Users/076271/AppData/Local/UnrealEngine/4.8/DerivedDataCache/Boot.ddc.
[2015.07.30-05.18.42:172][  0]LogDerivedDataCache:Display: Loaded Boot cache: C:/Users/076271/AppData/Local/UnrealEngine/4.8/DerivedDataCache/Boot.ddc
[2015.07.30-05.18.42:173][  0]LogDerivedDataCache: FDerivedDataBackendGraph:  Pak pak cache file ../../../../../../Users/076271/Desktop/Apps+Games+PixelArt/Games/The Ending/TheEnding/DerivedDataCache/DDC.ddp not found, will not use a pak cache.
[2015.07.30-05.18.42:173][  0]LogDerivedDataCache: Unable to find inner node Pak for hierarchical cache Hierarchy.
[2015.07.30-05.18.42:173][  0]LogDerivedDataCache: FDerivedDataBackendGraph:  CompressedPak pak cache file ../../../../../../Users/076271/Desktop/Apps+Games+PixelArt/Games/The Ending/TheEnding/DerivedDataCache/Compressed.ddp not found, will not use a pak cache.
[2015.07.30-05.18.42:173][  0]LogDerivedDataCache: Unable to find inner node CompressedPak for hierarchical cache Hierarchy.
[2015.07.30-05.18.42:419][  0]LogDerivedDataCache:Display: Pak cache opened for reading ../../../Engine/DerivedDataCache/Compressed.ddp.
[2015.07.30-05.18.42:431][  0]LogDerivedDataCache: Using Local data cache path C:/Users/076271/AppData/Local/UnrealEngine/Common/DerivedDataCache: Writable
[2015.07.30-05.18.47:261][  0]LogInit: Selected Device Profile: [Windows]
[2015.07.30-05.18.47:462][  0]ImportText (ComponentSweepMultiTests): Missing closing parenthesis: (RootShapeAsset="/Engine/BasicShapes/Cube.Cube",ShapeType="TriggerCapsule",HitResult=(Time=0.50,Location=(X=-100.000015,Y=0.0,Z=100.000015),ImpactPoint=(X=-50.0,Y=0.0,Z=50.0),Normal=(X=-1.0,Y=-0.0,Z=0.0),ImpactNormal=(X=0.0,Y=0.0,Z=1.0),TraceStart=(X=-200.0,Y=0.0,Z=200.0),TraceEnd=(X=0.0,Y=0.0,Z=0.0))
[2015.07.30-05.18.47:462][  0]ImportText (LineTraceSingleByChannelTests): Missing closing parenthesis: (RootShapeAsset="/Engine/BasicShapes/Cube.Cube",HitResult=(Time=0.50,Location=(X=-100.000015,Y=0.0,Z=100.000015),ImpactPoint=(X=-50.0,Y=0.0,Z=50.0),Normal=(X=-1.0,Y=-0.0,Z=0.0),ImpactNormal=(X=0.0,Y=0.0,Z=1.0),TraceStart=(X=-200.0,Y=0.0,Z=200.0),TraceEnd=(X=0.0,Y=0.0,Z=0.0))
[2015.07.30-05.18.47:515][  0]LogMeshUtilities: No automatic mesh reduction module available
[2015.07.30-05.18.47:515][  0]LogMeshUtilities: No automatic mesh merging module available
[2015.07.30-05.18.48:432][  0]LogInit: WinSock: version 1.1 (2.2), MaxSocks=32767, MaxUdp=65467
[2015.07.30-05.18.51:638][  0]UdpMessaging: Initializing bridge on interface 0.0.0.0:0 to multicast group 230.0.0.1:6666.
[2015.07.30-05.18.52:266][  0]SourceControl: Info Source control is disabled
[2015.07.30-05.18.52:326][  0]SourceControl: Info Source control is disabled
[2015.07.30-05.18.52:342][  0]SourceControl: Info Source control is disabled
[2015.07.30-05.18.52:357][  0]SourceControl: Info Source control is disabled
[2015.07.30-05.18.52:708][  0]LogObj: 26273 objects as part of root set at end of initial load.
[2015.07.30-05.18.52:709][  0]LogUObjectAllocator: 5409248 out of 0 bytes used by permanent object pool.
[2015.07.30-05.18.52:853][  0]LogEngine: Initializing Engine...
[2015.07.30-05.18.52:856][  0]LogHMD: Can't find Oculus library dev build: is proper Runtime installed? Version: 0.6.0.0
[2015.07.30-05.18.52:872][  0]LogHMD:Warning: SteamVR failed to initialize.  Error: 100
[2015.07.30-05.18.53:255][  0]LogAIModule: Creating AISystem for world NewWorld
[2015.07.30-05.18.53:270][  0]LogInit: XAudio2 using 'Speakers / Headphones (Realtek High Definition Audio)' : 2 channels at 48 kHz using 16 bits per sample (channel mask 0x3)
[2015.07.30-05.18.53:625][  0]LogInit: FAudioDevice initialized.
[2015.07.30-05.18.53:669][  0]LogDerivedDataCache: Saved boot cache 0.04s 53MB C:/Users/076271/AppData/Local/UnrealEngine/4.8/DerivedDataCache/Boot.ddc.
[2015.07.30-05.18.53:675][  0]LogInit: Texture streaming: Disabled
[2015.07.30-05.18.53:713][  0]LogAnalytics: Creating configured Analytics provider AnalyticsET
[2015.07.30-05.18.53:714][  0]LogAnalytics: [UEEditor.Rocket.Release] APIServer = http://et2.epicgames.com/ET2/. AppVersion = 4.8.3-2634408+++depot+UE4-Releases+4.8
[2015.07.30-05.18.53:714][  0]LogAnalytics: [UEEditor.Rocket.Release] SetUserId 76c04c81496839754ea32aa1f64fd1dc|0cceb55ada7a48d4a2aa42507710ea50|1bc6e7bf-6992-4f6c-b1ed-24e2f407b47a
[2015.07.30-05.18.53:715][  0]LogAnalytics: [UEEditor.Rocket.Release] AnalyticsET::StartSession
[2015.07.30-05.18.53:798][  0]LogInit: Transaction tracking system initialized
[2015.07.30-05.18.54:003][  0]BlueprintLog: New page: Editor Load
[2015.07.30-05.18.54:055][  0]LogAssetRegistry: FAssetRegistry took 0.0134 seconds to start up
[2015.07.30-05.18.54:067][  0]LogDirectoryWatcher:Warning: Failed to begin reading directory changes for ../../../Engine/Plugins/Experimental/CharacterAI/Content/. Error: 0
[2015.07.30-05.18.55:959][  0]LogConsoleManager:Warning: Console variable 'r.VSync' wasn't set ('GameSetting' has a lower priority than 'SystemSettingsIni')
[2015.07.30-05.18.55:959][  0]LogConsoleResponse:Display: 
[2015.07.30-05.18.56:764][  0]LogCook:Display: Done creating registry. It took  0.00s.
[2015.07.30-05.18.57:228][  0]SourceControl: Info Source control is disabled
[2015.07.30-05.18.57:230][  0]Cmd: MAP LOAD FILE="../../../../../../Users/076271/Desktop/Apps+Games+PixelArt/Games/The Ending/TheEnding/Content/FirstPersonBP/Maps/LevelTest_Test01.umap" TEMPLATE=0 SHOWPROGRESS=1 FEATURELEVEL=3
[2015.07.30-05.18.57:231][  0]LightingResults: New page: Lighting Build
[2015.07.30-05.18.57:254][  0]MapCheck: New page: Map Check
[2015.07.30-05.18.57:254][  0]LightingResults: New page: Lighting Build
[2015.07.30-05.18.57:289][  0]LogParticles: Destroying 0 GPU particle simulations for FXSystem 0x00000008AAB98F40
[2015.07.30-05.18.58:384][  0]LogProperty:Error: UStructProperty::Serialize Loading: Property 'StructProperty /Game/FirstPersonBP/Blueprints/BPA_MasterItem.BPA_MasterItem_C:ItemData'. Unknown structure.
[2015.07.30-05.18.58:384][  0]LogClass:Warning: Property ItemData of BPA_MasterItem_C struct type mismatch STRUCT_REINST_BPS_ItemData_26/FallbackStruct for package:  ../../../../../../Users/076271/Desktop/Apps+Games+PixelArt/Games/The Ending/TheEnding/Content/FirstPersonBP/Blueprints/BPA_MasterItem.uasset. If that property got renamed, add an ActiveStructRedirect.
[2015.07.30-05.18.58:428][  0]LogClass:Warning: Property ItemData of BPA_MasterItem_C struct type mismatch FallbackStruct/BPS_ItemData for package:  FObjectReader. If that property got renamed, add an ActiveStructRedirect.
[2015.07.30-05.19.03:042][  0]LogAIModule: Creating AISystem for world LevelTest_Test01
[2015.07.30-05.19.03:404][  0]LogEditorServer: Finished looking for orphan Actors (0.001 secs)
[2015.07.30-05.19.07:399][  0]Cmd: MAP CHECKDEP NOCLEARLOG
[2015.07.30-05.19.07:473][  0]MapCheck: Info Map check complete: 0 Error(s), 0 Warning(s), took 74.498ms to complete.
[2015.07.30-05.19.07:474][  0]LogFileHelpers: Loading map 'LevelTest_Test01' took 10.245
[2015.07.30-05.19.07:694][  0]LogCollectionManager: Loaded 0 collections in 0.002774 seconds
[2015.07.30-05.19.07:706][  0]LogContentBrowser: Native class hierarchy populated in 0.0115 seconds. Added 1792 classes and 301 folders.
[2015.07.30-05.19.07:777][  0]LogContentBrowser: Native class hierarchy updated for 'WidgetCarousel' in 0.0007 seconds. Added 0 classes and 0 folders.
[2015.07.30-05.19.08:033][  0]LogContentBrowser: Native class hierarchy updated for 'AddContentDialog' in 0.0014 seconds. Added 0 classes and 0 folders.
[2015.07.30-05.19.08:203][  0]LogContentBrowser: Native class hierarchy updated for 'SceneOutliner' in 0.0015 seconds. Added 1 classes and 2 folders.
[2015.07.30-05.19.08:305][  0]LogCrashTracker: Crashtracker disabled due to settings.
[2015.07.30-05.19.08:316][  0]LogD3D11RHI: InitD3DDevice
[2015.07.30-05.19.08:327][  0]LogUObjectGlobals:Warning: Failed to find object 'Class None.'
[2015.07.30-05.19.08:354][  0]LogLoad: Full Startup: 34.00 seconds (BP compile: 0.60 seconds)
[2015.07.30-05.19.08:839][  0]LogContentStreaming: Texture pool size is 0.000000MB
[2015.07.30-05.19.08:933][  0]LogContentStreaming: Texture pool size now 200 MB
[2015.07.30-05.19.09:151][  0]LogRenderer: Reallocating scene render targets to support 776x376 (Frame:2).
[2015.07.30-05.19.13:395][ 10]LogAssetRegistry: