[2015.07.26-08.01.27:471][  0]Log file open, 07/26/15 18:01:27
[2015.07.26-08.01.27:471][  0]LogInit:Display: Running engine for game: TheEnding
[2015.07.26-08.01.27:471][  0]LogInit:Display: RandInit(-183914368) SRandInit(-183914368).
[2015.07.26-08.01.27:471][  0]LogTaskGraph: Started task graph with 4 named threads and 5 total threads.
[2015.07.26-08.01.27:471][  0]LogStats: Stats thread started
[2015.07.26-08.01.27:471][  0]LogInit: Version: 4.8.2-2614606+++depot+UE4-Releases+4.8
[2015.07.26-08.01.27:471][  0]LogInit: API Version: 2579680
[2015.07.26-08.01.27:471][  0]LogInit: Compiled (64-bit): Jul  8 2015 23:43:41
[2015.07.26-08.01.27:471][  0]LogInit: Compiled with Visual C++: 18.00.21005.01
[2015.07.26-08.01.27:471][  0]LogInit: Build Configuration: Development
[2015.07.26-08.01.27:471][  0]LogInit: Branch Name: ++depot+UE4-Releases+4.8
[2015.07.26-08.01.27:471][  0]LogInit: Command line:  /Temp/Autosaves/Game/FirstPersonBP/Maps/UEDPCLevelTest_Test01 -game -PIEVIACONSOLE -ResX=1280 -ResY=720  -Multiprocess 
[2015.07.26-08.01.27:471][  0]LogInit: Base directory: C:/Program Files/Epic Games/4.8/Engine/Binaries/Win64/
[2015.07.26-08.01.27:471][  0]LogInit: Rocket: 1
[2015.07.26-08.01.27:515][  0]LogInit: Using libcurl 7.41.0
[2015.07.26-08.01.27:515][  0]LogInit:  - built for x86_64-pc-win32
[2015.07.26-08.01.27:515][  0]LogInit:  - supports SSL with WinSSL
[2015.07.26-08.01.27:515][  0]LogInit:  - other features:
[2015.07.26-08.01.27:515][  0]LogInit:      CURL_VERSION_SSL
[2015.07.26-08.01.27:515][  0]LogInit:      CURL_VERSION_IPV6
[2015.07.26-08.01.27:515][  0]LogInit:      CURL_VERSION_ASYNCHDNS
[2015.07.26-08.01.27:515][  0]LogInit:      CURL_VERSION_LARGEFILE
[2015.07.26-08.01.27:515][  0]LogInit:      CURL_VERSION_IDN
[2015.07.26-08.01.27:515][  0]LogInit:  CurlRequestOptions (configurable via config and command line):
[2015.07.26-08.01.27:515][  0]LogInit:  - bVerifyPeer = true  - Libcurl will verify peer certificate
[2015.07.26-08.01.27:515][  0]LogInit:  - bUseHttpProxy = false  - Libcurl will NOT use HTTP proxy
[2015.07.26-08.01.27:515][  0]LogInit:  - bDontReuseConnections = false  - Libcurl will reuse connections
[2015.07.26-08.01.27:515][  0]LogInit:  - CertBundlePath = nullptr  - Libcurl will use whatever was configured at build time.
[2015.07.26-08.01.27:570][  0]LogOnline:Warning: No default platform service specified for OnlineSubsystem
[2015.07.26-08.01.27:712][  0]LogInit: Presizing for 0 objects not considered by GC, pre-allocating 0 bytes.
[2015.07.26-08.01.27:759][  0]LogInit: Object subsystem initialized
[2015.07.26-08.01.27:761][  0]LogConsoleResponse:Warning: Skipping Unknown console variable: 'TranslucentSortAxis = (X=0.000000,Y=-1.000000,Z=0.000000)'
[2015.07.26-08.01.27:762][  0]LogConsoleResponse:Warning:   Found in ini file 'C:/Users/076271/Desktop/Apps+Games+PixelArt/Games/The Ending/TheEnding/Saved/Config/Windows/Engine.ini', in section '[/Script/Engine.RendererSettings]'
[2015.07.26-08.01.27:762][  0]LogConsoleResponse:Warning: Skipping Unknown console variable: 'UIScaleRule = ShortestSide'
[2015.07.26-08.01.27:762][  0]LogConsoleResponse:Warning:   Found in ini file 'C:/Users/076271/Desktop/Apps+Games+PixelArt/Games/The Ending/TheEnding/Saved/Config/Windows/Engine.ini', in section '[/Script/Engine.RendererSettings]'
[2015.07.26-08.01.27:762][  0]LogConsoleResponse:Warning: Skipping Unknown console variable: 'UIScaleCurve = (EditorCurveData=(Keys=),ExternalCurve=None)'
[2015.07.26-08.01.27:762][  0]LogConsoleResponse:Warning:   Found in ini file 'C:/Users/076271/Desktop/Apps+Games+PixelArt/Games/The Ending/TheEnding/Saved/Config/Windows/Engine.ini', in section '[/Script/Engine.RendererSettings]'
[2015.07.26-08.01.27:763][  0]LogInit: Selected Device Profile: [Windows]
[2015.07.26-08.01.27:763][  0]LogInit: Applying CVar settings loaded from the selected device profile: [Windows]
[2015.07.26-08.01.27:892][  0]LogInit: Computer: TAB-1090
[2015.07.26-08.01.27:892][  0]LogInit: User: 076271
[2015.07.26-08.01.27:892][  0]LogInit: CPU Page size=4096, Cores=2
[2015.07.26-08.01.27:893][  0]LogInit: High frequency timer resolution =1.558889 MHz
[2015.07.26-08.01.27:949][  0]LogMemory: Memory total: Physical=7.9GB (8GB approx)
[2015.07.26-08.01.27:949][  0]LogMemory: Platform Memory Stats for Windows
[2015.07.26-08.01.27:949][  0]LogMemory: Process Physical Memory: 48.01 MB used, 48.01 MB peak
[2015.07.26-08.01.27:949][  0]LogMemory: Process Virtual Memory: 24.16 MB used, 24.16 MB peak
[2015.07.26-08.01.27:949][  0]LogMemory: Physical Memory: 4284.49 MB used, 8097.05 MB total
[2015.07.26-08.01.27:949][  0]LogMemory: Virtual Memory: 292.59 MB used, 134217728.00 MB total
[2015.07.26-08.01.28:033][  0]LogTextLocalizationManager: The requested culture ('en_AU') has no localization data; parent culture's ('en') localization data will be used.
[2015.07.26-08.01.29:478][  0]LogTextLocalizationManager:Warning: Loaded localization resources contain conflicting entries for (Namespace:ContentBrowser, Key:ImportAssetToolTip):
Localization Resource: (C:/Program Files/Epic Games/4.8/Engine/Content/Localization/Editor/en/Editor.locres) Source String Hash: (-630476809) Localized String: (Import to {0}...)
Localization Resource: (C:/Program Files/Epic Games/4.8/Engine/Content/Localization/Editor/en/Editor.locres) Source String Hash: (1271782899) Localized String: (Imports an asset from file to this folder.)
[2015.07.26-08.01.30:540][  0]LogD3D11RHI: Found D3D11 adapter 0: Intel(R) HD Graphics Family (Feature Level 11_0)
[2015.07.26-08.01.30:540][  0]LogD3D11RHI: Adapter has 0MB of dedicated video memory, 0MB of dedicated system memory, and 1792MB of shared system memory, 1 output[s]
[2015.07.26-08.01.30:542][  0]LogD3D11RHI: Found D3D11 adapter 1: Microsoft Basic Render Driver (Feature Level 11_0)
[2015.07.26-08.01.30:542][  0]LogD3D11RHI: Adapter has 0MB of dedicated video memory, 0MB of dedicated system memory, and 256MB of shared system memory, 0 output[s]
[2015.07.26-08.01.30:542][  0]LogD3D11RHI: Chosen D3D11 Adapter Id = 0
[2015.07.26-08.01.30:549][  0]LogD3D11RHI: InitD3DDevice
[2015.07.26-08.01.30:549][  0]LogD3D11RHI: !Direct3DDevice
[2015.07.26-08.01.30:549][  0]LogRHI: Texture pool is 627 MB (70% of 896 MB)
[2015.07.26-08.01.30:558][  0]LogD3D11RHI: Async texture creation enabled
[2015.07.26-08.01.30:565][  0]LogShaderCompilers:Display: Using Local Shader Compiler.
[2015.07.26-08.01.33:754][  0]LogTemp:Display: Loaded TP DesktopTargetPlatform
[2015.07.26-08.01.33:772][  0]LogTemp:Display: Loaded TP WindowsClientTargetPlatform
[2015.07.26-08.01.33:789][  0]LogTemp:Display: Loaded TP WindowsNoEditorTargetPlatform
[2015.07.26-08.01.33:806][  0]LogTemp:Display: Loaded TP WindowsServerTargetPlatform
[2015.07.26-08.01.33:823][  0]LogTemp:Display: Loaded TP WindowsTargetPlatform
[2015.07.26-08.01.33:837][  0]LogTemp:Display: Loaded TP AndroidTargetPlatform
[2015.07.26-08.01.33:850][  0]LogTemp:Display: Loaded TP Android_ASTCTargetPlatform
[2015.07.26-08.01.33:864][  0]LogTemp:Display: Loaded TP Android_ATCTargetPlatform
[2015.07.26-08.01.33:877][  0]LogTemp:Display: Loaded TP Android_DXTTargetPlatform
[2015.07.26-08.01.33:889][  0]LogTemp:Display: Loaded TP Android_ETC1TargetPlatform
[2015.07.26-08.01.33:903][  0]LogTemp:Display: Loaded TP Android_ETC2TargetPlatform
[2015.07.26-08.01.33:919][  0]LogTemp:Display: Loaded TP Android_PVRTCTargetPlatform
[2015.07.26-08.01.33:937][  0]LogTemp:Display: Loaded TP HTML5TargetPlatform
[2015.07.26-08.01.33:979][  0]LogTemp:Display: Loaded TP IOSTargetPlatform
[2015.07.26-08.01.33:996][  0]LogTemp:Display: Loaded TP LinuxNoEditorTargetPlatform
[2015.07.26-08.01.34:091][  0]LogTemp:Display: Loaded TP LinuxServerTargetPlatform
[2015.07.26-08.01.34:162][  0]LogTemp:Display: Loaded TP LinuxTargetPlatform
[2015.07.26-08.01.34:163][  0]LogTargetPlatformManager:Display: Building Assets For Windows
[2015.07.26-08.01.34:596][  0]LogDerivedDataCache:Display: Max Cache Size: 512 MB
[2015.07.26-08.01.34:716][  0]LogDerivedDataCache: Loaded boot cache 0.12s 53MB C:/Users/076271/AppData/Local/UnrealEngine/4.8/DerivedDataCache/Boot.ddc.
[2015.07.26-08.01.34:716][  0]LogDerivedDataCache:Display: Loaded Boot cache: C:/Users/076271/AppData/Local/UnrealEngine/4.8/DerivedDataCache/Boot.ddc
[2015.07.26-08.01.34:716][  0]LogDerivedDataCache: FDerivedDataBackendGraph:  Pak pak cache file ../../../../../../Users/076271/Desktop/Apps+Games+PixelArt/Games/The Ending/TheEnding/DerivedDataCache/DDC.ddp not found, will not use a pak cache.
[2015.07.26-08.01.34:716][  0]LogDerivedDataCache: Unable to find inner node Pak for hierarchical cache Hierarchy.
[2015.07.26-08.01.34:717][  0]LogDerivedDataCache: FDerivedDataBackendGraph:  CompressedPak pak cache file ../../../../../../Users/076271/Desktop/Apps+Games+PixelArt/Games/The Ending/TheEnding/DerivedDataCache/Compressed.ddp not found, will not use a pak cache.
[2015.07.26-08.01.34:717][  0]LogDerivedDataCache: Unable to find inner node CompressedPak for hierarchical cache Hierarchy.
[2015.07.26-08.01.35:252][  0]LogDerivedDataCache:Display: Pak cache opened for reading ../../../Engine/DerivedDataCache/Compressed.ddp.
[2015.07.26-08.01.35:264][  0]LogDerivedDataCache: Using Local data cache path C:/Users/076271/AppData/Local/UnrealEngine/Common/DerivedDataCache: Writable
[2015.07.26-08.01.35:835][  0]LogInit: Selected Device Profile: [Windows]
[2015.07.26-08.01.35:952][  0]ImportText (ComponentSweepMultiTests): Missing closing parenthesis: (RootShapeAsset="/Engine/BasicShapes/Cube.Cube",ShapeType="TriggerCapsule",HitResult=(Time=0.50,Location=(X=-100.000015,Y=0.0,Z=100.000015),ImpactPoint=(X=-50.0,Y=0.0,Z=50.0),Normal=(X=-1.0,Y=-0.0,Z=0.0),ImpactNormal=(X=0.0,Y=0.0,Z=1.0),TraceStart=(X=-200.0,Y=0.0,Z=200.0),TraceEnd=(X=0.0,Y=0.0,Z=0.0))
[2015.07.26-08.01.35:953][  0]ImportText (LineTraceSingleByChannelTests): Missing closing parenthesis: (RootShapeAsset="/Engine/BasicShapes/Cube.Cube",HitResult=(Time=0.50,Location=(X=-100.000015,Y=0.0,Z=100.000015),ImpactPoint=(X=-50.0,Y=0.0,Z=50.0),Normal=(X=-1.0,Y=-0.0,Z=0.0),ImpactNormal=(X=0.0,Y=0.0,Z=1.0),TraceStart=(X=-200.0,Y=0.0,Z=200.0),TraceEnd=(X=0.0,Y=0.0,Z=0.0))
[2015.07.26-08.01.35:982][  0]LogMeshUtilities: No automatic mesh reduction module available
[2015.07.26-08.01.35:982][  0]LogMeshUtilities: No automatic mesh merging module available
[2015.07.26-08.01.36:951][  0]LogInit: WinSock: version 1.1 (2.2), MaxSocks=32767, MaxUdp=65467
[2015.07.26-08.01.38:085][  0]LogD3D11RHI: InitD3DDevice
[2015.07.26-08.01.38:101][  0]LogWindowsMoviePlayer: Unable to load movie: ../../../../../../Users/076271/Desktop/Apps+Games+PixelArt/Games/The Ending/TheEnding/Content/Movies/Default_Startup.mp4
[2015.07.26-08.01.38:412][  0]SourceControl: Info Source control is disabled
[2015.07.26-08.01.38:412][  0]SourceControl: Info Source control is disabled
[2015.07.26-08.01.38:431][  0]SourceControl: Info Source control is disabled
[2015.07.26-08.01.38:641][  0]LogObj: 25781 objects as part of root set at end of initial load.
[2015.07.26-08.01.38:641][  0]LogUObjectAllocator: 5195968 out of 0 bytes used by permanent object pool.
[2015.07.26-08.01.38:838][  0]LogAutomationTest:Warning: ERR: Transient text cannot be serialized "Testing Transient serialization detection".
[2015.07.26-08.01.38:838][  0]LogEngine: Initializing Engine...
[2015.07.26-08.01.38:842][  0]LogHMD: Can't find Oculus library dev build: is proper Runtime installed? Version: 0.6.0.0
[2015.07.26-08.01.38:844][  0]LogHMD:Warning: SteamVR failed to initialize.  Error: 100
[2015.07.26-08.01.39:064][  0]LogInit: XAudio2 using 'Speakers / Headphones (Realtek High Definition Audio)' : 2 channels at 48 kHz using 16 bits per sample (channel mask 0x3)
[2015.07.26-08.01.39:076][  0]LogInit: FAudioDevice initialized.
[2015.07.26-08.01.39:080][  0]LogInit: Texture streaming: Disabled
[2015.07.26-08.01.39:351][  0]LogNet: Browse: /Temp/Autosaves/Game/FirstPersonBP/Maps/UEDPCLevelTest_Test01?Name=Player
[2015.07.26-08.01.39:352][  0]LogLoad: LoadMap: /Temp/Autosaves/Game/FirstPersonBP/Maps/UEDPCLevelTest_Test01?Name=Player
[2015.07.26-08.01.39:463][  0]LogParticles: Destroying 0 GPU particle simulations for FXSystem 0x000000B96689B560
[2015.07.26-08.01.39:498][  0]LogMemory: Platform Memory Stats for Windows
[2015.07.26-08.01.39:498][  0]LogMemory: Process Physical Memory: 363.33 MB used, 363.34 MB peak
[2015.07.26-08.01.39:498][  0]LogMemory: Process Virtual Memory: 311.46 MB used, 311.46 MB peak
[2015.07.26-08.01.39:498][  0]LogMemory: Physical Memory: 4587.53 MB used, 8097.05 MB total
[2015.07.26-08.01.39:498][  0]LogMemory: Virtual Memory: 808.64 MB used, 134217728.00 MB total
[2015.07.26-08.01.39:498][  0]LogMemory: 
[2015.07.26-08.01.39:498][  0]Allocator Stats for TBB: (not implemented)
[2015.07.26-08.01.42:113][  0]LogAIModule: Creating AISystem for world LevelTest_Test01
[2015.07.26-08.01.42:952][  0]LogWorld: Game class is 'BPG_TheEnding_C'
[2015.07.26-08.01.46:718][  0]LogWorld: Bringing World /Temp/Autosaves/Game/FirstPersonBP/Maps/UEDPCLevelTest_Test01.LevelTest_Test01 up for play (max tick rate 0) at 2015.07.26-18.01.46
[2015.07.26-08.01.46:720][  0]LogWorld: Bringing up level for play took: 0.023168
[2015.07.26-08.01.46:783][  0]LogInit:Display: Game Engine Initialized.
[2015.07.26-08.01.47:166][  0]LogAssetRegistry: FAssetRegistry took 0.0003 seconds to start up
[2015.07.26-08.01.47:166][  0]LogLoad: Full Startup: 26.13 seconds (BP compile: 0.82 seconds)
[2015.07.26-08.01.47:452][  0]LogRenderer: Reallocating scene render targets to support 128x128 (Frame:1).
[2015.07.26-08.01.47:665][  0]LogContentStreaming: Texture pool size is 200.000000MB
[2015.07.26-08.01.47:962][  1]LogRenderer: Reallocating scene render targets to support 640x360 (Frame:2).
[2015.07.26-08.01.51:494][165]LogBlueprintUserMessages: You picked up: Cola
[2015.07.26-08.01.52:118][195]LogBlueprintUserMessages: You picked up: Cola
[2015.07.26-08.01.53:265][252]LogBlueprintUserMessages: You picked up: Cola
[2015.07.26-08.01.56:955][424]LogBlueprintUserMessages: You picked up: Apple
[2015.07.26-08.02.01:697][626]LogBlueprintUserMessages: You picked up: Cola
[2015.07.26-08.02.02:295][651]LogBlueprintUserMessages: You picked up: Apple
[2015.07.26-08.02.02:419][656]LogBlueprintUserMessages: You picked up: Apple
[2015.07.26-08.02.02:774][672]LogBlueprintUserMessages: You picked up: Apple
[2015.07.26-08.02.05:083][775]LogBlueprintUserMessages: You picked up: Cola
[2015.07.26-08.02.07:654][889]LogArray:Warning: Attempted to get an item from array Amount_7_8A84323D49DB80A7F2A8E5A60084EB49 out of bounds [0/0]!
[2015.07.26-08.02.07:654][889]LogArray:Warning: Attempted to get an item from array Amount_7_8A84323D49DB80A7F2A8E5A60084EB49 out of bounds [1/0]!
[2015.07.26-08.02.07:666][889]LogArray:Warning: Attempted to get an item from array Inventory out of bounds [-1/8]!
[2015.07.26-08.02.07:667][889]LogArray:Warning: Attempted to get an item from array Inventory out of bounds [-1/8]!
[2015.07.26-08.02.07:671][890]LogArray:Warning: Attempted to get an item from array Inventory out of bounds [-1/8]!
[2015.07.26-08.02.07:671][890]LogArray:Warning: Attempted to get an item from array Inventory out of bounds [-1/8]!
[2015.07.26-08.02.07:691][891]LogArray:Warning: Attempted to get an item from array Inventory out of bounds [-1/8]!
[2015.07.26-08.02.07:691][891]LogArray:Warning: Attempted to get an item from array Inventory out of bounds [-1/8]!
[2015.07.26-08.02.07:712][892]LogArray:Warning: Attempted to get an item from array Inventory out of bounds [-1/8]!
[2015.07.26-08.02.07:712][892]LogArray:Warning: Attempted to get an item from array Inventory out of bounds [-1/8]!
[2015.07.26-08.02.07:755][893]LogArray:Warning: Attempted to get an item from array Inventory out of bounds [-1/8]!
[2015.07.26-08.02.07:755][893]LogArray:Warning: Attempted to get an item from array Inventory out of bounds [-1/8]!
[2015.07.26-08.02.07:792][894]LogArray:Warning: Attempted to get an item from array Inventory out of bounds [-1/8]!
[2015.07.26-08.02.07:792][894]LogArray:Warning: Attempted to get an item from array Inventory out of bounds [-1/8]!
[2015.07.26-08.02.07:810][895]LogArray:Warning: Attempted to get an item from array Inventory out of bounds [-1/8]!
[2015.07.26-08.02.07:811][895]LogArray:Warning: Attempted to get an item from array Inventory out of bounds [-1/8]!
[2015.07.26-08.02.07:826][896]LogArray:Warning: Attempted to get an item from array Inventory out of bounds [-1/8]!
[2015.07.26-08.02.07:826][896]LogArray:Warning: Attempted to get an item from array Inventory out of bounds [-1/8]!
[2015.07.26-08.02.07:842][897]LogArray:Warning: Attempted to get an item from array Inventory out of bounds [-1/8]!
[2015.07.26-08.02.07:842][897]LogArray:Warning: Attempted to get an item from array Inventory out of bounds [-1/8]!
[2015.07.26-08.02.07:859][898]LogArray:Warning: Attempted to get an item from array Inventory out of bounds [-1/8]!
[2015.07.26-08.02.07:859][898]LogArray:Warning: Attempted to get an item from array Inventory out of bounds [-1/8]!
[2015.07.26-08.02.07:876][899]LogArray:Warning: Attempted to get an item from array Inventory out of bounds [-1/8]!
[2015.07.26-08.02.07:876][899]LogArray:Warning: Attempted to get an item from array Inventory out of bounds [-1/8]!
[2015.07.26-08.02.07:892][900]LogArray:Warning: Attempted to get an item from array Inventory out of bounds [-1/8]!
[2015.07.26-08.02.07:892][900]LogArray:Warning: Attempted to get an item from array Inventory out of bounds [-1/8]!
[2015.07.26-08.02.07:909][901]LogArray:Warning: Attempted to get an item from array Inventory out of bounds [-1/8]!
[2015.07.26-08.02.07:909][901]LogArray:Warning: Attempted to get an item from array Inventory out of bounds [-1/8]!
[2015.07.26-08.02.07:925][902]LogArray:Warning: Attempted to get an item from array Inventory out of bounds [-1/8]!
[2015.07.26-08.02.07:925][902]LogArray:Warning: Attempted to get an item from array Inventory out of bounds [-1/8]!
[2015.07.26-08.02.07:942][903]LogArray:Warning: Attempted to get an item from array Inventory out of bounds [-1/8]!
[2015.07.26-08.02.07:942][903]LogArray:Warning: Attempted to get an item from array Inventory out of bounds [-1/8]!
[2015.07.26-08.02.07:994][904]LogArray:Warning: Attempted to get an item from array Inventory out of bounds [-1/8]!
[2015.07.26-08.02.07:994][904]LogArray:Warning: Attempted to get an item from array Inventory out of bounds [-1/8]!
[2015.07.26-08.02.08:021][905]LogArray:Warning: Attempted to get an item from array Inventory out of bounds [-1/8]!
[2015.07.26-08.02.08:021][905]LogArray:Warning: Attempted to get an item from array Inventory out of bounds [-1/8]!
[2015.07.26-08.02.08:037][906]LogArray:Warning: Attempted to get an item from array Inventory out of bounds [-1/8]!
[2015.07.26-08.02.08:037][906]LogArray:Warning: Attempted to get an item from array Inventory out of bounds [-1/8]!
[2015.07.26-08.02.08:054][907]LogArray:Warning: Attempted to get an item from array Inventory out of bounds [-1/8]!
[2015.07.26-08.02.08:054][907]LogArray:Warning: Attempted to get an item from array Inventory out of bounds [-1/8]!
[2015.07.26-08.02.08:071][908]LogArray:Warning: Attempted to get an item from array Inventory out of bounds [-1/8]!
[2015.07.26-08.02.08:071][908]LogArray:Warning: Attempted to get an item from array Inventory out of bounds [-1/8]!
[2015.07.26-08.02.08:087][909]LogArray:Warning: Attempted to get an item from array Inventory out of bounds [-1/8]!
[2015.07.26-08.02.08:087][909]LogArray:Warning: Attempted to get an item from array Inventory out of bounds [-1/8]!
[2015.07.26-08.02.08:103][910]LogArray:Warning: Attempted to get an item from array Inventory out of bounds [-1/8]!
[2015.07.26-08.02.08:103][910]LogArray:Warning: Attempted to get an item from array Inventory out of bounds [-1/8]!
[2015.07.26-08.02.08:143][911]LogArray:Warning: Attempted to get an item from array Inventory out of bounds [-1/8]!
[2015.07.26-08.02.08:144][911]LogArray:Warning: Attempted to get an item from array Inventory out of bounds [-1/8]!
[2015.07.26-08.02.08:182][912]LogArray:Warning: Attempted to get an item from array Inventory out of bounds [-1/8]!
[2015.07.26-08.02.08:183][912]LogArray:Warning: Attempted to get an item from array Inventory out of bounds [-1/8]!
[2015.07.26-08.02.08:203][913]LogArray:Warning: Attempted to get an item from array Inventory out of bounds [-1/8]!
[2015.07.26-08.02.08:203][913]LogArray:Warning: Attempted to get an item from array Inventory out of bounds [-1/8]!
[2015.07.26-08.02.08:222][914]LogArray:Warning: Attempted to get an item from array Inventory out of bounds [-1/8]!
[2015.07.26-08.02.08:222][914]LogArray:Warning: Attempted to get an item from array Inventory out of bounds [-1/8]!
[2015.07.26-08.02.08:237][915]LogArray:Warning: Attempted to get an item from array Inventory out of bounds [-1/8]!
[2015.07.26-08.02.08:237][915]LogArray:Warning: Attempted to get an item from array Inventory out of bounds [-1/8]!
[2015.07.26-08.02.08:252][916]LogArray:Warning: Attempted to get an item from array Inventory out of bounds [-1/8]!
[2015.07.26-08.02.08:252][916]LogArray:Warning: Attempted to get an item from array Inventory out of bounds [-1/8]!
[2015.07.26-08.02.08:272][917]LogArray:Warning: Attempted to get an item from array Inventory out of bounds [-1/8]!
[2015.07.26-08.02.08:272][917]LogArray:Warning: Attempted to get an item from array Inventory out of bounds [-1/8]!
[2015.07.26-08.02.08:306][918]LogArray:Warning: Attempted to get an item from array Inventory out of bounds [-1/8]!
[2015.07.26-08.02.08:306][918]LogArray:Warning: Attempted to get an item from array Inventory out of bounds [-1/8]!
[2015.07.26-08.02.08:360][919]LogArray:Warning: Attempted to get an item from array Inventory out of bounds [-1/8]!
[2015.07.26-08.02.08:360][919]LogArray:Warning: Attempted to get an item from array Inventory out of bounds [-1/8]!
[2015.07.26-08.02.08:394][920]LogArray:Warning: Attempted to get an item from array Inventory out of bounds [-1/8]!
[2015.07.26-08.02.08:395][920]LogArray:Warning: Attempted to get an item from array Inventory out of bounds [-1/8]!
[2015.07.26-08.02.08:415][921]LogArray:Warning: Attempted to get an item from array Inventory out of bounds [-1/8]!
[2015.07.26-08.02.08:415][921]LogArray:Warning: Attempted to get an item from array Inventory out of bounds [-1/8]!
[2015.07.26-08.02.08:432][922]LogArray:Warning: Attempted to get an item from array Inventory out of bounds [-1/8]!
[2015.07.26-08.02.08:432][922]LogArray:Warning: Attempted to get an item from array Inventory out of bounds [-1/8]!
[2015.07.26-08.02.08:448][923]LogArray:Warning: Attempted to get an item from array Inventory out of bounds [-1/8]!
[2015.07.26-08.02.08:448][923]LogArray:Warning: Attempted to get an item from array Inventory out of bounds [-1/8]!
[2015.07.26-08.02.08:464][924]LogArray:Warning: Attempted to get an item from array Inventory out of bounds [-1/8]!
[2015.07.26-08.02.08:464][924]LogArray:Warning: Attempted to get an item from array Inventory out of bounds [-1/8]!
[2015.07.26-08.02.08:503][925]LogArray:Warning: Attempted to get an item from array Inventory out of bounds [-1/8]!
[2015.07.26-08.02.08:504][925]LogArray:Warning: Attempted to get an item from array Inventory out of bounds [-1/8]!
[2015.07.26-08.02.08:572][926]LogArray:Warning: Attempted to get an item from array Inventory out of bounds [-1/8]!
[2015.07.26-08.02.08:573][926]LogArray:Warning: Attempted to get an item from array Inventory out of bounds [-1/8]!
[2015.07.26-08.02.08:605][927]LogArray:Warning: Attempted to get an item from array Inventory out of bounds [-1/8]!
[2015.07.26-08.02.08:605][927]LogArray:Warning: Attempted to get an item from array Inventory out of bounds [-1/8]!
[2015.07.26-08.02.08:625][928]LogArray:Warning: Attempted to get an item from array Inventory out of bounds [-1/8]!
[2015.07.26-08.02.08:625][928]LogArray:Warning: Attempted to get an item from array Inventory out of bounds [-1/8]!
[2015.07.26-08.02.08:646][929]LogArray:Warning: Attempted to get an item from array Inventory out of bounds [-1/8]!
[2015.07.26-08.02.08:646][929]LogArray:Warning: Attempted to get an item from array Inventory out of bounds [-1/8]!
[2015.07.26-08.02.08:660][930]LogArray:Warning: Attempted to get an item from array Inventory out of bounds [-1/8]!
[2015.07.26-08.02.08:660][930]LogArray:Warning: Attempted to get an item from array Inventory out of bounds [-1/8]!
[2015.07.26-08.02.08:676][931]LogArray:Warning: Attempted to get an item from array Inventory out of bounds [-1/8]!
[2015.07.26-08.02.08:676][931]LogArray:Warning: Attempted to get an item from array Inventory out of bounds [-1/8]!
[2015.07.26-08.02.08:694][932]LogArray:Warning: Attempted to get an item from array Inventory out of bounds [-1/8]!
[2015.07.26-08.02.08:694][932]LogArray:Warning: Attempted to get an item from array Inventory out of bounds [-1/8]!
[2015.07.26-08.02.08:724][933]LogArray:Warning: Attempted to get an item from array Inventory out of bounds [-1/8]!
[2015.07.26-08.02.08:724][933]LogArray:Warning: Attempted to get an item from array Inventory out of bounds [-1/8]!
[2015.07.26-08.02.08:765][934]LogArray:Warning: Attempted to get an item from array Inventory out of bounds [-1/8]!
[2015.07.26-08.02.08:766][934]LogArray:Warning: Attempted to get an item from array Inventory out of bounds [-1/8]!
[2015.07.26-08.02.08:786][935]LogArray:Warning: Attempted to get an item from array Inventory out of bounds [-1/8]!
[2015.07.26-08.02.08:786][935]LogArray:Warning: Attempted to get an item from array Inventory out of bounds [-1/8]!
[2015.07.26-08.02.08:803][936]LogArray:Warning: Attempted to get an item from array Inventory out of bounds [-1/8]!
[2015.07.26-08.02.08:803][936]LogArray:Warning: Attempted to get an item from array Inventory out of bounds [-1/8]!
[2015.07.26-08.02.08:821][937]LogArray:Warning: Attempted to get an item from array Inventory out of bounds [-1/8]!
[2015.07.26-08.02.08:821][937]LogArray:Warning: Attempted to get an item from array Inventory out of bounds [-1/8]!
[2015.07.26-08.02.08:837][938]LogArray:Warning: Attempted to get an item from array Inventory out of bounds [-1/8]!
[2015.07.26-08.02.08:838][938]LogArray:Warning: Attempted to get an item from array Inventory out of bounds [-1/8]!
[2015.07.26-08.02.08:853][939]LogArray:Warning: Attempted to get an item from array Inventory out of bounds [-1/8]!
[2015.07.26-08.02.08:853][939]LogArray:Warning: Attempted to get an item from array Inventory out of bounds [-1/8]!
[2015.07.26-08.02.09:573][967]LogArray:Warning: Attempted to get an item from array Amount_7_8A84323D49DB80A7F2A8E5A60084EB49 out of bounds [0/0]!
[2015.07.26-08.02.09:573][967]LogArray:Warning: Attempted to get an item from array Amount_7_8A84323D49DB80A7F2A8E5A60084EB49 out of bounds [1/0]!
[2015.07.26-08.02.09:576][967]LogArray:Warning: Attempted to get an item from array Inventory out of bounds [-1/8]!
[2015.07.26-08.02.09:576][967]LogArray:Warning: Attempted to get an item from array Inventory out of bounds [-1/8]!
[2015.07.26-08.02.09:590][968]LogArray:Warning: Attempted to get an item from array Inventory out of bounds [-1/8]!
[2015.07.26-08.02.09:590][968]LogArray:Warning: Attempted to get an item from array Inventory out of bounds [-1/8]!
[2015.07.26-08.02.09:609][969]LogArray:Warning: Attempted to get an item from array Inventory out of bounds [-1/8]!
[2015.07.26-08.02.09:609][969]LogArray:Warning: Attempted to get an item from array Inventory out of bounds [-1/8]!
[2015.07.26-08.02.09:655][970]LogArray:Warning: Attempted to get an item from array Inventory out of bounds [-1/8]!
[2015.07.26-08.02.09:655][970]LogArray:Warning: Attempted to get an item from array Inventory out of bounds [-1/8]!
[2015.07.26-08.02.09:679][971]LogArray:Warning: Attempted to get an item from array Inventory out of bounds [-1/8]!
[2015.07.26-08.02.09:679][971]LogArray:Warning: Attempted to get an item from array Inventory out of bounds [-1/8]!
[2015.07.26-08.02.09:718][972]LogArray:Warning: Attempted to get an item from array Inventory out of bounds [-1/8]!
[2015.07.26-08.02.09:719][972]LogArray:Warning: Attempted to get an item from array Inventory out of bounds [-1/8]!
[2015.07.26-08.02.09:735][973]LogArray:Warning: Attempted to get an item from array Inventory out of bounds [-1/8]!
[2015.07.26-08.02.09:735][973]LogArray:Warning: Attempted to get an item from array Inventory out of bounds [-1/8]!
[2015.07.26-08.02.09:753][974]LogArray:Warning: Attempted to get an item from array Inventory out of bounds [-1/8]!
[2015.07.26-08.02.09:753][974]LogArray:Warning: Attempted to get an item from array Inventory out of bounds [-1/8]!
[2015.07.26-08.02.09:770][975]LogArray:Warning: Attempted to get an item from array Inventory out of bounds [-1/8]!
[2015.07.26-08.02.09:770][975]LogArray:Warning: Attempted to get an item from array Inventory out of bounds [-1/8]!
[2015.07.26-08.02.09:788][976]LogArray:Warning: Attempted to get an item from array Inventory out of bounds [-1/8]!
[2015.07.26-08.02.09:788][976]LogArray:Warning: Attempted to get an item from array Inventory out of bounds [-1/8]!
[2015.07.26-08.02.09:805][977]LogArray:Warning: Attempted to get an item from array Inventory out of bounds [-1/8]!
[2015.07.26-08.02.09:806][977]LogArray:Warning: Attempted to get an item from array Inventory out of bounds [-1/8]!
[2015.07.26-08.02.09:823][978]LogArray:Warning: Attempted to get an item from array Inventory out of bounds [-1/8]!
[2015.07.26-08.02.09:823][978]LogArray:Warning: Attempted to get an item from array Inventory out of bounds [-1/8]!
[2015.07.26-08.02.09:863][979]LogArray:Warning: Attempted to get an item from array Inventory out of bounds [-1/8]!
[2015.07.26-08.02.09:864][979]LogArray:Warning: Attempted to get an item from array Inventory out of bounds [-1/8]!
[2015.07.26-08.02.09:892][980]LogArray:Warning: Attempted to get an item from array Inventory out of bounds [-1/8]!
[2015.07.26-08.02.09:893][980]LogArray:Warning: Attempted to get an item from array Inventory out of bounds [-1/8]!
[2015.07.26-08.02.09:926][981]LogArray:Warning: Attempted to get an item from array Inventory out of bounds [-1/8]!
[2015.07.26-08.02.09:927][981]LogArray:Warning: Attempted to get an item from array Inventory out of bounds [-1/8]!
[2015.07.26-08.02.09:992][982]LogArray:Warning: Attempted to get an item from array Inventory out of bounds [-1/8]!
[2015.07.26-08.02.09:993][982]LogArray:Warning: Attempted to get an item from array Inventory out of bounds [-1/8]!
[2015.07.26-08.02.10:051][983]LogArray:Warning: Attempted to get an item from array Inventory out of bounds [-1/8]!
[2015.07.26-08.02.10:051][983]LogArray:Warning: Attempted to get an item from array Inventory out of bounds [-1/8]!
[2015.07.26-08.02.10:086][984]LogArray:Warning: Attempted to get an item from array Inventory out of bounds [-1/8]!
[2015.07.26-08.02.10:086][984]LogArray:Warning: Attempted to get an item from array Inventory out of bounds [-1/8]!
[2015.07.26-08.02.10:108][985]LogArray:Warning: Attempted to get an item from array Inventory out of bounds [-1/8]!
[2015.07.26-08.02.10:108][985]LogArray:Warning: Attempted to get an item from array Inventory out of bounds [-1/8]!
[2015.07.26-08.02.10:124][986]LogArray:Warning: Attempted to get an item from array Inventory out of bounds [-1/8]!
[2015.07.26-08.02.10:124][986]LogArray:Warning: Attempted to get an item from array Inventory out of bounds [-1/8]!
[2015.07.26-08.02.10:141][987]LogArray:Warning: Attempted to get an item from array Inventory out of bounds [-1/8]!
[2015.07.26-08.02.10:141][987]LogArray:Warning: Attempted to get an item from array Inventory out of bounds [-1/8]!
[2015.07.26-08.02.10:159][988]LogArray:Warning: Attempted to get an item from array Inventory out of bounds [-1/8]!
[2015.07.26-08.02.10:160][988]LogArray:Warning: Attempted to get an item from array Inventory out of bounds [-1/8]!
[2015.07.26-08.02.10:176][989]LogArray:Warning: Attempted to get an item from array Inventory out of bounds [-1/8]!
[2015.07.26-08.02.10:176][989]LogArray:Warning: Attempted to get an item from array Inventory out of bounds [-1/8]!
[2015.07.26-08.02.10:193][990]LogArray:Warning: Attempted to get an item from array Inventory out of bounds [-1/8]!
[2015.07.26-08.02.10:193][990]LogArray:Warning: Attempted to get an item from array Inventory out of bounds [-1/8]!
[2015.07.26-08.02.10:212][991]LogArray:Warning: Attempted to get an item from array Inventory out of bounds [-1/8]!
[2015.07.26-08.02.10:212][991]LogArray:Warning: Attempted to get an item from array Inventory out of bounds [-1/8]!
[2015.07.26-08.02.10:255][992]LogArray:Warning: Attempted to get an item from array Inventory out of bounds [-1/8]!
[2015.07.26-08.02.10:255][992]LogArray:Warning: Attempted to get an item from array Inventory out of bounds [-1/8]!
[2015.07.26-08.02.10:292][993]LogArray:Warning: Attempted to get an item from array Inventory out of bounds [-1/8]!
[2015.07.26-08.02.10:292][993]LogArray:Warning: Attempted to get an item from array Inventory out of bounds [-1/8]!
[2015.07.26-08.02.10:301][994]LogArray:Warning: Attempted to get an item from array Inventory out of bounds [-1/8]!
[2015.07.26-08.02.10:302][994]LogArray:Warning: Attempted to get an item from array Inventory out of bounds [-1/8]!
[2015.07.26-08.02.10:317][995]LogArray:Warning: Attempted to get an item from array Inventory out of bounds [-1/8]!
[2015.07.26-08.02.10:317][995]LogArray:Warning: Attempted to get an item from array Inventory out of bounds [-1/8]!
[2015.07.26-08.02.10:336][996]LogArray:Warning: Attempted to get an item from array Inventory out of bounds [-1/8]!
[2015.07.26-08.02.10:336][996]LogArray:Warning: Attempted to get an item from array Inventory out of bounds [-1/8]!
[2015.07.26-08.02.10:351][997]LogArray:Warning: Attempted to get an item from array Inventory out of bounds [-1/8]!
[2015.07.26-08.02.10:351][997]LogArray:Warning: Attempted to get an item from array Inventory out of bounds [-1/8]!
[2015.07.26-08.02.10:373][998]LogArray:Warning: Attempted to get an item from array Inventory out of bounds [-1/8]!
[2015.07.26-08.02.10:373][998]LogArray:Warning: Attempted to get an item from array Inventory out of bounds [-1/8]!
[2015.07.26-08.02.10:437][999]LogArray:Warning: Attempted to get an item from array Inventory out of bounds [-1/8]!
[2015.07.26-08.02.10:437][999]LogArray:Warning: Attempted to get an item from array Inventory out of bounds [-1/8]!
[2015.07.26-08.02.10:460][  0]LogArray:Warning: Attempted to get an item from array Inventory out of bounds [-1/8]!
[2015.07.26-08.02.10:460][  0]LogArray:Warning: Attempted to get an item from array Inventory out of bounds [-1/8]!
[2015.07.26-08.02.10:479][  1]LogArray:Warning: Attempted to get an item from array Inventory out of bounds [-1/8]!
[2015.07.26-08.02.10:479][  1]LogArray:Warning: Attempted to get an item from array Inventory out of bounds [-1/8]!
[2015.07.26-08.02.10:496][  2]LogArray:Warning: Attempted to get an item from array Inventory out of bounds [-1/8]!
[2015.07.26-08.02.10:496][  2]LogArray:Warning: Attempted to get an item from array Inventory out of bounds [-1/8]!
[2015.07.26-08.02.10:513][  3]LogArray:Warning: Attempted to get an item from array Inventory out of bounds [-1/8]!
[2015.07.26-08.02.10:513][  3]LogArray:Warning: Attempted to get an item from array Inventory out of bounds [-1/8]!
[2015.07.26-08.02.16:642][243]LogRenderer: Reallocating scene render targets to support 688x360 (Frame:1246).
[2015.07.26-08.02.32:062][816]LogWindowsTextInputMethodSystem:Display: IME system now deactivated.
[2015.07.26-08.02.32:063][816]LogWindowsTextInputMethodSystem:Display: IME system now deactivated.
[2015.07.26-08.02.32:105][816]LogEngine: All Windows Closed
[2015.07.26-08.02.32:106][816]LogWindows: FPlatformMisc::RequestExit(0)
[2015.07.26-08.02.32:989][817]LogExit: Preparing to exit.
[2015.07.26-08.02.33:102][817]LogExit: Game engine shut down
[2015.07.26-08.02.33:103][817]LogParticles: Destroying 0 GPU particle simulations for FXSystem 0x000000B95FAC8AE0
[2015.07.26-08.02.33:952][817]LogExit: Object subsystem successfully closed.
[2015.07.26-08.02.34:044][817]LogD3D11RHI: Shutdown
[2015.07.26-08.02.34:044][817]LogD3D11RHI: CleanupD3DDevice
[2015.07.26-08.02.34:194][817]LogD3D11RHI: ~FD3D11DynamicRHI
[2015.07.26-08.02.34:221][817]LogModuleManager: Shutting down and abandoning module AndroidDeviceDetection (108)
[2015.07.26-08.02.34:224][817]LogModuleManager: Shutting down and abandoning module AssetRegistry (107)
[2015.07.26-08.02.34:225][817]LogModuleManager: Shutting down and abandoning module AutomationWorker (106)
[2015.07.26-08.02.34:225][817]LogModuleManager: Shutting down and abandoning module CharacterAI (105)
[2015.07.26-08.02.34:225][817]LogModuleManager: Shutting down and abandoning module AITestSuite (104)
[2015.07.26-08.02.34:225][817]LogModuleManager: Shutting down and abandoning module GameplayDebugger (103)
[2015.07.26-08.02.34:225][817]LogModuleManager: Shutting down and abandoning module AIModule (102)
[2015.07.26-08.02.34:225][817]LogModuleManager: Shutting down and abandoning module GameLiveStreaming (101)
[2015.07.26-08.02.34:225][817]LogModuleManager: Shutting down and abandoning module StreamingPauseRendering (100)
[2015.07.26-08.02.34:225][817]LogModuleManager: Shutting down and abandoning module ProfilerService (99)
[2015.07.26-08.02.34:394][817]LogModuleManager: Shutting down and abandoning module TaskGraph (98)
[2015.07.26-08.02.34:398][817]LogModuleManager: Shutting down and abandoning module SlateRemote (97)
[2015.07.26-08.02.34:398][817]LogModuleManager: Shutting down and abandoning module SteamVRController (96)
[2015.07.26-08.02.34:399][817]LogModuleManager: Shutting down and abandoning module SteamVR (95)
[2015.07.26-08.02.34:399][817]LogModuleManager: Shutting down and abandoning module ProceduralMeshComponent (94)
[2015.07.26-08.02.34:399][817]LogModuleManager: Shutting down and abandoning module OculusRift (93)
[2015.07.26-08.02.34:399][817]LogModuleManager: Shutting down and abandoning module LeapMotionController (92)
[2015.07.26-08.02.34:458][817]LogModuleManager: Shutting down and abandoning module CustomMeshComponent (91)
[2015.07.26-08.02.34:458][817]LogModuleManager: Shutting down and abandoning module CableComponent (90)
[2015.07.26-08.02.34:458][817]LogModuleManager: Shutting down and abandoning module DesktopPlatform (89)
[2015.07.26-08.02.34:459][817]LogModuleManager: Shutting down and abandoning module DirectoryWatcher (88)
[2015.07.26-08.02.34:459][817]LogModuleManager: Shutting down and abandoning module HotReload (87)
[2015.07.26-08.02.34:459][817]LogModuleManager: Shutting down and abandoning module VisualStudioSourceCodeAccess (86)
[2015.07.26-08.02.34:459][817]LogModuleManager: Shutting down and abandoning module UObjectPlugin (85)
[2015.07.26-08.02.34:459][817]LogModuleManager: Shutting down and abandoning module SubversionSourceControl (84)
[2015.07.26-08.02.34:459][817]LogModuleManager: Shutting down and abandoning module SourceControl (83)
[2015.07.26-08.02.34:459][817]LogModuleManager: Shutting down and abandoning module PerforceSourceControl (82)
[2015.07.26-08.02.34:459][817]LogModuleManager: Shutting down and abandoning module BlankPlugin (81)
[2015.07.26-08.02.34:459][817]LogModuleManager: Shutting down and abandoning module UdpMessaging (80)
[2015.07.26-08.02.34:460][817]LogModuleManager: Shutting down and abandoning module Paper2D (79)
[2015.07.26-08.02.34:460][817]LogModuleManager: Shutting down and abandoning module WindowsMoviePlayer (78)
[2015.07.26-08.02.34:469][817]LogModuleManager: Shutting down and abandoning module Media (77)
[2015.07.26-08.02.34:469][817]LogModuleManager: Shutting down and abandoning module WmfMedia (76)
[2015.07.26-08.02.34:470][817]LogModuleManager: Shutting down and abandoning module OnlineBlueprintSupport (75)
[2015.07.26-08.02.34:470][817]LogModuleManager: Shutting down and abandoning module PropertyEditor (74)
[2015.07.26-08.02.34:470][817]LogModuleManager: Shutting down and abandoning module BehaviorTreeEditor (73)
[2015.07.26-08.02.34:471][817]LogModuleManager: Shutting down and abandoning module FunctionalTesting (72)
[2015.07.26-08.02.34:471][817]LogModuleManager: Shutting down and abandoning module CollisionAnalyzer (71)
[2015.07.26-08.02.34:471][817]LogModuleManager: Shutting down and abandoning module WorkspaceMenuStructure (70)
[2015.07.26-08.02.34:471][817]LogModuleManager: Shutting down and abandoning module MessageLog (69)
[2015.07.26-08.02.34:471][817]LogModuleManager: Shutting down and abandoning module Sequencer (68)
[2015.07.26-08.02.34:471][817]LogModuleManager: Shutting down and abandoning module AssetTools (67)
[2015.07.26-08.02.34:472][817]LogModuleManager: Shutting down and abandoning module UMGEditor (66)
[2015.07.26-08.02.34:472][817]LogModuleManager: Shutting down and abandoning module UMG (65)
[2015.07.26-08.02.34:472][817]LogModuleManager: Shutting down and abandoning module Slate (64)
[2015.07.26-08.02.34:472][817]LogModuleManager: Shutting down and abandoning module EditorStyle (63)
[2015.07.26-08.02.34:477][817]LogModuleManager: Shutting down and abandoning module SessionServices (62)
[2015.07.26-08.02.34:477][817]LogModuleManager: Shutting down and abandoning module SourceCodeAccess (61)
[2015.07.26-08.02.34:477][817]LogModuleManager: Shutting down and abandoning module HeadMountedDisplay (60)
[2015.07.26-08.02.34:477][817]LogModuleManager: Shutting down and abandoning module XAudio2 (59)
[2015.07.26-08.02.34:477][817]LogModuleManager: Shutting down and abandoning module Networking (57)
[2015.07.26-08.02.34:477][817]LogModuleManager: Shutting down and abandoning module Core (56)
[2015.07.26-08.02.34:477][817]LogModuleManager: Shutting down and abandoning module KismetCompiler (55)
[2015.07.26-08.02.34:477][817]LogModuleManager: Shutting down and abandoning module PhysXFormats (54)
[2015.07.26-08.02.34:477][817]LogModuleManager: Shutting down and abandoning module MeshUtilities (53)
[2015.07.26-08.02.34:478][817]LogModuleManager: Shutting down and abandoning module DerivedDataCache (52)
[2015.07.26-08.02.34:592][817]LogDerivedDataCache: Shutdown
[2015.07.26-08.02.34:592][817]LogModuleManager: Shutting down and abandoning module ShaderFormatOpenGL (51)
[2015.07.26-08.02.34:593][817]LogModuleManager: Shutting down and abandoning module ShaderFormatD3D (50)
[2015.07.26-08.02.34:593][817]LogModuleManager: Shutting down and abandoning module MetalShaderFormat (49)
[2015.07.26-08.02.34:593][817]LogModuleManager: Shutting down and abandoning module TextureFormatUncompressed (48)
[2015.07.26-08.02.34:593][817]LogModuleManager: Shutting down and abandoning module TextureFormatPVR (47)
[2015.07.26-08.02.34:593][817]LogModuleManager: Shutting down and abandoning module TextureFormatIntelISPCTexComp (46)
[2015.07.26-08.02.34:593][817]LogModuleManager: Shutting down and abandoning module TextureFormatDXT (45)
[2015.07.26-08.02.34:594][817]LogModuleManager: Shutting down and abandoning module ImageWrapper (44)
[2015.07.26-08.02.34:594][817]LogModuleManager: Shutting down and abandoning module TextureFormatASTC (43)
[2015.07.26-08.02.34:594][817]LogModuleManager: Shutting down and abandoning module TextureFormatAndroid (42)
[2015.07.26-08.02.34:594][817]LogModuleManager: Shutting down and abandoning module AudioFormatOpus (41)
[2015.07.26-08.02.34:594][817]LogModuleManager: Shutting down and abandoning module AudioFormatOgg (40)
[2015.07.26-08.02.34:594][817]LogModuleManager: Shutting down and abandoning module AudioFormatADPCM (39)
[2015.07.26-08.02.34:594][817]LogModuleManager: Shutting down and abandoning module LinuxTargetPlatform (38)
[2015.07.26-08.02.34:594][817]LogModuleManager: Shutting down and abandoning module LinuxServerTargetPlatform (37)
[2015.07.26-08.02.34:594][817]LogModuleManager: Shutting down and abandoning module LinuxNoEditorTargetPlatform (36)
[2015.07.26-08.02.34:594][817]LogModuleManager: Shutting down and abandoning module Messaging (35)
[2015.07.26-08.02.34:594][817]LogModuleManager: Shutting down and abandoning module IOSTargetPlatform (34)
[2015.07.26-08.02.34:594][817]LogModuleManager: Shutting down and abandoning module HTML5TargetPlatform (33)
[2015.07.26-08.02.34:594][817]LogModuleManager: Shutting down and abandoning module Android_PVRTCTargetPlatform (32)
[2015.07.26-08.02.34:594][817]LogModuleManager: Shutting down and abandoning module Android_ETC2TargetPlatform (31)
[2015.07.26-08.02.34:594][817]LogModuleManager: Shutting down and abandoning module Android_ETC1TargetPlatform (30)
[2015.07.26-08.02.34:594][817]LogModuleManager: Shutting down and abandoning module Android_DXTTargetPlatform (29)
[2015.07.26-08.02.34:594][817]LogModuleManager: Shutting down and abandoning module Android_ATCTargetPlatform (28)
[2015.07.26-08.02.34:594][817]LogModuleManager: Shutting down and abandoning module Android_ASTCTargetPlatform (27)
[2015.07.26-08.02.34:594][817]LogModuleManager: Shutting down and abandoning module AndroidTargetPlatform (26)
[2015.07.26-08.02.34:594][817]LogModuleManager: Shutting down and abandoning module WindowsTargetPlatform (25)
[2015.07.26-08.02.34:594][817]LogModuleManager: Shutting down and abandoning module WindowsServerTargetPlatform (24)
[2015.07.26-08.02.34:594][817]LogModuleManager: Shutting down and abandoning module WindowsNoEditorTargetPlatform (23)
[2015.07.26-08.02.34:594][817]LogModuleManager: Shutting down and abandoning module WindowsClientTargetPlatform (22)
[2015.07.26-08.02.34:594][817]LogModuleManager: Shutting down and abandoning module DesktopTargetPlatform (21)
[2015.07.26-08.02.34:594][817]LogModuleManager: Shutting down and abandoning module TargetPlatform (20)
[2015.07.26-08.02.34:595][817]LogModuleManager: Shutting down and abandoning module InputCore (19)
[2015.07.26-08.02.34:595][817]LogModuleManager: Shutting down and abandoning module Settings (18)
[2015.07.26-08.02.34:595][817]LogModuleManager: Shutting down and abandoning module OnlineSubsystem (16)
[2015.07.26-08.02.34:595][817]LogModuleManager: Shutting down and abandoning module HTTP (15)
[2015.07.26-08.02.34:595][817]LogModuleManager: Shutting down and abandoning module ExampleDeviceProfileSelector (14)
[2015.07.26-08.02.34:595][817]LogModuleManager: Shutting down and abandoning module TextureCompressor (13)
[2015.07.26-08.02.34:595][817]LogModuleManager: Shutting down and abandoning module ShaderCore (12)
[2015.07.26-08.02.34:595][817]LogModuleManager: Shutting down and abandoning module Landscape (11)
[2015.07.26-08.02.34:595][817]LogModuleManager: Shutting down and abandoning module SlateRHIRenderer (10)
[2015.07.26-08.02.34:596][817]LogModuleManager: Shutting down and abandoning module OpenGLDrv (9)
[2015.07.26-08.02.34:597][817]LogModuleManager: Shutting down and abandoning module D3D11RHI (8)
[2015.07.26-08.02.34:597][817]LogModuleManager: Shutting down and abandoning module Renderer (7)
[2015.07.26-08.02.34:597][817]LogModuleManager: Shutting down and abandoning module Engine (6)
[2015.07.26-08.02.34:597][817]LogModuleManager: Shutting down and abandoning module CoreUObject (5)
[2015.07.26-08.02.34:597][817]LogModuleManager: Shutting down and abandoning module NetworkFile (4)
[2015.07.26-08.02.34:597][817]LogModuleManager: Shutting down and abandoning module StreamingFile (3)
[2015.07.26-08.02.34:597][817]LogModuleManager: Shutting down and abandoning module SandboxFile (2)
[2015.07.26-08.02.34:597][817]LogModuleManager: Shutting down and abandoning module PakFile (1)
[2015.07.26-08.02.34:599][817]LogExit: Exiting.
[2015.07.26-08.02.34:602][817]Log file closed, 07/26/15 18:02:34
