[2015.07.10-02.38.20:134][  0]Log file open, 07/10/15 12:38:20
[2015.07.10-02.38.20:134][  0]LogInit:Display: Running engine for game: Jump
[2015.07.10-02.38.20:134][  0]LogInit:Display: RandInit(-1350655074) SRandInit(-1350655072).
[2015.07.10-02.38.20:134][  0]LogTaskGraph: Started task graph with 4 named threads and 5 total threads.
[2015.07.10-02.38.20:134][  0]LogStats: Stats thread started
[2015.07.10-02.38.20:134][  0]LogInit: Version: 4.8.1-2591939+++depot+UE4-Releases+4.8
[2015.07.10-02.38.20:134][  0]LogInit: API Version: 2579680
[2015.07.10-02.38.20:134][  0]LogInit: Compiled (64-bit): Jun 18 2015 11:02:04
[2015.07.10-02.38.20:134][  0]LogInit: Compiled with Visual C++: 18.00.21005.01
[2015.07.10-02.38.20:134][  0]LogInit: Build Configuration: Development
[2015.07.10-02.38.20:134][  0]LogInit: Branch Name: ++depot+UE4-Releases+4.8
[2015.07.10-02.38.20:134][  0]LogInit: Command line:  /Temp/Autosaves/Game/2DSideScrollerBP/Maps/UEDPCLevel0_Entry -game -PIEVIACONSOLE -ResX=1280 -ResY=720  -Multiprocess 
[2015.07.10-02.38.20:134][  0]LogInit: Base directory: C:/Program Files/Epic Games/4.8/Engine/Binaries/Win64/
[2015.07.10-02.38.20:134][  0]LogInit: Rocket: 1
[2015.07.10-02.38.20:225][  0]LogInit: Using libcurl 7.41.0
[2015.07.10-02.38.20:225][  0]LogInit:  - built for x86_64-pc-win32
[2015.07.10-02.38.20:225][  0]LogInit:  - supports SSL with WinSSL
[2015.07.10-02.38.20:225][  0]LogInit:  - other features:
[2015.07.10-02.38.20:225][  0]LogInit:      CURL_VERSION_SSL
[2015.07.10-02.38.20:225][  0]LogInit:      CURL_VERSION_IPV6
[2015.07.10-02.38.20:225][  0]LogInit:      CURL_VERSION_ASYNCHDNS
[2015.07.10-02.38.20:225][  0]LogInit:      CURL_VERSION_LARGEFILE
[2015.07.10-02.38.20:225][  0]LogInit:      CURL_VERSION_IDN
[2015.07.10-02.38.20:225][  0]LogInit:  CurlRequestOptions (configurable via config and command line):
[2015.07.10-02.38.20:225][  0]LogInit:  - bVerifyPeer = true  - Libcurl will verify peer certificate
[2015.07.10-02.38.20:225][  0]LogInit:  - bUseHttpProxy = false  - Libcurl will NOT use HTTP proxy
[2015.07.10-02.38.20:225][  0]LogInit:  - bDontReuseConnections = false  - Libcurl will reuse connections
[2015.07.10-02.38.20:225][  0]LogInit:  - CertBundlePath = nullptr  - Libcurl will use whatever was configured at build time.
[2015.07.10-02.38.20:318][  0]LogOnline:Warning: No default platform service specified for OnlineSubsystem
[2015.07.10-02.38.20:400][  0]LogInit: Presizing for 0 objects not considered by GC, pre-allocating 0 bytes.
[2015.07.10-02.38.20:449][  0]LogInit: Object subsystem initialized
[2015.07.10-02.38.20:456][  0]LogConsoleResponse:Warning: Skipping Unknown console variable: 'TranslucentSortAxis = (X=0.000000,Y=-1.000000,Z=0.000000)'
[2015.07.10-02.38.20:456][  0]LogConsoleResponse:Warning:   Found in ini file 'C:/Users/076271/Desktop/Apps+Games/Games/The Adventures Of Pixel Man/Jump 4.8/Saved/Config/Windows/Engine.ini', in section '[/Script/Engine.RendererSettings]'
[2015.07.10-02.38.20:457][  0]LogConsoleResponse:Warning: Skipping Unknown console variable: 'UIScaleRule = ShortestSide'
[2015.07.10-02.38.20:457][  0]LogConsoleResponse:Warning:   Found in ini file 'C:/Users/076271/Desktop/Apps+Games/Games/The Adventures Of Pixel Man/Jump 4.8/Saved/Config/Windows/Engine.ini', in section '[/Script/Engine.RendererSettings]'
[2015.07.10-02.38.20:457][  0]LogConsoleResponse:Warning: Skipping Unknown console variable: 'UIScaleCurve = (EditorCurveData=(Keys=),ExternalCurve=None)'
[2015.07.10-02.38.20:457][  0]LogConsoleResponse:Warning:   Found in ini file 'C:/Users/076271/Desktop/Apps+Games/Games/The Adventures Of Pixel Man/Jump 4.8/Saved/Config/Windows/Engine.ini', in section '[/Script/Engine.RendererSettings]'
[2015.07.10-02.38.20:460][  0]LogInit: Selected Device Profile: [Windows]
[2015.07.10-02.38.20:461][  0]LogInit: Applying CVar settings loaded from the selected device profile: [Windows]
[2015.07.10-02.38.20:477][  0]LogInit: Computer: TAB-1090
[2015.07.10-02.38.20:477][  0]LogInit: User: 076271
[2015.07.10-02.38.20:477][  0]LogInit: CPU Page size=4096, Cores=2
[2015.07.10-02.38.20:480][  0]LogInit: High frequency timer resolution =1.558894 MHz
[2015.07.10-02.38.20:481][  0]LogMemory: Memory total: Physical=7.9GB (8GB approx)
[2015.07.10-02.38.20:481][  0]LogMemory: Platform Memory Stats for Windows
[2015.07.10-02.38.20:481][  0]LogMemory: Process Physical Memory: 49.51 MB used, 49.51 MB peak
[2015.07.10-02.38.20:482][  0]LogMemory: Process Virtual Memory: 22.21 MB used, 22.21 MB peak
[2015.07.10-02.38.20:482][  0]LogMemory: Physical Memory: 2829.25 MB used, 8097.05 MB total
[2015.07.10-02.38.20:482][  0]LogMemory: Virtual Memory: 290.63 MB used, 134217728.00 MB total
[2015.07.10-02.38.20:642][  0]LogTextLocalizationManager: The requested culture ('en_AU') has no localization data; parent culture's ('en') localization data will be used.
[2015.07.10-02.38.22:287][  0]LogTextLocalizationManager:Warning: Loaded localization resources contain conflicting entries for (Namespace:ContentBrowser, Key:ImportAssetToolTip):
Localization Resource: (C:/Program Files/Epic Games/4.8/Engine/Content/Localization/Editor/en/Editor.locres) Source String Hash: (-630476809) Localized String: (Import to {0}...)
Localization Resource: (C:/Program Files/Epic Games/4.8/Engine/Content/Localization/Editor/en/Editor.locres) Source String Hash: (1271782899) Localized String: (Imports an asset from file to this folder.)
[2015.07.10-02.38.24:589][  0]LogD3D11RHI: Found D3D11 adapter 0: Intel(R) HD Graphics Family (Feature Level 11_0)
[2015.07.10-02.38.24:589][  0]LogD3D11RHI: Adapter has 0MB of dedicated video memory, 0MB of dedicated system memory, and 1792MB of shared system memory, 1 output[s]
[2015.07.10-02.38.24:592][  0]LogD3D11RHI: Found D3D11 adapter 1: Microsoft Basic Render Driver (Feature Level 11_0)
[2015.07.10-02.38.24:592][  0]LogD3D11RHI: Adapter has 0MB of dedicated video memory, 0MB of dedicated system memory, and 256MB of shared system memory, 0 output[s]
[2015.07.10-02.38.24:592][  0]LogD3D11RHI: Chosen D3D11 Adapter Id = 0
[2015.07.10-02.38.24:603][  0]LogRHI: Texture pool is 627 MB (70% of 896 MB)
[2015.07.10-02.38.24:619][  0]LogD3D11RHI: Async texture creation enabled
[2015.07.10-02.38.24:629][  0]LogShaderCompilers:Display: Using Local Shader Compiler.
[2015.07.10-02.38.26:911][  0]LogTemp:Display: Loaded TP DesktopTargetPlatform
[2015.07.10-02.38.26:933][  0]LogTemp:Display: Loaded TP WindowsClientTargetPlatform
[2015.07.10-02.38.26:954][  0]LogTemp:Display: Loaded TP WindowsNoEditorTargetPlatform
[2015.07.10-02.38.26:974][  0]LogTemp:Display: Loaded TP WindowsServerTargetPlatform
[2015.07.10-02.38.27:112][  0]LogTemp:Display: Loaded TP WindowsTargetPlatform
[2015.07.10-02.38.27:143][  0]LogTemp:Display: Loaded TP AndroidTargetPlatform
[2015.07.10-02.38.27:172][  0]LogTemp:Display: Loaded TP Android_ASTCTargetPlatform
[2015.07.10-02.38.27:200][  0]LogTemp:Display: Loaded TP Android_ATCTargetPlatform
[2015.07.10-02.38.27:224][  0]LogTemp:Display: Loaded TP Android_DXTTargetPlatform
[2015.07.10-02.38.27:243][  0]LogTemp:Display: Loaded TP Android_ETC1TargetPlatform
[2015.07.10-02.38.27:265][  0]LogTemp:Display: Loaded TP Android_ETC2TargetPlatform
[2015.07.10-02.38.27:283][  0]LogTemp:Display: Loaded TP Android_PVRTCTargetPlatform
[2015.07.10-02.38.27:300][  0]LogTemp:Display: Loaded TP HTML5TargetPlatform
[2015.07.10-02.38.27:350][  0]LogTemp:Display: Loaded TP IOSTargetPlatform
[2015.07.10-02.38.27:372][  0]LogTemp:Display: Loaded TP LinuxNoEditorTargetPlatform
[2015.07.10-02.38.27:388][  0]LogTemp:Display: Loaded TP LinuxServerTargetPlatform
[2015.07.10-02.38.27:408][  0]LogTemp:Display: Loaded TP LinuxTargetPlatform
[2015.07.10-02.38.27:408][  0]LogTargetPlatformManager:Display: Building Assets For Windows
[2015.07.10-02.38.27:849][  0]LogDerivedDataCache:Display: Max Cache Size: 512 MB
[2015.07.10-02.38.28:041][  0]LogDerivedDataCache: Loaded boot cache 0.19s 53MB C:/Users/076271/AppData/Local/UnrealEngine/4.8/DerivedDataCache/Boot.ddc.
[2015.07.10-02.38.28:041][  0]LogDerivedDataCache:Display: Loaded Boot cache: C:/Users/076271/AppData/Local/UnrealEngine/4.8/DerivedDataCache/Boot.ddc
[2015.07.10-02.38.28:042][  0]LogDerivedDataCache: FDerivedDataBackendGraph:  Pak pak cache file ../../../../../../Users/076271/Desktop/Apps+Games/Games/The Adventures Of Pixel Man/Jump 4.8/DerivedDataCache/DDC.ddp not found, will not use a pak cache.
[2015.07.10-02.38.28:042][  0]LogDerivedDataCache: Unable to find inner node Pak for hierarchical cache Hierarchy.
[2015.07.10-02.38.28:042][  0]LogDerivedDataCache: FDerivedDataBackendGraph:  CompressedPak pak cache file ../../../../../../Users/076271/Desktop/Apps+Games/Games/The Adventures Of Pixel Man/Jump 4.8/DerivedDataCache/Compressed.ddp not found, will not use a pak cache.
[2015.07.10-02.38.28:042][  0]LogDerivedDataCache: Unable to find inner node CompressedPak for hierarchical cache Hierarchy.
[2015.07.10-02.38.28:362][  0]LogDerivedDataCache:Display: Pak cache opened for reading ../../../Engine/DerivedDataCache/Compressed.ddp.
[2015.07.10-02.38.28:376][  0]LogDerivedDataCache: Using Local data cache path C:/Users/076271/AppData/Local/UnrealEngine/Common/DerivedDataCache: Writable
[2015.07.10-02.38.28:733][  0]LogInit: Selected Device Profile: [Windows]
[2015.07.10-02.38.28:985][  0]ImportText (ComponentSweepMultiTests): Missing closing parenthesis: (RootShapeAsset="/Engine/BasicShapes/Cube.Cube",ShapeType="TriggerCapsule",HitResult=(Time=0.50,Location=(X=-100.000015,Y=0.0,Z=100.000015),ImpactPoint=(X=-50.0,Y=0.0,Z=50.0),Normal=(X=-1.0,Y=-0.0,Z=0.0),ImpactNormal=(X=0.0,Y=0.0,Z=1.0),TraceStart=(X=-200.0,Y=0.0,Z=200.0),TraceEnd=(X=0.0,Y=0.0,Z=0.0))
[2015.07.10-02.38.28:986][  0]ImportText (LineTraceSingleByChannelTests): Missing closing parenthesis: (RootShapeAsset="/Engine/BasicShapes/Cube.Cube",HitResult=(Time=0.50,Location=(X=-100.000015,Y=0.0,Z=100.000015),ImpactPoint=(X=-50.0,Y=0.0,Z=50.0),Normal=(X=-1.0,Y=-0.0,Z=0.0),ImpactNormal=(X=0.0,Y=0.0,Z=1.0),TraceStart=(X=-200.0,Y=0.0,Z=200.0),TraceEnd=(X=0.0,Y=0.0,Z=0.0))
[2015.07.10-02.38.29:020][  0]LogMeshUtilities: No automatic mesh reduction module available
[2015.07.10-02.38.29:020][  0]LogMeshUtilities: No automatic mesh merging module available
[2015.07.10-02.38.29:860][  0]LogInit: WinSock: version 1.1 (2.2), MaxSocks=32767, MaxUdp=65467
[2015.07.10-02.38.30:483][  0]LogWindowsMoviePlayer: Unable to load movie: ../../../../../../Users/076271/Desktop/Apps+Games/Games/The Adventures Of Pixel Man/Jump 4.8/Content/Movies/Default_Startup.mp4
[2015.07.10-02.38.30:816][  0]SourceControl: Info Source control is disabled
[2015.07.10-02.38.30:816][  0]SourceControl: Info Source control is disabled
[2015.07.10-02.38.30:827][  0]SourceControl: Info Source control is disabled
[2015.07.10-02.38.31:257][  0]LogObj: 25794 objects as part of root set at end of initial load.
[2015.07.10-02.38.31:257][  0]LogUObjectAllocator: 5198688 out of 0 bytes used by permanent object pool.
[2015.07.10-02.38.31:441][  0]LogAutomationTest:Warning: ERR: Transient text cannot be serialized "Testing Transient serialization detection".
[2015.07.10-02.38.31:442][  0]LogEngine: Initializing Engine...
[2015.07.10-02.38.31:446][  0]LogHMD: Can't find Oculus library dev build: is proper Runtime installed? Version: 0.6.0.0
[2015.07.10-02.38.31:449][  0]LogHMD:Warning: SteamVR failed to initialize.  Error: 100
[2015.07.10-02.38.31:596][  0]LogInit: XAudio2 using 'Speakers / Headphones (Realtek High Definition Audio)' : 2 channels at 48 kHz using 16 bits per sample (channel mask 0x3)
[2015.07.10-02.38.31:609][  0]LogInit: FAudioDevice initialized.
[2015.07.10-02.38.31:617][  0]LogInit: Texture streaming: Disabled
[2015.07.10-02.38.31:914][  0]LogNet: Browse: /Temp/Autosaves/Game/2DSideScrollerBP/Maps/UEDPCLevel0_Entry?Name=Player
[2015.07.10-02.38.31:914][  0]LogLoad: LoadMap: /Temp/Autosaves/Game/2DSideScrollerBP/Maps/UEDPCLevel0_Entry?Name=Player
[2015.07.10-02.38.31:984][  0]LogParticles: Destroying 0 GPU particle simulations for FXSystem 0x0000005FA15EC220
[2015.07.10-02.38.32:068][  0]LogMemory: Platform Memory Stats for Windows
[2015.07.10-02.38.32:068][  0]LogMemory: Process Physical Memory: 366.36 MB used, 366.37 MB peak
[2015.07.10-02.38.32:068][  0]LogMemory: Process Virtual Memory: 313.99 MB used, 317.15 MB peak
[2015.07.10-02.38.32:068][  0]LogMemory: Physical Memory: 3139.82 MB used, 8097.05 MB total
[2015.07.10-02.38.32:068][  0]LogMemory: Virtual Memory: 812.95 MB used, 134217728.00 MB total
[2015.07.10-02.38.32:068][  0]LogMemory: 
[2015.07.10-02.38.32:068][  0]Allocator Stats for TBB: (not implemented)
[2015.07.10-02.38.35:145][  0]LogAIModule: Creating AISystem for world Level0_Entry
[2015.07.10-02.38.35:660][  0]LogWorld: Game class is 'BPG_JumpGameMode_C'
[2015.07.10-02.38.35:684][  0]LogPrimitiveComponent: Zero scaling not supported (/Temp/Autosaves/Game/2DSideScrollerBP/Maps/UEDPCLevel0_Entry.Level0_Entry:PersistentLevel.BluePixelSky_Sprite_2.RenderComponent)
[2015.07.10-02.38.35:711][  0]LogWorld: Bringing World /Temp/Autosaves/Game/2DSideScrollerBP/Maps/UEDPCLevel0_Entry.Level0_Entry up for play (max tick rate 0) at 2015.07.10-12.38.35
[2015.07.10-02.38.35:717][  0]LogWorld: Bringing up level for play took: 0.041591
[2015.07.10-02.38.35:750][  0]LogInit:Display: Game Engine Initialized.
[2015.07.10-02.38.36:018][  0]LogAssetRegistry: FAssetRegistry took 0.0005 seconds to start up
[2015.07.10-02.38.36:019][  0]LogLoad: Full Startup: 25.79 seconds (BP compile: 1.52 seconds)
[2015.07.10-02.38.36:052][  0]LogWindowsTextInputMethodSystem:Display: IME system now deactivated.
[2015.07.10-02.38.36:058][  0]LogWindowsTextInputMethodSystem:Display: IME system now deactivated.
[2015.07.10-02.38.36:096][  0]LogContentStreaming: Texture pool size is 200.000000MB
[2015.07.10-02.38.36:513][  2]LogRenderer: Reallocating scene render targets to support 640x360 (Frame:2).
[2015.07.10-02.38.37:353][ 31]LogRenderer: Reallocating scene render targets to support 688x360 (Frame:34).
[2015.07.10-02.38.38:403][ 80]LogPackageName: SearchForPackageOnDisk took   0.114s to resolve LevelTest_JumpTestMap.umap
[2015.07.10-02.38.38:488][ 81]LogPackageName: SearchForPackageOnDisk took   0.082s to resolve LevelTest_JumpTestMap.umap
[2015.07.10-02.38.38:488][ 81]LogNet: Browse: /Game/2DSideScrollerBP/Maps/LevelTest_JumpTestMap
[2015.07.10-02.38.38:488][ 81]LogLoad: LoadMap: /Game/2DSideScrollerBP/Maps/LevelTest_JumpTestMap
[2015.07.10-02.38.38:666][ 81]LogParticles: Destroying 0 GPU particle simulations for FXSystem 0x0000005FA4707740
[2015.07.10-02.38.38:901][ 81]LogMemory: Platform Memory Stats for Windows
[2015.07.10-02.38.38:901][ 81]LogMemory: Process Physical Memory: 401.71 MB used, 447.04 MB peak
[2015.07.10-02.38.38:901][ 81]LogMemory: Process Virtual Memory: 340.80 MB used, 376.83 MB peak
[2015.07.10-02.38.38:901][ 81]LogMemory: Physical Memory: 3233.59 MB used, 8097.05 MB total
[2015.07.10-02.38.38:901][ 81]LogMemory: Virtual Memory: 883.48 MB used, 134217728.00 MB total
[2015.07.10-02.38.38:901][ 81]LogMemory: 
[2015.07.10-02.38.38:901][ 81]Allocator Stats for TBB: (not implemented)
[2015.07.10-02.38.42:115][ 81]LogAIModule: Creating AISystem for world LevelTest_JumpTestMap
[2015.07.10-02.38.42:115][ 81]LogWorld: Game class is 'BPG_JumpGameMode_C'
[2015.07.10-02.38.42:142][ 81]LogWorld: Bringing World /Game/2DSideScrollerBP/Maps/LevelTest_JumpTestMap.LevelTest_JumpTestMap up for play (max tick rate 0) at 2015.07.10-12.38.42
[2015.07.10-02.38.42:143][ 81]LogWorld: Bringing up level for play took: 0.025335
[2015.07.10-02.39.24:471][424]LogPackageName: SearchForPackageOnDisk took   0.187s to resolve Level0_Entry.umap
[2015.07.10-02.39.24:642][425]LogPackageName: SearchForPackageOnDisk took   0.170s to resolve Level0_Entry.umap
[2015.07.10-02.39.24:642][425]LogNet: Browse: /Game/2DSideScrollerBP/Maps/Level0_Entry
[2015.07.10-02.39.24:642][425]LogLoad: LoadMap: /Game/2DSideScrollerBP/Maps/Level0_Entry
[2015.07.10-02.39.25:027][425]LogParticles: Destroying 0 GPU particle simulations for FXSystem 0x0000005FA1FA0A40
[2015.07.10-02.39.25:052][425]LogMemory: Platform Memory Stats for Windows
[2015.07.10-02.39.25:052][425]LogMemory: Process Physical Memory: 360.04 MB used, 447.04 MB peak
[2015.07.10-02.39.25:052][425]LogMemory: Process Virtual Memory: 343.31 MB used, 376.83 MB peak
[2015.07.10-02.39.25:053][425]LogMemory: Physical Memory: 3189.41 MB used, 8097.05 MB total
[2015.07.10-02.39.25:053][425]LogMemory: Virtual Memory: 888.46 MB used, 134217728.00 MB total
[2015.07.10-02.39.25:053][425]LogMemory: 
[2015.07.10-02.39.25:053][425]Allocator Stats for TBB: (not implemented)
[2015.07.10-02.39.27:638][425]LogAIModule: Creating AISystem for world Level0_Entry
[2015.07.10-02.39.28:216][425]LogWorld: Game class is 'BPG_JumpGameMode_C'
[2015.07.10-02.39.28:219][425]LogPrimitiveComponent: Zero scaling not supported (/Game/2DSideScrollerBP/Maps/Level0_Entry.Level0_Entry:PersistentLevel.BluePixelSky_Sprite_2.RenderComponent)
[2015.07.10-02.39.28:220][425]LogWorld: Bringing World /Game/2DSideScrollerBP/Maps/Level0_Entry.Level0_Entry up for play (max tick rate 0) at 2015.07.10-12.39.28
[2015.07.10-02.39.28:221][425]LogWorld: Bringing up level for play took: 0.002310
[2015.07.10-02.39.29:639][485]LogPackageName: SearchForPackageOnDisk took   0.134s to resolve LevelTest_JumpTestMap.umap
[2015.07.10-02.39.29:847][486]LogPackageName: SearchForPackageOnDisk took   0.206s to resolve LevelTest_JumpTestMap.umap
[2015.07.10-02.39.29:847][486]LogNet: Browse: /Game/2DSideScrollerBP/Maps/LevelTest_JumpTestMap
[2015.07.10-02.39.29:847][486]LogLoad: LoadMap: /Game/2DSideScrollerBP/Maps/LevelTest_JumpTestMap
[2015.07.10-02.39.30:249][486]LogParticles: Destroying 0 GPU particle simulations for FXSystem 0x0000005FA1B97100
[2015.07.10-02.39.30:274][486]LogMemory: Platform Memory Stats for Windows
[2015.07.10-02.39.30:274][486]LogMemory: Process Physical Memory: 362.03 MB used, 447.04 MB peak
[2015.07.10-02.39.30:274][486]LogMemory: Process Virtual Memory: 343.48 MB used, 405.89 MB peak
[2015.07.10-02.39.30:274][486]LogMemory: Physical Memory: 3195.84 MB used, 8097.05 MB total
[2015.07.10-02.39.30:274][486]LogMemory: Virtual Memory: 888.46 MB used, 134217728.00 MB total
[2015.07.10-02.39.30:274][486]LogMemory: 
[2015.07.10-02.39.30:274][486]Allocator Stats for TBB: (not implemented)
[2015.07.10-02.39.33:460][486]LogAIModule: Creating AISystem for world LevelTest_JumpTestMap
[2015.07.10-02.39.33:460][486]LogWorld: Game class is 'BPG_JumpGameMode_C'
[2015.07.10-02.39.33:473][486]LogWorld: Bringing World /Game/2DSideScrollerBP/Maps/LevelTest_JumpTestMap.LevelTest_JumpTestMap up for play (max tick rate 0) at 2015.07.10-12.39.33
[2015.07.10-02.39.33:474][486]LogWorld: Bringing up level for play took: 0.012298
[2015.07.10-02.39.58:544][852]LogWindowsTextInputMethodSystem:Display: IME system now deactivated.
[2015.07.10-02.39.58:544][852]LogWindowsTextInputMethodSystem:Display: IME system now deactivated.
[2015.07.10-02.39.58:549][852]LogEngine: All Windows Closed
[2015.07.10-02.39.58:549][852]LogWindows: FPlatformMisc::RequestExit(0)
[2015.07.10-02.39.59:597][853]LogExit: Preparing to exit.
[2015.07.10-02.39.59:855][853]LogExit: Game engine shut down
[2015.07.10-02.40.00:762][853]LogParticles: Destroying 0 GPU particle simulations for FXSystem 0x0000005FA13F4860
[2015.07.10-02.40.00:763][853]LogExit: Object subsystem successfully closed.
[2015.07.10-02.40.01:150][853]LogModuleManager: Shutting down and abandoning module AndroidDeviceDetection (109)
[2015.07.10-02.40.01:341][853]LogModuleManager: Shutting down and abandoning module AssetRegistry (108)
[2015.07.10-02.40.01:341][853]LogModuleManager: Shutting down and abandoning module AutomationWorker (107)
[2015.07.10-02.40.01:342][853]LogModuleManager: Shutting down and abandoning module CharacterAI (106)
[2015.07.10-02.40.01:342][853]LogModuleManager: Shutting down and abandoning module AITestSuite (105)
[2015.07.10-02.40.01:342][853]LogModuleManager: Shutting down and abandoning module GameplayDebugger (104)
[2015.07.10-02.40.01:342][853]LogModuleManager: Shutting down and abandoning module AIModule (103)
[2015.07.10-02.40.01:342][853]LogModuleManager: Shutting down and abandoning module GameLiveStreaming (102)
[2015.07.10-02.40.01:343][853]LogModuleManager: Shutting down and abandoning module StreamingPauseRendering (101)
[2015.07.10-02.40.01:343][853]LogModuleManager: Shutting down and abandoning module ProfilerService (100)
[2015.07.10-02.40.01:524][853]LogModuleManager: Shutting down and abandoning module TaskGraph (99)
[2015.07.10-02.40.01:531][853]LogModuleManager: Shutting down and abandoning module SlateRemote (98)
[2015.07.10-02.40.01:531][853]LogModuleManager: Shutting down and abandoning module WebBrowserWidget (97)
[2015.07.10-02.40.01:531][853]LogModuleManager: Shutting down and abandoning module SteamVRController (96)
[2015.07.10-02.40.01:531][853]LogModuleManager: Shutting down and abandoning module SteamVR (95)
[2015.07.10-02.40.01:532][853]LogModuleManager: Shutting down and abandoning module ProceduralMeshComponent (94)
[2015.07.10-02.40.01:532][853]LogModuleManager: Shutting down and abandoning module OculusRift (93)
[2015.07.10-02.40.01:532][853]LogModuleManager: Shutting down and abandoning module LeapMotionController (92)
[2015.07.10-02.40.01:629][853]LogModuleManager: Shutting down and abandoning module CustomMeshComponent (91)
[2015.07.10-02.40.01:629][853]LogModuleManager: Shutting down and abandoning module CableComponent (90)
[2015.07.10-02.40.01:629][853]LogModuleManager: Shutting down and abandoning module DesktopPlatform (89)
[2015.07.10-02.40.01:629][853]LogModuleManager: Shutting down and abandoning module DirectoryWatcher (88)
[2015.07.10-02.40.01:629][853]LogModuleManager: Shutting down and abandoning module HotReload (87)
[2015.07.10-02.40.01:629][853]LogModuleManager: Shutting down and abandoning module VisualStudioSourceCodeAccess (86)
[2015.07.10-02.40.01:629][853]LogModuleManager: Shutting down and abandoning module UObjectPlugin (85)
[2015.07.10-02.40.01:629][853]LogModuleManager: Shutting down and abandoning module SubversionSourceControl (84)
[2015.07.10-02.40.01:630][853]LogModuleManager: Shutting down and abandoning module SourceControl (83)
[2015.07.10-02.40.01:630][853]LogModuleManager: Shutting down and abandoning module PerforceSourceControl (82)
[2015.07.10-02.40.01:631][853]LogModuleManager: Shutting down and abandoning module BlankPlugin (81)
[2015.07.10-02.40.01:631][853]LogModuleManager: Shutting down and abandoning module UdpMessaging (80)
[2015.07.10-02.40.01:631][853]LogModuleManager: Shutting down and abandoning module Paper2D (79)
[2015.07.10-02.40.01:631][853]LogModuleManager: Shutting down and abandoning module WindowsMoviePlayer (78)
[2015.07.10-02.40.01:642][853]LogModuleManager: Shutting down and abandoning module Media (77)
[2015.07.10-02.40.01:642][853]LogModuleManager: Shutting down and abandoning module WmfMedia (76)
[2015.07.10-02.40.01:642][853]LogModuleManager: Shutting down and abandoning module OnlineBlueprintSupport (75)
[2015.07.10-02.40.01:642][853]LogModuleManager: Shutting down and abandoning module PropertyEditor (74)
[2015.07.10-02.40.01:644][853]LogModuleManager: Shutting down and abandoning module BehaviorTreeEditor (73)
[2015.07.10-02.40.01:645][853]LogModuleManager: Shutting down and abandoning module FunctionalTesting (72)
[2015.07.10-02.40.01:645][853]LogModuleManager: Shutting down and abandoning module CollisionAnalyzer (71)
[2015.07.10-02.40.01:645][853]LogModuleManager: Shutting down and abandoning module WorkspaceMenuStructure (70)
[2015.07.10-02.40.01:645][853]LogModuleManager: Shutting down and abandoning module MessageLog (69)
[2015.07.10-02.40.01:645][853]LogModuleManager: Shutting down and abandoning module Sequencer (68)
[2015.07.10-02.40.01:646][853]LogModuleManager: Shutting down and abandoning module AssetTools (67)
[2015.07.10-02.40.01:648][853]LogModuleManager: Shutting down and abandoning module UMGEditor (66)
[2015.07.10-02.40.01:648][853]LogModuleManager: Shutting down and abandoning module UMG (65)
[2015.07.10-02.40.01:648][853]LogModuleManager: Shutting down and abandoning module Slate (64)
[2015.07.10-02.40.01:648][853]LogModuleManager: Shutting down and abandoning module EditorStyle (63)
[2015.07.10-02.40.01:657][853]LogModuleManager: Shutting down and abandoning module SessionServices (62)
[2015.07.10-02.40.01:657][853]LogModuleManager: Shutting down and abandoning module SourceCodeAccess (61)
[2015.07.10-02.40.01:657][853]LogModuleManager: Shutting down and abandoning module HeadMountedDisplay (60)
[2015.07.10-02.40.01:657][853]LogModuleManager: Shutting down and abandoning module XAudio2 (59)
[2015.07.10-02.40.01:657][853]LogModuleManager: Shutting down and abandoning module Networking (57)
[2015.07.10-02.40.01:657][853]LogModuleManager: Shutting down and abandoning module Core (56)
[2015.07.10-02.40.01:658][853]LogModuleManager: Shutting down and abandoning module KismetCompiler (55)
[2015.07.10-02.40.01:658][853]LogModuleManager: Shutting down and abandoning module PhysXFormats (54)
[2015.07.10-02.40.01:658][853]LogModuleManager: Shutting down and abandoning module MeshUtilities (53)
[2015.07.10-02.40.01:658][853]LogModuleManager: Shutting down and abandoning module DerivedDataCache (52)
[2015.07.10-02.40.02:063][853]LogDerivedDataCache: Shutdown
[2015.07.10-02.40.02:065][853]LogModuleManager: Shutting down and abandoning module ShaderFormatOpenGL (51)
[2015.07.10-02.40.02:075][853]LogModuleManager: Shutting down and abandoning module ShaderFormatD3D (50)
[2015.07.10-02.40.02:075][853]LogModuleManager: Shutting down and abandoning module MetalShaderFormat (49)
[2015.07.10-02.40.02:093][853]LogModuleManager: Shutting down and abandoning module TextureFormatUncompressed (48)
[2015.07.10-02.40.02:093][853]LogModuleManager: Shutting down and abandoning module TextureFormatPVR (47)
[2015.07.10-02.40.02:099][853]LogModuleManager: Shutting down and abandoning module TextureFormatIntelISPCTexComp (46)
[2015.07.10-02.40.02:099][853]LogModuleManager: Shutting down and abandoning module TextureFormatDXT (45)
[2015.07.10-02.40.02:099][853]LogModuleManager: Shutting down and abandoning module ImageWrapper (44)
[2015.07.10-02.40.02:099][853]LogModuleManager: Shutting down and abandoning module TextureFormatASTC (43)
[2015.07.10-02.40.02:099][853]LogModuleManager: Shutting down and abandoning module TextureFormatAndroid (42)
[2015.07.10-02.40.02:099][853]LogModuleManager: Shutting down and abandoning module AudioFormatOpus (41)
[2015.07.10-02.40.02:099][853]LogModuleManager: Shutting down and abandoning module AudioFormatOgg (40)
[2015.07.10-02.40.02:105][853]LogModuleManager: Shutting down and abandoning module AudioFormatADPCM (39)
[2015.07.10-02.40.02:105][853]LogModuleManager: Shutting down and abandoning module LinuxTargetPlatform (38)
[2015.07.10-02.40.02:106][853]LogModuleManager: Shutting down and abandoning module LinuxServerTargetPlatform (37)
[2015.07.10-02.40.02:106][853]LogModuleManager: Shutting down and abandoning module LinuxNoEditorTargetPlatform (36)
[2015.07.10-02.40.02:106][853]LogModuleManager: Shutting down and abandoning module Messaging (35)
[2015.07.10-02.40.02:106][853]LogModuleManager: Shutting down and abandoning module IOSTargetPlatform (34)
[2015.07.10-02.40.02:106][853]LogModuleManager: Shutting down and abandoning module HTML5TargetPlatform (33)
[2015.07.10-02.40.02:106][853]LogModuleManager: Shutting down and abandoning module Android_PVRTCTargetPlatform (32)
[2015.07.10-02.40.02:107][853]LogModuleManager: Shutting down and abandoning module Android_ETC2TargetPlatform (31)
[2015.07.10-02.40.02:107][853]LogModuleManager: Shutting down and abandoning module Android_ETC1TargetPlatform (30)
[2015.07.10-02.40.02:107][853]LogModuleManager: Shutting down and abandoning module Android_DXTTargetPlatform (29)
[2015.07.10-02.40.02:107][853]LogModuleManager: Shutting down and abandoning module Android_ATCTargetPlatform (28)
[2015.07.10-02.40.02:107][853]LogModuleManager: Shutting down and abandoning module Android_ASTCTargetPlatform (27)
[2015.07.10-02.40.02:107][853]LogModuleManager: Shutting down and abandoning module AndroidTargetPlatform (26)
[2015.07.10-02.40.02:107][853]LogModuleManager: Shutting down and abandoning module WindowsTargetPlatform (25)
[2015.07.10-02.40.02:108][853]LogModuleManager: Shutting down and abandoning module WindowsServerTargetPlatform (24)
[2015.07.10-02.40.02:108][853]LogModuleManager: Shutting down and abandoning module WindowsNoEditorTargetPlatform (23)
[2015.07.10-02.40.02:108][853]LogModuleManager: Shutting down and abandoning module WindowsClientTargetPlatform (22)
[2015.07.10-02.40.02:109][853]LogModuleManager: Shutting down and abandoning module DesktopTargetPlatform (21)
[2015.07.10-02.40.02:109][853]LogModuleManager: Shutting down and abandoning module TargetPlatform (20)
[2015.07.10-02.40.02:109][853]LogModuleManager: Shutting down and abandoning module InputCore (19)
[2015.07.10-02.40.02:109][853]LogModuleManager: Shutting down and abandoning module Settings (18)
[2015.07.10-02.40.02:111][853]LogModuleManager: Shutting down and abandoning module OnlineSubsystem (16)
[2015.07.10-02.40.02:111][853]LogModuleManager: Shutting down and abandoning module HTTP (15)
[2015.07.10-02.40.02:115][853]LogModuleManager: Shutting down and abandoning module ExampleDeviceProfileSelector (14)
[2015.07.10-02.40.02:115][853]LogModuleManager: Shutting down and abandoning module TextureCompressor (13)
[2015.07.10-02.40.02:116][853]LogModuleManager: Shutting down and abandoning module ShaderCore (12)
[2015.07.10-02.40.02:116][853]LogModuleManager: Shutting down and abandoning module Landscape (11)
[2015.07.10-02.40.02:116][853]LogModuleManager: Shutting down and abandoning module SlateRHIRenderer (10)
[2015.07.10-02.40.02:121][853]LogModuleManager: Shutting down and abandoning module OpenGLDrv (9)
[2015.07.10-02.40.02:122][853]LogModuleManager: Shutting down and abandoning module D3D11RHI (8)
[2015.07.10-02.40.02:123][853]LogModuleManager: Shutting down and abandoning module Renderer (7)
[2015.07.10-02.40.02:123][853]LogModuleManager: Shutting down and abandoning module Engine (6)
[2015.07.10-02.40.02:123][853]LogModuleManager: Shutting down and abandoning module CoreUObject (5)
[2015.07.10-02.40.02:123][853]LogModuleManager: Shutting down and abandoning module NetworkFile (4)
[2015.07.10-02.40.02:123][853]LogModuleManager: Shutting down and abandoning module StreamingFile (3)
[2015.07.10-02.40.02:124][853]LogModuleManager: Shutting down and abandoning module SandboxFile (2)
[2015.07.10-02.40.02:124][853]LogModuleManager: Shutting down and abandoning module PakFile (1)
[2015.07.10-02.40.02:126][853]LogExit: Exiting.
[2015.07.10-02.40.02:137][853]Log file closed, 07/10/15 12:40:02
