[2015.07.17-11.43.35:172][  0]Log file open, 07/17/15 21:43:35
[2015.07.17-11.43.35:172][  0]LogInit:Display: Running engine for game: Jump
[2015.07.17-11.43.35:172][  0]LogInit:Display: RandInit(233553718) SRandInit(233553718).
[2015.07.17-11.43.35:172][  0]LogTaskGraph: Started task graph with 4 named threads and 5 total threads.
[2015.07.17-11.43.35:172][  0]LogStats: Stats thread started
[2015.07.17-11.43.35:172][  0]LogInit: Version: 4.8.2-2614606+++depot+UE4-Releases+4.8
[2015.07.17-11.43.35:172][  0]LogInit: API Version: 2579680
[2015.07.17-11.43.35:172][  0]LogInit: Compiled (64-bit): Jul  8 2015 23:43:41
[2015.07.17-11.43.35:172][  0]LogInit: Compiled with Visual C++: 18.00.21005.01
[2015.07.17-11.43.35:172][  0]LogInit: Build Configuration: Development
[2015.07.17-11.43.35:172][  0]LogInit: Branch Name: ++depot+UE4-Releases+4.8
[2015.07.17-11.43.35:172][  0]LogInit: Command line:  
[2015.07.17-11.43.35:172][  0]LogInit: Base directory: C:/Program Files/Epic Games/4.8/Engine/Binaries/Win64/
[2015.07.17-11.43.35:172][  0]LogInit: Rocket: 1
[2015.07.17-11.43.35:185][  0]LogInit: Using libcurl 7.41.0
[2015.07.17-11.43.35:185][  0]LogInit:  - built for x86_64-pc-win32
[2015.07.17-11.43.35:185][  0]LogInit:  - supports SSL with WinSSL
[2015.07.17-11.43.35:185][  0]LogInit:  - other features:
[2015.07.17-11.43.35:185][  0]LogInit:      CURL_VERSION_SSL
[2015.07.17-11.43.35:185][  0]LogInit:      CURL_VERSION_IPV6
[2015.07.17-11.43.35:185][  0]LogInit:      CURL_VERSION_ASYNCHDNS
[2015.07.17-11.43.35:185][  0]LogInit:      CURL_VERSION_LARGEFILE
[2015.07.17-11.43.35:185][  0]LogInit:      CURL_VERSION_IDN
[2015.07.17-11.43.35:185][  0]LogInit:  CurlRequestOptions (configurable via config and command line):
[2015.07.17-11.43.35:185][  0]LogInit:  - bVerifyPeer = true  - Libcurl will verify peer certificate
[2015.07.17-11.43.35:185][  0]LogInit:  - bUseHttpProxy = false  - Libcurl will NOT use HTTP proxy
[2015.07.17-11.43.35:185][  0]LogInit:  - bDontReuseConnections = false  - Libcurl will reuse connections
[2015.07.17-11.43.35:185][  0]LogInit:  - CertBundlePath = nullptr  - Libcurl will use whatever was configured at build time.
[2015.07.17-11.43.35:197][  0]LogOnline:Warning: No default platform service specified for OnlineSubsystem
[2015.07.17-11.43.35:211][  0]LogInit: Presizing for 0 objects not considered by GC, pre-allocating 0 bytes.
[2015.07.17-11.43.35:220][  0]LogInit: Object subsystem initialized
[2015.07.17-11.43.35:222][  0]LogConsoleResponse:Warning: Skipping Unknown console variable: 'TranslucentSortAxis = (X=0.000000,Y=-1.000000,Z=0.000000)'
[2015.07.17-11.43.35:222][  0]LogConsoleResponse:Warning:   Found in ini file 'C:/Users/076271/Desktop/Apps+Games+PixelArt/Games/The Adventures Of Pixel Man/Jump 4.8/Saved/Config/Windows/Engine.ini', in section '[/Script/Engine.RendererSettings]'
[2015.07.17-11.43.35:222][  0]LogConsoleResponse:Warning: Skipping Unknown console variable: 'UIScaleRule = ShortestSide'
[2015.07.17-11.43.35:222][  0]LogConsoleResponse:Warning:   Found in ini file 'C:/Users/076271/Desktop/Apps+Games+PixelArt/Games/The Adventures Of Pixel Man/Jump 4.8/Saved/Config/Windows/Engine.ini', in section '[/Script/Engine.RendererSettings]'
[2015.07.17-11.43.35:222][  0]LogConsoleResponse:Warning: Skipping Unknown console variable: 'UIScaleCurve = (EditorCurveData=(Keys=),ExternalCurve=None)'
[2015.07.17-11.43.35:222][  0]LogConsoleResponse:Warning:   Found in ini file 'C:/Users/076271/Desktop/Apps+Games+PixelArt/Games/The Adventures Of Pixel Man/Jump 4.8/Saved/Config/Windows/Engine.ini', in section '[/Script/Engine.RendererSettings]'
[2015.07.17-11.43.35:222][  0]LogInit: Selected Device Profile: [Windows]
[2015.07.17-11.43.35:222][  0]LogInit: Applying CVar settings loaded from the selected device profile: [Windows]
[2015.07.17-11.43.35:234][  0]LogInit: Computer: TAB-1090
[2015.07.17-11.43.35:234][  0]LogInit: User: 076271
[2015.07.17-11.43.35:234][  0]LogInit: CPU Page size=4096, Cores=2
[2015.07.17-11.43.35:234][  0]LogInit: High frequency timer resolution =1.558891 MHz
[2015.07.17-11.43.35:234][  0]LogMemory: Memory total: Physical=7.9GB (8GB approx)
[2015.07.17-11.43.35:235][  0]LogMemory: Platform Memory Stats for Windows
[2015.07.17-11.43.35:235][  0]LogMemory: Process Physical Memory: 51.63 MB used, 51.63 MB peak
[2015.07.17-11.43.35:235][  0]LogMemory: Process Virtual Memory: 25.31 MB used, 26.10 MB peak
[2015.07.17-11.43.35:235][  0]LogMemory: Physical Memory: 2902.32 MB used, 8097.05 MB total
[2015.07.17-11.43.35:235][  0]LogMemory: Virtual Memory: 293.64 MB used, 134217728.00 MB total
[2015.07.17-11.43.35:268][  0]LogTextLocalizationManager: The requested culture ('en_AU') has no localization data; parent culture's ('en') localization data will be used.
[2015.07.17-11.43.35:543][  0]LogTextLocalizationManager:Warning: Loaded localization resources contain conflicting entries for (Namespace:ContentBrowser, Key:ImportAssetToolTip):
Localization Resource: (C:/Program Files/Epic Games/4.8/Engine/Content/Localization/Editor/en/Editor.locres) Source String Hash: (-630476809) Localized String: (Import to {0}...)
Localization Resource: (C:/Program Files/Epic Games/4.8/Engine/Content/Localization/Editor/en/Editor.locres) Source String Hash: (1271782899) Localized String: (Imports an asset from file to this folder.)
[2015.07.17-11.43.36:152][  0]LogD3D11RHI: Found D3D11 adapter 0: Intel(R) HD Graphics Family (Feature Level 11_0)
[2015.07.17-11.43.36:152][  0]LogD3D11RHI: Adapter has 0MB of dedicated video memory, 0MB of dedicated system memory, and 1792MB of shared system memory, 1 output[s]
[2015.07.17-11.43.36:153][  0]LogD3D11RHI: Found D3D11 adapter 1: Microsoft Basic Render Driver (Feature Level 11_0)
[2015.07.17-11.43.36:153][  0]LogD3D11RHI: Adapter has 0MB of dedicated video memory, 0MB of dedicated system memory, and 256MB of shared system memory, 0 output[s]
[2015.07.17-11.43.36:153][  0]LogD3D11RHI: Chosen D3D11 Adapter Id = 0
[2015.07.17-11.43.36:158][  0]LogD3D11RHI: InitD3DDevice
[2015.07.17-11.43.36:158][  0]LogD3D11RHI: !Direct3DDevice
[2015.07.17-11.43.36:158][  0]LogRHI: Texture pool is 627 MB (70% of 896 MB)
[2015.07.17-11.43.36:164][  0]LogD3D11RHI: Async texture creation enabled
[2015.07.17-11.43.36:171][  0]LogShaderCompilers:Display: Using Local Shader Compiler.
[2015.07.17-11.43.37:354][  0]LogTemp:Display: Loaded TP DesktopTargetPlatform
[2015.07.17-11.43.37:370][  0]LogTemp:Display: Loaded TP WindowsClientTargetPlatform
[2015.07.17-11.43.37:386][  0]LogTemp:Display: Loaded TP WindowsNoEditorTargetPlatform
[2015.07.17-11.43.37:400][  0]LogTemp:Display: Loaded TP WindowsServerTargetPlatform
[2015.07.17-11.43.37:418][  0]LogTemp:Display: Loaded TP WindowsTargetPlatform
[2015.07.17-11.43.37:431][  0]LogTemp:Display: Loaded TP AndroidTargetPlatform
[2015.07.17-11.43.37:443][  0]LogTemp:Display: Loaded TP Android_ASTCTargetPlatform
[2015.07.17-11.43.37:457][  0]LogTemp:Display: Loaded TP Android_ATCTargetPlatform
[2015.07.17-11.43.37:470][  0]LogTemp:Display: Loaded TP Android_DXTTargetPlatform
[2015.07.17-11.43.37:482][  0]LogTemp:Display: Loaded TP Android_ETC1TargetPlatform
[2015.07.17-11.43.37:495][  0]LogTemp:Display: Loaded TP Android_ETC2TargetPlatform
[2015.07.17-11.43.37:508][  0]LogTemp:Display: Loaded TP Android_PVRTCTargetPlatform
[2015.07.17-11.43.37:521][  0]LogTemp:Display: Loaded TP HTML5TargetPlatform
[2015.07.17-11.43.37:556][  0]LogTemp:Display: Loaded TP IOSTargetPlatform
[2015.07.17-11.43.37:568][  0]LogTemp:Display: Loaded TP LinuxNoEditorTargetPlatform
[2015.07.17-11.43.37:581][  0]LogTemp:Display: Loaded TP LinuxServerTargetPlatform
[2015.07.17-11.43.37:598][  0]LogTemp:Display: Loaded TP LinuxTargetPlatform
[2015.07.17-11.43.37:598][  0]LogTargetPlatformManager:Display: Building Assets For Windows
[2015.07.17-11.43.37:796][  0]LogDerivedDataCache:Display: Max Cache Size: 512 MB
[2015.07.17-11.43.37:862][  0]LogDerivedDataCache: Loaded boot cache 0.07s 53MB C:/Users/076271/AppData/Local/UnrealEngine/4.8/DerivedDataCache/Boot.ddc.
[2015.07.17-11.43.37:862][  0]LogDerivedDataCache:Display: Loaded Boot cache: C:/Users/076271/AppData/Local/UnrealEngine/4.8/DerivedDataCache/Boot.ddc
[2015.07.17-11.43.37:862][  0]LogDerivedDataCache: FDerivedDataBackendGraph:  Pak pak cache file ../../../../../../Users/076271/Desktop/Apps+Games+PixelArt/Games/The Adventures Of Pixel Man/Jump 4.8/DerivedDataCache/DDC.ddp not found, will not use a pak cache.
[2015.07.17-11.43.37:862][  0]LogDerivedDataCache: Unable to find inner node Pak for hierarchical cache Hierarchy.
[2015.07.17-11.43.37:862][  0]LogDerivedDataCache: FDerivedDataBackendGraph:  CompressedPak pak cache file ../../../../../../Users/076271/Desktop/Apps+Games+PixelArt/Games/The Adventures Of Pixel Man/Jump 4.8/DerivedDataCache/Compressed.ddp not found, will not use a pak cache.
[2015.07.17-11.43.37:862][  0]LogDerivedDataCache: Unable to find inner node CompressedPak for hierarchical cache Hierarchy.
[2015.07.17-11.43.38:079][  0]LogDerivedDataCache:Display: Pak cache opened for reading ../../../Engine/DerivedDataCache/Compressed.ddp.
[2015.07.17-11.43.38:091][  0]LogDerivedDataCache: Using Local data cache path C:/Users/076271/AppData/Local/UnrealEngine/Common/DerivedDataCache: Writable
[2015.07.17-11.43.38:367][  0]LogInit: Selected Device Profile: [Windows]
[2015.07.17-11.43.38:487][  0]ImportText (ComponentSweepMultiTests): Missing closing parenthesis: (RootShapeAsset="/Engine/BasicShapes/Cube.Cube",ShapeType="TriggerCapsule",HitResult=(Time=0.50,Location=(X=-100.000015,Y=0.0,Z=100.000015),ImpactPoint=(X=-50.0,Y=0.0,Z=50.0),Normal=(X=-1.0,Y=-0.0,Z=0.0),ImpactNormal=(X=0.0,Y=0.0,Z=1.0),TraceStart=(X=-200.0,Y=0.0,Z=200.0),TraceEnd=(X=0.0,Y=0.0,Z=0.0))
[2015.07.17-11.43.38:487][  0]ImportText (LineTraceSingleByChannelTests): Missing closing parenthesis: (RootShapeAsset="/Engine/BasicShapes/Cube.Cube",HitResult=(Time=0.50,Location=(X=-100.000015,Y=0.0,Z=100.000015),ImpactPoint=(X=-50.0,Y=0.0,Z=50.0),Normal=(X=-1.0,Y=-0.0,Z=0.0),ImpactNormal=(X=0.0,Y=0.0,Z=1.0),TraceStart=(X=-200.0,Y=0.0,Z=200.0),TraceEnd=(X=0.0,Y=0.0,Z=0.0))
[2015.07.17-11.43.38:518][  0]LogMeshUtilities: No automatic mesh reduction module available
[2015.07.17-11.43.38:518][  0]LogMeshUtilities: No automatic mesh merging module available
[2015.07.17-11.43.38:990][  0]LogInit: WinSock: version 1.1 (2.2), MaxSocks=32767, MaxUdp=65467
[2015.07.17-11.43.40:096][  0]UdpMessaging: Initializing bridge on interface 0.0.0.0:0 to multicast group 230.0.0.1:6666.
[2015.07.17-11.43.40:472][  0]SourceControl: Info Source control is disabled
[2015.07.17-11.43.40:485][  0]SourceControl: Info Source control is disabled
[2015.07.17-11.43.40:496][  0]SourceControl: Info Source control is disabled
[2015.07.17-11.43.40:505][  0]SourceControl: Info Source control is disabled
[2015.07.17-11.43.40:754][  0]LogObj: 26286 objects as part of root set at end of initial load.
[2015.07.17-11.43.40:754][  0]LogUObjectAllocator: 5411968 out of 0 bytes used by permanent object pool.
[2015.07.17-11.43.40:837][  0]LogEngine: Initializing Engine...
[2015.07.17-11.43.40:840][  0]LogHMD: Can't find Oculus library dev build: is proper Runtime installed? Version: 0.6.0.0
[2015.07.17-11.43.40:842][  0]LogHMD:Warning: SteamVR failed to initialize.  Error: 100
[2015.07.17-11.43.41:030][  0]LogAIModule: Creating AISystem for world NewWorld
[2015.07.17-11.43.41:034][  0]LogInit: XAudio2 using 'Speakers / Headphones (Realtek High Definition Audio)' : 2 channels at 48 kHz using 16 bits per sample (channel mask 0x3)
[2015.07.17-11.43.41:049][  0]LogInit: FAudioDevice initialized.
[2015.07.17-11.43.41:093][  0]LogDerivedDataCache: Saved boot cache 0.04s 53MB C:/Users/076271/AppData/Local/UnrealEngine/4.8/DerivedDataCache/Boot.ddc.
[2015.07.17-11.43.41:100][  0]LogInit: Texture streaming: Disabled
[2015.07.17-11.43.41:126][  0]LogAnalytics: Creating configured Analytics provider AnalyticsET
[2015.07.17-11.43.41:126][  0]LogAnalytics: [UEEditor.Rocket.Release] APIServer = http://et2.epicgames.com/ET2/. AppVersion = 4.8.2-2614606+++depot+UE4-Releases+4.8
[2015.07.17-11.43.41:126][  0]LogAnalytics: [UEEditor.Rocket.Release] SetUserId 76c04c81496839754ea32aa1f64fd1dc|0cceb55ada7a48d4a2aa42507710ea50|1bc6e7bf-6992-4f6c-b1ed-24e2f407b47a
[2015.07.17-11.43.41:126][  0]LogAnalytics: [UEEditor.Rocket.Release] AnalyticsET::StartSession
[2015.07.17-11.43.41:164][  0]LogInit: Transaction tracking system initialized
[2015.07.17-11.43.41:324][  0]BlueprintLog: New page: Editor Load
[2015.07.17-11.43.41:364][  0]LogAssetRegistry: FAssetRegistry took 0.0107 seconds to start up
[2015.07.17-11.43.41:364][  0]LogDirectoryWatcher:Warning: Failed to begin reading directory changes for ../../../Engine/Plugins/Experimental/CharacterAI/Content/. Error: 0
[2015.07.17-11.43.42:913][  0]LogConsoleManager:Warning: Console variable 'r.VSync' wasn't set ('GameSetting' has a lower priority than 'SystemSettingsIni')
[2015.07.17-11.43.42:914][  0]LogConsoleResponse:Display: 
[2015.07.17-11.43.43:234][  0]LogCook:Display: Done creating registry. It took  0.00s.
[2015.07.17-11.43.43:690][  0]SourceControl: Info Source control is disabled
[2015.07.17-11.43.43:692][  0]LightingResults: New page: Lighting Build
[2015.07.17-11.43.43:717][  0]MapCheck: New page: Map Check
[2015.07.17-11.43.43:717][  0]LightingResults: New page: Lighting Build
[2015.07.17-11.43.43:763][  0]LogParticles: Destroying 0 GPU particle simulations for FXSystem 0x00000018495068E0
[2015.07.17-11.43.47:557][  0]LogAIModule: Creating AISystem for world Level0_Entry
[2015.07.17-11.43.47:562][  0]LogPrimitiveComponent: Zero scaling not supported (/Game/2DSideScrollerBP/Maps/Level0_Entry.Level0_Entry:PersistentLevel.BluePixelSky_Sprite_2.RenderComponent)
[2015.07.17-11.43.47:565][  0]LogEditorServer: Finished looking for orphan Actors (0.000 secs)
[2015.07.17-11.43.47:567][  0]Cmd: MAP CHECKDEP NOCLEARLOG
[2015.07.17-11.43.47:672][  0]MapCheck: Info Map check complete: 0 Error(s), 0 Warning(s), took 105.145ms to complete.
[2015.07.17-11.43.47:672][  0]LogFileHelpers: Loading map 'Level0_Entry' took 3.982
[2015.07.17-11.43.47:887][  0]LogCollectionManager: Loaded 0 collections in 0.003754 seconds
[2015.07.17-11.43.47:908][  0]LogContentBrowser: Native class hierarchy populated in 0.0206 seconds. Added 1793 classes and 304 folders.
[2015.07.17-11.43.48:008][  0]LogContentBrowser: Native class hierarchy updated for 'WidgetCarousel' in 0.0016 seconds. Added 0 classes and 0 folders.
[2015.07.17-11.43.48:069][  0]LogContentBrowser: Native class hierarchy updated for 'AddContentDialog' in 0.0018 seconds. Added 0 classes and 0 folders.
[2015.07.17-11.43.48:108][  0]LogContentBrowser: Native class hierarchy updated for 'SceneOutliner' in 0.0017 seconds. Added 1 classes and 2 folders.
[2015.07.17-11.43.48:189][  0]LogCrashTracker: Crashtracker disabled due to settings.
[2015.07.17-11.43.48:191][  0]LogD3D11RHI: InitD3DDevice
[2015.07.17-11.43.48:198][  0]LogUObjectGlobals:Warning: Failed to find object 'Class None.'
[2015.07.17-11.43.48:222][  0]LogLoad: Full Startup: 14.79 seconds (BP compile: 1.77 seconds)
[2015.07.17-11.43.48:239][  0]LogWindowsTextInputMethodSystem:Display: IME system now deactivated.
[2015.07.17-11.43.48:240][  0]LogWindowsTextInputMethodSystem:Display: IME system now deactivated.
[2015.07.17-11.43.48:323][  0]LogContentStreaming: Texture pool size is 0.000000MB
[2015.07.17-11.43.48:460][  0]LogContentStreaming: Texture pool size now 200 MB
[2015.07.17-11.43.48:700][  0]LogRenderer: Reallocating scene render targets to support 856x376 (Frame:2).
[2015.07.17-11.43.49:368][  6]LogD3D11RHI: InitD3DDevice
[2015.07.17-11.43.49:880][ 18]LogAssetRegistry: Asset discovery search completed in 8.5268 seconds
[2015.07.17-11.43.50:247][ 38]LogD3D11RHI: InitD3DDevice
[2015.07.17-11.43.54:605][217]LogD3D11RHI: InitD3DDevice
[2015.07.17-11.43.54:808][217]LogLinker:Warning: Asset '../../../Engine/Content/ArtTools/RenderToTexture/Macros/RenderToTextureMacros.uasset' has been saved with empty engine version. The asset will be loaded but may be incompatible.
[2015.07.17-11.43.54:893][217]LogLinker:Warning: Asset '../../../Engine/Content/ArtTools/RenderToTexture/Enums/RenderToTexture_Enum.uasset' has been saved with empty engine version. The asset will be loaded but may be incompatible.
[2015.07.17-11.44.04:709][580]LogUObjectHash:Warning: Ambiguous search, could be K2Node_SwitchEnum /Game/2DSideScrollerBP/Blueprints/BPC_JumpCharacter.BPC_JumpCharacter:EventGraph.K2Node_SwitchEnum_55 or K2Node_SwitchEnum /Engine/Transient.PROTO_BP_Blueprint_0:UserConstructionScript.K2Node_SwitchEnum_55
[2015.07.17-11.44.04:709][580]LogProperty:Warning: ObjectProperty /Script/Engine.EdGraphPin:LinkedTo.LinkedTo: unresolved reference to 'EdGraphPin'K2Node_SwitchEnum_55.EdGraphPin_3592''
[2015.07.17-11.44.04:709][580]LogUObjectHash:Warning: Ambiguous search, could be K2Node_CallFunction /Game/2DSideScrollerBP/Blueprints/BPC_JumpCharacter.BPC_JumpCharacter:EventGraph.K2Node_CallFunction_2804 or K2Node_CallFunction /Engine/Transient.PROTO_BP_Blueprint_0:UserConstructionScript.K2Node_CallFunction_2804
[2015.07.17-11.44.04:709][580]LogProperty:Warning: ObjectProperty /Script/Engine.EdGraphPin:LinkedTo.LinkedTo: unresolved reference to 'EdGraphPin'K2Node_CallFunction_2804.EdGraphPin_4778''
[2015.07.17-11.44.04:710][580]LogProperty:Warning: ObjectProperty /Script/Engine.EdGraphPin:LinkedTo.LinkedTo: unresolved reference to 'EdGraphPin'K2Node_Knot_174.EdGraphPin_4341''
[2015.07.17-11.44.04:710][580]LogProperty:Warning: ObjectProperty /Script/Engine.EdGraphPin:LinkedTo.LinkedTo: unresolved reference to 'EdGraphPin'K2Node_Knot_153.EdGraphPin_4334''
[2015.07.17-11.44.04:710][580]LogUObjectHash:Warning: Ambiguous search, could be K2Node_Select /Game/2DSideScrollerBP/Blueprints/BPC_JumpCharacter.BPC_JumpCharacter:EventGraph.K2Node_Select_7 or K2Node_Select /Game/2DSideScrollerBP/Blueprints/BPC_JumpCharacter.BPC_JumpCharacter:ExecuteUbergraph_BPC_JumpCharacter.K2Node_Select_7
[2015.07.17-11.44.04:710][580]LogProperty:Warning: ObjectProperty /Script/Engine.EdGraphPin:LinkedTo.LinkedTo: unresolved reference to 'EdGraphPin'K2Node_Select_7.EdGraphPin_4307''
[2015.07.17-11.44.04:710][580]LogUObjectHash:Warning: Ambiguous search, could be K2Node_Self /Game/2DSideScrollerBP/Blueprints/BPC_JumpCharacter.BPC_JumpCharacter:EventGraph.K2Node_Self_43 or K2Node_Self /Game/2DSideScrollerBP/Widgets/Menus/BPW_Prizes.BPW_Prizes:ExecuteUbergraph_BPW_Prizes.K2Node_Self_43
[2015.07.17-11.44.04:710][580]LogProperty:Warning: ObjectProperty /Script/Engine.EdGraphPin:LinkedTo.LinkedTo: unresolved reference to 'EdGraphPin'K2Node_Self_43.EdGraphPin_3205''
[2015.07.17-11.44.04:711][580]LogUObjectHash:Warning: Ambiguous search, could be K2Node_CallFunction /Engine/Transient.PROTO_BP_Blueprint_0:UserConstructionScript.K2Node_CallFunction_2806 or K2Node_CallFunction /Game/2DSideScrollerBP/Blueprints/BPC_JumpCharacter.BPC_JumpCharacter:EventGraph.K2Node_CallFunction_2806
[2015.07.17-11.44.04:711][580]LogProperty:Warning: ObjectProperty /Script/Engine.EdGraphPin:LinkedTo.LinkedTo: unresolved reference to 'EdGraphPin'K2Node_CallFunction_2806.EdGraphPin_4798''
[2015.07.17-11.44.04:711][580]LogUObjectHash:Warning: Ambiguous search, could be K2Node_CallFunction /Game/2DSideScrollerBP/Blueprints/BPC_JumpCharacter.BPC_JumpCharacter:EventGraph.K2Node_CallFunction_2807 or K2Node_CallFunction /Engine/Transient.PROTO_BP_Blueprint_0:UserConstructionScript.K2Node_CallFunction_2807
[2015.07.17-11.44.04:711][580]LogProperty:Warning: ObjectProperty /Script/Engine.EdGraphPin:LinkedTo.LinkedTo: unresolved reference to 'EdGraphPin'K2Node_CallFunction_2807.EdGraphPin_4807''
[2015.07.17-11.44.04:711][580]LogUObjectHash:Warning: Ambiguous search, could be K2Node_Select /Game/2DSideScrollerBP/Blueprints/BPC_JumpCharacter.BPC_JumpCharacter:EventGraph.K2Node_Select_7 or K2Node_Select /Game/2DSideScrollerBP/Blueprints/BPC_JumpCharacter.BPC_JumpCharacter:ExecuteUbergraph_BPC_JumpCharacter.K2Node_Select_7
[2015.07.17-11.44.04:711][580]LogProperty:Warning: ObjectProperty /Script/Engine.EdGraphPin:LinkedTo.LinkedTo: unresolved reference to 'EdGraphPin'K2Node_Select_7.EdGraphPin_4306''
[2015.07.17-11.44.04:713][580]LogProperty:Warning: ObjectProperty /Script/Engine.EdGraphPin:LinkedTo.LinkedTo: unresolved reference to 'EdGraphPin'K2Node_VariableGet_232.EdGraphPin_3199''
[2015.07.17-11.44.04:713][580]LogProperty:Warning: ObjectProperty /Script/Engine.EdGraphPin:LinkedTo.LinkedTo: unresolved reference to 'EdGraphPin'K2Node_Knot_174.EdGraphPin_4340''
[2015.07.17-11.44.04:713][580]LogProperty:Warning: ObjectProperty /Script/Engine.EdGraphPin:LinkedTo.LinkedTo: unresolved reference to 'EdGraphPin'K2Node_CallFunction_29117.EdGraphPin_5100''
[2015.07.17-11.44.04:713][580]LogProperty:Warning: ObjectProperty /Script/Engine.EdGraphPin:LinkedTo.LinkedTo: unresolved reference to 'EdGraphPin'K2Node_CallFunction_4375.EdGraphPin_5478''
[2015.07.17-11.44.04:713][580]LogProperty:Warning: ObjectProperty /Script/Engine.EdGraphPin:LinkedTo.LinkedTo: unresolved reference to 'EdGraphPin'K2Node_CallFunction_6963.EdGraphPin_5256''
[2015.07.17-11.44.04:714][580]LogProperty:Warning: ObjectProperty /Script/Engine.EdGraphPin:LinkedTo.LinkedTo: unresolved reference to 'EdGraphPin'K2Node_Knot_153.EdGraphPin_4334''
[2015.07.17-11.44.04:714][580]LogProperty:Warning: ObjectProperty /Script/Engine.EdGraphPin:LinkedTo.LinkedTo: unresolved reference to 'EdGraphPin'K2Node_VariableGet_1154.EdGraphPin_3535''
[2015.07.17-11.44.04:715][580]LogProperty:Warning: ObjectProperty /Script/Engine.EdGraphPin:LinkedTo.LinkedTo: unresolved reference to 'EdGraphPin'K2Node_Event_335.EdGraphPin_2687''
[2015.07.17-11.44.04:715][580]LogProperty:Warning: ObjectProperty /Script/Engine.EdGraphPin:LinkedTo.LinkedTo: unresolved reference to 'EdGraphPin'K2Node_VariableSet_150.EdGraphPin_3565''
[2015.07.17-11.44.04:716][580]LogProperty:Warning: ObjectProperty /Script/Engine.EdGraphPin:LinkedTo.LinkedTo: unresolved reference to 'EdGraphPin'K2Node_CallFunction_6440.EdGraphPin_5454''
[2015.07.17-11.44.04:717][580]LogProperty:Warning: ObjectProperty /Script/Engine.EdGraphPin:LinkedTo.LinkedTo: unresolved reference to 'EdGraphPin'K2Node_VariableSet_404.EdGraphPin_3635''
[2015.07.17-11.44.04:718][580]LogProperty:Warning: ObjectProperty /Script/Engine.EdGraphPin:LinkedTo.LinkedTo: unresolved reference to 'EdGraphPin'K2Node_CallFunction_7722.EdGraphPin_5147''
[2015.07.17-11.44.04:718][580]LogProperty:Warning: ObjectProperty /Script/Engine.EdGraphPin:LinkedTo.LinkedTo: unresolved reference to 'EdGraphPin'K2Node_SwitchEnum_131.EdGraphPin_3780''
[2015.07.17-11.44.04:718][580]LogProperty:Warning: ObjectProperty /Script/Engine.EdGraphPin:LinkedTo.LinkedTo: unresolved reference to 'EdGraphPin'K2Node_CallFunction_9612.EdGraphPin_5272''
[2015.07.17-11.44.04:718][580]LogProperty:Warning: ObjectProperty /Script/Engine.EdGraphPin:LinkedTo.LinkedTo: unresolved reference to 'EdGraphPin'K2Node_CallFunction_4375.EdGraphPin_5479''
[2015.07.17-11.44.04:719][580]LogProperty:Warning: ObjectProperty /Script/Engine.EdGraphPin:LinkedTo.LinkedTo: unresolved reference to 'EdGraphPin'K2Node_SwitchEnum_131.EdGraphPin_3776''
[2015.07.17-11.44.04:719][580]LogProperty:Warning: ObjectProperty /Script/Engine.EdGraphPin:LinkedTo.LinkedTo: unresolved reference to 'EdGraphPin'K2Node_VariableGet_1674.EdGraphPin_3791''
[2015.07.17-11.44.04:719][580]LogProperty:Warning: ObjectProperty /Script/Engine.EdGraphPin:LinkedTo.LinkedTo: unresolved reference to 'EdGraphPin'K2Node_CallFunction_6485.EdGraphPin_5178''
[2015.07.17-11.44.04:720][580]LogProperty:Warning: ObjectProperty /Script/Engine.EdGraphPin:LinkedTo.LinkedTo: unresolved reference to 'EdGraphPin'K2Node_CallFunction_6485.EdGraphPin_5180''
[2015.07.17-11.44.04:720][580]LogProperty:Warning: ObjectProperty /Script/Engine.EdGraphPin:LinkedTo.LinkedTo: unresolved reference to 'EdGraphPin'K2Node_Select_15.EdGraphPin_4319''
[2015.07.17-11.44.04:721][580]LogUObjectHash:Warning: Ambiguous search, could be K2Node_Self /Game/2DSideScrollerBP/Blueprints/BPC_JumpCharacter.BPC_JumpCharacter:EventGraph.K2Node_Self_34 or K2Node_Self /Game/2DSideScrollerBP/Widgets/Menus/BPW_Prizes.BPW_Prizes:ExecuteUbergraph_BPW_Prizes.K2Node_Self_34
[2015.07.17-11.44.04:721][580]LogProperty:Warning: ObjectProperty /Script/Engine.EdGraphPin:LinkedTo.LinkedTo: unresolved reference to 'EdGraphPin'K2Node_Self_34.EdGraphPin_3935''
[2015.07.17-11.44.04:721][580]LogProperty:Warning: ObjectProperty /Script/Engine.EdGraphPin:LinkedTo.LinkedTo: unresolved reference to 'EdGraphPin'K2Node_CallFunction_34659.EdGraphPin_5200''
[2015.07.17-11.44.04:721][580]LogProperty:Warning: ObjectProperty /Script/Engine.EdGraphPin:LinkedTo.LinkedTo: unresolved reference to 'EdGraphPin'K2Node_CallFunction_34801.EdGraphPin_5209''
[2015.07.17-11.44.04:722][580]LogProperty:Warning: ObjectProperty /Script/Engine.EdGraphPin:LinkedTo.LinkedTo: unresolved reference to 'EdGraphPin'K2Node_Select_15.EdGraphPin_4318''
[2015.07.17-11.44.04:723][580]LogProperty:Warning: ObjectProperty /Script/Engine.EdGraphPin:LinkedTo.LinkedTo: unresolved reference to 'EdGraphPin'K2Node_CallFunction_9612.EdGraphPin_5271''
[2015.07.17-11.44.04:723][580]LogProperty:Warning: ObjectProperty /Script/Engine.EdGraphPin:LinkedTo.LinkedTo: unresolved reference to 'EdGraphPin'K2Node_VariableGet_1203.EdGraphPin_4052''
[2015.07.17-11.44.04:723][580]LogProperty:Warning: ObjectProperty /Script/Engine.EdGraphPin:LinkedTo.LinkedTo: unresolved reference to 'EdGraphPin'K2Node_VariableGet_1938.EdGraphPin_4070''
[2015.07.17-11.44.04:724][580]LogProperty:Warning: ObjectProperty /Script/Engine.EdGraphPin:LinkedTo.LinkedTo: unresolved reference to 'EdGraphPin'K2Node_Self_127.EdGraphPin_4097''
[2015.07.17-11.44.04:724][580]LogProperty:Warning: ObjectProperty /Script/Engine.EdGraphPin:LinkedTo.LinkedTo: unresolved reference to 'EdGraphPin'K2Node_CallFunction_6441.EdGraphPin_5469''
[2015.07.17-11.44.04:725][580]LogProperty:Warning: ObjectProperty /Script/Engine.EdGraphPin:LinkedTo.LinkedTo: unresolved reference to 'EdGraphPin'K2Node_VariableGet_1825.EdGraphPin_4121''
[2015.07.17-11.44.20:962][469]BlueprintLog: New page: Compile BPC_JumpCharacter
[2015.07.17-11.44.21:691][469]BlueprintEditorCompileResults: Info [0048.26] Compile of BPC_JumpCharacter successful! [in 727 ms]
[2015.07.17-11.44.24:129][610]LogD3D11RHI: InitD3DDevice
[2015.07.17-11.44.24:597][610]LogSavePackage: Save=345.768250ms
[2015.07.17-11.44.24:597][610]LogSavePackage: Moving '../../../../../../Users/076271/Desktop/Apps+Games+PixelArt/Games/The Adventures Of Pixel Man/Jump 4.8/Saved/BPC_JumpCharacterA59E7A1A4D823508740CE8A7D0AEF6D1.tmp' to '../../../../../../Users/076271/Desktop/Apps+Games+PixelArt/Games/The Adventures Of Pixel Man/Jump 4.8/Content/2DSideScrollerBP/Blueprints/BPC_JumpCharacter.uasset'
[2015.07.17-11.44.34:362][ 72]LogD3D11RHI: InitD3DDevice
[2015.07.17-11.44.39:604][300]BlueprintLog: New page: Pre-PIE auto-recompile
[2015.07.17-11.44.39:628][300]LogPlayLevel: [PIE] Compiling Level0_Entry before PIE...
[2015.07.17-11.44.39:838][300]LogPlayLevel: PIE:  Blueprint regeneration took 232 ms (1 blueprints)
[2015.07.17-11.44.39:841][300]PIE: New page: PIE session: Level0_Entry (18 Jul 2015 7:44:39 am)
[2015.07.17-11.44.39:841][300]LogPlayLevel: Creating play world package: /Game/2DSideScrollerBP/Maps/UEDPIE_0_Level0_Entry
[2015.07.17-11.44.39:849][300]LogPlayLevel: PIE: StaticDuplicateObject took: (0.007770s)
[2015.07.17-11.44.39:850][300]LogAIModule: Creating AISystem for world Level0_Entry
[2015.07.17-11.44.39:851][300]LogPlayLevel: PIE: World Init took: (0.001632s)
[2015.07.17-11.44.39:851][300]LogPlayLevel: PIE: Created PIE world by copying editor world from /Game/2DSideScrollerBP/Maps/Level0_Entry.Level0_Entry to /Game/2DSideScrollerBP/Maps/UEDPIE_0_Level0_Entry.Level0_Entry (0.009666s)
[2015.07.17-11.44.39:910][300]LogInit: XAudio2 using 'Speakers / Headphones (Realtek High Definition Audio)' : 2 channels at 48 kHz using 16 bits per sample (channel mask 0x3)
[2015.07.17-11.44.39:919][300]LogInit: FAudioDevice initialized.
[2015.07.17-11.44.39:925][300]LogD3D11RHI: InitD3DDevice
[2015.07.17-11.44.40:436][300]LogWorld: Game class is 'BPG_JumpGameMode_C'
[2015.07.17-11.44.40:439][300]LogPrimitiveComponent: Zero scaling not supported (/Game/2DSideScrollerBP/Maps/UEDPIE_0_Level0_Entry.Level0_Entry:PersistentLevel.BluePixelSky_Sprite_2.RenderComponent)
[2015.07.17-11.44.40:440][300]LogWorld: Bringing World /Game/2DSideScrollerBP/Maps/UEDPIE_0_Level0_Entry.Level0_Entry up for play (max tick rate 60) at 2015.07.17-21.44.40
[2015.07.17-11.44.40:440][300]LogActor:Warning: GameSession /Game/2DSideScrollerBP/Maps/UEDPIE_0_Level0_Entry.Level0_Entry:PersistentLevel.GameSession_0 has natively added scene component(s), but none of them were set as the actor's RootComponent - picking one arbitrarily
[2015.07.17-11.44.40:441][300]LogActor:Warning: GameNetworkManager /Game/2DSideScrollerBP/Maps/UEDPIE_0_Level0_Entry.Level0_Entry:PersistentLevel.GameNetworkManager_0 has natively added scene component(s), but none of them were set as the actor's RootComponent - picking one arbitrarily
[2015.07.17-11.44.40:441][300]LogWorld: Bringing up level for play took: 0.002925
[2015.07.17-11.44.40:466][300]PIE: Info Play in editor start time for /Game/2DSideScrollerBP/Maps/UEDPIE_0_Level0_Entry 0.233
[2015.07.17-11.44.40:510][300]LogRenderer: Reallocating scene render targets to support 856x384 (Frame:525).
[2015.07.17-11.44.41:524][322]LogPackageName: SearchForPackageOnDisk took   0.197s to resolve LevelTest_JumpTestMap.umap
[2015.07.17-11.44.41:685][323]LogPackageName: SearchForPackageOnDisk took   0.101s to resolve LevelTest_JumpTestMap.umap
[2015.07.17-11.44.41:685][323]LogNet: Browse: /Game/2DSideScrollerBP/Maps/LevelTest_JumpTestMap
[2015.07.17-11.44.41:685][323]LogLoad: LoadMap: /Game/2DSideScrollerBP/Maps/LevelTest_JumpTestMap
[2015.07.17-11.44.41:811][323]LogParticles: Destroying 0 GPU particle simulations for FXSystem 0x000000185C5B9B20
[2015.07.17-11.44.41:811][323]Cmd: MEM
[2015.07.17-11.44.41:868][323]LogMemory: Platform Memory Stats for Windows
[2015.07.17-11.44.41:868][323]LogMemory: Process Physical Memory: 596.65 MB used, 608.50 MB peak
[2015.07.17-11.44.41:868][323]LogMemory: Process Virtual Memory: 547.41 MB used, 551.22 MB peak
[2015.07.17-11.44.41:868][323]LogMemory: Physical Memory: 3560.24 MB used, 8097.05 MB total
[2015.07.17-11.44.41:868][323]LogMemory: Virtual Memory: 1185.75 MB used, 134217728.00 MB total
[2015.07.17-11.44.41:868][323]LogMemory: 
[2015.07.17-11.44.41:868][323]Allocator Stats for TBB: (not implemented)
[2015.07.17-11.44.43:154][323]LogAIModule: Creating AISystem for world LevelTest_JumpTestMap
[2015.07.17-11.44.43:156][323]LogWorld: Game class is 'BPG_JumpGameMode_C'
[2015.07.17-11.44.43:181][323]LogWorld: Bringing World /Game/2DSideScrollerBP/Maps/UEDPIE_0_LevelTest_JumpTestMap.LevelTest_JumpTestMap up for play (max tick rate 60) at 2015.07.17-21.44.43
[2015.07.17-11.44.43:181][323]LogActor:Warning: GameSession /Game/2DSideScrollerBP/Maps/UEDPIE_0_LevelTest_JumpTestMap.LevelTest_JumpTestMap:PersistentLevel.GameSession_1 has natively added scene component(s), but none of them were set as the actor's RootComponent - picking one arbitrarily
[2015.07.17-11.44.43:182][323]LogActor:Warning: GameNetworkManager /Game/2DSideScrollerBP/Maps/UEDPIE_0_LevelTest_JumpTestMap.LevelTest_JumpTestMap:PersistentLevel.GameNetworkManager_1 has natively added scene component(s), but none of them were set as the actor's RootComponent - picking one arbitrarily
[2015.07.17-11.44.43:183][323]LogWorld: Bringing up level for play took: 0.024560
[2015.07.17-11.45.15:793][404]LogParticles: Destroying 0 GPU particle simulations for FXSystem 0x000000183FE89580
[2015.07.17-11.45.20:448][594]LogD3D11RHI: InitD3DDevice
[2015.07.17-11.45.20:581][594]LogLinker:Warning: Asset '../../../Engine/Content/ArtTools/RenderToTexture/Macros/RenderToTextureMacros.uasset' has been saved with empty engine version. The asset will be loaded but may be incompatible.
[2015.07.17-11.45.20:598][594]LogLinker:Warning: Asset '../../../Engine/Content/ArtTools/RenderToTexture/Enums/RenderToTexture_Enum.uasset' has been saved with empty engine version. The asset will be loaded but may be incompatible.
[2015.07.17-11.45.23:331][712]LogRenderer: Reallocating scene render targets to support 856x464 (Frame:1814).
[2015.07.17-11.45.29:293][923]BlueprintLog: New page: Compile BPA_Shot
[2015.07.17-11.45.29:676][923]BlueprintEditorCompileResults: Info [0116.24] Compile of BPA_Shot successful! [in 381 ms]
[2015.07.17-11.45.30:366][955]LogD3D11RHI: InitD3DDevice
[2015.07.17-11.45.30:632][955]LogSavePackage: Save=98.024811ms
[2015.07.17-11.45.30:632][955]LogSavePackage: Moving '../../../../../../Users/076271/Desktop/Apps+Games+PixelArt/Games/The Adventures Of Pixel Man/Jump 4.8/Saved/BPA_Shot6D3057E34BBD47E5A7616C8CFD0C93E4.tmp' to '../../../../../../Users/076271/Desktop/Apps+Games+PixelArt/Games/The Adventures Of Pixel Man/Jump 4.8/Content/2DSideScrollerBP/Blueprints/BPA_Shot.uasset'
[2015.07.17-11.45.31:423][986]BlueprintLog: New page: Pre-PIE auto-recompile
[2015.07.17-11.45.31:456][986]LogPlayLevel: [PIE] Compiling Level0_Entry before PIE...
[2015.07.17-11.45.31:675][986]LogPlayLevel: PIE:  Blueprint regeneration took 252 ms (1 blueprints)
[2015.07.17-11.45.31:675][986]PIE: New page: PIE session: Level0_Entry (18 Jul 2015 7:45:31 am)
[2015.07.17-11.45.31:676][986]LogPlayLevel: Creating play world package: /Game/2DSideScrollerBP/Maps/UEDPIE_0_Level0_Entry
[2015.07.17-11.45.31:688][986]LogPlayLevel: PIE: StaticDuplicateObject took: (0.011318s)
[2015.07.17-11.45.31:688][986]LogAIModule: Creating AISystem for world Level0_Entry
[2015.07.17-11.45.31:690][986]LogPlayLevel: PIE: World Init took: (0.002051s)
[2015.07.17-11.45.31:690][986]LogPlayLevel: PIE: Created PIE world by copying editor world from /Game/2DSideScrollerBP/Maps/Level0_Entry.Level0_Entry to /Game/2DSideScrollerBP/Maps/UEDPIE_0_Level0_Entry.Level0_Entry (0.013687s)
[2015.07.17-11.45.31:752][986]LogInit: XAudio2 using 'Speakers / Headphones (Realtek High Definition Audio)' : 2 channels at 48 kHz using 16 bits per sample (channel mask 0x3)
[2015.07.17-11.45.31:763][986]LogInit: FAudioDevice initialized.
[2015.07.17-11.45.31:767][986]LogD3D11RHI: InitD3DDevice
[2015.07.17-11.45.31:890][986]LogWorld: Game class is 'BPG_JumpGameMode_C'
[2015.07.17-11.45.31:893][986]LogPrimitiveComponent: Zero scaling not supported (/Game/2DSideScrollerBP/Maps/UEDPIE_0_Level0_Entry.Level0_Entry:PersistentLevel.BluePixelSky_Sprite_2.RenderComponent)
[2015.07.17-11.45.31:893][986]LogWorld: Bringing World /Game/2DSideScrollerBP/Maps/UEDPIE_0_Level0_Entry.Level0_Entry up for play (max tick rate 60) at 2015.07.17-21.45.31
[2015.07.17-11.45.31:894][986]LogActor:Warning: GameSession /Game/2DSideScrollerBP/Maps/UEDPIE_0_Level0_Entry.Level0_Entry:PersistentLevel.GameSession_2 has natively added scene component(s), but none of them were set as the actor's RootComponent - picking one arbitrarily
[2015.07.17-11.45.31:894][986]LogActor:Warning: GameNetworkManager /Game/2DSideScrollerBP/Maps/UEDPIE_0_Level0_Entry.Level0_Entry:PersistentLevel.GameNetworkManager_2 has natively added scene component(s), but none of them were set as the actor's RootComponent - picking one arbitrarily
[2015.07.17-11.45.31:894][986]LogWorld: Bringing up level for play took: 0.002393
[2015.07.17-11.45.31:907][986]PIE: Info Play in editor start time for /Game/2DSideScrollerBP/Maps/UEDPIE_0_Level0_Entry -0.325
[2015.07.17-11.45.33:089][ 18]LogPackageName: SearchForPackageOnDisk took   0.278s to resolve LevelTest_JumpTestMap.umap
[2015.07.17-11.45.33:240][ 19]LogPackageName: SearchForPackageOnDisk took   0.137s to resolve LevelTest_JumpTestMap.umap
[2015.07.17-11.45.33:240][ 19]LogNet: Browse: /Game/2DSideScrollerBP/Maps/LevelTest_JumpTestMap
[2015.07.17-11.45.33:241][ 19]LogLoad: LoadMap: /Game/2DSideScrollerBP/Maps/LevelTest_JumpTestMap
[2015.07.17-11.45.33:326][ 19]LogParticles: Destroying 0 GPU particle simulations for FXSystem 0x000000183FED4360
[2015.07.17-11.45.33:326][ 19]Cmd: MEM
[2015.07.17-11.45.33:396][ 19]LogMemory: Platform Memory Stats for Windows
[2015.07.17-11.45.33:396][ 19]LogMemory: Process Physical Memory: 636.23 MB used, 661.49 MB peak
[2015.07.17-11.45.33:396][ 19]LogMemory: Process Virtual Memory: 583.66 MB used, 594.33 MB peak
[2015.07.17-11.45.33:396][ 19]LogMemory: Physical Memory: 3650.58 MB used, 8097.05 MB total
[2015.07.17-11.45.33:396][ 19]LogMemory: Virtual Memory: 1208.64 MB used, 134217728.00 MB total
[2015.07.17-11.45.33:396][ 19]LogMemory: 
[2015.07.17-11.45.33:396][ 19]Allocator Stats for TBB: (not implemented)
[2015.07.17-11.45.33:621][ 19]LogAIModule: Creating AISystem for world LevelTest_JumpTestMap
[2015.07.17-11.45.33:622][ 19]LogWorld: Game class is 'BPG_JumpGameMode_C'
[2015.07.17-11.45.33:639][ 19]LogWorld: Bringing World /Game/2DSideScrollerBP/Maps/UEDPIE_0_LevelTest_JumpTestMap.LevelTest_JumpTestMap up for play (max tick rate 60) at 2015.07.17-21.45.33
[2015.07.17-11.45.33:639][ 19]LogActor:Warning: GameSession /Game/2DSideScrollerBP/Maps/UEDPIE_0_LevelTest_JumpTestMap.LevelTest_JumpTestMap:PersistentLevel.GameSession_3 has natively added scene component(s), but none of them were set as the actor's RootComponent - picking one arbitrarily
[2015.07.17-11.45.33:640][ 19]LogActor:Warning: GameNetworkManager /Game/2DSideScrollerBP/Maps/UEDPIE_0_LevelTest_JumpTestMap.LevelTest_JumpTestMap:PersistentLevel.GameNetworkManager_3 has natively added scene component(s), but none of them were set as the actor's RootComponent - picking one arbitrarily
[2015.07.17-11.45.33:640][ 19]LogWorld: Bringing up level for play took: 0.015951
[2015.07.17-11.46.37:240][493]LogParticles: Destroying 0 GPU particle simulations for FXSystem 0x000000183FED7C40
[2015.07.17-11.46.38:988][562]BlueprintLog: New page: Pre-PIE auto-recompile
[2015.07.17-11.46.39:018][562]LogPlayLevel: [PIE] Compiling Level0_Entry before PIE...
[2015.07.17-11.46.39:241][562]LogPlayLevel: PIE:  Blueprint regeneration took 253 ms (1 blueprints)
[2015.07.17-11.46.39:241][562]PIE: New page: PIE session: Level0_Entry (18 Jul 2015 7:46:39 am)
[2015.07.17-11.46.39:242][562]LogPlayLevel: Creating play world package: /Game/2DSideScrollerBP/Maps/UEDPIE_0_Level0_Entry
[2015.07.17-11.46.39:249][562]LogPlayLevel: PIE: StaticDuplicateObject took: (0.007666s)
[2015.07.17-11.46.39:250][562]LogAIModule: Creating AISystem for world Level0_Entry
[2015.07.17-11.46.39:251][562]LogPlayLevel: PIE: World Init took: (0.001891s)
[2015.07.17-11.46.39:251][562]LogPlayLevel: PIE: Created PIE world by copying editor world from /Game/2DSideScrollerBP/Maps/Level0_Entry.Level0_Entry to /Game/2DSideScrollerBP/Maps/UEDPIE_0_Level0_Entry.Level0_Entry (0.009816s)
[2015.07.17-11.46.39:312][562]LogInit: XAudio2 using 'Speakers / Headphones (Realtek High Definition Audio)' : 2 channels at 48 kHz using 16 bits per sample (channel mask 0x3)
[2015.07.17-11.46.39:323][562]LogInit: FAudioDevice initialized.
[2015.07.17-11.46.39:328][562]LogD3D11RHI: InitD3DDevice
[2015.07.17-11.46.39:464][562]LogWorld: Game class is 'BPG_JumpGameMode_C'
[2015.07.17-11.46.39:467][562]LogPrimitiveComponent: Zero scaling not supported (/Game/2DSideScrollerBP/Maps/UEDPIE_0_Level0_Entry.Level0_Entry:PersistentLevel.BluePixelSky_Sprite_2.RenderComponent)
[2015.07.17-11.46.39:467][562]LogWorld: Bringing World /Game/2DSideScrollerBP/Maps/UEDPIE_0_Level0_Entry.Level0_Entry up for play (max tick rate 60) at 2015.07.17-21.46.39
[2015.07.17-11.46.39:467][562]LogActor:Warning: GameSession /Game/2DSideScrollerBP/Maps/UEDPIE_0_Level0_Entry.Level0_Entry:PersistentLevel.GameSession_4 has natively added scene component(s), but none of them were set as the actor's RootComponent - picking one arbitrarily
[2015.07.17-11.46.39:468][562]LogActor:Warning: GameNetworkManager /Game/2DSideScrollerBP/Maps/UEDPIE_0_Level0_Entry.Level0_Entry:PersistentLevel.GameNetworkManager_4 has natively added scene component(s), but none of them were set as the actor's RootComponent - picking one arbitrarily
[2015.07.17-11.46.39:468][562]LogWorld: Bringing up level for play took: 0.002674
[2015.07.17-11.46.39:482][562]PIE: Info Play in editor start time for /Game/2DSideScrollerBP/Maps/UEDPIE_0_Level0_Entry 1.25
[2015.07.17-11.46.40:674][596]LogPackageName: SearchForPackageOnDisk took   0.249s to resolve LevelTest_JumpTestMap.umap
[2015.07.17-11.46.40:825][597]LogPackageName: SearchForPackageOnDisk took   0.111s to resolve LevelTest_JumpTestMap.umap
[2015.07.17-11.46.40:825][597]LogNet: Browse: /Game/2DSideScrollerBP/Maps/LevelTest_JumpTestMap
[2015.07.17-11.46.40:826][597]LogLoad: LoadMap: /Game/2DSideScrollerBP/Maps/LevelTest_JumpTestMap
[2015.07.17-11.46.40:899][597]LogParticles: Destroying 0 GPU particle simulations for FXSystem 0x0000001857514AE0
[2015.07.17-11.46.40:899][597]Cmd: MEM
[2015.07.17-11.46.40:959][597]LogMemory: Platform Memory Stats for Windows
[2015.07.17-11.46.40:959][597]LogMemory: Process Physical Memory: 627.43 MB used, 661.49 MB peak
[2015.07.17-11.46.40:959][597]LogMemory: Process Virtual Memory: 582.19 MB used, 594.33 MB peak
[2015.07.17-11.46.40:959][597]LogMemory: Physical Memory: 3628.50 MB used, 8097.05 MB total
[2015.07.17-11.46.40:959][597]LogMemory: Virtual Memory: 1199.39 MB used, 134217728.00 MB total
[2015.07.17-11.46.40:959][597]LogMemory: 
[2015.07.17-11.46.40:959][597]Allocator Stats for TBB: (not implemented)
[2015.07.17-11.46.41:145][597]LogAIModule: Creating AISystem for world LevelTest_JumpTestMap
[2015.07.17-11.46.41:146][597]LogWorld: Game class is 'BPG_JumpGameMode_C'
[2015.07.17-11.46.41:163][597]LogWorld: Bringing World /Game/2DSideScrollerBP/Maps/UEDPIE_0_LevelTest_JumpTestMap.LevelTest_JumpTestMap up for play (max tick rate 60) at 2015.07.17-21.46.41
[2015.07.17-11.46.41:163][597]LogActor:Warning: GameSession /Game/2DSideScrollerBP/Maps/UEDPIE_0_LevelTest_JumpTestMap.LevelTest_JumpTestMap:PersistentLevel.GameSession_5 has natively added scene component(s), but none of them were set as the actor's RootComponent - picking one arbitrarily
[2015.07.17-11.46.41:164][597]LogActor:Warning: GameNetworkManager /Game/2DSideScrollerBP/Maps/UEDPIE_0_LevelTest_JumpTestMap.LevelTest_JumpTestMap:PersistentLevel.GameNetworkManager_5 has natively added scene component(s), but none of them were set as the actor's RootComponent - picking one arbitrarily
[2015.07.17-11.46.41:164][597]LogWorld: Bringing up level for play took: 0.016085
[2015.07.17-11.47.00:764][306]LogParticles: Destroying 0 GPU particle simulations for FXSystem 0x00000018365145E0
[2015.07.17-11.47.11:792][851]LogD3D11RHI: InitD3DDevice
[2015.07.17-11.47.12:211][866]LogD3D11RHI: InitD3DDevice
[2015.07.17-11.47.22:936][337]LogD3D11RHI: InitD3DDevice
[2015.07.17-11.47.23:450][361]LogD3D11RHI: InitD3DDevice
[2015.07.17-11.47.44:154][485]LogD3D11RHI: InitD3DDevice
[2015.07.17-11.47.44:516][500]LogD3D11RHI: InitD3DDevice
[2015.07.17-11.48.30:325][636]LogEditorTransaction: Undo Resize Node
[2015.07.17-11.48.30:392][636]LogD3D11RHI: InitD3DDevice
[2015.07.17-11.48.32:132][712]LogEditorTransaction: Undo Resize Node
[2015.07.17-11.48.54:126][907]BlueprintLog: New page: Compile BPC_JumpCharacter
[2015.07.17-11.48.54:995][907]BlueprintEditorCompileResults: Info [0321.56] Compile of BPC_JumpCharacter successful! [in 868 ms]
[2015.07.17-11.48.55:875][947]LogD3D11RHI: InitD3DDevice
[2015.07.17-11.48.56:318][947]LogSavePackage: Save=366.119263ms
[2015.07.17-11.48.56:319][947]LogSavePackage: Moving '../../../../../../Users/076271/Desktop/Apps+Games+PixelArt/Games/The Adventures Of Pixel Man/Jump 4.8/Saved/BPC_JumpCharacter63D0126F439616A12FE17292FC291BE9.tmp' to '../../../../../../Users/076271/Desktop/Apps+Games+PixelArt/Games/The Adventures Of Pixel Man/Jump 4.8/Content/2DSideScrollerBP/Blueprints/BPC_JumpCharacter.uasset'
[2015.07.17-11.49.18:140][204]LogD3D11RHI: InitD3DDevice
[2015.07.17-11.49.19:253][264]LogD3D11RHI: InitD3DDevice
[2015.07.17-11.49.25:597][563]LogD3D11RHI: InitD3DDevice
[2015.07.17-11.49.26:011][581]LogD3D11RHI: InitD3DDevice
[2015.07.17-11.49.34:302][ 16]LogD3D11RHI: InitD3DDevice
[2015.07.17-11.49.34:697][ 33]LogD3D11RHI: InitD3DDevice
[2015.07.17-11.49.42:645][378]LogD3D11RHI: InitD3DDevice
[2015.07.17-11.49.43:324][411]LogD3D11RHI: InitD3DDevice
[2015.07.17-11.49.47:578][643]BlueprintLog: New page: Compile BPC_JumpCharacter
[2015.07.17-11.49.48:622][643]BlueprintEditorCompileResults: Info [0375.19] Compile of BPC_JumpCharacter successful! [in 1,043 ms]
[2015.07.17-11.49.49:019][664]LogD3D11RHI: InitD3DDevice
[2015.07.17-11.49.49:415][664]LogSavePackage: Save=329.142334ms
[2015.07.17-11.49.49:415][664]LogSavePackage: Moving '../../../../../../Users/076271/Desktop/Apps+Games+PixelArt/Games/The Adventures Of Pixel Man/Jump 4.8/Saved/BPC_JumpCharacter2B737B1E4F6DE6383356E3B713CA6025.tmp' to '../../../../../../Users/076271/Desktop/Apps+Games+PixelArt/Games/The Adventures Of Pixel Man/Jump 4.8/Content/2DSideScrollerBP/Blueprints/BPC_JumpCharacter.uasset'
[2015.07.17-11.49.50:520][726]BlueprintLog: New page: Pre-PIE auto-recompile
[2015.07.17-11.49.50:542][726]LogPlayLevel: [PIE] Compiling Level0_Entry before PIE...
[2015.07.17-11.49.50:743][726]LogPlayLevel: PIE:  Blueprint regeneration took 223 ms (1 blueprints)
[2015.07.17-11.49.50:743][726]PIE: New page: PIE session: Level0_Entry (18 Jul 2015 7:49:50 am)
[2015.07.17-11.49.50:744][726]LogPlayLevel: Creating play world package: /Game/2DSideScrollerBP/Maps/UEDPIE_0_Level0_Entry
[2015.07.17-11.49.50:752][726]LogPlayLevel: PIE: StaticDuplicateObject took: (0.007587s)
[2015.07.17-11.49.50:753][726]LogAIModule: Creating AISystem for world Level0_Entry
[2015.07.17-11.49.50:753][726]LogPlayLevel: PIE: World Init took: (0.001633s)
[2015.07.17-11.49.50:754][726]LogPlayLevel: PIE: Created PIE world by copying editor world from /Game/2DSideScrollerBP/Maps/Level0_Entry.Level0_Entry to /Game/2DSideScrollerBP/Maps/UEDPIE_0_Level0_Entry.Level0_Entry (0.009466s)
[2015.07.17-11.49.50:814][726]LogInit: XAudio2 using 'Speakers / Headphones (Realtek High Definition Audio)' : 2 channels at 48 kHz using 16 bits per sample (channel mask 0x3)
[2015.07.17-11.49.50:824][726]LogInit: FAudioDevice initialized.
[2015.07.17-11.49.50:831][726]LogD3D11RHI: InitD3DDevice
[2015.07.17-11.49.50:961][726]LogWorld: Game class is 'BPG_JumpGameMode_C'
[2015.07.17-11.49.50:964][726]LogPrimitiveComponent: Zero scaling not supported (/Game/2DSideScrollerBP/Maps/UEDPIE_0_Level0_Entry.Level0_Entry:PersistentLevel.BluePixelSky_Sprite_2.RenderComponent)
[2015.07.17-11.49.50:964][726]LogWorld: Bringing World /Game/2DSideScrollerBP/Maps/UEDPIE_0_Level0_Entry.Level0_Entry up for play (max tick rate 60) at 2015.07.17-21.49.50
[2015.07.17-11.49.50:964][726]LogActor:Warning: GameSession /Game/2DSideScrollerBP/Maps/UEDPIE_0_Level0_Entry.Level0_Entry:PersistentLevel.GameSession_6 has natively added scene component(s), but none of them were set as the actor's RootComponent - picking one arbitrarily
[2015.07.17-11.49.50:965][726]LogActor:Warning: GameNetworkManager /Game/2DSideScrollerBP/Maps/UEDPIE_0_Level0_Entry.Level0_Entry:PersistentLevel.GameNetworkManager_6 has natively added scene component(s), but none of them were set as the actor's RootComponent - picking one arbitrarily
[2015.07.17-11.49.50:965][726]LogWorld: Bringing up level for play took: 0.002316
[2015.07.17-11.49.51:010][726]PIE: Info Play in editor start time for /Game/2DSideScrollerBP/Maps/UEDPIE_0_Level0_Entry 0.779
[2015.07.17-11.49.52:010][748]LogPackageName: SearchForPackageOnDisk took   0.208s to resolve LevelTest_JumpTestMap.umap
[2015.07.17-11.49.52:152][749]LogPackageName: SearchForPackageOnDisk took   0.125s to resolve LevelTest_JumpTestMap.umap
[2015.07.17-11.49.52:152][749]LogNet: Browse: /Game/2DSideScrollerBP/Maps/LevelTest_JumpTestMap
[2015.07.17-11.49.52:152][749]LogLoad: LoadMap: /Game/2DSideScrollerBP/Maps/LevelTest_JumpTestMap
[2015.07.17-11.49.52:230][749]LogParticles: Destroying 0 GPU particle simulations for FXSystem 0x0000001860F25580
[2015.07.17-11.49.52:230][749]Cmd: MEM
[2015.07.17-11.49.52:290][749]LogMemory: Platform Memory Stats for Windows
[2015.07.17-11.49.52:290][749]LogMemory: Process Physical Memory: 690.72 MB used, 713.11 MB peak
[2015.07.17-11.49.52:290][749]LogMemory: Process Virtual Memory: 636.11 MB used, 636.54 MB peak
[2015.07.17-11.49.52:290][749]LogMemory: Physical Memory: 3050.60 MB used, 8097.05 MB total
[2015.07.17-11.49.52:290][749]LogMemory: Virtual Memory: 1265.85 MB used, 134217728.00 MB total
[2015.07.17-11.49.52:290][749]LogMemory: 
[2015.07.17-11.49.52:291][749]Allocator Stats for TBB: (not implemented)
[2015.07.17-11.49.52:479][749]LogAIModule: Creating AISystem for world LevelTest_JumpTestMap
[2015.07.17-11.49.52:481][749]LogWorld: Game class is 'BPG_JumpGameMode_C'
[2015.07.17-11.49.52:495][749]LogWorld: Bringing World /Game/2DSideScrollerBP/Maps/UEDPIE_0_LevelTest_JumpTestMap.LevelTest_JumpTestMap up for play (max tick rate 60) at 2015.07.17-21.49.52
[2015.07.17-11.49.52:495][749]LogActor:Warning: GameSession /Game/2DSideScrollerBP/Maps/UEDPIE_0_LevelTest_JumpTestMap.LevelTest_JumpTestMap:PersistentLevel.GameSession_7 has natively added scene component(s), but none of them were set as the actor's RootComponent - picking one arbitrarily
[2015.07.17-11.49.52:496][749]LogActor:Warning: GameNetworkManager /Game/2DSideScrollerBP/Maps/UEDPIE_0_LevelTest_JumpTestMap.LevelTest_JumpTestMap:PersistentLevel.GameNetworkManager_7 has natively added scene component(s), but none of them were set as the actor's RootComponent - picking one arbitrarily
[2015.07.17-11.49.52:496][749]LogWorld: Bringing up level for play took: 0.013711
[2015.07.17-11.50.10:205][297]LogParticles: Destroying 0 GPU particle simulations for FXSystem 0x000000185F3ECCC0
[2015.07.17-11.50.13:653][461]LogActorComponent: UnregisterComponent: (/Engine/Transient.EditorFloorComp) Not registered. Aborting.
[2015.07.17-11.50.13:701][461]LogWindowsTextInputMethodSystem:Display: IME system now deactivated.
[2015.07.17-11.50.13:701][461]LogWindowsTextInputMethodSystem:Display: IME system now deactivated.
[2015.07.17-11.50.14:001][462]Cmd: QUIT_EDITOR
[2015.07.17-11.50.14:496][462]LogExit: Preparing to exit.
[2015.07.17-11.50.15:418][462]LogExit: Editor shut down
[2015.07.17-11.50.15:418][462]LogExit: Transaction tracking system shut down
[2015.07.17-11.50.15:423][462]LogParticles: Destroying 0 GPU particle simulations for FXSystem 0x000000184062B920
[2015.07.17-11.50.15:423][462]LogParticles: Destroying 0 GPU particle simulations for FXSystem 0x00000018515A0220
[2015.07.17-11.50.15:424][462]LogParticles: Destroying 0 GPU particle simulations for FXSystem 0x000000185352A020
[2015.07.17-11.50.15:424][462]LogParticles: Destroying 0 GPU particle simulations for FXSystem 0x00000018518D7560
[2015.07.17-11.50.15:625][462]LogParticles: Destroying 0 GPU particle simulations for FXSystem 0x0000001841EA0860
[2015.07.17-11.50.15:625][462]LogExit: Object subsystem successfully closed.
[2015.07.17-11.50.15:639][462]LogD3D11RHI: Shutdown
[2015.07.17-11.50.15:639][462]LogD3D11RHI: CleanupD3DDevice
[2015.07.17-11.50.15:676][462]LogD3D11RHI: ~FD3D11DynamicRHI
[2015.07.17-11.50.15:706][462]LogModuleManager: Shutting down and abandoning module CrashTracker (190)
[2015.07.17-11.50.15:706][462]LogModuleManager: Shutting down and abandoning module SceneOutliner (189)
[2015.07.17-11.50.15:706][462]LogModuleManager: Shutting down and abandoning module SuperSearch (188)
[2015.07.17-11.50.15:706][462]LogModuleManager: Shutting down and abandoning module WidgetCarousel (187)
[2015.07.17-11.50.15:706][462]LogModuleManager: Shutting down and abandoning module AddContentDialog (186)
[2015.07.17-11.50.15:707][462]LogModuleManager: Shutting down and abandoning module EditorWidgets (185)
[2015.07.17-11.50.15:707][462]LogModuleManager: Shutting down and abandoning module CollectionManager (184)
[2015.07.17-11.50.15:707][462]LogModuleManager: Shutting down and abandoning module StatsViewer (183)
[2015.07.17-11.50.15:707][462]LogModuleManager: Shutting down and abandoning module FoliageEdit (182)
[2015.07.17-11.50.15:707][462]LogModuleManager: Shutting down and abandoning module LandscapeEditor (181)
[2015.07.17-11.50.15:707][462]LogModuleManager: Shutting down and abandoning module ActorPickerMode (180)
[2015.07.17-11.50.15:708][462]LogModuleManager: Shutting down and abandoning module GeometryMode (179)
[2015.07.17-11.50.15:708][462]LogModuleManager: Shutting down and abandoning module TextureAlignMode (178)
[2015.07.17-11.50.15:708][462]LogModuleManager: Shutting down and abandoning module BspMode (177)
[2015.07.17-11.50.15:708][462]LogModuleManager: Shutting down and abandoning module PlacementMode (176)
[2015.07.17-11.50.15:708][462]LogModuleManager: Shutting down and abandoning module AutomationWorker (175)
[2015.07.17-11.50.15:708][462]LogModuleManager: Shutting down and abandoning module CharacterAI (174)
[2015.07.17-11.50.15:708][462]LogModuleManager: Shutting down and abandoning module SmartSnapping (173)
[2015.07.17-11.50.15:708][462]LogModuleManager: Shutting down and abandoning module ViewportSnapping (172)
[2015.07.17-11.50.15:708][462]LogModuleManager: Shutting down and abandoning module LogVisualizer (171)
[2015.07.17-11.50.15:708][462]LogModuleManager: Shutting down and abandoning module GameProjectGeneration (170)
[2015.07.17-11.50.15:708][462]LogModuleManager: Shutting down and abandoning module IntroTutorials (169)
[2015.07.17-11.50.15:708][462]LogModuleManager: Shutting down and abandoning module EditorLiveStreaming (168)
[2015.07.17-11.50.15:708][462]LogModuleManager: Shutting down and abandoning module IOSPlatformEditor (167)
[2015.07.17-11.50.15:708][462]LogModuleManager: Shutting down and abandoning module HTML5PlatformEditor (166)
[2015.07.17-11.50.15:708][462]LogModuleManager: Shutting down and abandoning module AndroidDeviceDetection (165)
[2015.07.17-11.50.16:612][462]LogModuleManager: Shutting down and abandoning module AndroidPlatformEditor (164)
[2015.07.17-11.50.16:612][462]LogModuleManager: Shutting down and abandoning module IOSRuntimeSettings (163)
[2015.07.17-11.50.16:612][462]LogModuleManager: Shutting down and abandoning module AndroidRuntimeSettings (162)
[2015.07.17-11.50.16:612][462]LogModuleManager: Shutting down and abandoning module MergeActors (161)
[2015.07.17-11.50.16:612][462]LogModuleManager: Shutting down and abandoning module SizeMap (160)
[2015.07.17-11.50.16:612][462]LogModuleManager: Shutting down and abandoning module TreeMap (159)
[2015.07.17-11.50.16:612][462]LogModuleManager: Shutting down and abandoning module ReferenceViewer (158)
[2015.07.17-11.50.16:612][462]LogModuleManager: Shutting down and abandoning module LocalizationDashboard (157)
[2015.07.17-11.50.16:612][462]LogModuleManager: Shutting down and abandoning module HardwareTargeting (156)
[2015.07.17-11.50.16:612][462]LogModuleManager: Shutting down and abandoning module DeviceProfileEditor (155)
[2015.07.17-11.50.16:612][462]LogModuleManager: Shutting down and abandoning module UndoHistory (154)
[2015.07.17-11.50.16:612][462]LogModuleManager: Shutting down and abandoning module GameplayTagsEditor (153)
[2015.07.17-11.50.16:612][462]LogModuleManager: Shutting down and abandoning module UserFeedback (152)
[2015.07.17-11.50.16:612][462]LogModuleManager: Shutting down and abandoning module XmlParser (151)
[2015.07.17-11.50.16:612][462]LogModuleManager: Shutting down and abandoning module Blutility (150)
[2015.07.17-11.50.16:612][462]LogModuleManager: Shutting down and abandoning module ProjectTargetPlatformEditor (149)
[2015.07.17-11.50.16:612][462]LogModuleManager: Shutting down and abandoning module ProjectSettingsViewer (148)
[2015.07.17-11.50.16:612][462]LogModuleManager: Shutting down and abandoning module InputBindingEditor (147)
[2015.07.17-11.50.16:612][462]LogModuleManager: Shutting down and abandoning module EditorSettingsViewer (146)
[2015.07.17-11.50.16:612][462]LogModuleManager: Shutting down and abandoning module SettingsEditor (145)
[2015.07.17-11.50.16:612][462]LogModuleManager: Shutting down and abandoning module ProjectLauncher (144)
[2015.07.17-11.50.16:612][462]LogModuleManager: Shutting down and abandoning module SessionFrontend (143)
[2015.07.17-11.50.16:612][462]LogModuleManager: Shutting down and abandoning module ProfilerClient (142)
[2015.07.17-11.50.16:612][462]LogModuleManager: Shutting down and abandoning module TargetDeviceServices (141)
[2015.07.17-11.50.16:612][462]LogModuleManager: Shutting down and abandoning module DeviceManager (140)
[2015.07.17-11.50.16:613][462]LogModuleManager: Shutting down and abandoning module AutomationController (139)
[2015.07.17-11.50.16:613][462]LogModuleManager: Shutting down and abandoning module AutomationWindow (138)
[2015.07.17-11.50.16:613][462]LogModuleManager: Shutting down and abandoning module Layers (137)
[2015.07.17-11.50.16:613][462]LogModuleManager: Shutting down and abandoning module ComponentVisualizers (136)
[2015.07.17-11.50.16:613][462]LogModuleManager: Shutting down and abandoning module DetailCustomizations (135)
[2015.07.17-11.50.16:613][462]LogModuleManager: Shutting down and abandoning module PackagesDialog (134)
[2015.07.17-11.50.16:613][462]LogModuleManager: Shutting down and abandoning module AssetRegistry (133)
[2015.07.17-11.50.16:675][462]LogModuleManager: Shutting down and abandoning module Persona (132)
[2015.07.17-11.50.16:675][462]LogModuleManager: Shutting down and abandoning module Kismet (131)
[2015.07.17-11.50.16:675][462]LogModuleManager: Shutting down and abandoning module GraphEditor (130)
[2015.07.17-11.50.16:675][462]LogModuleManager: Shutting down and abandoning module ClassViewer (129)
[2015.07.17-11.50.16:675][462]LogModuleManager: Shutting down and abandoning module Toolbox (128)
[2015.07.17-11.50.16:675][462]LogModuleManager: Shutting down and abandoning module ModuleUI (127)
[2015.07.17-11.50.16:675][462]LogModuleManager: Shutting down and abandoning module MovieSceneTools (126)
[2015.07.17-11.50.16:675][462]LogModuleManager: Shutting down and abandoning module OutputLog (125)
[2015.07.17-11.50.16:676][462]LogModuleManager: Shutting down and abandoning module GammaUI (124)
[2015.07.17-11.50.16:676][462]LogModuleManager: Shutting down and abandoning module Documentation (123)
[2015.07.17-11.50.16:676][462]LogModuleManager: Shutting down and abandoning module GameLiveStreaming (122)
[2015.07.17-11.50.16:676][462]LogModuleManager: Shutting down and abandoning module StreamingPauseRendering (121)
[2015.07.17-11.50.16:676][462]LogModuleManager: Shutting down and abandoning module AnalyticsET (120)
[2015.07.17-11.50.16:676][462]LogModuleManager: Shutting down and abandoning module Analytics (119)
[2015.07.17-11.50.16:676][462]LogModuleManager: Shutting down and abandoning module AITestSuite (118)
[2015.07.17-11.50.16:676][462]LogModuleManager: Shutting down and abandoning module GameplayDebugger (117)
[2015.07.17-11.50.16:676][462]LogModuleManager: Shutting down and abandoning module AIModule (116)
[2015.07.17-11.50.16:676][462]LogModuleManager: Shutting down and abandoning module ProfilerService (115)
[2015.07.17-11.50.16:758][462]LogModuleManager: Shutting down and abandoning module TaskGraph (114)
[2015.07.17-11.50.16:758][462]LogModuleManager: Shutting down and abandoning module SlateRemote (113)
[2015.07.17-11.50.16:758][462]LogModuleManager: Shutting down and abandoning module WebBrowserWidget (112)
[2015.07.17-11.50.16:758][462]LogModuleManager: Shutting down and abandoning module SteamVRController (111)
[2015.07.17-11.50.16:758][462]LogModuleManager: Shutting down and abandoning module SteamVR (110)
[2015.07.17-11.50.16:758][462]LogModuleManager: Shutting down and abandoning module ProceduralMeshComponent (109)
[2015.07.17-11.50.16:758][462]LogModuleManager: Shutting down and abandoning module OculusRift (108)
[2015.07.17-11.50.16:758][462]LogModuleManager: Shutting down and abandoning module LeapMotionController (107)
[2015.07.17-11.50.16:768][462]LogModuleManager: Shutting down and abandoning module CustomMeshComponent (106)
[2015.07.17-11.50.16:768][462]LogModuleManager: Shutting down and abandoning module CableComponent (105)
[2015.07.17-11.50.16:768][462]LogModuleManager: Shutting down and abandoning module MessagingDebugger (104)
[2015.07.17-11.50.16:768][462]LogModuleManager: Shutting down and abandoning module MediaPlayerEditor (103)
[2015.07.17-11.50.16:768][462]LogModuleManager: Shutting down and abandoning module CodeView (102)
[2015.07.17-11.50.16:768][462]LogModuleManager: Shutting down and abandoning module SpeedTreeImporter (101)
[2015.07.17-11.50.16:768][462]LogModuleManager: Shutting down and abandoning module PluginBrowser (100)
[2015.07.17-11.50.16:768][462]LogModuleManager: Shutting down and abandoning module EpicSurvey (99)
[2015.07.17-11.50.16:768][462]LogModuleManager: Shutting down and abandoning module DesktopPlatform (98)
[2015.07.17-11.50.16:768][462]LogModuleManager: Shutting down and abandoning module VisualStudioSourceCodeAccess (97)
[2015.07.17-11.50.16:768][462]LogModuleManager: Shutting down and abandoning module UObjectPlugin (96)
[2015.07.17-11.50.16:768][462]LogModuleManager: Shutting down and abandoning module SubversionSourceControl (95)
[2015.07.17-11.50.16:768][462]LogModuleManager: Shutting down and abandoning module PerforceSourceControl (94)
[2015.07.17-11.50.16:768][462]LogModuleManager: Shutting down and abandoning module SourceControl (93)
[2015.07.17-11.50.16:768][462]LogModuleManager: Shutting down and abandoning module GitSourceControl (92)
[2015.07.17-11.50.16:768][462]LogModuleManager: Shutting down and abandoning module BlankPlugin (91)
[2015.07.17-11.50.16:768][462]LogModuleManager: Shutting down and abandoning module PaperTiledImporter (90)
[2015.07.17-11.50.16:768][462]LogModuleManager: Shutting down and abandoning module PaperSpriteSheetImporter (89)
[2015.07.17-11.50.16:768][462]LogModuleManager: Shutting down and abandoning module MeshPaint (88)
[2015.07.17-11.50.16:768][462]LogModuleManager: Shutting down and abandoning module SlateReflector (87)
[2015.07.17-11.50.16:768][462]LogModuleManager: Shutting down and abandoning module DirectoryWatcher (86)
[2015.07.17-11.50.16:769][462]LogModuleManager: Shutting down and abandoning module HotReload (85)
[2015.07.17-11.50.16:769][462]LogModuleManager: Shutting down and abandoning module MainFrame (84)
[2015.07.17-11.50.16:769][462]LogModuleManager: Shutting down and abandoning module LevelEditor (83)
[2015.07.17-11.50.16:770][462]LogModuleManager: Shutting down and abandoning module ContentBrowser (82)
[2015.07.17-11.50.16:771][462]LogModuleManager: Shutting down and abandoning module Paper2DEditor (81)
[2015.07.17-11.50.16:771][462]LogModuleManager: Shutting down and abandoning module UdpMessaging (80)
[2015.07.17-11.50.16:872][462]LogModuleManager: Shutting down and abandoning module Paper2D (79)
[2015.07.17-11.50.16:872][462]LogModuleManager: Shutting down and abandoning module WindowsMoviePlayer (78)
[2015.07.17-11.50.16:876][462]LogModuleManager: Shutting down and abandoning module Media (77)
[2015.07.17-11.50.16:876][462]LogModuleManager: Shutting down and abandoning module WmfMedia (76)
[2015.07.17-11.50.16:876][462]LogModuleManager: Shutting down and abandoning module OnlineBlueprintSupport (75)
[2015.07.17-11.50.16:876][462]LogModuleManager: Shutting down and abandoning module PropertyEditor (74)
[2015.07.17-11.50.16:876][462]LogModuleManager: Shutting down and abandoning module BehaviorTreeEditor (73)
[2015.07.17-11.50.16:876][462]LogModuleManager: Shutting down and abandoning module FunctionalTesting (72)
[2015.07.17-11.50.16:876][462]LogModuleManager: Shutting down and abandoning module CollisionAnalyzer (71)
[2015.07.17-11.50.16:876][462]LogModuleManager: Shutting down and abandoning module WorkspaceMenuStructure (70)
[2015.07.17-11.50.16:876][462]LogModuleManager: Shutting down and abandoning module MessageLog (69)
[2015.07.17-11.50.16:876][462]LogModuleManager: Shutting down and abandoning module Sequencer (68)
[2015.07.17-11.50.16:876][462]LogModuleManager: Shutting down and abandoning module AssetTools (67)
[2015.07.17-11.50.16:876][462]LogModuleManager: Shutting down and abandoning module UMGEditor (66)
[2015.07.17-11.50.16:876][462]LogModuleManager: Shutting down and abandoning module UMG (65)
[2015.07.17-11.50.16:876][462]LogModuleManager: Shutting down and abandoning module Slate (64)
[2015.07.17-11.50.16:876][462]LogModuleManager: Shutting down and abandoning module EditorStyle (63)
[2015.07.17-11.50.16:881][462]LogModuleManager: Shutting down and abandoning module SessionServices (62)
[2015.07.17-11.50.16:881][462]LogModuleManager: Shutting down and abandoning module SourceCodeAccess (61)
[2015.07.17-11.50.16:881][462]LogModuleManager: Shutting down and abandoning module HeadMountedDisplay (60)
[2015.07.17-11.50.16:881][462]LogModuleManager: Shutting down and abandoning module XAudio2 (59)
[2015.07.17-11.50.16:881][462]LogModuleManager: Shutting down and abandoning module Networking (57)
[2015.07.17-11.50.16:881][462]LogModuleManager: Shutting down and abandoning module Core (56)
[2015.07.17-11.50.16:881][462]LogModuleManager: Shutting down and abandoning module KismetCompiler (55)
[2015.07.17-11.50.16:881][462]LogModuleManager: Shutting down and abandoning module PhysXFormats (54)
[2015.07.17-11.50.16:881][462]LogModuleManager: Shutting down and abandoning module MeshUtilities (53)
[2015.07.17-11.50.16:881][462]LogModuleManager: Shutting down and abandoning module DerivedDataCache (52)
[2015.07.17-11.50.16:953][462]LogDerivedDataCache: Shutdown
[2015.07.17-11.50.16:953][462]LogModuleManager: Shutting down and abandoning module ShaderFormatOpenGL (51)
[2015.07.17-11.50.16:953][462]LogModuleManager: Shutting down and abandoning module ShaderFormatD3D (50)
[2015.07.17-11.50.16:953][462]LogModuleManager: Shutting down and abandoning module MetalShaderFormat (49)
[2015.07.17-11.50.16:953][462]LogModuleManager: Shutting down and abandoning module TextureFormatUncompressed (48)
[2015.07.17-11.50.16:953][462]LogModuleManager: Shutting down and abandoning module TextureFormatPVR (47)
[2015.07.17-11.50.16:953][462]LogModuleManager: Shutting down and abandoning module TextureFormatIntelISPCTexComp (46)
[2015.07.17-11.50.16:953][462]LogModuleManager: Shutting down and abandoning module TextureFormatDXT (45)
[2015.07.17-11.50.16:953][462]LogModuleManager: Shutting down and abandoning module ImageWrapper (44)
[2015.07.17-11.50.16:953][462]LogModuleManager: Shutting down and abandoning module TextureFormatASTC (43)
[2015.07.17-11.50.16:953][462]LogModuleManager: Shutting down and abandoning module TextureFormatAndroid (42)
[2015.07.17-11.50.16:953][462]LogModuleManager: Shutting down and abandoning module AudioFormatOpus (41)
[2015.07.17-11.50.16:953][462]LogModuleManager: Shutting down and abandoning module AudioFormatOgg (40)
[2015.07.17-11.50.16:953][462]LogModuleManager: Shutting down and abandoning module AudioFormatADPCM (39)
[2015.07.17-11.50.16:953][462]LogModuleManager: Shutting down and abandoning module LinuxTargetPlatform (38)
[2015.07.17-11.50.16:953][462]LogModuleManager: Shutting down and abandoning module LinuxServerTargetPlatform (37)
[2015.07.17-11.50.16:953][462]LogModuleManager: Shutting down and abandoning module LinuxNoEditorTargetPlatform (36)
[2015.07.17-11.50.16:953][462]LogModuleManager: Shutting down and abandoning module Messaging (35)
[2015.07.17-11.50.16:953][462]LogModuleManager: Shutting down and abandoning module IOSTargetPlatform (34)
[2015.07.17-11.50.16:953][462]LogModuleManager: Shutting down and abandoning module HTML5TargetPlatform (33)
[2015.07.17-11.50.16:953][462]LogModuleManager: Shutting down and abandoning module Android_PVRTCTargetPlatform (32)
[2015.07.17-11.50.16:953][462]LogModuleManager: Shutting down and abandoning module Android_ETC2TargetPlatform (31)
[2015.07.17-11.50.16:953][462]LogModuleManager: Shutting down and abandoning module Android_ETC1TargetPlatform (30)
[2015.07.17-11.50.16:953][462]LogModuleManager: Shutting down and abandoning module Android_DXTTargetPlatform (29)
[2015.07.17-11.50.16:953][462]LogModuleManager: Shutting down and abandoning module Android_ATCTargetPlatform (28)
[2015.07.17-11.50.16:953][462]LogModuleManager: Shutting down and abandoning module Android_ASTCTargetPlatform (27)
[2015.07.17-11.50.16:953][462]LogModuleManager: Shutting down and abandoning module AndroidTargetPlatform (26)
[2015.07.17-11.50.16:953][462]LogModuleManager: Shutting down and abandoning module WindowsTargetPlatform (25)
[2015.07.17-11.50.16:953][462]LogModuleManager: Shutting down and abandoning module WindowsServerTargetPlatform (24)
[2015.07.17-11.50.16:953][462]LogModuleManager: Shutting down and abandoning module WindowsNoEditorTargetPlatform (23)
[2015.07.17-11.50.16:953][462]LogModuleManager: Shutting down and abandoning module WindowsClientTargetPlatform (22)
[2015.07.17-11.50.16:953][462]LogModuleManager: Shutting down and abandoning module DesktopTargetPlatform (21)
[2015.07.17-11.50.16:953][462]LogModuleManager: Shutting down and abandoning module TargetPlatform (20)
[2015.07.17-11.50.16:953][462]LogModuleManager: Shutting down and abandoning module InputCore (19)
[2015.07.17-11.50.16:953][462]LogModuleManager: Shutting down and abandoning module Settings (18)
[2015.07.17-11.50.16:953][462]LogModuleManager: Shutting down and abandoning module OnlineSubsystem (16)
[2015.07.17-11.50.16:953][462]LogModuleManager: Shutting down and abandoning module HTTP (15)
[2015.07.17-11.50.16:954][462]LogModuleManager: Shutting down and abandoning module ExampleDeviceProfileSelector (14)
[2015.07.17-11.50.16:954][462]LogModuleManager: Shutting down and abandoning module TextureCompressor (13)
[2015.07.17-11.50.16:954][462]LogModuleManager: Shutting down and abandoning module ShaderCore (12)
[2015.07.17-11.50.16:954][462]LogModuleManager: Shutting down and abandoning module Landscape (11)
[2015.07.17-11.50.16:954][462]LogModuleManager: Shutting down and abandoning module SlateRHIRenderer (10)
[2015.07.17-11.50.16:957][462]LogModuleManager: Shutting down and abandoning module OpenGLDrv (9)
[2015.07.17-11.50.16:957][462]LogModuleManager: Shutting down and abandoning module D3D11RHI (8)
[2015.07.17-11.50.16:957][462]LogModuleManager: Shutting down and abandoning module Renderer (7)
[2015.07.17-11.50.16:958][462]LogModuleManager: Shutting down and abandoning module Engine (6)
[2015.07.17-11.50.16:958][462]LogModuleManager: Shutting down and abandoning module CoreUObject (5)
[2015.07.17-11.50.16:958][462]LogModuleManager: Shutting down and abandoning module NetworkFile (4)
[2015.07.17-11.50.16:958][462]LogModuleManager: Shutting down and abandoning module StreamingFile (3)
[2015.07.17-11.50.16:958][462]LogModuleManager: Shutting down and abandoning module SandboxFile (2)
[2015.07.17-11.50.16:958][462]LogModuleManager: Shutting down and abandoning module PakFile (1)
[2015.07.17-11.50.16:958][462]LogExit: Exiting.
[2015.07.17-11.50.16:960][462]Log file closed, 07/17/15 21:50:16
