[2015.08.01-05.04.56:240][  0]Log file open, 08/01/15 15:04:56
[2015.08.01-05.04.56:240][  0]LogInit:Display: Running engine for game: Jump
[2015.08.01-05.04.56:240][  0]LogInit:Display: RandInit(1471219159) SRandInit(1471219159).
[2015.08.01-05.04.56:240][  0]LogTaskGraph: Started task graph with 4 named threads and 5 total threads.
[2015.08.01-05.04.56:240][  0]LogStats: Stats thread started
[2015.08.01-05.04.56:240][  0]LogInit: Version: 4.8.3-2634408+++depot+UE4-Releases+4.8
[2015.08.01-05.04.56:240][  0]LogInit: API Version: 2579680
[2015.08.01-05.04.56:240][  0]LogInit: Compiled (64-bit): Jul 27 2015 16:24:33
[2015.08.01-05.04.56:240][  0]LogInit: Compiled with Visual C++: 18.00.21005.01
[2015.08.01-05.04.56:240][  0]LogInit: Build Configuration: Development
[2015.08.01-05.04.56:240][  0]LogInit: Branch Name: ++depot+UE4-Releases+4.8
[2015.08.01-05.04.56:240][  0]LogInit: Command line:  
[2015.08.01-05.04.56:240][  0]LogInit: Base directory: C:/Program Files/Epic Games/4.8/Engine/Binaries/Win64/
[2015.08.01-05.04.56:240][  0]LogInit: Rocket: 1
[2015.08.01-05.04.56:258][  0]LogInit: Using libcurl 7.41.0
[2015.08.01-05.04.56:258][  0]LogInit:  - built for x86_64-pc-win32
[2015.08.01-05.04.56:258][  0]LogInit:  - supports SSL with WinSSL
[2015.08.01-05.04.56:258][  0]LogInit:  - other features:
[2015.08.01-05.04.56:258][  0]LogInit:      CURL_VERSION_SSL
[2015.08.01-05.04.56:258][  0]LogInit:      CURL_VERSION_IPV6
[2015.08.01-05.04.56:258][  0]LogInit:      CURL_VERSION_ASYNCHDNS
[2015.08.01-05.04.56:258][  0]LogInit:      CURL_VERSION_LARGEFILE
[2015.08.01-05.04.56:258][  0]LogInit:      CURL_VERSION_IDN
[2015.08.01-05.04.56:259][  0]LogInit:  CurlRequestOptions (configurable via config and command line):
[2015.08.01-05.04.56:259][  0]LogInit:  - bVerifyPeer = true  - Libcurl will verify peer certificate
[2015.08.01-05.04.56:259][  0]LogInit:  - bUseHttpProxy = false  - Libcurl will NOT use HTTP proxy
[2015.08.01-05.04.56:259][  0]LogInit:  - bDontReuseConnections = false  - Libcurl will reuse connections
[2015.08.01-05.04.56:259][  0]LogInit:  - CertBundlePath = nullptr  - Libcurl will use whatever was configured at build time.
[2015.08.01-05.04.56:272][  0]LogOnline:Warning: No default platform service specified for OnlineSubsystem
[2015.08.01-05.04.56:289][  0]LogInit: Presizing for 0 objects not considered by GC, pre-allocating 0 bytes.
[2015.08.01-05.04.56:300][  0]LogInit: Object subsystem initialized
[2015.08.01-05.04.56:302][  0]LogConsoleResponse:Warning: Skipping Unknown console variable: 'TranslucentSortAxis = (X=0.000000,Y=-1.000000,Z=0.000000)'
[2015.08.01-05.04.56:302][  0]LogConsoleResponse:Warning:   Found in ini file 'C:/Users/076271/Desktop/Apps+Games+PixelArt/Games/The Adventures Of Pixel Man/Jump 4.8/Saved/Config/Windows/Engine.ini', in section '[/Script/Engine.RendererSettings]'
[2015.08.01-05.04.56:302][  0]LogConsoleResponse:Warning: Skipping Unknown console variable: 'UIScaleRule = ShortestSide'
[2015.08.01-05.04.56:302][  0]LogConsoleResponse:Warning:   Found in ini file 'C:/Users/076271/Desktop/Apps+Games+PixelArt/Games/The Adventures Of Pixel Man/Jump 4.8/Saved/Config/Windows/Engine.ini', in section '[/Script/Engine.RendererSettings]'
[2015.08.01-05.04.56:302][  0]LogConsoleResponse:Warning: Skipping Unknown console variable: 'UIScaleCurve = (EditorCurveData=(Keys=),ExternalCurve=None)'
[2015.08.01-05.04.56:302][  0]LogConsoleResponse:Warning:   Found in ini file 'C:/Users/076271/Desktop/Apps+Games+PixelArt/Games/The Adventures Of Pixel Man/Jump 4.8/Saved/Config/Windows/Engine.ini', in section '[/Script/Engine.RendererSettings]'
[2015.08.01-05.04.56:302][  0]LogInit: Selected Device Profile: [Windows]
[2015.08.01-05.04.56:302][  0]LogInit: Applying CVar settings loaded from the selected device profile: [Windows]
[2015.08.01-05.04.56:322][  0]LogInit: Computer: TAB-1090
[2015.08.01-05.04.56:322][  0]LogInit: User: 076271
[2015.08.01-05.04.56:322][  0]LogInit: CPU Page size=4096, Cores=2
[2015.08.01-05.04.56:322][  0]LogInit: High frequency timer resolution =1.558889 MHz
[2015.08.01-05.04.56:323][  0]LogMemory: Memory total: Physical=7.9GB (8GB approx)
[2015.08.01-05.04.56:323][  0]LogMemory: Platform Memory Stats for Windows
[2015.08.01-05.04.56:323][  0]LogMemory: Process Physical Memory: 52.70 MB used, 52.70 MB peak
[2015.08.01-05.04.56:323][  0]LogMemory: Process Virtual Memory: 25.34 MB used, 25.34 MB peak
[2015.08.01-05.04.56:323][  0]LogMemory: Physical Memory: 3956.52 MB used, 8097.05 MB total
[2015.08.01-05.04.56:323][  0]LogMemory: Virtual Memory: 297.66 MB used, 134217728.00 MB total
[2015.08.01-05.04.56:363][  0]LogTextLocalizationManager: The requested culture ('en_AU') has no localization data; parent culture's ('en') localization data will be used.
[2015.08.01-05.04.56:710][  0]LogTextLocalizationManager:Warning: Loaded localization resources contain conflicting entries for (Namespace:ContentBrowser, Key:ImportAssetToolTip):
Localization Resource: (C:/Program Files/Epic Games/4.8/Engine/Content/Localization/Editor/en/Editor.locres) Source String Hash: (-630476809) Localized String: (Import to {0}...)
Localization Resource: (C:/Program Files/Epic Games/4.8/Engine/Content/Localization/Editor/en/Editor.locres) Source String Hash: (1271782899) Localized String: (Imports an asset from file to this folder.)
[2015.08.01-05.04.57:348][  0]LogD3D11RHI: Found D3D11 adapter 0: Intel(R) HD Graphics Family (Feature Level 11_0)
[2015.08.01-05.04.57:348][  0]LogD3D11RHI: Adapter has 0MB of dedicated video memory, 0MB of dedicated system memory, and 1792MB of shared system memory, 1 output[s]
[2015.08.01-05.04.57:349][  0]LogD3D11RHI: Found D3D11 adapter 1: Microsoft Basic Render Driver (Feature Level 11_0)
[2015.08.01-05.04.57:349][  0]LogD3D11RHI: Adapter has 0MB of dedicated video memory, 0MB of dedicated system memory, and 256MB of shared system memory, 0 output[s]
[2015.08.01-05.04.57:349][  0]LogD3D11RHI: Chosen D3D11 Adapter Id = 0
[2015.08.01-05.04.57:355][  0]LogD3D11RHI: InitD3DDevice
[2015.08.01-05.04.57:355][  0]LogD3D11RHI: !Direct3DDevice
[2015.08.01-05.04.57:355][  0]LogRHI: Texture pool is 627 MB (70% of 896 MB)
[2015.08.01-05.04.57:362][  0]LogD3D11RHI: Async texture creation enabled
[2015.08.01-05.04.57:369][  0]LogShaderCompilers:Display: Using Local Shader Compiler.
[2015.08.01-05.04.58:605][  0]LogTemp:Display: Loaded TP DesktopTargetPlatform
[2015.08.01-05.04.58:622][  0]LogTemp:Display: Loaded TP WindowsClientTargetPlatform
[2015.08.01-05.04.58:638][  0]LogTemp:Display: Loaded TP WindowsNoEditorTargetPlatform
[2015.08.01-05.04.58:654][  0]LogTemp:Display: Loaded TP WindowsServerTargetPlatform
[2015.08.01-05.04.58:671][  0]LogTemp:Display: Loaded TP WindowsTargetPlatform
[2015.08.01-05.04.58:685][  0]LogTemp:Display: Loaded TP AndroidTargetPlatform
[2015.08.01-05.04.58:699][  0]LogTemp:Display: Loaded TP Android_ASTCTargetPlatform
[2015.08.01-05.04.58:713][  0]LogTemp:Display: Loaded TP Android_ATCTargetPlatform
[2015.08.01-05.04.58:729][  0]LogTemp:Display: Loaded TP Android_DXTTargetPlatform
[2015.08.01-05.04.58:746][  0]LogTemp:Display: Loaded TP Android_ETC1TargetPlatform
[2015.08.01-05.04.58:765][  0]LogTemp:Display: Loaded TP Android_ETC2TargetPlatform
[2015.08.01-05.04.58:782][  0]LogTemp:Display: Loaded TP Android_PVRTCTargetPlatform
[2015.08.01-05.04.58:800][  0]LogTemp:Display: Loaded TP HTML5TargetPlatform
[2015.08.01-05.04.58:844][  0]LogTemp:Display: Loaded TP IOSTargetPlatform
[2015.08.01-05.04.58:858][  0]LogTemp:Display: Loaded TP LinuxNoEditorTargetPlatform
[2015.08.01-05.04.58:871][  0]LogTemp:Display: Loaded TP LinuxServerTargetPlatform
[2015.08.01-05.04.58:886][  0]LogTemp:Display: Loaded TP LinuxTargetPlatform
[2015.08.01-05.04.58:886][  0]LogTargetPlatformManager:Display: Building Assets For Windows
[2015.08.01-05.04.59:099][  0]LogDerivedDataCache:Display: Max Cache Size: 512 MB
[2015.08.01-05.04.59:167][  0]LogDerivedDataCache: Loaded boot cache 0.07s 53MB C:/Users/076271/AppData/Local/UnrealEngine/4.8/DerivedDataCache/Boot.ddc.
[2015.08.01-05.04.59:167][  0]LogDerivedDataCache:Display: Loaded Boot cache: C:/Users/076271/AppData/Local/UnrealEngine/4.8/DerivedDataCache/Boot.ddc
[2015.08.01-05.04.59:167][  0]LogDerivedDataCache: FDerivedDataBackendGraph:  Pak pak cache file ../../../../../../Users/076271/Desktop/Apps+Games+PixelArt/Games/The Adventures Of Pixel Man/Jump 4.8/DerivedDataCache/DDC.ddp not found, will not use a pak cache.
[2015.08.01-05.04.59:167][  0]LogDerivedDataCache: Unable to find inner node Pak for hierarchical cache Hierarchy.
[2015.08.01-05.04.59:167][  0]LogDerivedDataCache: FDerivedDataBackendGraph:  CompressedPak pak cache file ../../../../../../Users/076271/Desktop/Apps+Games+PixelArt/Games/The Adventures Of Pixel Man/Jump 4.8/DerivedDataCache/Compressed.ddp not found, will not use a pak cache.
[2015.08.01-05.04.59:167][  0]LogDerivedDataCache: Unable to find inner node CompressedPak for hierarchical cache Hierarchy.
[2015.08.01-05.04.59:385][  0]LogDerivedDataCache:Display: Pak cache opened for reading ../../../Engine/DerivedDataCache/Compressed.ddp.
[2015.08.01-05.04.59:398][  0]LogDerivedDataCache: Using Local data cache path C:/Users/076271/AppData/Local/UnrealEngine/Common/DerivedDataCache: Writable
[2015.08.01-05.04.59:735][  0]LogInit: Selected Device Profile: [Windows]
[2015.08.01-05.04.59:867][  0]ImportText (ComponentSweepMultiTests): Missing closing parenthesis: (RootShapeAsset="/Engine/BasicShapes/Cube.Cube",ShapeType="TriggerCapsule",HitResult=(Time=0.50,Location=(X=-100.000015,Y=0.0,Z=100.000015),ImpactPoint=(X=-50.0,Y=0.0,Z=50.0),Normal=(X=-1.0,Y=-0.0,Z=0.0),ImpactNormal=(X=0.0,Y=0.0,Z=1.0),TraceStart=(X=-200.0,Y=0.0,Z=200.0),TraceEnd=(X=0.0,Y=0.0,Z=0.0))
[2015.08.01-05.04.59:867][  0]ImportText (LineTraceSingleByChannelTests): Missing closing parenthesis: (RootShapeAsset="/Engine/BasicShapes/Cube.Cube",HitResult=(Time=0.50,Location=(X=-100.000015,Y=0.0,Z=100.000015),ImpactPoint=(X=-50.0,Y=0.0,Z=50.0),Normal=(X=-1.0,Y=-0.0,Z=0.0),ImpactNormal=(X=0.0,Y=0.0,Z=1.0),TraceStart=(X=-200.0,Y=0.0,Z=200.0),TraceEnd=(X=0.0,Y=0.0,Z=0.0))
[2015.08.01-05.04.59:898][  0]LogMeshUtilities: No automatic mesh reduction module available
[2015.08.01-05.04.59:898][  0]LogMeshUtilities: No automatic mesh merging module available
[2015.08.01-05.05.00:420][  0]LogInit: WinSock: version 1.1 (2.2), MaxSocks=32767, MaxUdp=65467
[2015.08.01-05.05.01:627][  0]UdpMessaging: Initializing bridge on interface 0.0.0.0:0 to multicast group 230.0.0.1:6666.
[2015.08.01-05.05.01:998][  0]SourceControl: Info Source control is disabled
[2015.08.01-05.05.02:011][  0]SourceControl: Info Source control is disabled
[2015.08.01-05.05.02:021][  0]SourceControl: Info Source control is disabled
[2015.08.01-05.05.02:030][  0]SourceControl: Info Source control is disabled
[2015.08.01-05.05.02:292][  0]LogObj: 26286 objects as part of root set at end of initial load.
[2015.08.01-05.05.02:292][  0]LogUObjectAllocator: 5411968 out of 0 bytes used by permanent object pool.
[2015.08.01-05.05.02:379][  0]LogEngine: Initializing Engine...
[2015.08.01-05.05.02:382][  0]LogHMD: Can't find Oculus library dev build: is proper Runtime installed? Version: 0.6.0.0
[2015.08.01-05.05.02:384][  0]LogHMD:Warning: SteamVR failed to initialize.  Error: 100
[2015.08.01-05.05.02:587][  0]LogAIModule: Creating AISystem for world NewWorld
[2015.08.01-05.05.02:591][  0]LogInit: XAudio2 using 'Speakers / Headphones (Realtek High Definition Audio)' : 2 channels at 48 kHz using 16 bits per sample (channel mask 0x3)
[2015.08.01-05.05.02:603][  0]LogInit: FAudioDevice initialized.
[2015.08.01-05.05.02:638][  0]LogDerivedDataCache: Saved boot cache 0.03s 53MB C:/Users/076271/AppData/Local/UnrealEngine/4.8/DerivedDataCache/Boot.ddc.
[2015.08.01-05.05.02:645][  0]LogInit: Texture streaming: Disabled
[2015.08.01-05.05.02:669][  0]LogAnalytics: Creating configured Analytics provider AnalyticsET
[2015.08.01-05.05.02:669][  0]LogAnalytics: [UEEditor.Rocket.Release] APIServer = http://et2.epicgames.com/ET2/. AppVersion = 4.8.3-2634408+++depot+UE4-Releases+4.8
[2015.08.01-05.05.02:669][  0]LogAnalytics: [UEEditor.Rocket.Release] SetUserId 76c04c81496839754ea32aa1f64fd1dc|0cceb55ada7a48d4a2aa42507710ea50|1bc6e7bf-6992-4f6c-b1ed-24e2f407b47a
[2015.08.01-05.05.02:669][  0]LogAnalytics: [UEEditor.Rocket.Release] AnalyticsET::StartSession
[2015.08.01-05.05.02:708][  0]LogInit: Transaction tracking system initialized
[2015.08.01-05.05.02:885][  0]BlueprintLog: New page: Editor Load
[2015.08.01-05.05.02:927][  0]LogAssetRegistry: FAssetRegistry took 0.0112 seconds to start up
[2015.08.01-05.05.02:927][  0]LogDirectoryWatcher:Warning: Failed to begin reading directory changes for ../../../Engine/Plugins/Experimental/CharacterAI/Content/. Error: 0
[2015.08.01-05.05.04:047][  0]LogConsoleManager:Warning: Console variable 'r.VSync' wasn't set ('GameSetting' has a lower priority than 'SystemSettingsIni')
[2015.08.01-05.05.04:047][  0]LogConsoleResponse:Display: 
[2015.08.01-05.05.04:397][  0]LogCook:Display: Done creating registry. It took  0.00s.
[2015.08.01-05.05.04:904][  0]SourceControl: Info Source control is disabled
[2015.08.01-05.05.04:916][  0]LightingResults: New page: Lighting Build
[2015.08.01-05.05.04:949][  0]MapCheck: New page: Map Check
[2015.08.01-05.05.04:949][  0]LightingResults: New page: Lighting Build
[2015.08.01-05.05.04:987][  0]LogParticles: Destroying 0 GPU particle simulations for FXSystem 0x0000009EE4732200
[2015.08.01-05.05.09:504][  0]LogAIModule: Creating AISystem for world Level0_Entry
[2015.08.01-05.05.09:515][  0]LogPrimitiveComponent: Zero scaling not supported (/Game/2DSideScrollerBP/Maps/Level0_Entry.Level0_Entry:PersistentLevel.BluePixelSky_Sprite_2.RenderComponent)
[2015.08.01-05.05.09:518][  0]LogEditorServer: Finished looking for orphan Actors (0.000 secs)
[2015.08.01-05.05.09:521][  0]Cmd: MAP CHECKDEP NOCLEARLOG
[2015.08.01-05.05.09:640][  0]MapCheck: Info Map check complete: 0 Error(s), 0 Warning(s), took 118.715ms to complete.
[2015.08.01-05.05.09:641][  0]LogFileHelpers: Loading map 'Level0_Entry' took 4.736
[2015.08.01-05.05.09:917][  0]LogCollectionManager: Loaded 0 collections in 0.004696 seconds
[2015.08.01-05.05.09:940][  0]LogContentBrowser: Native class hierarchy populated in 0.0229 seconds. Added 1793 classes and 304 folders.
[2015.08.01-05.05.10:025][  0]LogContentBrowser: Native class hierarchy updated for 'WidgetCarousel' in 0.0013 seconds. Added 0 classes and 0 folders.
[2015.08.01-05.05.10:069][  0]LogContentBrowser: Native class hierarchy updated for 'AddContentDialog' in 0.0015 seconds. Added 0 classes and 0 folders.
[2015.08.01-05.05.10:099][  0]LogContentBrowser: Native class hierarchy updated for 'SceneOutliner' in 0.0009 seconds. Added 1 classes and 2 folders.
[2015.08.01-05.05.10:175][  0]LogCrashTracker: Crashtracker disabled due to settings.
[2015.08.01-05.05.10:177][  0]LogD3D11RHI: InitD3DDevice
[2015.08.01-05.05.10:184][  0]LogUObjectGlobals:Warning: Failed to find object 'Class None.'
[2015.08.01-05.05.10:207][  0]LogLoad: Full Startup: 15.86 seconds (BP compile: 1.68 seconds)
[2015.08.01-05.05.10:641][  0]LogContentStreaming: Texture pool size is 0.000000MB
[2015.08.01-05.05.10:786][  0]LogContentStreaming: Texture pool size now 200 MB
[2015.08.01-05.05.10:947][  0]LogRenderer: Reallocating scene render targets to support 688x400 (Frame:2).
[2015.08.01-05.05.11:450][  2]LogD3D11RHI: InitD3DDevice
[2015.08.01-05.05.14:669][ 11]LogAssetRegistry: Asset discovery search completed in 11.7536 seconds
[2015.08.01-05.05.33:921][ 83]LogD3D11RHI: InitD3DDevice
[2015.08.01-05.05.35:960][172]LogD3D11RHI: InitD3DDevice
[2015.08.01-05.05.36:127][172]LogLinker:Warning: Asset '../../../Engine/Content/ArtTools/RenderToTexture/Macros/RenderToTextureMacros.uasset' has been saved with empty engine version. The asset will be loaded but may be incompatible.
[2015.08.01-05.05.36:206][172]LogLinker:Warning: Asset '../../../Engine/Content/ArtTools/RenderToTexture/Enums/RenderToTexture_Enum.uasset' has been saved with empty engine version. The asset will be loaded but may be incompatible.
[2015.08.01-05.05.37:534][172]LogActor:Warning: GameNetworkManager /Engine/Transient.World_2:PersistentLevel.GameNetworkManager_0 has natively added scene component(s), but none of them were set as the actor's RootComponent - picking one arbitrarily
[2015.08.01-05.05.44:302][508]LogD3D11RHI: InitD3DDevice
[2015.08.01-05.05.46:120][508]LogWindowsTextInputMethodSystem:Display: IME system now deactivated.
[2015.08.01-05.05.46:120][508]LogWindowsTextInputMethodSystem:Display: IME system now deactivated.
[2015.08.01-05.05.46:457][509]Cmd: QUIT_EDITOR
[2015.08.01-05.05.46:776][509]LogExit: Preparing to exit.
[2015.08.01-05.05.47:764][509]LogExit: Editor shut down
[2015.08.01-05.05.47:764][509]LogExit: Transaction tracking system shut down
[2015.08.01-05.05.47:767][509]LogParticles: Destroying 0 GPU particle simulations for FXSystem 0x0000009EDC15F060
[2015.08.01-05.05.47:767][509]LogParticles: Destroying 0 GPU particle simulations for FXSystem 0x0000009EEE5F39C0
[2015.08.01-05.05.47:767][509]LogParticles: Destroying 0 GPU particle simulations for FXSystem 0x0000009EEE7428E0
[2015.08.01-05.05.47:768][509]LogParticles: Destroying 0 GPU particle simulations for FXSystem 0x0000009EEDA96F20
[2015.08.01-05.05.47:971][509]LogExit: Object subsystem successfully closed.
[2015.08.01-05.05.47:979][509]LogD3D11RHI: Shutdown
[2015.08.01-05.05.47:979][509]LogD3D11RHI: CleanupD3DDevice
[2015.08.01-05.05.48:015][509]LogD3D11RHI: ~FD3D11DynamicRHI
[2015.08.01-05.05.48:044][509]LogModuleManager: Shutting down and abandoning module CrashTracker (190)
[2015.08.01-05.05.48:044][509]LogModuleManager: Shutting down and abandoning module SceneOutliner (189)
[2015.08.01-05.05.48:044][509]LogModuleManager: Shutting down and abandoning module SuperSearch (188)
[2015.08.01-05.05.48:044][509]LogModuleManager: Shutting down and abandoning module WidgetCarousel (187)
[2015.08.01-05.05.48:044][509]LogModuleManager: Shutting down and abandoning module AddContentDialog (186)
[2015.08.01-05.05.48:045][509]LogModuleManager: Shutting down and abandoning module EditorWidgets (185)
[2015.08.01-05.05.48:045][509]LogModuleManager: Shutting down and abandoning module CollectionManager (184)
[2015.08.01-05.05.48:045][509]LogModuleManager: Shutting down and abandoning module StatsViewer (183)
[2015.08.01-05.05.48:045][509]LogModuleManager: Shutting down and abandoning module FoliageEdit (182)
[2015.08.01-05.05.48:045][509]LogModuleManager: Shutting down and abandoning module LandscapeEditor (181)
[2015.08.01-05.05.48:045][509]LogModuleManager: Shutting down and abandoning module ActorPickerMode (180)
[2015.08.01-05.05.48:045][509]LogModuleManager: Shutting down and abandoning module GeometryMode (179)
[2015.08.01-05.05.48:045][509]LogModuleManager: Shutting down and abandoning module TextureAlignMode (178)
[2015.08.01-05.05.48:045][509]LogModuleManager: Shutting down and abandoning module BspMode (177)
[2015.08.01-05.05.48:045][509]LogModuleManager: Shutting down and abandoning module PlacementMode (176)
[2015.08.01-05.05.48:045][509]LogModuleManager: Shutting down and abandoning module AutomationWorker (175)
[2015.08.01-05.05.48:045][509]LogModuleManager: Shutting down and abandoning module CharacterAI (174)
[2015.08.01-05.05.48:045][509]LogModuleManager: Shutting down and abandoning module SmartSnapping (173)
[2015.08.01-05.05.48:045][509]LogModuleManager: Shutting down and abandoning module ViewportSnapping (172)
[2015.08.01-05.05.48:045][509]LogModuleManager: Shutting down and abandoning module LogVisualizer (171)
[2015.08.01-05.05.48:045][509]LogModuleManager: Shutting down and abandoning module GameProjectGeneration (170)
[2015.08.01-05.05.48:045][509]LogModuleManager: Shutting down and abandoning module IntroTutorials (169)
[2015.08.01-05.05.48:045][509]LogModuleManager: Shutting down and abandoning module EditorLiveStreaming (168)
[2015.08.01-05.05.48:045][509]LogModuleManager: Shutting down and abandoning module IOSPlatformEditor (167)
[2015.08.01-05.05.48:045][509]LogModuleManager: Shutting down and abandoning module HTML5PlatformEditor (166)
[2015.08.01-05.05.48:045][509]LogModuleManager: Shutting down and abandoning module AndroidDeviceDetection (165)
[2015.08.01-05.05.48:634][509]LogModuleManager: Shutting down and abandoning module AndroidPlatformEditor (164)
[2015.08.01-05.05.48:634][509]LogModuleManager: Shutting down and abandoning module IOSRuntimeSettings (163)
[2015.08.01-05.05.48:634][509]LogModuleManager: Shutting down and abandoning module AndroidRuntimeSettings (162)
[2015.08.01-05.05.48:634][509]LogModuleManager: Shutting down and abandoning module MergeActors (161)
[2015.08.01-05.05.48:634][509]LogModuleManager: Shutting down and abandoning module SizeMap (160)
[2015.08.01-05.05.48:634][509]LogModuleManager: Shutting down and abandoning module TreeMap (159)
[2015.08.01-05.05.48:634][509]LogModuleManager: Shutting down and abandoning module ReferenceViewer (158)
[2015.08.01-05.05.48:634][509]LogModuleManager: Shutting down and abandoning module LocalizationDashboard (157)
[2015.08.01-05.05.48:634][509]LogModuleManager: Shutting down and abandoning module HardwareTargeting (156)
[2015.08.01-05.05.48:634][509]LogModuleManager: Shutting down and abandoning module DeviceProfileEditor (155)
[2015.08.01-05.05.48:634][509]LogModuleManager: Shutting down and abandoning module UndoHistory (154)
[2015.08.01-05.05.48:634][509]LogModuleManager: Shutting down and abandoning module GameplayTagsEditor (153)
[2015.08.01-05.05.48:634][509]LogModuleManager: Shutting down and abandoning module UserFeedback (152)
[2015.08.01-05.05.48:634][509]LogModuleManager: Shutting down and abandoning module XmlParser (151)
[2015.08.01-05.05.48:634][509]LogModuleManager: Shutting down and abandoning module Blutility (150)
[2015.08.01-05.05.48:634][509]LogModuleManager: Shutting down and abandoning module ProjectTargetPlatformEditor (149)
[2015.08.01-05.05.48:634][509]LogModuleManager: Shutting down and abandoning module ProjectSettingsViewer (148)
[2015.08.01-05.05.48:634][509]LogModuleManager: Shutting down and abandoning module InputBindingEditor (147)
[2015.08.01-05.05.48:634][509]LogModuleManager: Shutting down and abandoning module EditorSettingsViewer (146)
[2015.08.01-05.05.48:634][509]LogModuleManager: Shutting down and abandoning module SettingsEditor (145)
[2015.08.01-05.05.48:634][509]LogModuleManager: Shutting down and abandoning module ProjectLauncher (144)
[2015.08.01-05.05.48:634][509]LogModuleManager: Shutting down and abandoning module SessionFrontend (143)
[2015.08.01-05.05.48:634][509]LogModuleManager: Shutting down and abandoning module ProfilerClient (142)
[2015.08.01-05.05.48:634][509]LogModuleManager: Shutting down and abandoning module TargetDeviceServices (141)
[2015.08.01-05.05.48:634][509]LogModuleManager: Shutting down and abandoning module DeviceManager (140)
[2015.08.01-05.05.48:635][509]LogModuleManager: Shutting down and abandoning module AutomationController (139)
[2015.08.01-05.05.48:635][509]LogModuleManager: Shutting down and abandoning module AutomationWindow (138)
[2015.08.01-05.05.48:635][509]LogModuleManager: Shutting down and abandoning module Layers (137)
[2015.08.01-05.05.48:635][509]LogModuleManager: Shutting down and abandoning module ComponentVisualizers (136)
[2015.08.01-05.05.48:635][509]LogModuleManager: Shutting down and abandoning module DetailCustomizations (135)
[2015.08.01-05.05.48:635][509]LogModuleManager: Shutting down and abandoning module PackagesDialog (134)
[2015.08.01-05.05.48:635][509]LogModuleManager: Shutting down and abandoning module AssetRegistry (133)
[2015.08.01-05.05.48:733][509]LogModuleManager: Shutting down and abandoning module Persona (132)
[2015.08.01-05.05.48:733][509]LogModuleManager: Shutting down and abandoning module Kismet (131)
[2015.08.01-05.05.48:733][509]LogModuleManager: Shutting down and abandoning module GraphEditor (130)
[2015.08.01-05.05.48:733][509]LogModuleManager: Shutting down and abandoning module ClassViewer (129)
[2015.08.01-05.05.48:733][509]LogModuleManager: Shutting down and abandoning module Toolbox (128)
[2015.08.01-05.05.48:733][509]LogModuleManager: Shutting down and abandoning module ModuleUI (127)
[2015.08.01-05.05.48:733][509]LogModuleManager: Shutting down and abandoning module MovieSceneTools (126)
[2015.08.01-05.05.48:733][509]LogModuleManager: Shutting down and abandoning module OutputLog (125)
[2015.08.01-05.05.48:733][509]LogModuleManager: Shutting down and abandoning module GammaUI (124)
[2015.08.01-05.05.48:733][509]LogModuleManager: Shutting down and abandoning module Documentation (123)
[2015.08.01-05.05.48:733][509]LogModuleManager: Shutting down and abandoning module GameLiveStreaming (122)
[2015.08.01-05.05.48:733][509]LogModuleManager: Shutting down and abandoning module StreamingPauseRendering (121)
[2015.08.01-05.05.48:733][509]LogModuleManager: Shutting down and abandoning module AnalyticsET (120)
[2015.08.01-05.05.48:733][509]LogModuleManager: Shutting down and abandoning module Analytics (119)
[2015.08.01-05.05.48:733][509]LogModuleManager: Shutting down and abandoning module AITestSuite (118)
[2015.08.01-05.05.48:733][509]LogModuleManager: Shutting down and abandoning module GameplayDebugger (117)
[2015.08.01-05.05.48:733][509]LogModuleManager: Shutting down and abandoning module AIModule (116)
[2015.08.01-05.05.48:733][509]LogModuleManager: Shutting down and abandoning module ProfilerService (115)
[2015.08.01-05.05.48:762][509]LogModuleManager: Shutting down and abandoning module TaskGraph (114)
[2015.08.01-05.05.48:762][509]LogModuleManager: Shutting down and abandoning module SlateRemote (113)
[2015.08.01-05.05.48:762][509]LogModuleManager: Shutting down and abandoning module WebBrowserWidget (112)
[2015.08.01-05.05.48:762][509]LogModuleManager: Shutting down and abandoning module SteamVRController (111)
[2015.08.01-05.05.48:762][509]LogModuleManager: Shutting down and abandoning module SteamVR (110)
[2015.08.01-05.05.48:762][509]LogModuleManager: Shutting down and abandoning module ProceduralMeshComponent (109)
[2015.08.01-05.05.48:762][509]LogModuleManager: Shutting down and abandoning module OculusRift (108)
[2015.08.01-05.05.48:762][509]LogModuleManager: Shutting down and abandoning module LeapMotionController (107)
[2015.08.01-05.05.48:775][509]LogModuleManager: Shutting down and abandoning module CustomMeshComponent (106)
[2015.08.01-05.05.48:775][509]LogModuleManager: Shutting down and abandoning module CableComponent (105)
[2015.08.01-05.05.48:775][509]LogModuleManager: Shutting down and abandoning module MessagingDebugger (104)
[2015.08.01-05.05.48:775][509]LogModuleManager: Shutting down and abandoning module MediaPlayerEditor (103)
[2015.08.01-05.05.48:775][509]LogModuleManager: Shutting down and abandoning module CodeView (102)
[2015.08.01-05.05.48:775][509]LogModuleManager: Shutting down and abandoning module SpeedTreeImporter (101)
[2015.08.01-05.05.48:775][509]LogModuleManager: Shutting down and abandoning module PluginBrowser (100)
[2015.08.01-05.05.48:775][509]LogModuleManager: Shutting down and abandoning module EpicSurvey (99)
[2015.08.01-05.05.48:776][509]LogModuleManager: Shutting down and abandoning module DesktopPlatform (98)
[2015.08.01-05.05.48:776][509]LogModuleManager: Shutting down and abandoning module VisualStudioSourceCodeAccess (97)
[2015.08.01-05.05.48:776][509]LogModuleManager: Shutting down and abandoning module UObjectPlugin (96)
[2015.08.01-05.05.48:776][509]LogModuleManager: Shutting down and abandoning module SubversionSourceControl (95)
[2015.08.01-05.05.48:776][509]LogModuleManager: Shutting down and abandoning module PerforceSourceControl (94)
[2015.08.01-05.05.48:776][509]LogModuleManager: Shutting down and abandoning module SourceControl (93)
[2015.08.01-05.05.48:776][509]LogModuleManager: Shutting down and abandoning module GitSourceControl (92)
[2015.08.01-05.05.48:776][509]LogModuleManager: Shutting down and abandoning module BlankPlugin (91)
[2015.08.01-05.05.48:776][509]LogModuleManager: Shutting down and abandoning module PaperTiledImporter (90)
[2015.08.01-05.05.48:776][509]LogModuleManager: Shutting down and abandoning module PaperSpriteSheetImporter (89)
[2015.08.01-05.05.48:776][509]LogModuleManager: Shutting down and abandoning module MeshPaint (88)
[2015.08.01-05.05.48:776][509]LogModuleManager: Shutting down and abandoning module SlateReflector (87)
[2015.08.01-05.05.48:776][509]LogModuleManager: Shutting down and abandoning module DirectoryWatcher (86)
[2015.08.01-05.05.48:776][509]LogModuleManager: Shutting down and abandoning module HotReload (85)
[2015.08.01-05.05.48:776][509]LogModuleManager: Shutting down and abandoning module MainFrame (84)
[2015.08.01-05.05.48:776][509]LogModuleManager: Shutting down and abandoning module LevelEditor (83)
[2015.08.01-05.05.48:778][509]LogModuleManager: Shutting down and abandoning module ContentBrowser (82)
[2015.08.01-05.05.48:778][509]LogModuleManager: Shutting down and abandoning module Paper2DEditor (81)
[2015.08.01-05.05.48:778][509]LogModuleManager: Shutting down and abandoning module UdpMessaging (80)
[2015.08.01-05.05.48:880][509]LogModuleManager: Shutting down and abandoning module Paper2D (79)
[2015.08.01-05.05.48:880][509]LogModuleManager: Shutting down and abandoning module WindowsMoviePlayer (78)
[2015.08.01-05.05.48:883][509]LogModuleManager: Shutting down and abandoning module Media (77)
[2015.08.01-05.05.48:883][509]LogModuleManager: Shutting down and abandoning module WmfMedia (76)
[2015.08.01-05.05.48:883][509]LogModuleManager: Shutting down and abandoning module OnlineBlueprintSupport (75)
[2015.08.01-05.05.48:883][509]LogModuleManager: Shutting down and abandoning module PropertyEditor (74)
[2015.08.01-05.05.48:883][509]LogModuleManager: Shutting down and abandoning module BehaviorTreeEditor (73)
[2015.08.01-05.05.48:883][509]LogModuleManager: Shutting down and abandoning module FunctionalTesting (72)
[2015.08.01-05.05.48:883][509]LogModuleManager: Shutting down and abandoning module CollisionAnalyzer (71)
[2015.08.01-05.05.48:883][509]LogModuleManager: Shutting down and abandoning module WorkspaceMenuStructure (70)
[2015.08.01-05.05.48:883][509]LogModuleManager: Shutting down and abandoning module MessageLog (69)
[2015.08.01-05.05.48:883][509]LogModuleManager: Shutting down and abandoning module Sequencer (68)
[2015.08.01-05.05.48:883][509]LogModuleManager: Shutting down and abandoning module AssetTools (67)
[2015.08.01-05.05.48:883][509]LogModuleManager: Shutting down and abandoning module UMGEditor (66)
[2015.08.01-05.05.48:883][509]LogModuleManager: Shutting down and abandoning module UMG (65)
[2015.08.01-05.05.48:883][509]LogModuleManager: Shutting down and abandoning module Slate (64)
[2015.08.01-05.05.48:883][509]LogModuleManager: Shutting down and abandoning module EditorStyle (63)
[2015.08.01-05.05.48:886][509]LogModuleManager: Shutting down and abandoning module SessionServices (62)
[2015.08.01-05.05.48:886][509]LogModuleManager: Shutting down and abandoning module SourceCodeAccess (61)
[2015.08.01-05.05.48:886][509]LogModuleManager: Shutting down and abandoning module HeadMountedDisplay (60)
[2015.08.01-05.05.48:886][509]LogModuleManager: Shutting down and abandoning module XAudio2 (59)
[2015.08.01-05.05.48:886][509]LogModuleManager: Shutting down and abandoning module Networking (57)
[2015.08.01-05.05.48:886][509]LogModuleManager: Shutting down and abandoning module Core (56)
[2015.08.01-05.05.48:886][509]LogModuleManager: Shutting down and abandoning module KismetCompiler (55)
[2015.08.01-05.05.48:886][509]LogModuleManager: Shutting down and abandoning module PhysXFormats (54)
[2015.08.01-05.05.48:886][509]LogModuleManager: Shutting down and abandoning module MeshUtilities (53)
[2015.08.01-05.05.48:886][509]LogModuleManager: Shutting down and abandoning module DerivedDataCache (52)
[2015.08.01-05.05.48:989][509]LogDerivedDataCache: Shutdown
[2015.08.01-05.05.48:989][509]LogModuleManager: Shutting down and abandoning module ShaderFormatOpenGL (51)
[2015.08.01-05.05.48:990][509]LogModuleManager: Shutting down and abandoning module ShaderFormatD3D (50)
[2015.08.01-05.05.48:990][509]LogModuleManager: Shutting down and abandoning module MetalShaderFormat (49)
[2015.08.01-05.05.48:990][509]LogModuleManager: Shutting down and abandoning module TextureFormatUncompressed (48)
[2015.08.01-05.05.48:990][509]LogModuleManager: Shutting down and abandoning module TextureFormatPVR (47)
[2015.08.01-05.05.48:990][509]LogModuleManager: Shutting down and abandoning module TextureFormatIntelISPCTexComp (46)
[2015.08.01-05.05.48:990][509]LogModuleManager: Shutting down and abandoning module TextureFormatDXT (45)
[2015.08.01-05.05.48:990][509]LogModuleManager: Shutting down and abandoning module ImageWrapper (44)
[2015.08.01-05.05.48:990][509]LogModuleManager: Shutting down and abandoning module TextureFormatASTC (43)
[2015.08.01-05.05.48:990][509]LogModuleManager: Shutting down and abandoning module TextureFormatAndroid (42)
[2015.08.01-05.05.48:990][509]LogModuleManager: Shutting down and abandoning module AudioFormatOpus (41)
[2015.08.01-05.05.48:990][509]LogModuleManager: Shutting down and abandoning module AudioFormatOgg (40)
[2015.08.01-05.05.48:990][509]LogModuleManager: Shutting down and abandoning module AudioFormatADPCM (39)
[2015.08.01-05.05.48:990][509]LogModuleManager: Shutting down and abandoning module LinuxTargetPlatform (38)
[2015.08.01-05.05.48:990][509]LogModuleManager: Shutting down and abandoning module LinuxServerTargetPlatform (37)
[2015.08.01-05.05.48:990][509]LogModuleManager: Shutting down and abandoning module LinuxNoEditorTargetPlatform (36)
[2015.08.01-05.05.48:990][509]LogModuleManager: Shutting down and abandoning module Messaging (35)
[2015.08.01-05.05.48:990][509]LogModuleManager: Shutting down and abandoning module IOSTargetPlatform (34)
[2015.08.01-05.05.48:990][509]LogModuleManager: Shutting down and abandoning module HTML5TargetPlatform (33)
[2015.08.01-05.05.48:990][509]LogModuleManager: Shutting down and abandoning module Android_PVRTCTargetPlatform (32)
[2015.08.01-05.05.48:990][509]LogModuleManager: Shutting down and abandoning module Android_ETC2TargetPlatform (31)
[2015.08.01-05.05.48:990][509]LogModuleManager: Shutting down and abandoning module Android_ETC1TargetPlatform (30)
[2015.08.01-05.05.48:990][509]LogModuleManager: Shutting down and abandoning module Android_DXTTargetPlatform (29)
[2015.08.01-05.05.48:990][509]LogModuleManager: Shutting down and abandoning module Android_ATCTargetPlatform (28)
[2015.08.01-05.05.48:990][509]LogModuleManager: Shutting down and abandoning module Android_ASTCTargetPlatform (27)
[2015.08.01-05.05.48:990][509]LogModuleManager: Shutting down and abandoning module AndroidTargetPlatform (26)
[2015.08.01-05.05.48:990][509]LogModuleManager: Shutting down and abandoning module WindowsTargetPlatform (25)
[2015.08.01-05.05.48:990][509]LogModuleManager: Shutting down and abandoning module WindowsServerTargetPlatform (24)
[2015.08.01-05.05.48:990][509]LogModuleManager: Shutting down and abandoning module WindowsNoEditorTargetPlatform (23)
[2015.08.01-05.05.48:990][509]LogModuleManager: Shutting down and abandoning module WindowsClientTargetPlatform (22)
[2015.08.01-05.05.48:990][509]LogModuleManager: Shutting down and abandoning module DesktopTargetPlatform (21)
[2015.08.01-05.05.48:990][509]LogModuleManager: Shutting down and abandoning module TargetPlatform (20)
[2015.08.01-05.05.48:990][509]LogModuleManager: Shutting down and abandoning module InputCore (19)
[2015.08.01-05.05.48:990][509]LogModuleManager: Shutting down and abandoning module Settings (18)
[2015.08.01-05.05.48:990][509]LogModuleManager: Shutting down and abandoning module OnlineSubsystem (16)
[2015.08.01-05.05.48:990][509]LogModuleManager: Shutting down and abandoning module HTTP (15)
[2015.08.01-05.05.48:991][509]LogModuleManager: Shutting down and abandoning module ExampleDeviceProfileSelector (14)
[2015.08.01-05.05.48:991][509]LogModuleManager: Shutting down and abandoning module TextureCompressor (13)
[2015.08.01-05.05.48:991][509]LogModuleManager: Shutting down and abandoning module ShaderCore (12)
[2015.08.01-05.05.48:991][509]LogModuleManager: Shutting down and abandoning module Landscape (11)
[2015.08.01-05.05.48:991][509]LogModuleManager: Shutting down and abandoning module SlateRHIRenderer (10)
[2015.08.01-05.05.48:993][509]LogModuleManager: Shutting down and abandoning module OpenGLDrv (9)
[2015.08.01-05.05.48:993][509]LogModuleManager: Shutting down and abandoning module D3D11RHI (8)
[2015.08.01-05.05.48:993][509]LogModuleManager: Shutting down and abandoning module Renderer (7)
[2015.08.01-05.05.48:993][509]LogModuleManager: Shutting down and abandoning module Engine (6)
[2015.08.01-05.05.48:993][509]LogModuleManager: Shutting down and abandoning module CoreUObject (5)
[2015.08.01-05.05.48:993][509]LogModuleManager: Shutting down and abandoning module NetworkFile (4)
[2015.08.01-05.05.48:993][509]LogModuleManager: Shutting down and abandoning module StreamingFile (3)
[2015.08.01-05.05.48:993][509]LogModuleManager: Shutting down and abandoning module SandboxFile (2)
[2015.08.01-05.05.48:993][509]LogModuleManager: Shutting down and abandoning module PakFile (1)
[2015.08.01-05.05.48:994][509]LogExit: Exiting.
[2015.08.01-05.05.49:024][509]Log file closed, 08/01/15 15:05:49
